#
# A fatal error has been detected by the Java Runtime Environment:
#
#  EXCEPTION_ACCESS_VIOLATION (0xc0000005) at pc=0x0000000048691066, pid=12784, tid=12348
#
# JRE version: Java(TM) SE Runtime Environment (8.0_45-b14) (build 1.8.0_45-b14)
# Java VM: Java HotSpot(TM) 64-Bit Server VM (25.45-b02 mixed mode windows-amd64 compressed oops)
# Problematic frame:
# C  [OpenAL64.dll+0x11066]
#
# Failed to write core dump. Minidumps are not enabled by default on client versions of Windows
#
# If you would like to submit a bug report, please visit:
#   http://bugreport.java.com/bugreport/crash.jsp
# The crash happened outside the Java Virtual Machine in native code.
# See problematic frame for where to report the bug.
#

---------------  T H R E A D  ---------------

Current thread (0x0000000043a2a800):  JavaThread "Thread-5" [_thread_in_native, id=12348, stack(0x0000000056bc0000,0x0000000056cc0000)]

siginfo: ExceptionCode=0xc0000005, reading address 0x00000000461a3004

Registers:
RAX=0x0000000000000004, RBX=0x00000000574b0090, RCX=0x00000000461a3008, RDX=0x00000000461a3004
RSP=0x0000000056cbeb10, RBP=0x00000000000000ff, RSI=0x000000004619d8dc, RDI=0x0000000000000000
R8 =0x00000000000015ca, R9 =0x000000004619d8dc, R10=0x0000000003085ea8, R11=0x0000000059e47ca0
R12=0x0000000000000001, R13=0x0000000056d21410, R14=0x0000000056cbeca8, R15=0x0000000043a2a800
RIP=0x0000000048691066, EFLAGS=0x0000000000010202

Top of Stack: (sp=0x0000000056cbeb10)
0x0000000056cbeb10:   0000000000000000 0000000059ceb50b
0x0000000056cbeb20:   0000000043a2a800 0000000043a2a800
0x0000000056cbeb30:   0000000056d21410 0000000000000000
0x0000000056cbeb40:   0000000043a2a800 0000000046199690
0x0000000056cbeb50:   0000000056d21410 0000000056cbeca8
0x0000000056cbeb60:   000000004da28e20 0000000059cd9816
0x0000000056cbeb70:   0000000056cbf318 000000003e5eabd0
0x0000000056cbeb80:   0000000043a2a800 0000000056cbeca8
0x0000000056cbeb90:   0000000056d21410 0000000000000000
0x0000000056cbeba0:   000000004619d8dc 0000000410047938
0x0000000056cbebb0:   0000000056cbec70 000000004869248f
0x0000000056cbebc0:   00000000574b0090 00000000574b0090
0x0000000056cbebd0:   000000000000ac44 0000000400000004
0x0000000056cbebe0:   0000000000000010 0000000003085ed4
0x0000000056cbebf0:   0000000056d21410 0000000003085c3d
0x0000000056cbec00:   0000000043a2a800 0000000056d21410 

Instructions: (pc=0x0000000048691066)
0x0000000048691046:   41 2b ec 81 3a 03 00 02 00 75 09 8b 01 89 84 24
0x0000000048691056:   c8 00 00 00 49 83 c0 02 48 83 c1 08 4a 8d 14 86
0x0000000048691066:   39 3a 75 af 4c 8d 84 24 c0 00 00 00 48 8d 15 d7
0x0000000048691076:   2b 03 00 33 c9 e8 58 5f 00 00 b8 40 1f 00 00 4c 


Register to memory mapping:

RAX=0x0000000000000004 is an unknown value
RBX=0x00000000574b0090 is an unknown value
RCX=0x00000000461a3008 is an unknown value
RDX=0x00000000461a3004 is an unknown value
RSP=0x0000000056cbeb10 is pointing into the stack for thread: 0x0000000043a2a800
RBP=0x00000000000000ff is an unknown value
RSI=0x000000004619d8dc is an unknown value
RDI=0x0000000000000000 is an unknown value
R8 =0x00000000000015ca is an unknown value
R9 =0x000000004619d8dc is an unknown value
R10=0x0000000003085ea8 is at code_begin+840 in an Interpreter codelet
method entry point (kind = native)  [0x0000000003085b60, 0x00000000030864c0]  2400 bytes
R11=0x0000000059e47ca0 is an unknown value
R12=0x0000000000000001 is an unknown value
R13={method} {0x0000000056d21418} 'nalcCreateContext' '(JJ)J' in 'org/lwjgl/openal/ALC10'
R14=0x0000000056cbeca8 is pointing into the stack for thread: 0x0000000043a2a800
R15=0x0000000043a2a800 is a thread


Stack: [0x0000000056bc0000,0x0000000056cc0000],  sp=0x0000000056cbeb10,  free space=1018k
Native frames: (J=compiled Java code, j=interpreted, Vv=VM code, C=native code)
C  [OpenAL64.dll+0x11066]
C  [OpenAL64.dll+0x1248f]
C  0x0000000003085ed4

Java frames: (J=compiled Java code, j=interpreted, Vv=VM code)
j  org.lwjgl.openal.ALC10.nalcCreateContext(JJ)J+0
j  org.lwjgl.openal.ALC10.alcCreateContext(Lorg/lwjgl/openal/ALCdevice;Ljava/nio/IntBuffer;)Lorg/lwjgl/openal/ALCcontext;+8
j  org.lwjgl.openal.AL.init(Ljava/lang/String;IIZZ)V+69
j  org.lwjgl.openal.AL.create(Ljava/lang/String;IIZZ)V+246
j  org.lwjgl.openal.AL.create(Ljava/lang/String;IIZ)V+5
j  org.lwjgl.openal.AL.create()V+6
j  paulscode.sound.libraries.LibraryLWJGLOpenAL.init()V+2
j  paulscode.sound.SoundSystem.CommandNewLibrary(Ljava/lang/Class;)V+273
j  paulscode.sound.SoundSystem.CommandQueue(Lpaulscode/sound/CommandObject;)Z+1206
j  paulscode.sound.CommandThread.run()V+51
v  ~StubRoutines::call_stub

---------------  P R O C E S S  ---------------

Java Threads: ( => current thread )
  0x0000000041118000 JavaThread "Thread-6" [_thread_blocked, id=5484, stack(0x0000000057080000,0x0000000057180000)]
=>0x0000000043a2a800 JavaThread "Thread-5" [_thread_in_native, id=12348, stack(0x0000000056bc0000,0x0000000056cc0000)]
  0x000000004ee1f800 JavaThread "Sound Library Loader" [_thread_blocked, id=9576, stack(0x0000000056ac0000,0x0000000056bc0000)]
  0x0000000046648000 JavaThread "Keep-Alive-Timer" daemon [_thread_blocked, id=4860, stack(0x00000000569c0000,0x0000000056ac0000)]
  0x000000004f3fe800 JavaThread "ForkJoinPool.commonPool-worker-9" daemon [_thread_blocked, id=13264, stack(0x000000004b520000,0x000000004b620000)]
  0x0000000041084000 JavaThread "LWJGL Timer" daemon [_thread_blocked, id=1580, stack(0x00000000571b0000,0x00000000572b0000)]
  0x000000004896b000 JavaThread "Thread-3" [_thread_in_native_trans, id=7432, stack(0x00000000504e0000,0x00000000505e0000)]
  0x000000004940a800 JavaThread "Java2D Disposer" daemon [_thread_blocked, id=7508, stack(0x0000000042c60000,0x0000000042d60000)]
  0x0000000048c18000 JavaThread "Timer hack thread" daemon [_thread_blocked, id=7212, stack(0x0000000042b60000,0x0000000042c60000)]
  0x000000003f30c000 JavaThread "Snooper Timer" daemon [_thread_blocked, id=2448, stack(0x0000000047070000,0x0000000047170000)]
  0x000000003f215000 JavaThread "Service Thread" daemon [_thread_blocked, id=1196, stack(0x0000000040500000,0x0000000040600000)]
  0x000000003f14a800 JavaThread "C1 CompilerThread11" daemon [_thread_blocked, id=3288, stack(0x0000000040300000,0x0000000040400000)]
  0x000000003f147800 JavaThread "C1 CompilerThread10" daemon [_thread_blocked, id=12124, stack(0x0000000040200000,0x0000000040300000)]
  0x000000003f146800 JavaThread "C1 CompilerThread9" daemon [_thread_blocked, id=5476, stack(0x0000000040100000,0x0000000040200000)]
  0x000000003f145000 JavaThread "C1 CompilerThread8" daemon [_thread_blocked, id=8804, stack(0x0000000040000000,0x0000000040100000)]
  0x000000003f149800 JavaThread "C2 CompilerThread7" daemon [_thread_blocked, id=3312, stack(0x000000003ff00000,0x0000000040000000)]
  0x000000003f148000 JavaThread "C2 CompilerThread6" daemon [_thread_in_native, id=8016, stack(0x000000003fe00000,0x000000003ff00000)]
  0x000000003f144800 JavaThread "C2 CompilerThread5" daemon [_thread_blocked, id=6108, stack(0x000000003fd00000,0x000000003fe00000)]
  0x000000003f146000 JavaThread "C2 CompilerThread4" daemon [_thread_in_native, id=5632, stack(0x000000003fc00000,0x000000003fd00000)]
  0x000000003f149000 JavaThread "C2 CompilerThread3" daemon [_thread_blocked, id=6888, stack(0x000000003fb00000,0x000000003fc00000)]
  0x000000003e5ed800 JavaThread "C2 CompilerThread2" daemon [_thread_blocked, id=2752, stack(0x000000003fa00000,0x000000003fb00000)]
  0x000000003e5dc000 JavaThread "C2 CompilerThread1" daemon [_thread_in_native, id=8812, stack(0x000000003f900000,0x000000003fa00000)]
  0x000000003e5d7800 JavaThread "C2 CompilerThread0" daemon [_thread_blocked, id=9392, stack(0x000000003f800000,0x000000003f900000)]
  0x000000003e5d6800 JavaThread "Attach Listener" daemon [_thread_blocked, id=2748, stack(0x000000003f700000,0x000000003f800000)]
  0x000000003e5d4000 JavaThread "Signal Dispatcher" daemon [_thread_blocked, id=8088, stack(0x000000003f600000,0x000000003f700000)]
  0x000000003f143800 JavaThread "Surrogate Locker Thread (Concurrent GC)" daemon [_thread_blocked, id=10712, stack(0x000000003f500000,0x000000003f600000)]
  0x000000003e5c0000 JavaThread "Finalizer" daemon [_thread_blocked, id=3404, stack(0x000000003f000000,0x000000003f100000)]
  0x000000003e5ba000 JavaThread "Reference Handler" daemon [_thread_blocked, id=9712, stack(0x000000003ef00000,0x000000003f000000)]
  0x0000000002f73800 JavaThread "Client thread" [_thread_in_native, id=2612, stack(0x0000000002e70000,0x0000000002f70000)]

Other Threads:
  0x000000003e5b7000 VMThread [stack: 0x000000003ee00000,0x000000003ef00000] [id=6524]
  0x000000003f258000 WatcherThread [stack: 0x0000000040600000,0x0000000040700000] [id=3628]

VM state:not at safepoint (normal execution)

VM Mutex/Monitor currently owned by a thread: None

Heap:
 garbage-first heap   total 393216K, used 209464K [0x0000000410000000, 0x0000000412000060, 0x00000007c0000000)
  region size 32768K, 4 young (131072K), 1 survivors (32768K)
 Metaspace       used 39938K, capacity 40509K, committed 40908K, reserved 1085440K
  class space    used 5264K, capacity 5479K, committed 5580K, reserved 1048576K

Heap Regions: (Y=young(eden), SU=young(survivor), HS=humongous(starts), HC=humongous(continues), CS=collection set, F=free, TS=gc time stamp, PTAMS=previous top-at-mark-start, NTAMS=next top-at-mark-start)
AC   0  O    TS     0 PTAMS 0x0000000412000000 NTAMS 0x0000000412000000 space 32768K, 100% used [0x0000000410000000, 0x0000000412000000)
AC   0  F    TS     0 PTAMS 0x0000000412000000 NTAMS 0x0000000412000000 space 32768K,   0% used [0x0000000412000000, 0x0000000414000000)
AC   0  O    TS     0 PTAMS 0x0000000416000000 NTAMS 0x0000000416000000 space 32768K, 100% used [0x0000000414000000, 0x0000000416000000)
AC   0  F    TS     0 PTAMS 0x0000000416000000 NTAMS 0x0000000416000000 space 32768K,   0% used [0x0000000416000000, 0x0000000418000000)
AC   0  F    TS     1 PTAMS 0x0000000418000000 NTAMS 0x0000000418000000 space 32768K,   0% used [0x0000000418000000, 0x000000041a000000)
AC   0  F    TS     0 PTAMS 0x000000041a000000 NTAMS 0x000000041a000000 space 32768K,   0% used [0x000000041a000000, 0x000000041c000000)
AC   0  E    TS     0 PTAMS 0x000000041c000000 NTAMS 0x000000041c000000 space 32768K,  37% used [0x000000041c000000, 0x000000041e000000)
AC   0  E CS TS     0 PTAMS 0x000000041e000000 NTAMS 0x000000041e000000 space 32768K, 100% used [0x000000041e000000, 0x0000000420000000)
AC   0  O    TS     3 PTAMS 0x0000000421e8e600 NTAMS 0x0000000421e8e600 space 32768K, 100% used [0x0000000420000000, 0x0000000422000000)
AC   0  E CS TS     2 PTAMS 0x0000000422000000 NTAMS 0x0000000422000000 space 32768K, 100% used [0x0000000422000000, 0x0000000424000000)
AC   0  S CS TS     3 PTAMS 0x0000000424000000 NTAMS 0x0000000424000000 space 32768K,  72% used [0x0000000424000000, 0x0000000426000000)
AC   0  O    TS     3 PTAMS 0x0000000426000000 NTAMS 0x0000000426000000 space 32768K,  66% used [0x0000000426000000, 0x0000000428000000)

Card table byte_map: [0x0000000016ab0000,0x0000000018830000] byte_map_base: 0x0000000014a30000

Marking Bits (Prev, Next): (CMBitMap*) 0x00000000030419d0, (CMBitMap*) 0x0000000003041978
 Prev Bits: [0x00000000291b0000, 0x0000000037db0000)
 Next Bits: [0x000000001a5b0000, 0x00000000291b0000)

Polling page: 0x00000000014d0000

CodeCache: size=245760Kb used=19049Kb max_used=19552Kb free=226710Kb
 bounds [0x0000000003070000, 0x00000000043c0000, 0x0000000012070000]
 total_blobs=5254 nmethods=4543 adapters=619
 compilation: enabled

Compilation events (10 events):
Event: 7.693 Thread 0x000000003f14a800 nmethod 6012 0x00000000039a3890 code [0x00000000039a3a20, 0x00000000039a3ed8]
Event: 7.693 Thread 0x000000003f14a800 6014       3       com.google.gson.JsonArray::iterator (10 bytes)
Event: 7.694 Thread 0x000000003f146800 nmethod 6010 0x000000000375e210 code [0x000000000375e440, 0x000000000375f068]
Event: 7.694 Thread 0x000000003f145000 nmethod 6013 0x00000000033bb190 code [0x00000000033bb320, 0x00000000033bb718]
Event: 7.694 Thread 0x000000003f145000 6015       3       com.google.gson.internal.bind.JsonTreeReader::beginArray (36 bytes)
Event: 7.694 Thread 0x000000003f146800 6016       3       com.google.gson.internal.bind.JsonTreeReader::endArray (40 bytes)
Event: 7.694 Thread 0x000000003f14a800 nmethod 6014 0x0000000003925250 code [0x00000000039253c0, 0x00000000039255e8]
Event: 7.694 Thread 0x000000003f145000 nmethod 6015 0x0000000003705490 code [0x0000000003705640, 0x0000000003705b68]
Event: 7.694 Thread 0x000000003f146800 nmethod 6016 0x0000000003932a90 code [0x0000000003932c40, 0x0000000003933288]
Event: 7.694 Thread 0x000000003e5d7800 nmethod 6009 0x0000000003c7edd0 code [0x0000000003c7ef20, 0x0000000003c7f1b8]

GC Heap History (10 events):
Event: 6.543 GC heap before
{Heap before GC invocations=19 (full 0):
 garbage-first heap   total 294912K, used 241555K [0x0000000410000000, 0x0000000412000048, 0x00000007c0000000)
  region size 32768K, 4 young (131072K), 1 survivors (32768K)
 Metaspace       used 34716K, capacity 35109K, committed 35584K, reserved 1079296K
  class space    used 4637K, capacity 4767K, committed 4864K, reserved 1048576K
Event: 6.556 GC heap after
Heap after GC invocations=20 (full 0):
 garbage-first heap   total 294912K, used 162252K [0x0000000410000000, 0x0000000412000048, 0x00000007c0000000)
  region size 32768K, 1 young (32768K), 1 survivors (32768K)
 Metaspace       used 34716K, capacity 35109K, committed 35584K, reserved 1079296K
  class space    used 4637K, capacity 4767K, committed 4864K, reserved 1048576K
}
Event: 6.607 GC heap before
{Heap before GC invocations=20 (full 0):
 garbage-first heap   total 294912K, used 162252K [0x0000000410000000, 0x0000000412000048, 0x00000007c0000000)
  region size 32768K, 2 young (65536K), 1 survivors (32768K)
 Metaspace       used 35237K, capacity 35583K, committed 35920K, reserved 1081344K
  class space    used 4705K, capacity 4840K, committed 4864K, reserved 1048576K
Event: 6.614 GC heap after
Heap after GC invocations=21 (full 0):
 garbage-first heap   total 294912K, used 160392K [0x0000000410000000, 0x0000000412000048, 0x00000007c0000000)
  region size 32768K, 1 young (32768K), 1 survivors (32768K)
 Metaspace       used 35237K, capacity 35583K, committed 35920K, reserved 1081344K
  class space    used 4705K, capacity 4840K, committed 4864K, reserved 1048576K
}
Event: 6.831 GC heap before
{Heap before GC invocations=22 (full 0):
 garbage-first heap   total 294912K, used 258696K [0x0000000410000000, 0x0000000412000048, 0x00000007c0000000)
  region size 32768K, 4 young (131072K), 1 survivors (32768K)
 Metaspace       used 37283K, capacity 37755K, committed 38220K, reserved 1083392K
  class space    used 4986K, capacity 5164K, committed 5196K, reserved 1048576K
Event: 6.854 GC heap after
Heap after GC invocations=23 (full 0):
 garbage-first heap   total 294912K, used 160211K [0x0000000410000000, 0x0000000412000048, 0x00000007c0000000)
  region size 32768K, 1 young (32768K), 1 survivors (32768K)
 Metaspace       used 37283K, capacity 37755K, committed 38220K, reserved 1083392K
  class space    used 4986K, capacity 5164K, committed 5196K, reserved 1048576K
}
Event: 7.057 GC heap before
{Heap before GC invocations=24 (full 0):
 garbage-first heap   total 294912K, used 258515K [0x0000000410000000, 0x0000000412000048, 0x00000007c0000000)
  region size 32768K, 4 young (131072K), 1 survivors (32768K)
 Metaspace       used 38431K, capacity 38885K, committed 39372K, reserved 1083392K
  class space    used 5106K, capacity 5305K, committed 5324K, reserved 1048576K
Event: 7.064 GC heap after
Heap after GC invocations=25 (full 0):
 garbage-first heap   total 294912K, used 155030K [0x0000000410000000, 0x0000000412000048, 0x00000007c0000000)
  region size 32768K, 1 young (32768K), 1 survivors (32768K)
 Metaspace       used 38431K, capacity 38885K, committed 39372K, reserved 1083392K
  class space    used 5106K, capacity 5305K, committed 5324K, reserved 1048576K
}
Event: 7.519 GC heap before
{Heap before GC invocations=25 (full 0):
 garbage-first heap   total 327680K, used 286102K [0x0000000410000000, 0x0000000412000050, 0x00000007c0000000)
  region size 32768K, 4 young (131072K), 1 survivors (32768K)
 Metaspace       used 38953K, capacity 39451K, committed 40012K, reserved 1083392K
  class space    used 5161K, capacity 5342K, committed 5452K, reserved 1048576K
Event: 7.533 GC heap after
Heap after GC invocations=26 (full 0):
 garbage-first heap   total 393216K, used 143928K [0x0000000410000000, 0x0000000412000060, 0x00000007c0000000)
  region size 32768K, 1 young (32768K), 1 survivors (32768K)
 Metaspace       used 38953K, capacity 39451K, committed 40012K, reserved 1083392K
  class space    used 5161K, capacity 5342K, committed 5452K, reserved 1048576K
}

Deoptimization events (10 events):
Event: 7.168 Thread 0x0000000045fa8800 Uncommon trap: reason=unstable_if action=reinterpret pc=0x0000000003993b80 method=sun.net.www.MessageHeader.grow()V @ 4
Event: 7.177 Thread 0x0000000002f73800 Uncommon trap: reason=unstable_if action=reinterpret pc=0x000000000362711c method=java.util.LinkedHashMap.afterNodeInsertion(Z)V @ 18
Event: 7.177 Thread 0x0000000002f73800 Uncommon trap: reason=class_check action=maybe_recompile pc=0x000000000411967c method=java.util.HashMap.removeNode(ILjava/lang/Object;Ljava/lang/Object;ZZ)Ljava/util/HashMap$Node; @ 283
Event: 7.183 Thread 0x0000000002f73800 Uncommon trap: reason=class_check action=maybe_recompile pc=0x000000000411967c method=java.util.HashMap.removeNode(ILjava/lang/Object;Ljava/lang/Object;ZZ)Ljava/util/HashMap$Node; @ 283
Event: 7.184 Thread 0x0000000002f73800 Uncommon trap: reason=class_check action=maybe_recompile pc=0x000000000411967c method=java.util.HashMap.removeNode(ILjava/lang/Object;Ljava/lang/Object;ZZ)Ljava/util/HashMap$Node; @ 283
Event: 7.461 Thread 0x000000004ee1f800 Uncommon trap: reason=null_check action=make_not_entrant pc=0x0000000003ef4384 method=net.minecraft.launchwrapper.LaunchClassLoader.getOrCreateBuffer()[B @ 7
Event: 7.570 Thread 0x0000000002f73800 Uncommon trap: reason=class_check action=maybe_recompile pc=0x000000000433a6ec method=com.google.gson.internal.bind.TypeAdapters$29.read(Lcom/google/gson/stream/JsonReader;)Lcom/google/gson/JsonElement; @ 129
Event: 7.570 Thread 0x0000000002f73800 Uncommon trap: reason=class_check action=maybe_recompile pc=0x000000000433a030 method=com.google.gson.internal.bind.TypeAdapters$29.read(Lcom/google/gson/stream/JsonReader;)Lcom/google/gson/JsonElement; @ 129
Event: 7.653 Thread 0x0000000002f73800 Uncommon trap: reason=unstable_if action=reinterpret pc=0x0000000003e79694 method=com.google.common.collect.ImmutableSet.construct(I[Ljava/lang/Object;)Lcom/google/common/collect/ImmutableSet; @ 215
Event: 7.685 Thread 0x0000000002f73800 Uncommon trap: reason=unstable_if action=reinterpret pc=0x00000000039e6a0c method=java.util.WeakHashMap.remove(Ljava/lang/Object;)Ljava/lang/Object; @ 94

Internal exceptions (10 events):
Event: 7.687 Thread 0x0000000002f73800 Exception <a 'java/io/IOException'> (0x000000041c2d5950) thrown at [C:\re\workspace\8-2-build-windows-amd64-cygwin\jdk8u45\3457\hotspot\src\share\vm\prims\jni.cpp, line 709]
Event: 7.688 Thread 0x0000000002f73800 Exception <a 'java/io/IOException'> (0x000000041c2e80f0) thrown at [C:\re\workspace\8-2-build-windows-amd64-cygwin\jdk8u45\3457\hotspot\src\share\vm\prims\jni.cpp, line 709]
Event: 7.688 Thread 0x0000000002f73800 Exception <a 'java/io/IOException'> (0x000000041c30dcd8) thrown at [C:\re\workspace\8-2-build-windows-amd64-cygwin\jdk8u45\3457\hotspot\src\share\vm\prims\jni.cpp, line 709]
Event: 7.688 Thread 0x0000000002f73800 Exception <a 'java/io/IOException'> (0x000000041c31f890) thrown at [C:\re\workspace\8-2-build-windows-amd64-cygwin\jdk8u45\3457\hotspot\src\share\vm\prims\jni.cpp, line 709]
Event: 7.690 Thread 0x0000000002f73800 Exception <a 'java/io/IOException'> (0x000000041c367ec0) thrown at [C:\re\workspace\8-2-build-windows-amd64-cygwin\jdk8u45\3457\hotspot\src\share\vm\prims\jni.cpp, line 709]
Event: 7.690 Thread 0x0000000002f73800 Exception <a 'java/io/IOException'> (0x000000041c380978) thrown at [C:\re\workspace\8-2-build-windows-amd64-cygwin\jdk8u45\3457\hotspot\src\share\vm\prims\jni.cpp, line 709]
Event: 7.691 Thread 0x0000000002f73800 Exception <a 'java/io/IOException'> (0x000000041c3e3e78) thrown at [C:\re\workspace\8-2-build-windows-amd64-cygwin\jdk8u45\3457\hotspot\src\share\vm\prims\jni.cpp, line 709]
Event: 7.691 Thread 0x0000000002f73800 Exception <a 'java/io/IOException'> (0x000000041c3f6d90) thrown at [C:\re\workspace\8-2-build-windows-amd64-cygwin\jdk8u45\3457\hotspot\src\share\vm\prims\jni.cpp, line 709]
Event: 7.692 Thread 0x0000000002f73800 Exception <a 'java/io/IOException'> (0x000000041c41e558) thrown at [C:\re\workspace\8-2-build-windows-amd64-cygwin\jdk8u45\3457\hotspot\src\share\vm\prims\jni.cpp, line 709]
Event: 7.692 Thread 0x0000000002f73800 Exception <a 'java/io/IOException'> (0x000000041c431cc0) thrown at [C:\re\workspace\8-2-build-windows-amd64-cygwin\jdk8u45\3457\hotspot\src\share\vm\prims\jni.cpp, line 709]

Events (10 events):
Event: 7.694 Thread 0x000000003f147800 flushing nmethod 0x0000000003da26d0
Event: 7.694 loading class org/lwjgl/openal/ALCcontext
Event: 7.694 loading class org/lwjgl/openal/ALCcontext done
Event: 7.694 Thread 0x000000003f147800 flushing nmethod 0x0000000003de9ad0
Event: 7.694 loading class org/lwjgl/openal/Util
Event: 7.694 loading class org/lwjgl/openal/Util done
Event: 7.694 Thread 0x000000003f145000 flushing nmethod 0x0000000003e65390
Event: 7.694 loading class org/lwjgl/openal/OpenALException
Event: 7.694 loading class org/lwjgl/openal/OpenALException done
Event: 7.694 Thread 0x000000003f145000 flushing nmethod 0x0000000003feb750


Dynamic libraries:
0x00007ff662440000 - 0x00007ff662477000 	C:\Program Files\Java\jre1.8.0_45\bin\javaw.exe
0x00007ff95e020000 - 0x00007ff95e210000 	C:\Windows\SYSTEM32\ntdll.dll
0x00007ff95c0d0000 - 0x00007ff95c182000 	C:\Windows\System32\KERNEL32.DLL
0x00007ff95be20000 - 0x00007ff95c0c3000 	C:\Windows\System32\KERNELBASE.dll
0x00007ff95c1d0000 - 0x00007ff95c273000 	C:\Windows\System32\ADVAPI32.dll
0x00007ff95d250000 - 0x00007ff95d2ee000 	C:\Windows\System32\msvcrt.dll
0x00007ff95d2f0000 - 0x00007ff95d387000 	C:\Windows\System32\sechost.dll
0x00007ff95c400000 - 0x00007ff95c520000 	C:\Windows\System32\RPCRT4.dll
0x00007ff95d860000 - 0x00007ff95d9f4000 	C:\Windows\System32\USER32.dll
0x00007ff95b340000 - 0x00007ff95b361000 	C:\Windows\System32\win32u.dll
0x00007ff95c1a0000 - 0x00007ff95c1c6000 	C:\Windows\System32\GDI32.dll
0x00007ff95bc80000 - 0x00007ff95be14000 	C:\Windows\System32\gdi32full.dll
0x00007ff95b2a0000 - 0x00007ff95b33e000 	C:\Windows\System32\msvcp_win.dll
0x00007ff95bb80000 - 0x00007ff95bc7a000 	C:\Windows\System32\ucrtbase.dll
0x00007ff948270000 - 0x00007ff9484f5000 	C:\Windows\WinSxS\amd64_microsoft.windows.common-controls_6595b64144ccf1df_6.0.18362.720_none_e6beb5c51314836b\COMCTL32.dll
0x00007ff95da70000 - 0x00007ff95dda6000 	C:\Windows\System32\combase.dll
0x00007ff95afb0000 - 0x00007ff95b030000 	C:\Windows\System32\bcryptPrimitives.dll
0x00007ff95d0e0000 - 0x00007ff95d10e000 	C:\Windows\System32\IMM32.DLL
0x000000005a4b0000 - 0x000000005a582000 	C:\Program Files\Java\jre1.8.0_45\bin\msvcr100.dll
0x0000000059c20000 - 0x000000005a4a3000 	C:\Program Files\Java\jre1.8.0_45\bin\server\jvm.dll
0x00007ff95c190000 - 0x00007ff95c198000 	C:\Windows\System32\PSAPI.DLL
0x00007ff957a50000 - 0x00007ff957a59000 	C:\Windows\SYSTEM32\WSOCK32.dll
0x00007ff957ba0000 - 0x00007ff957bc4000 	C:\Windows\SYSTEM32\WINMM.dll
0x00007ff953b30000 - 0x00007ff953b3a000 	C:\Windows\SYSTEM32\VERSION.dll
0x00007ff95da00000 - 0x00007ff95da6f000 	C:\Windows\System32\WS2_32.dll
0x00007ff957b70000 - 0x00007ff957b9d000 	C:\Windows\SYSTEM32\WINMMBASE.dll
0x00007ff95b250000 - 0x00007ff95b29a000 	C:\Windows\System32\cfgmgr32.dll
0x0000000059c10000 - 0x0000000059c1f000 	C:\Program Files\Java\jre1.8.0_45\bin\verify.dll
0x0000000059be0000 - 0x0000000059c09000 	C:\Program Files\Java\jre1.8.0_45\bin\java.dll
0x0000000059bc0000 - 0x0000000059bd6000 	C:\Program Files\Java\jre1.8.0_45\bin\zip.dll
0x00007ff95c6a0000 - 0x00007ff95cd85000 	C:\Windows\System32\SHELL32.dll
0x00007ff95c5f0000 - 0x00007ff95c699000 	C:\Windows\System32\shcore.dll
0x00007ff95b370000 - 0x00007ff95baf0000 	C:\Windows\System32\windows.storage.dll
0x00007ff95af60000 - 0x00007ff95af83000 	C:\Windows\System32\profapi.dll
0x00007ff95af10000 - 0x00007ff95af5a000 	C:\Windows\System32\powrprof.dll
0x00007ff95aee0000 - 0x00007ff95aef0000 	C:\Windows\System32\UMPDC.dll
0x00007ff95c280000 - 0x00007ff95c2d2000 	C:\Windows\System32\shlwapi.dll
0x00007ff95aef0000 - 0x00007ff95af01000 	C:\Windows\System32\kernel.appcore.dll
0x00007ff95b180000 - 0x00007ff95b197000 	C:\Windows\System32\cryptsp.dll
0x0000000059bb0000 - 0x0000000059bbd000 	C:\Program Files\Java\jre1.8.0_45\bin\management.dll
0x00000000599f0000 - 0x0000000059a0a000 	C:\Program Files\Java\jre1.8.0_45\bin\net.dll
0x00007ff95a6f0000 - 0x00007ff95a757000 	C:\Windows\system32\mswsock.dll
0x00007ff950c80000 - 0x00007ff950c96000 	C:\Windows\system32\napinsp.dll
0x00007ff94fdc0000 - 0x00007ff94fdda000 	C:\Windows\system32\pnrpnsp.dll
0x00007ff95a440000 - 0x00007ff95a50a000 	C:\Windows\SYSTEM32\DNSAPI.dll
0x00007ff95d0d0000 - 0x00007ff95d0d8000 	C:\Windows\System32\NSI.dll
0x00007ff95a400000 - 0x00007ff95a43a000 	C:\Windows\SYSTEM32\IPHLPAPI.DLL
0x00007ff951210000 - 0x00007ff95121e000 	C:\Windows\System32\winrnr.dll
0x00007ff9578b0000 - 0x00007ff9578cc000 	C:\Windows\system32\NLAapi.dll
0x00007ff956bc0000 - 0x00007ff956bd5000 	C:\Windows\system32\wshbth.dll
0x00007ff94fa60000 - 0x00007ff94fad7000 	C:\Windows\System32\fwpuclnt.dll
0x00007ff95baf0000 - 0x00007ff95bb16000 	C:\Windows\System32\bcrypt.dll
0x00007ff955380000 - 0x00007ff95538a000 	C:\Windows\System32\rasadhlp.dll
0x00000000599d0000 - 0x00000000599e1000 	C:\Program Files\Java\jre1.8.0_45\bin\nio.dll
0x0000000058410000 - 0x0000000058427000 	C:\Program Files\Java\jre1.8.0_45\bin\unpack.dll
0x0000000180000000 - 0x0000000180053000 	C:\Users\asash\AppData\Roaming\.minecraft\versions\Forge 1.12.2\natives\lwjgl64.dll
0x00007ff926020000 - 0x00007ff926176000 	C:\Windows\SYSTEM32\OPENGL32.dll
0x00007ff925c10000 - 0x00007ff925c3c000 	C:\Windows\SYSTEM32\GLU32.dll
0x00007ff959b50000 - 0x00007ff959b70000 	C:\Windows\SYSTEM32\dxcore.dll
0x00007ff95a260000 - 0x00007ff95a293000 	C:\Windows\system32\rsaenh.dll
0x00007ff95ae00000 - 0x00007ff95ae25000 	C:\Windows\SYSTEM32\USERENV.dll
0x00007ff95a8c0000 - 0x00007ff95a8cc000 	C:\Windows\SYSTEM32\CRYPTBASE.dll
0x00007ff94fcc0000 - 0x00007ff94fcd6000 	C:\Windows\SYSTEM32\dhcpcsvc6.DLL
0x00007ff950530000 - 0x00007ff95054c000 	C:\Windows\SYSTEM32\dhcpcsvc.DLL
0x0000000059a10000 - 0x0000000059ba8000 	C:\Program Files\Java\jre1.8.0_45\bin\awt.dll
0x00007ff95df10000 - 0x00007ff95dfd4000 	C:\Windows\System32\OLEAUT32.dll
0x00007ff959080000 - 0x00007ff95910f000 	C:\Windows\SYSTEM32\apphelp.dll
0x00007ff9553b0000 - 0x00007ff95545e000 	C:\Windows\SYSTEM32\mscms.dll
0x00007ff955390000 - 0x00007ff9553a7000 	C:\Windows\SYSTEM32\ColorAdapterClient.dll
0x00007ff95c2e0000 - 0x00007ff95c382000 	C:\Windows\System32\clbcatq.dll
0x00007ff94dc20000 - 0x00007ff94dc3a000 	C:\Windows\System32\Windows.Internal.Graphics.Display.DisplayColorManagement.dll
0x00007ff959260000 - 0x00007ff9592f9000 	C:\Windows\system32\uxtheme.dll
0x00007ff95d110000 - 0x00007ff95d246000 	C:\Windows\System32\MSCTF.dll
0x00007ff950d30000 - 0x00007ff950d58000 	C:\Windows\System32\DriverStore\FileRepository\u0348578.inf_amd64_c955a7a452d1bf20\B348746\atig6pxx.dll
0x00007ff911730000 - 0x00007ff9147c3000 	C:\Windows\System32\DriverStore\FileRepository\u0348578.inf_amd64_c955a7a452d1bf20\B348746\atio6axx.dll
0x00007ff95d3f0000 - 0x00007ff95d860000 	C:\Windows\System32\SETUPAPI.dll
0x00007ff95ddb0000 - 0x00007ff95df07000 	C:\Windows\System32\ole32.dll
0x00007ff92fa70000 - 0x00007ff92fa93000 	C:\Windows\SYSTEM32\dxva2.dll
0x00007ff959680000 - 0x00007ff9596ad000 	C:\Windows\SYSTEM32\dwmapi.dll
0x00007ff950610000 - 0x00007ff95064a000 	C:\Windows\System32\DriverStore\FileRepository\u0348578.inf_amd64_c955a7a452d1bf20\B348746\atig6txx.dll
0x00007ff925a60000 - 0x00007ff925c0a000 	C:\Windows\SYSTEM32\atiadlxx.dll
0x00007ff957420000 - 0x00007ff95750f000 	C:\Windows\SYSTEM32\PROPSYS.dll
0x00007ff95ac80000 - 0x00007ff95acaa000 	C:\Windows\SYSTEM32\DEVOBJ.dll
0x00007ff95bb20000 - 0x00007ff95bb7c000 	C:\Windows\System32\WINTRUST.dll
0x00007ff95af90000 - 0x00007ff95afa2000 	C:\Windows\System32\MSASN1.dll
0x00007ff95b030000 - 0x00007ff95b179000 	C:\Windows\System32\CRYPT32.dll
0x00007ff94f090000 - 0x00007ff94f0d3000 	C:\Windows\SYSTEM32\icm32.dll
0x00007ff946570000 - 0x00007ff9465b2000 	C:\Users\asash\AppData\Local\Temp\jna-93104388\jna1731579012276461913.dll
0x0000000048680000 - 0x00000000486e4000 	C:\Users\asash\AppData\Roaming\.minecraft\versions\Forge 1.12.2\natives\OpenAL64.dll
0x00007ff955460000 - 0x00007ff9554d2000 	C:\Windows\System32\MMDevApi.dll
0x00007ff941d40000 - 0x00007ff941dd9000 	C:\Windows\SYSTEM32\dsound.dll
0x00007ff9555a0000 - 0x00007ff9556fd000 	C:\Windows\SYSTEM32\AUDIOSES.DLL
0x00007ff956c60000 - 0x00007ff956db3000 	C:\Windows\SYSTEM32\wintypes.dll
0x00007ff94e980000 - 0x00007ff94eb74000 	C:\Windows\SYSTEM32\dbghelp.dll

VM Arguments:
jvm_args: -Djava.net.preferIPv4Stack=true -Xmn128M -Xmx15076M -Djava.library.path=C:\Users\asash\AppData\Roaming\.minecraft\versions\Forge 1.12.2\natives -Dminecraft.applet.TargetDirectory=C:\Users\asash\AppData\Roaming\.minecraft -XX:+UnlockExperimentalVMOptions -XX:+UseG1GC -XX:G1NewSizePercent=20 -XX:G1ReservePercent=20 -XX:MaxGCPauseMillis=50 -XX:G1HeapRegionSize=32M -Dfml.ignoreInvalidMinecraftCertificates=true -Dfml.ignorePatchDiscrepancies=true 
java_command: net.minecraft.launchwrapper.Launch --username sashka --version Forge 1.12.2 --gameDir C:\Users\asash\AppData\Roaming\.minecraft --assetsDir C:\Users\asash\AppData\Roaming\.minecraft\assets --assetIndex 1.12 --uuid 00000000-0000-0000-0000-000000000000 --accessToken null --userProperties [] --userType legacy --tweakClass net.minecraftforge.fml.common.launcher.FMLTweaker --versionType Forge --width 925 --height 530
java_class_path (initial): C:\Users\asash\AppData\Roaming\.minecraft\libraries\net\minecraftforge\forge\1.12.2-14.23.5.2847\forge-1.12.2-14.23.5.2847.jar;C:\Users\asash\AppData\Roaming\.minecraft\libraries\net\minecraft\launchwrapper\1.12\launchwrapper-1.12.jar;C:\Users\asash\AppData\Roaming\.minecraft\libraries\org\ow2\asm\asm-all\5.2\asm-all-5.2.jar;C:\Users\asash\AppData\Roaming\.minecraft\libraries\jline\jline\3.5.1\jline-3.5.1.jar;C:\Users\asash\AppData\Roaming\.minecraft\libraries\com\typesafe\akka\akka-actor_2.11\2.3.3\akka-actor_2.11-2.3.3.jar;C:\Users\asash\AppData\Roaming\.minecraft\libraries\com\typesafe\config\1.2.1\config-1.2.1.jar;C:\Users\asash\AppData\Roaming\.minecraft\libraries\org\scala-lang\scala-actors-migration_2.11\1.1.0\scala-actors-migration_2.11-1.1.0.jar;C:\Users\asash\AppData\Roaming\.minecraft\libraries\org\scala-lang\scala-compiler\2.11.1\scala-compiler-2.11.1.jar;C:\Users\asash\AppData\Roaming\.minecraft\libraries\org\scala-lang\plugins\scala-continuations-library_2.11\1.0.2\scala-continuations-library_2.11-1.0.2.jar;C:\Users\asash\AppData\Roaming\.minecraft\libraries\org\scala-lang\plugins\scala-continuations-plugin_2.11.1\1.0.2\scala-continuations-plugin_2.11.1-1.0.2.jar;C:\Users\asash\AppData\Roaming\.minecraft\libraries\org\scala-lang\scala-library\2.11.1\scala-library-2.11.1.jar;C:\Users\asash\AppData\Roaming\.minecraft\libraries\org\scala-lang\scala-parser-combinators_2.11\1.0.1\scala-parser-combinators_2.11-1.0.1.jar;C:\Users\asash\AppData\Roaming\.minecraft\libraries\org\scala-lang\scala-reflect\2.11.1\scala-reflect-2.11.1.jar;C:\Users\asash\AppData\Roaming\.minecraft\libraries\org\scala-lang\scala-swing_2.11\1.0.1\scala-swing_2.11-1.0.1.jar;C:\Users\asash\AppData\Roaming\.minecraft\libraries\org\scala-lang\scala-xml_2.11\1.0.2\scala-xml_2.11-1.0.2.jar;C:\Users\asash\AppData\Roaming\.minecraft\libraries\lzma\lzma\0.0.1\lzma-0.0.1.jar;C:\Users\asash\AppData\Roaming\.minecraft\libraries\net\sf\jopt-simple\jopt-simple\5.0.3\jopt
Launcher Type: SUN_STANDARD

Environment Variables:
PATH=C:\ProgramData\Oracle\Java\javapath;C:\Program Files (x86)\Common Files\Intel\Shared Libraries\redist\ia32\compiler;C:\Program Files (x86)\Common Files\Intel\Shared Libraries\redist\intel64\compiler;C:\Program Files (x86)\Intel\Intel(R) Management Engine Components\iCLS\;C:\Program Files\Intel\Intel(R) Management Engine Components\iCLS\;C:\Windows\system32;C:\Windows;C:\Windows\System32\Wbem;C:\Windows\System32\WindowsPowerShell\v1.0\;C:\Windows\System32\OpenSSH\;C:\Users\asash\AppData\Local\Microsoft\WindowsApps;;C:\Program Files\Java\jre1.8.0_45\bin
USERNAME=asash
OS=Windows_NT
PROCESSOR_IDENTIFIER=Intel64 Family 6 Model 158 Stepping 13, GenuineIntel



---------------  S Y S T E M  ---------------

OS: Windows 10.0 , 64 bit Build 18362 (10.0.18362.329)

CPU:total 16 (8 cores per cpu, 2 threads per core) family 6 model 158 stepping 13, cmov, cx8, fxsr, mmx, sse, sse2, sse3, ssse3, sse4.1, sse4.2, popcnt, avx, avx2, aes, clmul, erms, 3dnowpref, lzcnt, ht, tsc, tscinvbit, bmi1, bmi2, adx

Memory: 4k page, physical 16666780k(10472132k free), swap 19157148k(9659548k free)

vm_info: Java HotSpot(TM) 64-Bit Server VM (25.45-b02) for windows-amd64 JRE (1.8.0_45-b14), built on Apr 10 2015 10:34:15 by "java_re" with MS VC++ 10.0 (VS2010)

time: Tue Apr 14 12:40:03 2020
elapsed time: 7 seconds (0d 0h 0m 7s)

