2020-04-10 13:31:31,553 main 
2020-04-10 13:31:31,553 main -------------------------------------------------------------------
2020-04-10 13:31:31,979 main run double running protectin
2020-04-10 13:31:31,982 main [Downloader2] Loaded configuration: normal
2020-04-10 13:31:32,390 main [Bootstrapper] createLauncher
2020-04-10 13:31:32,390 main path C:\Program Files\Java\jre1.8.0_45
2020-04-10 13:31:32,390 main [Bootstrapper] choose jvm:C:\Program Files\Java\jre1.8.0_45\bin\javaw.exe
2020-04-10 13:31:32,391 main [Bootstrapper] validate files
2020-04-10 13:31:32,391 main [Bootstrapper] end validated files
2020-04-10 13:31:32,391 main [Bootstrapper] Starting launcher...
2020-04-10 13:31:32,498 Thread-2 > [TLAUNCHER][STATIC] initialize inner config
2020-04-10 13:31:32,522 Thread-2 > [Loading] INITIALIZING
2020-04-10 13:31:33,852 Thread-2 > Starting TLauncher 2.69 RELEASE
2020-04-10 13:31:33,852 Thread-2 > For more information, visit https://tlauncher.org/
2020-04-10 13:31:33,852 Thread-2 > Startup time: 10.04.2020 13:31:33
2020-04-10 13:31:33,853 Thread-2 > ---
2020-04-10 13:31:33,855 Thread-2 > run double running protectin
2020-04-10 13:31:33,980 Thread-2 > [Loading] LOADING_CONFIGURATION
2020-04-10 13:31:33,981 Thread-2 > Loading configuration from file: C:\Users\asash\AppData\Roaming\.tlauncher\tlauncher-2.0.properties
2020-04-10 13:31:33,993 Thread-2 > [Configuration] Constant values: {}
2020-04-10 13:31:34,048 Thread-2 > Machine info: -------------------------------------------------------
2020-04-10 13:31:34,048 Thread-2 > Windows 8.1 6.3, Java 1.8.0_45, jvm bit x64, 16276 MB RAM
2020-04-10 13:31:34,048 Thread-2 > java path=C:\Program Files\Java\jre1.8.0_45\bin\javaw.exe
2020-04-10 13:31:34,048 Thread-2 > Intel(R) Core(TM) i9-9880H CPU @ 2.30GHz
2020-04-10 13:31:34,048 Thread-2 >  AMD Radeon Pro 5500M, AMD FirePro (0x7340), 12194 MB
2020-04-10 13:31:34,048 Thread-2 > -------------------------------------------------------
2020-04-10 13:31:34,048 Thread-2 > Selected locale: ru_RU
2020-04-10 13:31:34,100 Thread-2 > [Loading] LOADING_CONSOLE
2020-04-10 13:31:34,241 Thread-2 > [Swing] Favicons loaded: 256px, 128px, 96px, 64px, 48px, 32px, 24px, 16px
2020-04-10 13:31:34,450 Thread-2 > 
2020-04-10 13:31:34,573 Thread-2 > [Downloader2] Loaded configuration: good
2020-04-10 13:31:34,696 Thread-2 > [Updater] Requesting an update...
2020-04-10 13:31:34,699 Thread-2 > [Updater] Requesting from: http://repo.tlauncher.org/update/lch/update_2.0.json
2020-04-10 13:31:34,699 Thread-2 > [Updater] Making request: http://repo.tlauncher.org/update/lch/update_2.0.json?version=2.69&client=440be4d8-8fc3-48cd-8ffe-e7eb2df08ff3
2020-04-10 13:31:34,844 Thread-2 > [Updater] Request time: 145 ms
2020-04-10 13:31:34,844 Thread-2 > [Updater] Successfully requested from: http://repo.tlauncher.org/update/lch/update_2.0.json
2020-04-10 13:31:34,881 Thread-2 > [Browser] Loading resources...
2020-04-10 13:31:34,991 Thread-2 > [Browser] Loading background...
2020-04-10 13:31:35,046 Thread-2 > [Browser] Cleaning up after loading:
2020-04-10 13:31:35,046 Thread-2 > Starting garbage collector: 65 / 195 MB
2020-04-10 13:31:35,098 Thread-2 > Garbage collector completed: 13 / 195 MB
2020-04-10 13:31:35,100 Thread-2 > [Loading] LOADING_MANAGERS
2020-04-10 13:31:35,108 Thread-2 > [LocalVersionList] Base directory: C:\Users\asash\AppData\Roaming\.minecraft
2020-04-10 13:31:35,118 Thread-2 > [ProfileManager] Refreshing profiles from: C:\Users\asash\AppData\Roaming\.minecraft\TlauncherProfiles.json
2020-04-10 13:31:35,131 Thread-2 > [AdvertisingStatusObserver]  started to get ad information
2020-04-10 13:31:35,131 Thread-2 > [AdvertisingStatusObserver]  finished to get add information
2020-04-10 13:31:35,131 Thread-2 > [GsonUtil]  request to http://repo.tlauncher.org/update/downloads/libraries/org/tlauncher/authlib/libraries-1.6.json
2020-04-10 13:31:35,136 Thread-2 > [Loading] LOADING_WINDOW
2020-04-10 13:31:35,166 Thread-2 > [Loading] PREPARING_MAINPANE
2020-04-10 13:31:35,178 Thread-2 > [JFXStartPageLoader]  start load page: http://page.tlauncher.org/update/downloads/configs/client/index.html
2020-04-10 13:31:35,181 Thread-2 > [Browser] Running in JavaFX Thread
2020-04-10 13:31:35,181 Thread-2 > [Browser] Preparing JavaFX...
2020-04-10 13:31:35,256 Thread-2 > [Browser] Initializing...
2020-04-10 13:31:35,264 Thread-2 > [REPO][SERVER_LIST_REPO] Success: Reached the repo in 128 ms.
2020-04-10 13:31:35,943 Thread-2 > [JFXStartPageLoader]  succeeded load page: http://page.tlauncher.org/update/downloads/configs/client/index.html during 0
2020-04-10 13:31:35,943 Thread-2 > [Browser@2126844601] Loaded successfully: "http://page.tlauncher.org/update/downloads/configs/client/index.html"
2020-04-10 13:31:36,020 Thread-2 > [Browser] add listens into server_choose
2020-04-10 13:31:36,021 Thread-2 > [Browser] finished listens into server_choose
2020-04-10 13:31:36,619 Thread-2 > [Downloader2] Loaded configuration: good
2020-04-10 13:31:37,546 Thread-2 > [Loading] POSTINIT_GUI
2020-04-10 13:31:37,546 Thread-2 > [Frame] Packing main frame...
2020-04-10 13:31:37,604 Thread-2 > [Frame] Resizing main pane...
2020-04-10 13:31:37,605 Thread-2 > Updater is already closed. Showing up...
2020-04-10 13:31:37,605 Thread-2 > Visibility set.
2020-04-10 13:31:37,605 Thread-2 > [Loading] REFRESHING_INFO
2020-04-10 13:31:37,607 Thread-2 > [VersionManager] Refreshing versions remotely...
2020-04-10 13:31:37,608 Thread-2 > [REPO][EXTRA_VERSION_REPO] Attempt #1; timeout: 45000 ms; url: http://repo.tlauncher.org/update/downloads/versions/new3/
2020-04-10 13:31:37,609 Thread-2 > Started! (3629 ms.)
2020-04-10 13:31:37,610 Thread-2 > [Loading] SUCCESS
2020-04-10 13:31:37,610 Thread-2 [Bootstrapper] I can be terminated now: 0
2020-04-12 05:51:38,557 main 
2020-04-12 05:51:38,557 main -------------------------------------------------------------------
2020-04-12 05:51:38,923 main run double running protectin
2020-04-12 05:51:38,926 main [Downloader2] Loaded configuration: normal
2020-04-12 05:51:39,183 main [Bootstrapper] createLauncher
2020-04-12 05:51:39,183 main path C:\Program Files\Java\jre1.8.0_45
2020-04-12 05:51:39,183 main [Bootstrapper] choose jvm:C:\Program Files\Java\jre1.8.0_45\bin\javaw.exe
2020-04-12 05:51:39,184 main [Bootstrapper] validate files
2020-04-12 05:51:39,184 main [Bootstrapper] end validated files
2020-04-12 05:51:39,184 main [Bootstrapper] Starting launcher...
2020-04-12 05:51:39,283 Thread-2 > [TLAUNCHER][STATIC] initialize inner config
2020-04-12 05:51:39,308 Thread-2 > [Loading] INITIALIZING
2020-04-12 05:51:40,257 Thread-2 > Starting TLauncher 2.69 RELEASE
2020-04-12 05:51:40,257 Thread-2 > For more information, visit https://tlauncher.org/
2020-04-12 05:51:40,258 Thread-2 > Startup time: 12.04.2020 5:51:40
2020-04-12 05:51:40,258 Thread-2 > ---
2020-04-12 05:51:40,259 Thread-2 > run double running protectin
2020-04-12 05:51:40,497 Thread-2 > [Loading] LOADING_CONFIGURATION
2020-04-12 05:51:40,498 Thread-2 > Loading configuration from file: C:\Users\asash\AppData\Roaming\.tlauncher\tlauncher-2.0.properties
2020-04-12 05:51:40,503 Thread-2 > [Configuration] Constant values: {}
2020-04-12 05:51:40,541 Thread-2 > Machine info: -------------------------------------------------------
2020-04-12 05:51:40,542 Thread-2 > Windows 8.1 6.3, Java 1.8.0_45, jvm bit x64, 16276 MB RAM
2020-04-12 05:51:40,542 Thread-2 > java path=C:\Program Files\Java\jre1.8.0_45\bin\javaw.exe
2020-04-12 05:51:40,542 Thread-2 > Intel(R) Core(TM) i9-9880H CPU @ 2.30GHz
2020-04-12 05:51:40,542 Thread-2 >  AMD Radeon Pro 5500M, AMD FirePro (0x7340), 12194 MB
2020-04-12 05:51:40,542 Thread-2 > -------------------------------------------------------
2020-04-12 05:51:40,542 Thread-2 > Selected locale: ru_RU
2020-04-12 05:51:40,576 Thread-2 > [Loading] LOADING_CONSOLE
2020-04-12 05:51:40,661 Thread-2 > [Swing] Favicons loaded: 256px, 128px, 96px, 64px, 48px, 32px, 24px, 16px
2020-04-12 05:51:40,869 Thread-2 > 
2020-04-12 05:51:40,948 Thread-2 > [Downloader2] Loaded configuration: good
2020-04-12 05:51:41,068 Thread-2 > [Updater] Requesting an update...
2020-04-12 05:51:41,070 Thread-2 > [Updater] Requesting from: http://repo.tlauncher.org/update/lch/update_2.0.json
2020-04-12 05:51:41,070 Thread-2 > [Updater] Making request: http://repo.tlauncher.org/update/lch/update_2.0.json?version=2.69&client=440be4d8-8fc3-48cd-8ffe-e7eb2df08ff3
2020-04-12 05:51:41,181 Thread-2 > [Browser] Loading resources...
2020-04-12 05:51:41,264 Thread-2 > [Updater] Request time: 194 ms
2020-04-12 05:51:41,264 Thread-2 > [Updater] Successfully requested from: http://repo.tlauncher.org/update/lch/update_2.0.json
2020-04-12 05:51:41,279 Thread-2 > [Browser] Loading background...
2020-04-12 05:51:41,288 Thread-2 > [JFXStartPageLoader]  start load page: http://page.tlauncher.org/update/downloads/configs/client/index.html
2020-04-12 05:51:41,333 Thread-2 > [Browser] Cleaning up after loading:
2020-04-12 05:51:41,333 Thread-2 > Starting garbage collector: 73 / 195 MB
2020-04-12 05:51:41,378 Thread-2 > Garbage collector completed: 14 / 195 MB
2020-04-12 05:51:41,379 Thread-2 > [Browser] Running in JavaFX Thread
2020-04-12 05:51:41,380 Thread-2 > [Browser] Preparing JavaFX...
2020-04-12 05:51:41,380 Thread-2 > [Loading] LOADING_MANAGERS
2020-04-12 05:51:41,386 Thread-2 > [LocalVersionList] Base directory: C:\Users\asash\AppData\Roaming\.minecraft
2020-04-12 05:51:41,394 Thread-2 > [ProfileManager] Refreshing profiles from: C:\Users\asash\AppData\Roaming\.minecraft\TlauncherProfiles.json
2020-04-12 05:51:41,397 Thread-2 > [AdvertisingStatusObserver]  started to get ad information
2020-04-12 05:51:41,397 Thread-2 > [AdvertisingStatusObserver]  finished to get add information
2020-04-12 05:51:41,398 Thread-2 > [GsonUtil]  request to http://repo.tlauncher.org/update/downloads/libraries/org/tlauncher/authlib/libraries-1.6.json
2020-04-12 05:51:41,402 Thread-2 > [Loading] LOADING_WINDOW
2020-04-12 05:51:41,424 Thread-2 > [Loading] PREPARING_MAINPANE
2020-04-12 05:51:41,443 Thread-2 > [Browser] Initializing...
2020-04-12 05:51:41,564 Thread-2 > [REPO][SERVER_LIST_REPO] Success: Reached the repo in 161 ms.
2020-04-12 05:51:41,996 Thread-2 > [Downloader2] Loaded configuration: good
2020-04-12 05:51:42,477 Thread-2 > [JFXStartPageLoader]  succeeded load page: http://page.tlauncher.org/update/downloads/configs/client/index.html during 1
2020-04-12 05:51:42,478 Thread-2 > [Browser@1334913238] Loaded successfully: "http://page.tlauncher.org/update/downloads/configs/client/index.html"
2020-04-12 05:51:42,538 Thread-2 > [Browser] add listens into server_choose
2020-04-12 05:51:42,539 Thread-2 > [Browser] finished listens into server_choose
2020-04-12 05:51:42,913 Thread-2 > [Loading] POSTINIT_GUI
2020-04-12 05:51:42,913 Thread-2 > [Frame] Packing main frame...
2020-04-12 05:51:42,967 Thread-2 > [Frame] Resizing main pane...
2020-04-12 05:51:42,967 Thread-2 > Updater is already closed. Showing up...
2020-04-12 05:51:42,968 Thread-2 > Visibility set.
2020-04-12 05:51:42,970 Thread-2 > [Loading] REFRESHING_INFO
2020-04-12 05:51:42,972 Thread-2 > [VersionManager] Refreshing versions remotely...
2020-04-12 05:51:42,972 Thread-2 > [REPO][EXTRA_VERSION_REPO] Attempt #1; timeout: 45000 ms; url: http://repo.tlauncher.org/update/downloads/versions/new3/
2020-04-12 05:51:42,973 Thread-2 > Started! (2476 ms.)
2020-04-12 05:51:42,973 Thread-2 > [Loading] SUCCESS
2020-04-12 05:51:42,973 Thread-2 [Bootstrapper] I can be terminated now: 0
2020-04-14 13:28:26,486 main 
2020-04-14 13:28:26,487 main -------------------------------------------------------------------
2020-04-14 13:28:26,892 main run double running protectin
2020-04-14 13:28:26,895 main [Downloader2] Loaded configuration: normal
2020-04-14 13:28:27,146 main [Bootstrapper] createLauncher
2020-04-14 13:28:27,147 main path C:\Program Files\Java\jre1.8.0_45
2020-04-14 13:28:27,147 main [Bootstrapper] choose jvm:C:\Program Files\Java\jre1.8.0_45\bin\javaw.exe
2020-04-14 13:28:27,147 main [Bootstrapper] validate files
2020-04-14 13:28:27,147 main [Bootstrapper] end validated files
2020-04-14 13:28:27,147 main [Bootstrapper] Starting launcher...
2020-04-14 13:28:27,246 Thread-2 > [TLAUNCHER][STATIC] initialize inner config
2020-04-14 13:28:27,269 Thread-2 > [Loading] INITIALIZING
2020-04-14 13:28:28,347 Thread-2 > Starting TLauncher 2.69 RELEASE
2020-04-14 13:28:28,347 Thread-2 > For more information, visit https://tlauncher.org/
2020-04-14 13:28:28,348 Thread-2 > Startup time: 14.04.2020 13:28:28
2020-04-14 13:28:28,348 Thread-2 > ---
2020-04-14 13:28:28,350 Thread-2 > run double running protectin
2020-04-14 13:28:28,481 Thread-2 > [Loading] LOADING_CONFIGURATION
2020-04-14 13:28:28,482 Thread-2 > Loading configuration from file: C:\Users\asash\AppData\Roaming\.tlauncher\tlauncher-2.0.properties
2020-04-14 13:28:28,488 Thread-2 > [Configuration] Constant values: {}
2020-04-14 13:28:28,532 Thread-2 > Machine info: -------------------------------------------------------
2020-04-14 13:28:28,532 Thread-2 > Windows 8.1 6.3, Java 1.8.0_45, jvm bit x64, 16276 MB RAM
2020-04-14 13:28:28,533 Thread-2 > java path=C:\Program Files\Java\jre1.8.0_45\bin\javaw.exe
2020-04-14 13:28:28,533 Thread-2 > Intel(R) Core(TM) i9-9880H CPU @ 2.30GHz
2020-04-14 13:28:28,533 Thread-2 >  AMD Radeon Pro 5500M, AMD FirePro (0x7340), 12194 MB
2020-04-14 13:28:28,533 Thread-2 > -------------------------------------------------------
2020-04-14 13:28:28,533 Thread-2 > Selected locale: ru_RU
2020-04-14 13:28:28,574 Thread-2 > [Loading] LOADING_CONSOLE
2020-04-14 13:28:28,679 Thread-2 > [Swing] Favicons loaded: 256px, 128px, 96px, 64px, 48px, 32px, 24px, 16px
2020-04-14 13:28:28,888 Thread-2 > 
2020-04-14 13:28:28,988 Thread-2 > [Downloader2] Loaded configuration: good
2020-04-14 13:28:29,117 Thread-2 > [Updater] Requesting an update...
2020-04-14 13:28:29,119 Thread-2 > [Updater] Requesting from: http://repo.tlauncher.org/update/lch/update_2.0.json
2020-04-14 13:28:29,119 Thread-2 > [Updater] Making request: http://repo.tlauncher.org/update/lch/update_2.0.json?version=2.69&client=440be4d8-8fc3-48cd-8ffe-e7eb2df08ff3
2020-04-14 13:28:29,244 Thread-2 > [Browser] Loading resources...
2020-04-14 13:28:29,266 Thread-2 > [Updater] Request time: 147 ms
2020-04-14 13:28:29,266 Thread-2 > [Updater] Successfully requested from: http://repo.tlauncher.org/update/lch/update_2.0.json
2020-04-14 13:28:29,349 Thread-2 > [Browser] Loading background...
2020-04-14 13:28:29,359 Thread-2 > [JFXStartPageLoader]  start load page: http://page.tlauncher.org/update/downloads/configs/client/index.html
2020-04-14 13:28:29,417 Thread-2 > [Browser] Cleaning up after loading:
2020-04-14 13:28:29,417 Thread-2 > Starting garbage collector: 72 / 194 MB
2020-04-14 13:28:29,459 Thread-2 > Garbage collector completed: 14 / 194 MB
2020-04-14 13:28:29,460 Thread-2 > [Browser] Running in JavaFX Thread
2020-04-14 13:28:29,460 Thread-2 > [Browser] Preparing JavaFX...
2020-04-14 13:28:29,461 Thread-2 > [Loading] LOADING_MANAGERS
2020-04-14 13:28:29,466 Thread-2 > [LocalVersionList] Base directory: C:\Users\asash\AppData\Roaming\.minecraft
2020-04-14 13:28:29,474 Thread-2 > [ProfileManager] Refreshing profiles from: C:\Users\asash\AppData\Roaming\.minecraft\TlauncherProfiles.json
2020-04-14 13:28:29,482 Thread-2 > [AdvertisingStatusObserver]  started to get ad information
2020-04-14 13:28:29,482 Thread-2 > [AdvertisingStatusObserver]  finished to get add information
2020-04-14 13:28:29,483 Thread-2 > [GsonUtil]  request to http://repo.tlauncher.org/update/downloads/libraries/org/tlauncher/authlib/libraries-1.6.json
2020-04-14 13:28:29,488 Thread-2 > [Loading] LOADING_WINDOW
2020-04-14 13:28:29,519 Thread-2 > [Loading] PREPARING_MAINPANE
2020-04-14 13:28:29,543 Thread-2 > [Browser] Initializing...
2020-04-14 13:28:29,572 Thread-2 > [REPO][SERVER_LIST_REPO] Success: Reached the repo in 83 ms.
2020-04-14 13:28:29,993 Thread-2 > [Downloader2] Loaded configuration: good
2020-04-14 13:28:30,616 Thread-2 > [JFXStartPageLoader]  succeeded load page: http://page.tlauncher.org/update/downloads/configs/client/index.html during 1
2020-04-14 13:28:30,617 Thread-2 > [Browser@1743446466] Loaded successfully: "http://page.tlauncher.org/update/downloads/configs/client/index.html"
2020-04-14 13:28:30,698 Thread-2 > [Browser] add listens into server_choose
2020-04-14 13:28:30,699 Thread-2 > [Browser] finished listens into server_choose
2020-04-14 13:28:30,964 Thread-2 > [Loading] POSTINIT_GUI
2020-04-14 13:28:30,964 Thread-2 > [Frame] Packing main frame...
2020-04-14 13:28:31,023 Thread-2 > [Frame] Resizing main pane...
2020-04-14 13:28:31,024 Thread-2 > Updater is already closed. Showing up...
2020-04-14 13:28:31,024 Thread-2 > Visibility set.
2020-04-14 13:28:31,025 Thread-2 > [Loading] REFRESHING_INFO
2020-04-14 13:28:31,027 Thread-2 > [VersionManager] Refreshing versions remotely...
2020-04-14 13:28:31,027 Thread-2 > [REPO][EXTRA_VERSION_REPO] Attempt #1; timeout: 45000 ms; url: http://repo.tlauncher.org/update/downloads/versions/new3/
2020-04-14 13:28:31,028 Thread-2 > Started! (2546 ms.)
2020-04-14 13:28:31,028 Thread-2 > [Loading] SUCCESS
2020-04-14 13:28:31,028 Thread-2 [Bootstrapper] I can be terminated now: 0
2020-04-14 18:16:57,607 main 
2020-04-14 18:16:57,607 main -------------------------------------------------------------------
2020-04-14 18:16:57,967 main run double running protectin
2020-04-14 18:16:57,971 main [Downloader2] Loaded configuration: normal
2020-04-14 18:16:58,253 main [Bootstrapper] createLauncher
2020-04-14 18:16:58,254 main path C:\Program Files\Java\jre1.8.0_45
2020-04-14 18:16:58,254 main [Bootstrapper] choose jvm:C:\Program Files\Java\jre1.8.0_45\bin\javaw.exe
2020-04-14 18:16:58,254 main [Bootstrapper] validate files
2020-04-14 18:16:58,254 main [Bootstrapper] end validated files
2020-04-14 18:16:58,254 main [Bootstrapper] Starting launcher...
2020-04-14 18:16:58,353 Thread-2 > [TLAUNCHER][STATIC] initialize inner config
2020-04-14 18:16:58,378 Thread-2 > [Loading] INITIALIZING
2020-04-14 18:16:59,315 Thread-2 > Starting TLauncher 2.69 RELEASE
2020-04-14 18:16:59,315 Thread-2 > For more information, visit https://tlauncher.org/
2020-04-14 18:16:59,315 Thread-2 > Startup time: 14.04.2020 18:16:59
2020-04-14 18:16:59,316 Thread-2 > ---
2020-04-14 18:16:59,317 Thread-2 > run double running protectin
2020-04-14 18:16:59,417 Thread-2 > [Loading] LOADING_CONFIGURATION
2020-04-14 18:16:59,417 Thread-2 > Loading configuration from file: C:\Users\asash\AppData\Roaming\.tlauncher\tlauncher-2.0.properties
2020-04-14 18:16:59,424 Thread-2 > [Configuration] Constant values: {}
2020-04-14 18:16:59,464 Thread-2 > Machine info: -------------------------------------------------------
2020-04-14 18:16:59,465 Thread-2 > Windows 8.1 6.3, Java 1.8.0_45, jvm bit x64, 16276 MB RAM
2020-04-14 18:16:59,465 Thread-2 > java path=C:\Program Files\Java\jre1.8.0_45\bin\javaw.exe
2020-04-14 18:16:59,465 Thread-2 > Intel(R) Core(TM) i9-9880H CPU @ 2.30GHz
2020-04-14 18:16:59,465 Thread-2 >  AMD Radeon Pro 5500M, AMD FirePro (0x7340), 12194 MB
2020-04-14 18:16:59,465 Thread-2 > -------------------------------------------------------
2020-04-14 18:16:59,465 Thread-2 > Selected locale: ru_RU
2020-04-14 18:16:59,502 Thread-2 > [Loading] LOADING_CONSOLE
2020-04-14 18:16:59,596 Thread-2 > [Swing] Favicons loaded: 256px, 128px, 96px, 64px, 48px, 32px, 24px, 16px
2020-04-14 18:16:59,804 Thread-2 > 
2020-04-14 18:16:59,888 Thread-2 > [Downloader2] Loaded configuration: good
2020-04-14 18:17:00,009 Thread-2 > [Updater] Requesting an update...
2020-04-14 18:17:00,011 Thread-2 > [Updater] Requesting from: http://repo.tlauncher.org/update/lch/update_2.0.json
2020-04-14 18:17:00,011 Thread-2 > [Updater] Making request: http://repo.tlauncher.org/update/lch/update_2.0.json?version=2.69&client=440be4d8-8fc3-48cd-8ffe-e7eb2df08ff3
2020-04-14 18:17:00,051 Thread-2 > [Updater] Request time: 40 ms
2020-04-14 18:17:00,051 Thread-2 > [Updater] Successfully requested from: http://repo.tlauncher.org/update/lch/update_2.0.json
2020-04-14 18:17:00,128 Thread-2 > [Browser] Loading resources...
2020-04-14 18:17:00,222 Thread-2 > [Browser] Loading background...
2020-04-14 18:17:00,233 Thread-2 > [JFXStartPageLoader]  start load page: http://page.tlauncher.org/update/downloads/configs/client/index.html
2020-04-14 18:17:00,284 Thread-2 > [Browser] Cleaning up after loading:
2020-04-14 18:17:00,285 Thread-2 > Starting garbage collector: 76 / 196 MB
2020-04-14 18:17:00,328 Thread-2 > Garbage collector completed: 14 / 196 MB
2020-04-14 18:17:00,329 Thread-2 > [Browser] Running in JavaFX Thread
2020-04-14 18:17:00,329 Thread-2 > [Browser] Preparing JavaFX...
2020-04-14 18:17:00,329 Thread-2 > [Loading] LOADING_MANAGERS
2020-04-14 18:17:00,335 Thread-2 > [LocalVersionList] Base directory: C:\Users\asash\AppData\Roaming\.minecraft
2020-04-14 18:17:00,344 Thread-2 > [ProfileManager] Refreshing profiles from: C:\Users\asash\AppData\Roaming\.minecraft\TlauncherProfiles.json
2020-04-14 18:17:00,350 Thread-2 > [AdvertisingStatusObserver]  started to get ad information
2020-04-14 18:17:00,350 Thread-2 > [AdvertisingStatusObserver]  finished to get add information
2020-04-14 18:17:00,351 Thread-2 > [GsonUtil]  request to http://repo.tlauncher.org/update/downloads/libraries/org/tlauncher/authlib/libraries-1.6.json
2020-04-14 18:17:00,355 Thread-2 > [Loading] LOADING_WINDOW
2020-04-14 18:17:00,385 Thread-2 > [Loading] PREPARING_MAINPANE
2020-04-14 18:17:00,404 Thread-2 > [Browser] Initializing...
2020-04-14 18:17:00,432 Thread-2 > [REPO][SERVER_LIST_REPO] Success: Reached the repo in 78 ms.
2020-04-14 18:17:00,822 Thread-2 > [Downloader2] Loaded configuration: good
2020-04-14 18:17:00,865 Thread-2 > [JFXStartPageLoader]  succeeded load page: http://page.tlauncher.org/update/downloads/configs/client/index.html during 0
2020-04-14 18:17:00,865 Thread-2 > [Browser@374371167] Loaded successfully: "http://page.tlauncher.org/update/downloads/configs/client/index.html"
2020-04-14 18:17:00,925 Thread-2 > [Browser] add listens into server_choose
2020-04-14 18:17:00,925 Thread-2 > [Browser] finished listens into server_choose
2020-04-14 18:17:01,731 Thread-2 > [Loading] POSTINIT_GUI
2020-04-14 18:17:01,731 Thread-2 > [Frame] Packing main frame...
2020-04-14 18:17:01,778 Thread-2 > [Frame] Resizing main pane...
2020-04-14 18:17:01,779 Thread-2 > Updater is already closed. Showing up...
2020-04-14 18:17:01,779 Thread-2 > Visibility set.
2020-04-14 18:17:01,779 Thread-2 > [Loading] REFRESHING_INFO
2020-04-14 18:17:01,781 Thread-2 > [VersionManager] Refreshing versions remotely...
2020-04-14 18:17:01,781 Thread-2 > [REPO][EXTRA_VERSION_REPO] Attempt #1; timeout: 45000 ms; url: http://repo.tlauncher.org/update/downloads/versions/new3/
2020-04-14 18:17:01,781 Thread-2 > Started! (2364 ms.)
2020-04-14 18:17:01,781 Thread-2 > [Loading] SUCCESS
2020-04-14 18:17:01,781 Thread-2 [Bootstrapper] I can be terminated now: 0
2020-04-14 23:24:12,849 main 
2020-04-14 23:24:12,850 main -------------------------------------------------------------------
2020-04-14 23:24:13,251 main run double running protectin
2020-04-14 23:24:13,254 main [Downloader2] Loaded configuration: normal
2020-04-14 23:24:13,648 main [Bootstrapper] createLauncher
2020-04-14 23:24:13,648 main path C:\Program Files\Java\jre1.8.0_45
2020-04-14 23:24:13,648 main [Bootstrapper] choose jvm:C:\Program Files\Java\jre1.8.0_45\bin\javaw.exe
2020-04-14 23:24:13,649 main [Bootstrapper] validate files
2020-04-14 23:24:13,649 main [Bootstrapper] end validated files
2020-04-14 23:24:13,649 main [Bootstrapper] Starting launcher...
2020-04-14 23:24:13,747 Thread-2 > [TLAUNCHER][STATIC] initialize inner config
2020-04-14 23:24:13,773 Thread-2 > [Loading] INITIALIZING
2020-04-14 23:24:14,833 Thread-2 > Starting TLauncher 2.69 RELEASE
2020-04-14 23:24:14,833 Thread-2 > For more information, visit https://tlauncher.org/
2020-04-14 23:24:14,833 Thread-2 > Startup time: 14.04.2020 23:24:14
2020-04-14 23:24:14,833 Thread-2 > ---
2020-04-14 23:24:14,834 Thread-2 > run double running protectin
2020-04-14 23:24:14,935 Thread-2 > [Loading] LOADING_CONFIGURATION
2020-04-14 23:24:14,936 Thread-2 > Loading configuration from file: C:\Users\asash\AppData\Roaming\.tlauncher\tlauncher-2.0.properties
2020-04-14 23:24:14,945 Thread-2 > [Configuration] Constant values: {}
2020-04-14 23:24:14,992 Thread-2 > Machine info: -------------------------------------------------------
2020-04-14 23:24:14,992 Thread-2 > Windows 8.1 6.3, Java 1.8.0_45, jvm bit x64, 16276 MB RAM
2020-04-14 23:24:14,992 Thread-2 > java path=C:\Program Files\Java\jre1.8.0_45\bin\javaw.exe
2020-04-14 23:24:14,992 Thread-2 > Intel(R) Core(TM) i9-9880H CPU @ 2.30GHz
2020-04-14 23:24:14,992 Thread-2 >  AMD Radeon Pro 5500M, AMD FirePro (0x7340), 12194 MB
2020-04-14 23:24:14,992 Thread-2 > -------------------------------------------------------
2020-04-14 23:24:14,992 Thread-2 > Selected locale: ru_RU
2020-04-14 23:24:15,039 Thread-2 > [Loading] LOADING_CONSOLE
2020-04-14 23:24:15,163 Thread-2 > [Swing] Favicons loaded: 256px, 128px, 96px, 64px, 48px, 32px, 24px, 16px
2020-04-14 23:24:15,370 Thread-2 > 
2020-04-14 23:24:15,450 Thread-2 > [Downloader2] Loaded configuration: good
2020-04-14 23:24:15,569 Thread-2 > [Updater] Requesting an update...
2020-04-14 23:24:15,570 Thread-2 > [Updater] Requesting from: http://repo.tlauncher.org/update/lch/update_2.0.json
2020-04-14 23:24:15,571 Thread-2 > [Updater] Making request: http://repo.tlauncher.org/update/lch/update_2.0.json?version=2.69&client=440be4d8-8fc3-48cd-8ffe-e7eb2df08ff3
2020-04-14 23:24:15,693 Thread-2 > [Browser] Loading resources...
2020-04-14 23:24:15,719 Thread-2 > [Updater] Request time: 148 ms
2020-04-14 23:24:15,720 Thread-2 > [Updater] Successfully requested from: http://repo.tlauncher.org/update/lch/update_2.0.json
2020-04-14 23:24:15,786 Thread-2 > [Browser] Loading background...
2020-04-14 23:24:15,793 Thread-2 > [JFXStartPageLoader]  start load page: http://page.tlauncher.org/update/downloads/configs/client/index.html
2020-04-14 23:24:15,839 Thread-2 > [Browser] Cleaning up after loading:
2020-04-14 23:24:15,840 Thread-2 > Starting garbage collector: 72 / 194 MB
2020-04-14 23:24:15,883 Thread-2 > Garbage collector completed: 14 / 194 MB
2020-04-14 23:24:15,884 Thread-2 > [Browser] Running in JavaFX Thread
2020-04-14 23:24:15,884 Thread-2 > [Browser] Preparing JavaFX...
2020-04-14 23:24:15,885 Thread-2 > [Loading] LOADING_MANAGERS
2020-04-14 23:24:15,890 Thread-2 > [LocalVersionList] Base directory: C:\Users\asash\AppData\Roaming\.minecraft
2020-04-14 23:24:15,900 Thread-2 > [ProfileManager] Refreshing profiles from: C:\Users\asash\AppData\Roaming\.minecraft\TlauncherProfiles.json
2020-04-14 23:24:15,909 Thread-2 > [AdvertisingStatusObserver]  started to get ad information
2020-04-14 23:24:15,909 Thread-2 > [AdvertisingStatusObserver]  finished to get add information
2020-04-14 23:24:15,910 Thread-2 > [GsonUtil]  request to http://repo.tlauncher.org/update/downloads/libraries/org/tlauncher/authlib/libraries-1.6.json
2020-04-14 23:24:15,914 Thread-2 > [Loading] LOADING_WINDOW
2020-04-14 23:24:15,943 Thread-2 > [Loading] PREPARING_MAINPANE
2020-04-14 23:24:15,958 Thread-2 > [Browser] Initializing...
2020-04-14 23:24:16,008 Thread-2 > [REPO][SERVER_LIST_REPO] Success: Reached the repo in 93 ms.
2020-04-14 23:24:16,646 Thread-2 > [JFXStartPageLoader]  succeeded load page: http://page.tlauncher.org/update/downloads/configs/client/index.html during 0
2020-04-14 23:24:16,647 Thread-2 > [Browser@2041895198] Loaded successfully: "http://page.tlauncher.org/update/downloads/configs/client/index.html"
2020-04-14 23:24:16,708 Thread-2 > [Browser] add listens into server_choose
2020-04-14 23:24:16,709 Thread-2 > [Browser] finished listens into server_choose
2020-04-14 23:24:17,259 Thread-2 > [Downloader2] Loaded configuration: good
2020-04-14 23:24:18,198 Thread-2 > [Loading] POSTINIT_GUI
2020-04-14 23:24:18,199 Thread-2 > [Frame] Packing main frame...
2020-04-14 23:24:18,254 Thread-2 > [Frame] Resizing main pane...
2020-04-14 23:24:18,255 Thread-2 > Updater is already closed. Showing up...
2020-04-14 23:24:18,255 Thread-2 > Visibility set.
2020-04-14 23:24:18,256 Thread-2 > [Loading] REFRESHING_INFO
2020-04-14 23:24:18,258 Thread-2 > [VersionManager] Refreshing versions remotely...
2020-04-14 23:24:18,258 Thread-2 > [REPO][EXTRA_VERSION_REPO] Attempt #1; timeout: 45000 ms; url: http://repo.tlauncher.org/update/downloads/versions/new3/
2020-04-14 23:24:18,259 Thread-2 > Started! (3324 ms.)
2020-04-14 23:24:18,259 Thread-2 > [Loading] SUCCESS
2020-04-14 23:24:18,259 Thread-2 [Bootstrapper] I can be terminated now: 0
