2020-04-11 18:46:36,009 main 
2020-04-11 18:46:36,009 main -------------------------------------------------------------------
2020-04-11 18:46:36,525 main run double running protectin
2020-04-11 18:46:36,541 main [Downloader2] Loaded configuration: normal
2020-04-11 18:46:36,994 main [Bootstrapper] createLauncher
2020-04-11 18:46:36,994 main path C:\Program Files\Java\jre1.8.0_45
2020-04-11 18:46:36,994 main [Bootstrapper] choose jvm:C:\Program Files\Java\jre1.8.0_45\bin\javaw.exe
2020-04-11 18:46:36,994 main [Bootstrapper] validate files
2020-04-11 18:46:36,994 main [Bootstrapper] end validated files
2020-04-11 18:46:36,994 main [Bootstrapper] Starting launcher...
2020-04-11 18:46:37,102 Thread-2 > [TLAUNCHER][STATIC] initialize inner config
2020-04-11 18:46:37,117 Thread-2 > [Loading] INITIALIZING
2020-04-11 18:46:38,242 Thread-2 > Starting TLauncher 2.69 RELEASE
2020-04-11 18:46:38,242 Thread-2 > For more information, visit https://tlauncher.org/
2020-04-11 18:46:38,242 Thread-2 > Startup time: 11.04.2020 18:46:38
2020-04-11 18:46:38,242 Thread-2 > ---
2020-04-11 18:46:38,242 Thread-2 > run double running protectin
2020-04-11 18:46:38,554 Thread-2 > [Loading] LOADING_CONFIGURATION
2020-04-11 18:46:38,554 Thread-2 > Loading configuration from file: C:\Users\asash\AppData\Roaming\.tlauncher\tlauncher-2.0.properties
2020-04-11 18:46:38,554 Thread-2 > [Configuration] Constant values: {}
2020-04-11 18:46:38,617 Thread-2 > Machine info: -------------------------------------------------------
2020-04-11 18:46:38,617 Thread-2 > Windows 8.1 6.3, Java 1.8.0_45, jvm bit x64, 16276 MB RAM
2020-04-11 18:46:38,617 Thread-2 > java path=C:\Program Files\Java\jre1.8.0_45\bin\javaw.exe
2020-04-11 18:46:38,617 Thread-2 > Intel(R) Core(TM) i9-9880H CPU @ 2.30GHz
2020-04-11 18:46:38,617 Thread-2 >  AMD Radeon Pro 5500M, AMD FirePro (0x7340), 12194 MB
2020-04-11 18:46:38,617 Thread-2 > -------------------------------------------------------
2020-04-11 18:46:38,617 Thread-2 > Selected locale: ru_RU
2020-04-11 18:46:38,664 Thread-2 > [Loading] LOADING_CONSOLE
2020-04-11 18:46:38,789 Thread-2 > [Swing] Favicons loaded: 256px, 128px, 96px, 64px, 48px, 32px, 24px, 16px
2020-04-11 18:46:39,007 Thread-2 > 
2020-04-11 18:46:39,085 Thread-2 > [Downloader2] Loaded configuration: good
2020-04-11 18:46:39,210 Thread-2 > [Updater] Requesting an update...
2020-04-11 18:46:39,210 Thread-2 > [Updater] Requesting from: http://repo.tlauncher.org/update/lch/update_2.0.json
2020-04-11 18:46:39,210 Thread-2 > [Updater] Making request: http://repo.tlauncher.org/update/lch/update_2.0.json?version=2.69&client=440be4d8-8fc3-48cd-8ffe-e7eb2df08ff3
2020-04-11 18:46:39,387 Thread-2 > [Browser] Loading resources...
2020-04-11 18:46:39,476 Thread-2 > [Browser] Loading background...
2020-04-11 18:46:39,501 Thread-2 > [Updater] Request time: 290 ms
2020-04-11 18:46:39,501 Thread-2 > [Updater] Successfully requested from: http://repo.tlauncher.org/update/lch/update_2.0.json
2020-04-11 18:46:39,538 Thread-2 > [Browser] Cleaning up after loading:
2020-04-11 18:46:39,538 Thread-2 > Starting garbage collector: 67 / 196 MB
2020-04-11 18:46:39,579 Thread-2 > Garbage collector completed: 13 / 196 MB
2020-04-11 18:46:39,581 Thread-2 > [Loading] LOADING_MANAGERS
2020-04-11 18:46:39,587 Thread-2 > [LocalVersionList] Base directory: C:\Users\asash\AppData\Roaming\.minecraft
2020-04-11 18:46:39,597 Thread-2 > [ProfileManager] Refreshing profiles from: C:\Users\asash\AppData\Roaming\.minecraft\TlauncherProfiles.json
2020-04-11 18:46:39,607 Thread-2 > [AdvertisingStatusObserver]  started to get ad information
2020-04-11 18:46:39,607 Thread-2 > [AdvertisingStatusObserver]  finished to get add information
2020-04-11 18:46:39,607 Thread-2 > [GsonUtil]  request to http://repo.tlauncher.org/update/downloads/libraries/org/tlauncher/authlib/libraries-1.6.json
2020-04-11 18:46:39,611 Thread-2 > [Loading] LOADING_WINDOW
2020-04-11 18:46:39,641 Thread-2 > [Loading] PREPARING_MAINPANE
2020-04-11 18:46:39,650 Thread-2 > [JFXStartPageLoader]  start load page: http://page.tlauncher.org/update/downloads/configs/client/index.html
2020-04-11 18:46:39,653 Thread-2 > [Browser] Running in JavaFX Thread
2020-04-11 18:46:39,654 Thread-2 > [Browser] Preparing JavaFX...
2020-04-11 18:46:39,719 Thread-2 > [Browser] Initializing...
2020-04-11 18:46:39,803 Thread-2 > [REPO][SERVER_LIST_REPO] Success: Reached the repo in 191 ms.
2020-04-11 18:46:40,881 Thread-2 > [JFXStartPageLoader]  succeeded load page: http://page.tlauncher.org/update/downloads/configs/client/index.html during 1
2020-04-11 18:46:40,882 Thread-2 > [Browser@654228109] Loaded successfully: "http://page.tlauncher.org/update/downloads/configs/client/index.html"
2020-04-11 18:46:40,961 Thread-2 > [Browser] add listens into server_choose
2020-04-11 18:46:40,962 Thread-2 > [Browser] finished listens into server_choose
2020-04-11 18:46:41,134 Thread-2 > [Downloader2] Loaded configuration: good
2020-04-11 18:46:42,082 Thread-2 > [Loading] POSTINIT_GUI
2020-04-11 18:46:42,083 Thread-2 > [Frame] Packing main frame...
2020-04-11 18:46:42,138 Thread-2 > [Frame] Resizing main pane...
2020-04-11 18:46:42,140 Thread-2 > Updater is already closed. Showing up...
2020-04-11 18:46:42,140 Thread-2 > Visibility set.
2020-04-11 18:46:42,141 Thread-2 > [Loading] REFRESHING_INFO
2020-04-11 18:46:42,143 Thread-2 > [VersionManager] Refreshing versions remotely...
2020-04-11 18:46:42,144 Thread-2 > [REPO][EXTRA_VERSION_REPO] Attempt #1; timeout: 45000 ms; url: http://repo.tlauncher.org/update/downloads/versions/new3/
2020-04-11 18:46:42,145 Thread-2 > Started! (3591 ms.)
2020-04-11 18:46:42,145 Thread-2 > [Loading] SUCCESS
2020-04-11 18:46:42,145 Thread-2 [Bootstrapper] I can be terminated now: 0
2020-04-13 21:48:49,597 main 
2020-04-13 21:48:49,598 main -------------------------------------------------------------------
2020-04-13 21:48:50,061 main run double running protectin
2020-04-13 21:48:50,065 main [Downloader2] Loaded configuration: normal
2020-04-13 21:48:50,627 main [Bootstrapper] createLauncher
2020-04-13 21:48:50,628 main path C:\Program Files\Java\jre1.8.0_45
2020-04-13 21:48:50,628 main [Bootstrapper] choose jvm:C:\Program Files\Java\jre1.8.0_45\bin\javaw.exe
2020-04-13 21:48:50,629 main [Bootstrapper] validate files
2020-04-13 21:48:50,629 main [Bootstrapper] end validated files
2020-04-13 21:48:50,629 main [Bootstrapper] Starting launcher...
2020-04-13 21:48:50,733 Thread-2 > [TLAUNCHER][STATIC] initialize inner config
2020-04-13 21:48:50,757 Thread-2 > [Loading] INITIALIZING
2020-04-13 21:48:51,929 Thread-2 > Starting TLauncher 2.69 RELEASE
2020-04-13 21:48:51,929 Thread-2 > For more information, visit https://tlauncher.org/
2020-04-13 21:48:51,930 Thread-2 > Startup time: 13.04.2020 21:48:51
2020-04-13 21:48:51,930 Thread-2 > ---
2020-04-13 21:48:51,932 Thread-2 > run double running protectin
2020-04-13 21:48:52,041 Thread-2 > [Loading] LOADING_CONFIGURATION
2020-04-13 21:48:52,042 Thread-2 > Loading configuration from file: C:\Users\asash\AppData\Roaming\.tlauncher\tlauncher-2.0.properties
2020-04-13 21:48:52,049 Thread-2 > [Configuration] Constant values: {}
2020-04-13 21:48:52,096 Thread-2 > Machine info: -------------------------------------------------------
2020-04-13 21:48:52,096 Thread-2 > Windows 8.1 6.3, Java 1.8.0_45, jvm bit x64, 16276 MB RAM
2020-04-13 21:48:52,096 Thread-2 > java path=C:\Program Files\Java\jre1.8.0_45\bin\javaw.exe
2020-04-13 21:48:52,096 Thread-2 > Intel(R) Core(TM) i9-9880H CPU @ 2.30GHz
2020-04-13 21:48:52,096 Thread-2 >  AMD Radeon Pro 5500M, AMD FirePro (0x7340), 12194 MB
2020-04-13 21:48:52,096 Thread-2 > -------------------------------------------------------
2020-04-13 21:48:52,096 Thread-2 > Selected locale: ru_RU
2020-04-13 21:48:52,134 Thread-2 > [Loading] LOADING_CONSOLE
2020-04-13 21:48:52,229 Thread-2 > [Swing] Favicons loaded: 256px, 128px, 96px, 64px, 48px, 32px, 24px, 16px
2020-04-13 21:48:52,442 Thread-2 > 
2020-04-13 21:48:52,523 Thread-2 > [Downloader2] Loaded configuration: good
2020-04-13 21:48:52,646 Thread-2 > [Updater] Requesting an update...
2020-04-13 21:48:52,648 Thread-2 > [Updater] Requesting from: http://repo.tlauncher.org/update/lch/update_2.0.json
2020-04-13 21:48:52,649 Thread-2 > [Updater] Making request: http://repo.tlauncher.org/update/lch/update_2.0.json?version=2.69&client=440be4d8-8fc3-48cd-8ffe-e7eb2df08ff3
2020-04-13 21:48:52,791 Thread-2 > [Updater] Request time: 144 ms
2020-04-13 21:48:52,791 Thread-2 > [Updater] Successfully requested from: http://repo.tlauncher.org/update/lch/update_2.0.json
2020-04-13 21:48:52,802 Thread-2 > [Browser] Loading resources...
2020-04-13 21:48:52,891 Thread-2 > [Browser] Loading background...
2020-04-13 21:48:52,941 Thread-2 > [Browser] Cleaning up after loading:
2020-04-13 21:48:52,941 Thread-2 > Starting garbage collector: 65 / 194 MB
2020-04-13 21:48:52,998 Thread-2 > Garbage collector completed: 13 / 194 MB
2020-04-13 21:48:53,000 Thread-2 > [Loading] LOADING_MANAGERS
2020-04-13 21:48:53,007 Thread-2 > [LocalVersionList] Base directory: C:\Users\asash\AppData\Roaming\.minecraft
2020-04-13 21:48:53,017 Thread-2 > [ProfileManager] Refreshing profiles from: C:\Users\asash\AppData\Roaming\.minecraft\TlauncherProfiles.json
2020-04-13 21:48:53,028 Thread-2 > [AdvertisingStatusObserver]  started to get ad information
2020-04-13 21:48:53,028 Thread-2 > [AdvertisingStatusObserver]  finished to get add information
2020-04-13 21:48:53,028 Thread-2 > [GsonUtil]  request to http://repo.tlauncher.org/update/downloads/libraries/org/tlauncher/authlib/libraries-1.6.json
2020-04-13 21:48:53,032 Thread-2 > [Loading] LOADING_WINDOW
2020-04-13 21:48:53,082 Thread-2 > [Loading] PREPARING_MAINPANE
2020-04-13 21:48:53,087 Thread-2 > [JFXStartPageLoader]  start load page: http://page.tlauncher.org/update/downloads/configs/client/index.html
2020-04-13 21:48:53,092 Thread-2 > [Browser] Running in JavaFX Thread
2020-04-13 21:48:53,092 Thread-2 > [Browser] Preparing JavaFX...
2020-04-13 21:48:53,182 Thread-2 > [Browser] Initializing...
2020-04-13 21:48:53,200 Thread-2 > [REPO][SERVER_LIST_REPO] Success: Reached the repo in 168 ms.
2020-04-13 21:48:53,869 Thread-2 > [JFXStartPageLoader]  succeeded load page: http://page.tlauncher.org/update/downloads/configs/client/index.html during 0
2020-04-13 21:48:53,870 Thread-2 > [Browser@729841485] Loaded successfully: "http://page.tlauncher.org/update/downloads/configs/client/index.html"
2020-04-13 21:48:53,959 Thread-2 > [Browser] add listens into server_choose
2020-04-13 21:48:53,966 Thread-2 > [Browser] finished listens into server_choose
2020-04-13 21:48:54,649 Thread-2 > [Downloader2] Loaded configuration: good
2020-04-13 21:48:55,606 Thread-2 > [Loading] POSTINIT_GUI
2020-04-13 21:48:55,606 Thread-2 > [Frame] Packing main frame...
2020-04-13 21:48:55,663 Thread-2 > [Frame] Resizing main pane...
2020-04-13 21:48:55,664 Thread-2 > Updater is already closed. Showing up...
2020-04-13 21:48:55,664 Thread-2 > Visibility set.
2020-04-13 21:48:55,666 Thread-2 > [Loading] REFRESHING_INFO
2020-04-13 21:48:55,667 Thread-2 > [VersionManager] Refreshing versions remotely...
2020-04-13 21:48:55,668 Thread-2 > [REPO][EXTRA_VERSION_REPO] Attempt #1; timeout: 45000 ms; url: http://repo.tlauncher.org/update/downloads/versions/new3/
2020-04-13 21:48:55,670 Thread-2 > Started! (3629 ms.)
2020-04-13 21:48:55,671 Thread-2 > [Loading] SUCCESS
2020-04-13 21:48:55,671 Thread-2 [Bootstrapper] I can be terminated now: 0
2020-04-14 16:25:54,132 main 
2020-04-14 16:25:54,133 main -------------------------------------------------------------------
2020-04-14 16:25:54,468 main run double running protectin
2020-04-14 16:25:54,471 main [Downloader2] Loaded configuration: normal
2020-04-14 16:25:54,709 main [Bootstrapper] createLauncher
2020-04-14 16:25:54,709 main path C:\Program Files\Java\jre1.8.0_45
2020-04-14 16:25:54,709 main [Bootstrapper] choose jvm:C:\Program Files\Java\jre1.8.0_45\bin\javaw.exe
2020-04-14 16:25:54,710 main [Bootstrapper] validate files
2020-04-14 16:25:54,710 main [Bootstrapper] end validated files
2020-04-14 16:25:54,710 main [Bootstrapper] Starting launcher...
2020-04-14 16:25:54,809 Thread-2 > [TLAUNCHER][STATIC] initialize inner config
2020-04-14 16:25:54,833 Thread-2 > [Loading] INITIALIZING
2020-04-14 16:25:55,809 Thread-2 > Starting TLauncher 2.69 RELEASE
2020-04-14 16:25:55,809 Thread-2 > For more information, visit https://tlauncher.org/
2020-04-14 16:25:55,809 Thread-2 > Startup time: 14.04.2020 16:25:55
2020-04-14 16:25:55,810 Thread-2 > ---
2020-04-14 16:25:55,811 Thread-2 > run double running protectin
2020-04-14 16:25:55,917 Thread-2 > [Loading] LOADING_CONFIGURATION
2020-04-14 16:25:55,918 Thread-2 > Loading configuration from file: C:\Users\asash\AppData\Roaming\.tlauncher\tlauncher-2.0.properties
2020-04-14 16:25:55,924 Thread-2 > [Configuration] Constant values: {}
2020-04-14 16:25:55,966 Thread-2 > Machine info: -------------------------------------------------------
2020-04-14 16:25:55,966 Thread-2 > Windows 8.1 6.3, Java 1.8.0_45, jvm bit x64, 16276 MB RAM
2020-04-14 16:25:55,966 Thread-2 > java path=C:\Program Files\Java\jre1.8.0_45\bin\javaw.exe
2020-04-14 16:25:55,966 Thread-2 > Intel(R) Core(TM) i9-9880H CPU @ 2.30GHz
2020-04-14 16:25:55,966 Thread-2 >  AMD Radeon Pro 5500M, AMD FirePro (0x7340), 12194 MB
2020-04-14 16:25:55,966 Thread-2 > -------------------------------------------------------
2020-04-14 16:25:55,967 Thread-2 > Selected locale: ru_RU
2020-04-14 16:25:56,003 Thread-2 > [Loading] LOADING_CONSOLE
2020-04-14 16:25:56,097 Thread-2 > [Swing] Favicons loaded: 256px, 128px, 96px, 64px, 48px, 32px, 24px, 16px
2020-04-14 16:25:56,304 Thread-2 > 
2020-04-14 16:25:56,386 Thread-2 > [Downloader2] Loaded configuration: good
2020-04-14 16:25:56,507 Thread-2 > [Updater] Requesting an update...
2020-04-14 16:25:56,509 Thread-2 > [Updater] Requesting from: http://repo.tlauncher.org/update/lch/update_2.0.json
2020-04-14 16:25:56,510 Thread-2 > [Updater] Making request: http://repo.tlauncher.org/update/lch/update_2.0.json?version=2.69&client=440be4d8-8fc3-48cd-8ffe-e7eb2df08ff3
2020-04-14 16:25:56,542 Thread-2 > [Updater] Request time: 34 ms
2020-04-14 16:25:56,543 Thread-2 > [Updater] Successfully requested from: http://repo.tlauncher.org/update/lch/update_2.0.json
2020-04-14 16:25:56,624 Thread-2 > [Browser] Loading resources...
2020-04-14 16:25:56,713 Thread-2 > [Browser] Loading background...
2020-04-14 16:25:56,723 Thread-2 > [JFXStartPageLoader]  start load page: http://page.tlauncher.org/update/downloads/configs/client/index.html
2020-04-14 16:25:56,770 Thread-2 > [Browser] Cleaning up after loading:
2020-04-14 16:25:56,771 Thread-2 > Starting garbage collector: 72 / 195 MB
2020-04-14 16:25:56,815 Thread-2 > Garbage collector completed: 14 / 195 MB
2020-04-14 16:25:56,817 Thread-2 > [Browser] Running in JavaFX Thread
2020-04-14 16:25:56,817 Thread-2 > [Browser] Preparing JavaFX...
2020-04-14 16:25:56,817 Thread-2 > [Loading] LOADING_MANAGERS
2020-04-14 16:25:56,822 Thread-2 > [LocalVersionList] Base directory: C:\Users\asash\AppData\Roaming\.minecraft
2020-04-14 16:25:56,831 Thread-2 > [ProfileManager] Refreshing profiles from: C:\Users\asash\AppData\Roaming\.minecraft\TlauncherProfiles.json
2020-04-14 16:25:56,839 Thread-2 > [AdvertisingStatusObserver]  started to get ad information
2020-04-14 16:25:56,839 Thread-2 > [AdvertisingStatusObserver]  finished to get add information
2020-04-14 16:25:56,840 Thread-2 > [GsonUtil]  request to http://repo.tlauncher.org/update/downloads/libraries/org/tlauncher/authlib/libraries-1.6.json
2020-04-14 16:25:56,843 Thread-2 > [Loading] LOADING_WINDOW
2020-04-14 16:25:56,870 Thread-2 > [Loading] PREPARING_MAINPANE
2020-04-14 16:25:56,892 Thread-2 > [Browser] Initializing...
2020-04-14 16:25:56,934 Thread-2 > [REPO][SERVER_LIST_REPO] Success: Reached the repo in 91 ms.
2020-04-14 16:25:57,318 Thread-2 > [Downloader2] Loaded configuration: good
2020-04-14 16:25:57,346 Thread-2 > [JFXStartPageLoader]  succeeded load page: http://page.tlauncher.org/update/downloads/configs/client/index.html during 0
2020-04-14 16:25:57,347 Thread-2 > [Browser@913314280] Loaded successfully: "http://page.tlauncher.org/update/downloads/configs/client/index.html"
2020-04-14 16:25:57,411 Thread-2 > [Browser] add listens into server_choose
2020-04-14 16:25:57,412 Thread-2 > [Browser] finished listens into server_choose
2020-04-14 16:25:58,225 Thread-2 > [Loading] POSTINIT_GUI
2020-04-14 16:25:58,225 Thread-2 > [Frame] Packing main frame...
2020-04-14 16:25:58,275 Thread-2 > [Frame] Resizing main pane...
2020-04-14 16:25:58,276 Thread-2 > Updater is already closed. Showing up...
2020-04-14 16:25:58,276 Thread-2 > Visibility set.
2020-04-14 16:25:58,279 Thread-2 > [Loading] REFRESHING_INFO
2020-04-14 16:25:58,281 Thread-2 > [VersionManager] Refreshing versions remotely...
2020-04-14 16:25:58,281 Thread-2 > [REPO][EXTRA_VERSION_REPO] Attempt #1; timeout: 45000 ms; url: http://repo.tlauncher.org/update/downloads/versions/new3/
2020-04-14 16:25:58,282 Thread-2 > Started! (2365 ms.)
2020-04-14 16:25:58,282 Thread-2 > [Loading] SUCCESS
2020-04-14 16:25:58,282 Thread-2 [Bootstrapper] I can be terminated now: 0
