2020-04-10 22:25:29,186 main 
2020-04-10 22:25:29,188 main -------------------------------------------------------------------
2020-04-10 22:25:30,321 main run double running protectin
2020-04-10 22:25:30,328 main [Downloader2] Loaded configuration: normal
2020-04-10 22:25:31,241 main [Bootstrapper] createLauncher
2020-04-10 22:25:31,241 main path C:\Program Files\Java\jre1.8.0_45
2020-04-10 22:25:31,241 main [Bootstrapper] choose jvm:C:\Program Files\Java\jre1.8.0_45\bin\javaw.exe
2020-04-10 22:25:31,243 main [Bootstrapper] validate files
2020-04-10 22:25:31,243 main [Bootstrapper] end validated files
2020-04-10 22:25:31,243 main [Bootstrapper] Starting launcher...
2020-04-10 22:25:31,501 Thread-2 > [TLAUNCHER][STATIC] initialize inner config
2020-04-10 22:25:31,557 Thread-2 > [Loading] INITIALIZING
2020-04-10 22:25:34,382 Thread-2 > Starting TLauncher 2.69 RELEASE
2020-04-10 22:25:34,383 Thread-2 > For more information, visit https://tlauncher.org/
2020-04-10 22:25:34,384 Thread-2 > Startup time: 10.04.2020 22:25:34
2020-04-10 22:25:34,384 Thread-2 > ---
2020-04-10 22:25:34,387 Thread-2 > run double running protectin
2020-04-10 22:25:34,633 Thread-2 > [Loading] LOADING_CONFIGURATION
2020-04-10 22:25:34,635 Thread-2 > Loading configuration from file: C:\Users\asash\AppData\Roaming\.tlauncher\tlauncher-2.0.properties
2020-04-10 22:25:34,650 Thread-2 > [Configuration] Constant values: {}
2020-04-10 22:25:34,776 Thread-2 > Machine info: -------------------------------------------------------
2020-04-10 22:25:34,777 Thread-2 > Windows 8.1 6.3, Java 1.8.0_45, jvm bit x64, 16276 MB RAM
2020-04-10 22:25:34,777 Thread-2 > java path=C:\Program Files\Java\jre1.8.0_45\bin\javaw.exe
2020-04-10 22:25:34,778 Thread-2 > Intel(R) Core(TM) i9-9880H CPU @ 2.30GHz
2020-04-10 22:25:34,778 Thread-2 >  AMD Radeon Pro 5500M, AMD FirePro (0x7340), 12194 MB
2020-04-10 22:25:34,778 Thread-2 > -------------------------------------------------------
2020-04-10 22:25:34,779 Thread-2 > Selected locale: ru_RU
2020-04-10 22:25:34,943 Thread-2 > [Loading] LOADING_CONSOLE
2020-04-10 22:25:35,268 Thread-2 > [Swing] Favicons loaded: 256px, 128px, 96px, 64px, 48px, 32px, 24px, 16px
2020-04-10 22:25:35,490 Thread-2 > 
2020-04-10 22:25:35,824 Thread-2 > [Downloader2] Loaded configuration: good
2020-04-10 22:25:35,967 Thread-2 > [Updater] Requesting an update...
2020-04-10 22:25:35,971 Thread-2 > [Updater] Requesting from: http://repo.tlauncher.org/update/lch/update_2.0.json
2020-04-10 22:25:35,972 Thread-2 > [Updater] Making request: http://repo.tlauncher.org/update/lch/update_2.0.json?version=2.69&client=440be4d8-8fc3-48cd-8ffe-e7eb2df08ff3
2020-04-10 22:25:36,176 Thread-2 > [Updater] Request time: 206 ms
2020-04-10 22:25:36,177 Thread-2 > [Updater] Successfully requested from: http://repo.tlauncher.org/update/lch/update_2.0.json
2020-04-10 22:25:36,287 Thread-2 > [Browser] Loading resources...
2020-04-10 22:25:36,474 Thread-2 > [Browser] Loading background...
2020-04-10 22:25:36,557 Thread-2 > [Browser] Cleaning up after loading:
2020-04-10 22:25:36,558 Thread-2 > Starting garbage collector: 71 / 197 MB
2020-04-10 22:25:36,697 Thread-2 > Garbage collector completed: 14 / 197 MB
2020-04-10 22:25:36,701 Thread-2 > [Loading] LOADING_MANAGERS
2020-04-10 22:25:36,716 Thread-2 > [LocalVersionList] Base directory: C:\Users\asash\AppData\Roaming\.minecraft
2020-04-10 22:25:36,732 Thread-2 > [JFXStartPageLoader]  start load page: http://page.tlauncher.org/update/downloads/configs/client/index.html
2020-04-10 22:25:36,742 Thread-2 > [ProfileManager] Refreshing profiles from: C:\Users\asash\AppData\Roaming\.minecraft\TlauncherProfiles.json
2020-04-10 22:25:36,762 Thread-2 > [Browser] Running in JavaFX Thread
2020-04-10 22:25:36,763 Thread-2 > [Browser] Preparing JavaFX...
2020-04-10 22:25:36,772 Thread-2 > [AdvertisingStatusObserver]  started to get ad information
2020-04-10 22:25:36,773 Thread-2 > [AdvertisingStatusObserver]  finished to get add information
2020-04-10 22:25:36,774 Thread-2 > [GsonUtil]  request to http://repo.tlauncher.org/update/downloads/libraries/org/tlauncher/authlib/libraries-1.6.json
2020-04-10 22:25:36,785 Thread-2 > [Loading] LOADING_WINDOW
2020-04-10 22:25:36,848 Thread-2 > [Loading] PREPARING_MAINPANE
2020-04-10 22:25:36,967 Thread-2 > [Browser] Initializing...
2020-04-10 22:25:37,276 Thread-2 > [REPO][SERVER_LIST_REPO] Success: Reached the repo in 490 ms.
2020-04-10 22:25:39,410 Thread-2 > [JFXStartPageLoader]  succeeded load page: http://page.tlauncher.org/update/downloads/configs/client/index.html during 2
2020-04-10 22:25:39,411 Thread-2 > [Browser@208994591] Loaded successfully: "http://page.tlauncher.org/update/downloads/configs/client/index.html"
2020-04-10 22:25:39,625 Thread-2 > [Browser] add listens into server_choose
2020-04-10 22:25:39,628 Thread-2 > [Browser] finished listens into server_choose
2020-04-10 22:25:40,537 Thread-2 > [Downloader2] Loaded configuration: good
2020-04-10 22:25:42,092 Thread-2 > [Loading] POSTINIT_GUI
2020-04-10 22:25:42,092 Thread-2 > [Frame] Packing main frame...
2020-04-10 22:25:42,207 Thread-2 > [Frame] Resizing main pane...
2020-04-10 22:25:42,209 Thread-2 > Updater is already closed. Showing up...
2020-04-10 22:25:42,209 Thread-2 > Visibility set.
2020-04-10 22:25:42,211 Thread-2 > [Loading] REFRESHING_INFO
2020-04-10 22:25:42,214 Thread-2 > [VersionManager] Refreshing versions remotely...
2020-04-10 22:25:42,216 Thread-2 > [REPO][EXTRA_VERSION_REPO] Attempt #1; timeout: 45000 ms; url: http://repo.tlauncher.org/update/downloads/versions/new3/
2020-04-10 22:25:42,222 Thread-2 > Started! (7589 ms.)
2020-04-10 22:25:42,223 Thread-2 > [Loading] SUCCESS
2020-04-10 22:25:42,223 Thread-2 [Bootstrapper] I can be terminated now: 0
2020-04-13 05:09:26,276 main 
2020-04-13 05:09:26,276 main -------------------------------------------------------------------
2020-04-13 05:09:26,823 main run double running protectin
2020-04-13 05:09:26,827 main [Downloader2] Loaded configuration: normal
2020-04-13 05:09:27,446 main [Bootstrapper] createLauncher
2020-04-13 05:09:27,446 main path C:\Program Files\Java\jre1.8.0_45
2020-04-13 05:09:27,446 main [Bootstrapper] choose jvm:C:\Program Files\Java\jre1.8.0_45\bin\javaw.exe
2020-04-13 05:09:27,446 main [Bootstrapper] validate files
2020-04-13 05:09:27,447 main [Bootstrapper] end validated files
2020-04-13 05:09:27,447 main [Bootstrapper] Starting launcher...
2020-04-13 05:09:27,558 Thread-2 > [TLAUNCHER][STATIC] initialize inner config
2020-04-13 05:09:27,584 Thread-2 > [Loading] INITIALIZING
2020-04-13 05:09:28,847 Thread-2 > Starting TLauncher 2.69 RELEASE
2020-04-13 05:09:28,847 Thread-2 > For more information, visit https://tlauncher.org/
2020-04-13 05:09:28,848 Thread-2 > Startup time: 13.04.2020 5:09:28
2020-04-13 05:09:28,848 Thread-2 > ---
2020-04-13 05:09:28,850 Thread-2 > run double running protectin
2020-04-13 05:09:30,087 Thread-2 > [Loading] LOADING_CONFIGURATION
2020-04-13 05:09:30,088 Thread-2 > Loading configuration from file: C:\Users\asash\AppData\Roaming\.tlauncher\tlauncher-2.0.properties
2020-04-13 05:09:30,094 Thread-2 > [Configuration] Constant values: {}
2020-04-13 05:09:30,139 Thread-2 > Machine info: -------------------------------------------------------
2020-04-13 05:09:30,139 Thread-2 > Windows 8.1 6.3, Java 1.8.0_45, jvm bit x64, 16276 MB RAM
2020-04-13 05:09:30,139 Thread-2 > java path=C:\Program Files\Java\jre1.8.0_45\bin\javaw.exe
2020-04-13 05:09:30,140 Thread-2 > Intel(R) Core(TM) i9-9880H CPU @ 2.30GHz
2020-04-13 05:09:30,140 Thread-2 >  AMD Radeon Pro 5500M, AMD FirePro (0x7340), 12194 MB
2020-04-13 05:09:30,140 Thread-2 > -------------------------------------------------------
2020-04-13 05:09:30,140 Thread-2 > Selected locale: ru_RU
2020-04-13 05:09:30,181 Thread-2 > [Loading] LOADING_CONSOLE
2020-04-13 05:09:30,305 Thread-2 > [Swing] Favicons loaded: 256px, 128px, 96px, 64px, 48px, 32px, 24px, 16px
2020-04-13 05:09:30,516 Thread-2 > 
2020-04-13 05:09:30,605 Thread-2 > [Downloader2] Loaded configuration: good
2020-04-13 05:09:30,729 Thread-2 > [Updater] Requesting an update...
2020-04-13 05:09:30,732 Thread-2 > [Updater] Requesting from: http://repo.tlauncher.org/update/lch/update_2.0.json
2020-04-13 05:09:30,732 Thread-2 > [Updater] Making request: http://repo.tlauncher.org/update/lch/update_2.0.json?version=2.69&client=440be4d8-8fc3-48cd-8ffe-e7eb2df08ff3
2020-04-13 05:09:30,909 Thread-2 > [Browser] Loading resources...
2020-04-13 05:09:30,945 Thread-2 > [Updater] Request time: 214 ms
2020-04-13 05:09:30,946 Thread-2 > [Updater] Successfully requested from: http://repo.tlauncher.org/update/lch/update_2.0.json
2020-04-13 05:09:31,013 Thread-2 > [Browser] Loading background...
2020-04-13 05:09:31,069 Thread-2 > [Browser] Cleaning up after loading:
2020-04-13 05:09:31,069 Thread-2 > Starting garbage collector: 66 / 146 MB
2020-04-13 05:09:31,113 Thread-2 > Garbage collector completed: 13 / 146 MB
2020-04-13 05:09:31,115 Thread-2 > [Loading] LOADING_MANAGERS
2020-04-13 05:09:31,122 Thread-2 > [LocalVersionList] Base directory: C:\Users\asash\AppData\Roaming\.minecraft
2020-04-13 05:09:31,132 Thread-2 > [ProfileManager] Refreshing profiles from: C:\Users\asash\AppData\Roaming\.minecraft\TlauncherProfiles.json
2020-04-13 05:09:31,143 Thread-2 > [AdvertisingStatusObserver]  started to get ad information
2020-04-13 05:09:31,143 Thread-2 > [AdvertisingStatusObserver]  finished to get add information
2020-04-13 05:09:31,144 Thread-2 > [GsonUtil]  request to http://repo.tlauncher.org/update/downloads/libraries/org/tlauncher/authlib/libraries-1.6.json
2020-04-13 05:09:31,148 Thread-2 > [Loading] LOADING_WINDOW
2020-04-13 05:09:31,180 Thread-2 > [Loading] PREPARING_MAINPANE
2020-04-13 05:09:31,188 Thread-2 > [JFXStartPageLoader]  start load page: http://page.tlauncher.org/update/downloads/configs/client/index.html
2020-04-13 05:09:31,191 Thread-2 > [Browser] Running in JavaFX Thread
2020-04-13 05:09:31,191 Thread-2 > [Browser] Preparing JavaFX...
2020-04-13 05:09:31,260 Thread-2 > [Browser] Initializing...
2020-04-13 05:09:31,351 Thread-2 > [REPO][SERVER_LIST_REPO] Success: Reached the repo in 202 ms.
2020-04-13 05:09:32,616 Thread-2 > [JFXStartPageLoader]  succeeded load page: http://page.tlauncher.org/update/downloads/configs/client/index.html during 1
2020-04-13 05:09:32,616 Thread-2 > [Browser@516374037] Loaded successfully: "http://page.tlauncher.org/update/downloads/configs/client/index.html"
2020-04-13 05:09:32,694 Thread-2 > [Downloader2] Loaded configuration: good
2020-04-13 05:09:32,704 Thread-2 > [Browser] add listens into server_choose
2020-04-13 05:09:32,705 Thread-2 > [Browser] finished listens into server_choose
2020-04-13 05:09:33,676 Thread-2 > [Loading] POSTINIT_GUI
2020-04-13 05:09:33,676 Thread-2 > [Frame] Packing main frame...
2020-04-13 05:09:33,740 Thread-2 > [Frame] Resizing main pane...
2020-04-13 05:09:33,741 Thread-2 > Updater is already closed. Showing up...
2020-04-13 05:09:33,741 Thread-2 > Visibility set.
2020-04-13 05:09:33,742 Thread-2 > [Loading] REFRESHING_INFO
2020-04-13 05:09:33,745 Thread-2 > [VersionManager] Refreshing versions remotely...
2020-04-13 05:09:33,746 Thread-2 > [REPO][EXTRA_VERSION_REPO] Attempt #1; timeout: 45000 ms; url: http://repo.tlauncher.org/update/downloads/versions/new3/
2020-04-13 05:09:33,746 Thread-2 > Started! (3659 ms.)
2020-04-13 05:09:33,747 Thread-2 > [Loading] SUCCESS
2020-04-13 05:09:33,747 Thread-2 [Bootstrapper] I can be terminated now: 0
2020-04-14 16:23:02,736 main 
2020-04-14 16:23:02,736 main -------------------------------------------------------------------
2020-04-14 16:23:03,117 main run double running protectin
2020-04-14 16:23:03,120 main [Downloader2] Loaded configuration: normal
2020-04-14 16:23:03,377 main [Bootstrapper] createLauncher
2020-04-14 16:23:03,377 main path C:\Program Files\Java\jre1.8.0_45
2020-04-14 16:23:03,377 main [Bootstrapper] choose jvm:C:\Program Files\Java\jre1.8.0_45\bin\javaw.exe
2020-04-14 16:23:03,377 main [Bootstrapper] validate files
2020-04-14 16:23:03,377 main [Bootstrapper] end validated files
2020-04-14 16:23:03,378 main [Bootstrapper] Starting launcher...
2020-04-14 16:23:03,475 Thread-2 > [TLAUNCHER][STATIC] initialize inner config
2020-04-14 16:23:03,499 Thread-2 > [Loading] INITIALIZING
2020-04-14 16:23:04,511 Thread-2 > Starting TLauncher 2.69 RELEASE
2020-04-14 16:23:04,512 Thread-2 > For more information, visit https://tlauncher.org/
2020-04-14 16:23:04,512 Thread-2 > Startup time: 14.04.2020 16:23:04
2020-04-14 16:23:04,512 Thread-2 > ---
2020-04-14 16:23:04,514 Thread-2 > run double running protectin
2020-04-14 16:23:04,624 Thread-2 > [Loading] LOADING_CONFIGURATION
2020-04-14 16:23:04,625 Thread-2 > Loading configuration from file: C:\Users\asash\AppData\Roaming\.tlauncher\tlauncher-2.0.properties
2020-04-14 16:23:04,633 Thread-2 > [Configuration] Constant values: {}
2020-04-14 16:23:04,682 Thread-2 > Machine info: -------------------------------------------------------
2020-04-14 16:23:04,682 Thread-2 > Windows 8.1 6.3, Java 1.8.0_45, jvm bit x64, 16276 MB RAM
2020-04-14 16:23:04,682 Thread-2 > java path=C:\Program Files\Java\jre1.8.0_45\bin\javaw.exe
2020-04-14 16:23:04,682 Thread-2 > Intel(R) Core(TM) i9-9880H CPU @ 2.30GHz
2020-04-14 16:23:04,683 Thread-2 >  AMD Radeon Pro 5500M, AMD FirePro (0x7340), 12194 MB
2020-04-14 16:23:04,683 Thread-2 > -------------------------------------------------------
2020-04-14 16:23:04,683 Thread-2 > Selected locale: ru_RU
2020-04-14 16:23:04,719 Thread-2 > [Loading] LOADING_CONSOLE
2020-04-14 16:23:04,817 Thread-2 > [Swing] Favicons loaded: 256px, 128px, 96px, 64px, 48px, 32px, 24px, 16px
2020-04-14 16:23:05,026 Thread-2 > 
2020-04-14 16:23:05,116 Thread-2 > [Downloader2] Loaded configuration: good
2020-04-14 16:23:05,238 Thread-2 > [Updater] Requesting an update...
2020-04-14 16:23:05,240 Thread-2 > [Updater] Requesting from: http://repo.tlauncher.org/update/lch/update_2.0.json
2020-04-14 16:23:05,240 Thread-2 > [Updater] Making request: http://repo.tlauncher.org/update/lch/update_2.0.json?version=2.69&client=440be4d8-8fc3-48cd-8ffe-e7eb2df08ff3
2020-04-14 16:23:05,291 Thread-2 > [Updater] Request time: 51 ms
2020-04-14 16:23:05,291 Thread-2 > [Updater] Successfully requested from: http://repo.tlauncher.org/update/lch/update_2.0.json
2020-04-14 16:23:05,353 Thread-2 > [Browser] Loading resources...
2020-04-14 16:23:05,447 Thread-2 > [Browser] Loading background...
2020-04-14 16:23:05,453 Thread-2 > [JFXStartPageLoader]  start load page: http://page.tlauncher.org/update/downloads/configs/client/index.html
2020-04-14 16:23:05,508 Thread-2 > [Browser] Cleaning up after loading:
2020-04-14 16:23:05,508 Thread-2 > Starting garbage collector: 74 / 196 MB
2020-04-14 16:23:05,554 Thread-2 > Garbage collector completed: 14 / 196 MB
2020-04-14 16:23:05,555 Thread-2 > [Browser] Running in JavaFX Thread
2020-04-14 16:23:05,555 Thread-2 > [Browser] Preparing JavaFX...
2020-04-14 16:23:05,556 Thread-2 > [Loading] LOADING_MANAGERS
2020-04-14 16:23:05,561 Thread-2 > [LocalVersionList] Base directory: C:\Users\asash\AppData\Roaming\.minecraft
2020-04-14 16:23:05,573 Thread-2 > [ProfileManager] Refreshing profiles from: C:\Users\asash\AppData\Roaming\.minecraft\TlauncherProfiles.json
2020-04-14 16:23:05,579 Thread-2 > [AdvertisingStatusObserver]  started to get ad information
2020-04-14 16:23:05,579 Thread-2 > [AdvertisingStatusObserver]  finished to get add information
2020-04-14 16:23:05,580 Thread-2 > [GsonUtil]  request to http://repo.tlauncher.org/update/downloads/libraries/org/tlauncher/authlib/libraries-1.6.json
2020-04-14 16:23:05,584 Thread-2 > [Loading] LOADING_WINDOW
2020-04-14 16:23:05,613 Thread-2 > [Loading] PREPARING_MAINPANE
2020-04-14 16:23:05,630 Thread-2 > [Browser] Initializing...
2020-04-14 16:23:05,654 Thread-2 > [REPO][SERVER_LIST_REPO] Success: Reached the repo in 70 ms.
2020-04-14 16:23:06,041 Thread-2 > [Downloader2] Loaded configuration: good
2020-04-14 16:23:06,100 Thread-2 > [JFXStartPageLoader]  succeeded load page: http://page.tlauncher.org/update/downloads/configs/client/index.html during 0
2020-04-14 16:23:06,100 Thread-2 > [Browser@1897696668] Loaded successfully: "http://page.tlauncher.org/update/downloads/configs/client/index.html"
2020-04-14 16:23:06,165 Thread-2 > [Browser] add listens into server_choose
2020-04-14 16:23:06,166 Thread-2 > [Browser] finished listens into server_choose
2020-04-14 16:23:06,954 Thread-2 > [Loading] POSTINIT_GUI
2020-04-14 16:23:06,954 Thread-2 > [Frame] Packing main frame...
2020-04-14 16:23:07,006 Thread-2 > [Frame] Resizing main pane...
2020-04-14 16:23:07,007 Thread-2 > Updater is already closed. Showing up...
2020-04-14 16:23:07,008 Thread-2 > Visibility set.
2020-04-14 16:23:07,009 Thread-2 > [Loading] REFRESHING_INFO
2020-04-14 16:23:07,010 Thread-2 > [VersionManager] Refreshing versions remotely...
2020-04-14 16:23:07,011 Thread-2 > [REPO][EXTRA_VERSION_REPO] Attempt #1; timeout: 45000 ms; url: http://repo.tlauncher.org/update/downloads/versions/new3/
2020-04-14 16:23:07,011 Thread-2 > Started! (2388 ms.)
2020-04-14 16:23:07,011 Thread-2 > [Loading] SUCCESS
2020-04-14 16:23:07,011 Thread-2 [Bootstrapper] I can be terminated now: 0
