2020-04-10 21:10:09,086 main 
2020-04-10 21:10:09,086 main -------------------------------------------------------------------
2020-04-10 21:10:09,524 main run double running protectin
2020-04-10 21:10:09,524 main [Downloader2] Loaded configuration: normal
2020-04-10 21:10:09,914 main [Bootstrapper] createLauncher
2020-04-10 21:10:09,914 main path C:\Program Files\Java\jre1.8.0_45
2020-04-10 21:10:09,914 main [Bootstrapper] choose jvm:C:\Program Files\Java\jre1.8.0_45\bin\javaw.exe
2020-04-10 21:10:09,914 main [Bootstrapper] validate files
2020-04-10 21:10:09,914 main [Bootstrapper] end validated files
2020-04-10 21:10:09,914 main [Bootstrapper] Starting launcher...
2020-04-10 21:10:10,028 Thread-2 > [TLAUNCHER][STATIC] initialize inner config
2020-04-10 21:10:10,043 Thread-2 > [Loading] INITIALIZING
2020-04-10 21:10:11,184 Thread-2 > Starting TLauncher 2.69 RELEASE
2020-04-10 21:10:11,184 Thread-2 > For more information, visit https://tlauncher.org/
2020-04-10 21:10:11,184 Thread-2 > Startup time: 10.04.2020 21:10:11
2020-04-10 21:10:11,184 Thread-2 > ---
2020-04-10 21:10:11,184 Thread-2 > run double running protectin
2020-04-10 21:10:11,496 Thread-2 > [Loading] LOADING_CONFIGURATION
2020-04-10 21:10:11,496 Thread-2 > Loading configuration from file: C:\Users\asash\AppData\Roaming\.tlauncher\tlauncher-2.0.properties
2020-04-10 21:10:11,496 Thread-2 > [Configuration] Constant values: {}
2020-04-10 21:10:11,543 Thread-2 > Machine info: -------------------------------------------------------
2020-04-10 21:10:11,543 Thread-2 > Windows 8.1 6.3, Java 1.8.0_45, jvm bit x64, 16276 MB RAM
2020-04-10 21:10:11,543 Thread-2 > java path=C:\Program Files\Java\jre1.8.0_45\bin\javaw.exe
2020-04-10 21:10:11,543 Thread-2 > Intel(R) Core(TM) i9-9880H CPU @ 2.30GHz
2020-04-10 21:10:11,543 Thread-2 >  AMD Radeon Pro 5500M, AMD FirePro (0x7340), 12194 MB
2020-04-10 21:10:11,543 Thread-2 > -------------------------------------------------------
2020-04-10 21:10:11,543 Thread-2 > Selected locale: ru_RU
2020-04-10 21:10:11,590 Thread-2 > [Loading] LOADING_CONSOLE
2020-04-10 21:10:11,684 Thread-2 > [Swing] Favicons loaded: 256px, 128px, 96px, 64px, 48px, 32px, 24px, 16px
2020-04-10 21:10:11,918 Thread-2 > 
2020-04-10 21:10:11,996 Thread-2 > [Downloader2] Loaded configuration: good
2020-04-10 21:10:12,121 Thread-2 > [Updater] Requesting an update...
2020-04-10 21:10:12,137 Thread-2 > [Updater] Requesting from: http://repo.tlauncher.org/update/lch/update_2.0.json
2020-04-10 21:10:12,137 Thread-2 > [Updater] Making request: http://repo.tlauncher.org/update/lch/update_2.0.json?version=2.69&client=440be4d8-8fc3-48cd-8ffe-e7eb2df08ff3
2020-04-10 21:10:12,297 Thread-2 > [Browser] Loading resources...
2020-04-10 21:10:12,359 Thread-2 > [Updater] Request time: 221 ms
2020-04-10 21:10:12,359 Thread-2 > [Updater] Successfully requested from: http://repo.tlauncher.org/update/lch/update_2.0.json
2020-04-10 21:10:12,382 Thread-2 > [Browser] Loading background...
2020-04-10 21:10:12,432 Thread-2 > [Browser] Cleaning up after loading:
2020-04-10 21:10:12,432 Thread-2 > Starting garbage collector: 66 / 195 MB
2020-04-10 21:10:12,476 Thread-2 > Garbage collector completed: 13 / 195 MB
2020-04-10 21:10:12,477 Thread-2 > [Loading] LOADING_MANAGERS
2020-04-10 21:10:12,483 Thread-2 > [LocalVersionList] Base directory: C:\Users\asash\AppData\Roaming\.minecraft
2020-04-10 21:10:12,494 Thread-2 > [ProfileManager] Refreshing profiles from: C:\Users\asash\AppData\Roaming\.minecraft\TlauncherProfiles.json
2020-04-10 21:10:12,504 Thread-2 > [AdvertisingStatusObserver]  started to get ad information
2020-04-10 21:10:12,504 Thread-2 > [AdvertisingStatusObserver]  finished to get add information
2020-04-10 21:10:12,505 Thread-2 > [GsonUtil]  request to http://repo.tlauncher.org/update/downloads/libraries/org/tlauncher/authlib/libraries-1.6.json
2020-04-10 21:10:12,509 Thread-2 > [Loading] LOADING_WINDOW
2020-04-10 21:10:12,538 Thread-2 > [Loading] PREPARING_MAINPANE
2020-04-10 21:10:12,549 Thread-2 > [JFXStartPageLoader]  start load page: http://page.tlauncher.org/update/downloads/configs/client/index.html
2020-04-10 21:10:12,553 Thread-2 > [Browser] Running in JavaFX Thread
2020-04-10 21:10:12,553 Thread-2 > [Browser] Preparing JavaFX...
2020-04-10 21:10:12,610 Thread-2 > [Browser] Initializing...
2020-04-10 21:10:12,729 Thread-2 > [REPO][SERVER_LIST_REPO] Success: Reached the repo in 221 ms.
2020-04-10 21:10:14,074 Thread-2 > [JFXStartPageLoader]  succeeded load page: http://page.tlauncher.org/update/downloads/configs/client/index.html during 1
2020-04-10 21:10:14,074 Thread-2 > [Browser@1795257077] Loaded successfully: "http://page.tlauncher.org/update/downloads/configs/client/index.html"
2020-04-10 21:10:14,110 Thread-2 > [Downloader2] Loaded configuration: good
2020-04-10 21:10:14,161 Thread-2 > [Browser] add listens into server_choose
2020-04-10 21:10:14,162 Thread-2 > [Browser] finished listens into server_choose
2020-04-10 21:10:15,041 Thread-2 > [Loading] POSTINIT_GUI
2020-04-10 21:10:15,041 Thread-2 > [Frame] Packing main frame...
2020-04-10 21:10:15,094 Thread-2 > [Frame] Resizing main pane...
2020-04-10 21:10:15,095 Thread-2 > Updater is already closed. Showing up...
2020-04-10 21:10:15,096 Thread-2 > Visibility set.
2020-04-10 21:10:15,097 Thread-2 > [Loading] REFRESHING_INFO
2020-04-10 21:10:15,098 Thread-2 > [VersionManager] Refreshing versions remotely...
2020-04-10 21:10:15,099 Thread-2 > [REPO][EXTRA_VERSION_REPO] Attempt #1; timeout: 45000 ms; url: http://repo.tlauncher.org/update/downloads/versions/new3/
2020-04-10 21:10:15,100 Thread-2 > Started! (3604 ms.)
2020-04-10 21:10:15,100 Thread-2 > [Loading] SUCCESS
2020-04-10 21:10:15,101 Thread-2 [Bootstrapper] I can be terminated now: 0
2020-04-12 06:20:02,544 main 
2020-04-12 06:20:02,544 main -------------------------------------------------------------------
2020-04-12 06:20:02,827 main run double running protectin
2020-04-12 06:20:02,829 main [Downloader2] Loaded configuration: normal
2020-04-12 06:20:03,070 main [Bootstrapper] createLauncher
2020-04-12 06:20:03,071 main path C:\Program Files\Java\jre1.8.0_45
2020-04-12 06:20:03,071 main [Bootstrapper] choose jvm:C:\Program Files\Java\jre1.8.0_45\bin\javaw.exe
2020-04-12 06:20:03,071 main [Bootstrapper] validate files
2020-04-12 06:20:03,071 main [Bootstrapper] end validated files
2020-04-12 06:20:03,071 main [Bootstrapper] Starting launcher...
2020-04-12 06:20:03,168 Thread-2 > [TLAUNCHER][STATIC] initialize inner config
2020-04-12 06:20:03,189 Thread-2 > [Loading] INITIALIZING
2020-04-12 06:20:36,460 Thread-2 > Starting TLauncher 2.69 RELEASE
2020-04-12 06:20:36,460 Thread-2 > For more information, visit https://tlauncher.org/
2020-04-12 06:20:36,460 Thread-2 > Startup time: 12.04.2020 6:20:36
2020-04-12 06:20:36,460 Thread-2 > ---
2020-04-12 06:20:36,461 Thread-2 > run double running protectin
2020-04-12 06:20:36,703 Thread-2 > [Loading] LOADING_CONFIGURATION
2020-04-12 06:20:36,704 Thread-2 > Loading configuration from file: C:\Users\asash\AppData\Roaming\.tlauncher\tlauncher-2.0.properties
2020-04-12 06:20:36,710 Thread-2 > [Configuration] Constant values: {}
2020-04-12 06:20:36,758 Thread-2 > Machine info: -------------------------------------------------------
2020-04-12 06:20:36,758 Thread-2 > Windows 8.1 6.3, Java 1.8.0_45, jvm bit x64, 16276 MB RAM
2020-04-12 06:20:36,758 Thread-2 > java path=C:\Program Files\Java\jre1.8.0_45\bin\javaw.exe
2020-04-12 06:20:36,759 Thread-2 > Intel(R) Core(TM) i9-9880H CPU @ 2.30GHz
2020-04-12 06:20:36,759 Thread-2 >  AMD Radeon Pro 5500M, AMD FirePro (0x7340), 12194 MB
2020-04-12 06:20:36,759 Thread-2 > -------------------------------------------------------
2020-04-12 06:20:36,759 Thread-2 > Selected locale: ru_RU
2020-04-12 06:20:36,796 Thread-2 > [Loading] LOADING_CONSOLE
2020-04-12 06:20:36,902 Thread-2 > [Swing] Favicons loaded: 256px, 128px, 96px, 64px, 48px, 32px, 24px, 16px
2020-04-12 06:20:37,111 Thread-2 > 
2020-04-12 06:20:37,207 Thread-2 > [Downloader2] Loaded configuration: good
2020-04-12 06:20:37,328 Thread-2 > [Updater] Requesting an update...
2020-04-12 06:20:37,330 Thread-2 > [Updater] Requesting from: http://repo.tlauncher.org/update/lch/update_2.0.json
2020-04-12 06:20:37,330 Thread-2 > [Updater] Making request: http://repo.tlauncher.org/update/lch/update_2.0.json?version=2.69&client=440be4d8-8fc3-48cd-8ffe-e7eb2df08ff3
2020-04-12 06:20:37,473 Thread-2 > [Browser] Loading resources...
2020-04-12 06:20:37,551 Thread-2 > [Browser] Loading background...
2020-04-12 06:20:37,600 Thread-2 > [Browser] Cleaning up after loading:
2020-04-12 06:20:37,600 Thread-2 > Starting garbage collector: 69 / 146 MB
2020-04-12 06:20:37,654 Thread-2 > Garbage collector completed: 13 / 146 MB
2020-04-12 06:20:37,656 Thread-2 > [Loading] LOADING_MANAGERS
2020-04-12 06:20:37,663 Thread-2 > [LocalVersionList] Base directory: C:\Users\asash\AppData\Roaming\.minecraft
2020-04-12 06:20:37,664 Thread-2 > [JFXStartPageLoader]  start load page: http://page.tlauncher.org/update/downloads/configs/client/index.html
2020-04-12 06:20:37,674 Thread-2 > [ProfileManager] Refreshing profiles from: C:\Users\asash\AppData\Roaming\.minecraft\TlauncherProfiles.json
2020-04-12 06:20:37,675 Thread-2 > [Browser] Running in JavaFX Thread
2020-04-12 06:20:37,675 Thread-2 > [Browser] Preparing JavaFX...
2020-04-12 06:20:37,680 Thread-2 > [AdvertisingStatusObserver]  started to get ad information
2020-04-12 06:20:37,680 Thread-2 > [AdvertisingStatusObserver]  finished to get add information
2020-04-12 06:20:37,681 Thread-2 > [GsonUtil]  request to http://repo.tlauncher.org/update/downloads/libraries/org/tlauncher/authlib/libraries-1.6.json
2020-04-12 06:20:37,683 Thread-2 > [Updater] Request time: 353 ms
2020-04-12 06:20:37,683 Thread-2 > [Updater] Successfully requested from: http://repo.tlauncher.org/update/lch/update_2.0.json
2020-04-12 06:20:37,689 Thread-2 > [Loading] LOADING_WINDOW
2020-04-12 06:20:37,726 Thread-2 > [Loading] PREPARING_MAINPANE
2020-04-12 06:20:37,759 Thread-2 > [Browser] Initializing...
2020-04-12 06:20:37,938 Thread-2 > [REPO][SERVER_LIST_REPO] Success: Reached the repo in 248 ms.
2020-04-12 06:20:38,545 Thread-2 > [Downloader2] Loaded configuration: good
2020-04-12 06:20:38,971 Thread-2 > [JFXStartPageLoader]  succeeded load page: http://page.tlauncher.org/update/downloads/configs/client/index.html during 1
2020-04-12 06:20:38,972 Thread-2 > [Browser@195938878] Loaded successfully: "http://page.tlauncher.org/update/downloads/configs/client/index.html"
2020-04-12 06:20:39,040 Thread-2 > [Browser] add listens into server_choose
2020-04-12 06:20:39,040 Thread-2 > [Browser] finished listens into server_choose
2020-04-12 06:20:39,504 Thread-2 > [Loading] POSTINIT_GUI
2020-04-12 06:20:39,504 Thread-2 > [Frame] Packing main frame...
2020-04-12 06:20:39,558 Thread-2 > [Frame] Resizing main pane...
2020-04-12 06:20:39,559 Thread-2 > Updater is already closed. Showing up...
2020-04-12 06:20:39,559 Thread-2 > Visibility set.
2020-04-12 06:20:39,560 Thread-2 > [Loading] REFRESHING_INFO
2020-04-12 06:20:39,562 Thread-2 > [VersionManager] Refreshing versions remotely...
2020-04-12 06:20:39,562 Thread-2 > [REPO][EXTRA_VERSION_REPO] Attempt #1; timeout: 45000 ms; url: http://repo.tlauncher.org/update/downloads/versions/new3/
2020-04-12 06:20:39,563 Thread-2 > Started! (2860 ms.)
2020-04-12 06:20:39,564 Thread-2 > [Loading] SUCCESS
2020-04-12 06:20:39,564 Thread-2 [Bootstrapper] I can be terminated now: 0
2020-04-12 06:19:56,780 main 
2020-04-12 06:19:56,780 main -------------------------------------------------------------------
2020-04-12 06:19:57,136 main run double running protectin
2020-04-12 06:19:57,139 main [Downloader2] Loaded configuration: normal
2020-04-12 06:19:57,402 main [Bootstrapper] createLauncher
2020-04-12 06:19:57,402 main path C:\Program Files\Java\jre1.8.0_45
2020-04-12 06:19:57,402 main [Bootstrapper] choose jvm:C:\Program Files\Java\jre1.8.0_45\bin\javaw.exe
2020-04-12 06:19:57,402 main [Bootstrapper] validate files
2020-04-12 06:19:57,402 main [Bootstrapper] end validated files
2020-04-12 06:19:57,403 main [Bootstrapper] Starting launcher...
2020-04-12 06:19:57,499 Thread-2 > [TLAUNCHER][STATIC] initialize inner config
2020-04-12 06:19:57,524 Thread-2 > [Loading] INITIALIZING
2020-04-12 06:20:36,466 Thread-2 > Starting TLauncher 2.69 RELEASE
2020-04-12 06:20:36,466 Thread-2 > For more information, visit https://tlauncher.org/
2020-04-12 06:20:36,466 Thread-2 > Startup time: 12.04.2020 6:20:36
2020-04-12 06:20:36,467 Thread-2 > ---
2020-04-12 06:20:36,468 Thread-2 > run double running protectin
2020-04-12 06:20:36,711 Thread-2 > [Loading] LOADING_CONFIGURATION
2020-04-12 06:20:36,711 Thread-2 > Loading configuration from file: C:\Users\asash\AppData\Roaming\.tlauncher\tlauncher-2.0.properties
2020-04-12 06:20:36,718 Thread-2 > [Configuration] Constant values: {}
2020-04-12 06:20:36,768 Thread-2 > Machine info: -------------------------------------------------------
2020-04-12 06:20:36,768 Thread-2 > Windows 8.1 6.3, Java 1.8.0_45, jvm bit x64, 16276 MB RAM
2020-04-12 06:20:36,768 Thread-2 > java path=C:\Program Files\Java\jre1.8.0_45\bin\javaw.exe
2020-04-12 06:20:36,768 Thread-2 > Intel(R) Core(TM) i9-9880H CPU @ 2.30GHz
2020-04-12 06:20:36,769 Thread-2 >  AMD Radeon Pro 5500M, AMD FirePro (0x7340), 12194 MB
2020-04-12 06:20:36,769 Thread-2 > -------------------------------------------------------
2020-04-12 06:20:36,769 Thread-2 > Selected locale: ru_RU
2020-04-12 06:20:36,815 Thread-2 > [Loading] LOADING_CONSOLE
2020-04-12 06:20:36,921 Thread-2 > [Swing] Favicons loaded: 256px, 128px, 96px, 64px, 48px, 32px, 24px, 16px
2020-04-12 06:20:37,130 Thread-2 > 
2020-04-12 06:20:37,224 Thread-2 > [Downloader2] Loaded configuration: good
2020-04-12 06:20:37,348 Thread-2 > [Updater] Requesting an update...
2020-04-12 06:20:37,350 Thread-2 > [Updater] Requesting from: http://repo.tlauncher.org/update/lch/update_2.0.json
2020-04-12 06:20:37,351 Thread-2 > [Updater] Making request: http://repo.tlauncher.org/update/lch/update_2.0.json?version=2.69&client=440be4d8-8fc3-48cd-8ffe-e7eb2df08ff3
2020-04-12 06:20:37,515 Thread-2 > [Browser] Loading resources...
2020-04-12 06:20:37,594 Thread-2 > [Browser] Loading background...
2020-04-12 06:20:37,636 Thread-2 > [Browser] Cleaning up after loading:
2020-04-12 06:20:37,636 Thread-2 > Starting garbage collector: 70 / 146 MB
2020-04-12 06:20:37,692 Thread-2 > Garbage collector completed: 14 / 146 MB
2020-04-12 06:20:37,694 Thread-2 > [Loading] LOADING_MANAGERS
2020-04-12 06:20:37,700 Thread-2 > [LocalVersionList] Base directory: C:\Users\asash\AppData\Roaming\.minecraft
2020-04-12 06:20:37,706 Thread-2 > [Updater] Request time: 356 ms
2020-04-12 06:20:37,706 Thread-2 > [Updater] Successfully requested from: http://repo.tlauncher.org/update/lch/update_2.0.json
2020-04-12 06:20:37,711 Thread-2 > [JFXStartPageLoader]  start load page: http://page.tlauncher.org/update/downloads/configs/client/index.html
2020-04-12 06:20:37,712 Thread-2 > [ProfileManager] Refreshing profiles from: C:\Users\asash\AppData\Roaming\.minecraft\TlauncherProfiles.json
2020-04-12 06:20:37,717 Thread-2 > [AdvertisingStatusObserver]  started to get ad information
2020-04-12 06:20:37,717 Thread-2 > [AdvertisingStatusObserver]  finished to get add information
2020-04-12 06:20:37,718 Thread-2 > [GsonUtil]  request to http://repo.tlauncher.org/update/downloads/libraries/org/tlauncher/authlib/libraries-1.6.json
2020-04-12 06:20:37,724 Thread-2 > [Loading] LOADING_WINDOW
2020-04-12 06:20:37,726 Thread-2 > [Browser] Running in JavaFX Thread
2020-04-12 06:20:37,726 Thread-2 > [Browser] Preparing JavaFX...
2020-04-12 06:20:37,748 Thread-2 > [Loading] PREPARING_MAINPANE
2020-04-12 06:20:37,801 Thread-2 > [Browser] Initializing...
2020-04-12 06:20:37,960 Thread-2 > [REPO][SERVER_LIST_REPO] Success: Reached the repo in 236 ms.
2020-04-12 06:20:38,545 Thread-2 > [Downloader2] Loaded configuration: good
2020-04-12 06:20:39,000 Thread-2 > [JFXStartPageLoader]  succeeded load page: http://page.tlauncher.org/update/downloads/configs/client/index.html during 1
2020-04-12 06:20:39,001 Thread-2 > [Browser@491716316] Loaded successfully: "http://page.tlauncher.org/update/downloads/configs/client/index.html"
2020-04-12 06:20:39,066 Thread-2 > [Browser] add listens into server_choose
2020-04-12 06:20:39,067 Thread-2 > [Browser] finished listens into server_choose
2020-04-12 06:20:39,502 Thread-2 > [Loading] POSTINIT_GUI
2020-04-12 06:20:39,502 Thread-2 > [Frame] Packing main frame...
2020-04-12 06:20:39,558 Thread-2 > [Frame] Resizing main pane...
2020-04-12 06:20:39,559 Thread-2 > Updater is already closed. Showing up...
2020-04-12 06:20:39,560 Thread-2 > Visibility set.
2020-04-12 06:20:39,560 Thread-2 > [Loading] REFRESHING_INFO
2020-04-12 06:20:39,562 Thread-2 > [VersionManager] Refreshing versions remotely...
2020-04-12 06:20:39,563 Thread-2 > [REPO][EXTRA_VERSION_REPO] Attempt #1; timeout: 45000 ms; url: http://repo.tlauncher.org/update/downloads/versions/new3/
2020-04-12 06:20:39,564 Thread-2 > Started! (2853 ms.)
2020-04-12 06:20:39,564 Thread-2 > [Loading] SUCCESS
2020-04-12 06:20:39,564 Thread-2 [Bootstrapper] I can be terminated now: 0
2020-04-14 14:25:48,087 main 
2020-04-14 14:25:48,088 main -------------------------------------------------------------------
2020-04-14 14:25:48,443 main run double running protectin
2020-04-14 14:25:48,445 main [Downloader2] Loaded configuration: normal
2020-04-14 14:25:48,680 main [Bootstrapper] createLauncher
2020-04-14 14:25:48,680 main path C:\Program Files\Java\jre1.8.0_45
2020-04-14 14:25:48,680 main [Bootstrapper] choose jvm:C:\Program Files\Java\jre1.8.0_45\bin\javaw.exe
2020-04-14 14:25:48,681 main [Bootstrapper] validate files
2020-04-14 14:25:48,681 main [Bootstrapper] end validated files
2020-04-14 14:25:48,681 main [Bootstrapper] Starting launcher...
2020-04-14 14:25:48,784 Thread-2 > [TLAUNCHER][STATIC] initialize inner config
2020-04-14 14:25:48,812 Thread-2 > [Loading] INITIALIZING
2020-04-14 14:25:49,857 Thread-2 > Starting TLauncher 2.69 RELEASE
2020-04-14 14:25:49,858 Thread-2 > For more information, visit https://tlauncher.org/
2020-04-14 14:25:49,858 Thread-2 > Startup time: 14.04.2020 14:25:49
2020-04-14 14:25:49,858 Thread-2 > ---
2020-04-14 14:25:49,860 Thread-2 > run double running protectin
2020-04-14 14:25:49,953 Thread-2 > [Loading] LOADING_CONFIGURATION
2020-04-14 14:25:49,954 Thread-2 > Loading configuration from file: C:\Users\asash\AppData\Roaming\.tlauncher\tlauncher-2.0.properties
2020-04-14 14:25:49,961 Thread-2 > [Configuration] Constant values: {}
2020-04-14 14:25:50,005 Thread-2 > Machine info: -------------------------------------------------------
2020-04-14 14:25:50,006 Thread-2 > Windows 8.1 6.3, Java 1.8.0_45, jvm bit x64, 16276 MB RAM
2020-04-14 14:25:50,006 Thread-2 > java path=C:\Program Files\Java\jre1.8.0_45\bin\javaw.exe
2020-04-14 14:25:50,006 Thread-2 > Intel(R) Core(TM) i9-9880H CPU @ 2.30GHz
2020-04-14 14:25:50,006 Thread-2 >  AMD Radeon Pro 5500M, AMD FirePro (0x7340), 12194 MB
2020-04-14 14:25:50,006 Thread-2 > -------------------------------------------------------
2020-04-14 14:25:50,006 Thread-2 > Selected locale: ru_RU
2020-04-14 14:25:50,050 Thread-2 > [Loading] LOADING_CONSOLE
2020-04-14 14:25:50,169 Thread-2 > [Swing] Favicons loaded: 256px, 128px, 96px, 64px, 48px, 32px, 24px, 16px
2020-04-14 14:25:50,377 Thread-2 > 
2020-04-14 14:25:50,469 Thread-2 > [Downloader2] Loaded configuration: good
2020-04-14 14:25:50,589 Thread-2 > [Updater] Requesting an update...
2020-04-14 14:25:50,590 Thread-2 > [Updater] Requesting from: http://repo.tlauncher.org/update/lch/update_2.0.json
2020-04-14 14:25:50,591 Thread-2 > [Updater] Making request: http://repo.tlauncher.org/update/lch/update_2.0.json?version=2.69&client=440be4d8-8fc3-48cd-8ffe-e7eb2df08ff3
2020-04-14 14:25:50,641 Thread-2 > [Updater] Request time: 51 ms
2020-04-14 14:25:50,641 Thread-2 > [Updater] Successfully requested from: http://repo.tlauncher.org/update/lch/update_2.0.json
2020-04-14 14:25:50,707 Thread-2 > [Browser] Loading resources...
2020-04-14 14:25:50,802 Thread-2 > [Browser] Loading background...
2020-04-14 14:25:50,808 Thread-2 > [JFXStartPageLoader]  start load page: http://page.tlauncher.org/update/downloads/configs/client/index.html
2020-04-14 14:25:50,866 Thread-2 > [Browser] Cleaning up after loading:
2020-04-14 14:25:50,866 Thread-2 > Starting garbage collector: 36 / 194 MB
2020-04-14 14:25:50,913 Thread-2 > Garbage collector completed: 15 / 227 MB
2020-04-14 14:25:50,914 Thread-2 > [Browser] Running in JavaFX Thread
2020-04-14 14:25:50,914 Thread-2 > [Browser] Preparing JavaFX...
2020-04-14 14:25:50,914 Thread-2 > [Loading] LOADING_MANAGERS
2020-04-14 14:25:50,919 Thread-2 > [LocalVersionList] Base directory: C:\Users\asash\AppData\Roaming\.minecraft
2020-04-14 14:25:50,928 Thread-2 > [ProfileManager] Refreshing profiles from: C:\Users\asash\AppData\Roaming\.minecraft\TlauncherProfiles.json
2020-04-14 14:25:50,931 Thread-2 > [AdvertisingStatusObserver]  started to get ad information
2020-04-14 14:25:50,931 Thread-2 > [AdvertisingStatusObserver]  finished to get add information
2020-04-14 14:25:50,932 Thread-2 > [GsonUtil]  request to http://repo.tlauncher.org/update/downloads/libraries/org/tlauncher/authlib/libraries-1.6.json
2020-04-14 14:25:50,939 Thread-2 > [Loading] LOADING_WINDOW
2020-04-14 14:25:50,966 Thread-2 > [Loading] PREPARING_MAINPANE
2020-04-14 14:25:50,986 Thread-2 > [Browser] Initializing...
2020-04-14 14:25:51,005 Thread-2 > [REPO][SERVER_LIST_REPO] Success: Reached the repo in 65 ms.
2020-04-14 14:25:51,420 Thread-2 > [Downloader2] Loaded configuration: good
2020-04-14 14:25:51,445 Thread-2 > [JFXStartPageLoader]  succeeded load page: http://page.tlauncher.org/update/downloads/configs/client/index.html during 0
2020-04-14 14:25:51,445 Thread-2 > [Browser@1220028874] Loaded successfully: "http://page.tlauncher.org/update/downloads/configs/client/index.html"
2020-04-14 14:25:51,506 Thread-2 > [Browser] add listens into server_choose
2020-04-14 14:25:51,507 Thread-2 > [Browser] finished listens into server_choose
2020-04-14 14:25:52,342 Thread-2 > [Loading] POSTINIT_GUI
2020-04-14 14:25:52,343 Thread-2 > [Frame] Packing main frame...
2020-04-14 14:25:52,396 Thread-2 > [Frame] Resizing main pane...
2020-04-14 14:25:52,397 Thread-2 > Updater is already closed. Showing up...
2020-04-14 14:25:52,398 Thread-2 > Visibility set.
2020-04-14 14:25:52,399 Thread-2 > [Loading] REFRESHING_INFO
2020-04-14 14:25:52,401 Thread-2 > [VersionManager] Refreshing versions remotely...
2020-04-14 14:25:52,401 Thread-2 > [REPO][EXTRA_VERSION_REPO] Attempt #1; timeout: 45000 ms; url: http://repo.tlauncher.org/update/downloads/versions/new3/
2020-04-14 14:25:52,402 Thread-2 > Started! (2448 ms.)
2020-04-14 14:25:52,402 Thread-2 > [Loading] SUCCESS
2020-04-14 14:25:52,402 Thread-2 [Bootstrapper] I can be terminated now: 0
