2020-04-10 21:13:26,802 main 
2020-04-10 21:13:26,802 main -------------------------------------------------------------------
2020-04-10 21:13:27,114 main run double running protectin
2020-04-10 21:13:27,114 main [Downloader2] Loaded configuration: normal
2020-04-10 21:13:27,380 main [Bootstrapper] createLauncher
2020-04-10 21:13:27,380 main path C:\Program Files\Java\jre1.8.0_45
2020-04-10 21:13:27,380 main [Bootstrapper] choose jvm:C:\Program Files\Java\jre1.8.0_45\bin\javaw.exe
2020-04-10 21:13:27,380 main [Bootstrapper] validate files
2020-04-10 21:13:27,380 main [Bootstrapper] end validated files
2020-04-10 21:13:27,380 main [Bootstrapper] Starting launcher...
2020-04-10 21:13:27,465 Thread-2 > [TLAUNCHER][STATIC] initialize inner config
2020-04-10 21:13:27,496 Thread-2 > [Loading] INITIALIZING
2020-04-10 21:13:28,465 Thread-2 > Starting TLauncher 2.69 RELEASE
2020-04-10 21:13:28,465 Thread-2 > For more information, visit https://tlauncher.org/
2020-04-10 21:13:28,465 Thread-2 > Startup time: 10.04.2020 21:13:28
2020-04-10 21:13:28,465 Thread-2 > ---
2020-04-10 21:13:28,465 Thread-2 > run double running protectin
2020-04-10 21:13:28,811 Thread-2 > [Loading] LOADING_CONFIGURATION
2020-04-10 21:13:28,811 Thread-2 > Loading configuration from file: C:\Users\asash\AppData\Roaming\.tlauncher\tlauncher-2.0.properties
2020-04-10 21:13:28,827 Thread-2 > [Configuration] Constant values: {}
2020-04-10 21:13:28,858 Thread-2 > Machine info: -------------------------------------------------------
2020-04-10 21:13:28,858 Thread-2 > Windows 8.1 6.3, Java 1.8.0_45, jvm bit x64, 16276 MB RAM
2020-04-10 21:13:28,858 Thread-2 > java path=C:\Program Files\Java\jre1.8.0_45\bin\javaw.exe
2020-04-10 21:13:28,858 Thread-2 > Intel(R) Core(TM) i9-9880H CPU @ 2.30GHz
2020-04-10 21:13:28,858 Thread-2 >  AMD Radeon Pro 5500M, AMD FirePro (0x7340), 12194 MB
2020-04-10 21:13:28,858 Thread-2 > -------------------------------------------------------
2020-04-10 21:13:28,858 Thread-2 > Selected locale: ru_RU
2020-04-10 21:13:28,889 Thread-2 > [Loading] LOADING_CONSOLE
2020-04-10 21:13:28,983 Thread-2 > [Swing] Favicons loaded: 256px, 128px, 96px, 64px, 48px, 32px, 24px, 16px
2020-04-10 21:13:29,202 Thread-2 > 
2020-04-10 21:13:29,280 Thread-2 > [Downloader2] Loaded configuration: good
2020-04-10 21:13:29,405 Thread-2 > [Updater] Requesting an update...
2020-04-10 21:13:29,405 Thread-2 > [Updater] Requesting from: http://repo.tlauncher.org/update/lch/update_2.0.json
2020-04-10 21:13:29,405 Thread-2 > [Updater] Making request: http://repo.tlauncher.org/update/lch/update_2.0.json?version=2.69&client=440be4d8-8fc3-48cd-8ffe-e7eb2df08ff3
2020-04-10 21:13:29,539 Thread-2 > [Browser] Loading resources...
2020-04-10 21:13:29,634 Thread-2 > [Browser] Loading background...
2020-04-10 21:13:29,644 Thread-2 > [JFXStartPageLoader]  start load page: http://page.tlauncher.org/update/downloads/configs/client/index.html
2020-04-10 21:13:29,665 Thread-2 > [Updater] Request time: 259 ms
2020-04-10 21:13:29,665 Thread-2 > [Updater] Successfully requested from: http://repo.tlauncher.org/update/lch/update_2.0.json
2020-04-10 21:13:29,696 Thread-2 > [Browser] Cleaning up after loading:
2020-04-10 21:13:29,697 Thread-2 > Starting garbage collector: 72 / 196 MB
2020-04-10 21:13:29,742 Thread-2 > Garbage collector completed: 14 / 196 MB
2020-04-10 21:13:29,743 Thread-2 > [Browser] Running in JavaFX Thread
2020-04-10 21:13:29,743 Thread-2 > [Browser] Preparing JavaFX...
2020-04-10 21:13:29,745 Thread-2 > [Loading] LOADING_MANAGERS
2020-04-10 21:13:29,750 Thread-2 > [LocalVersionList] Base directory: C:\Users\asash\AppData\Roaming\.minecraft
2020-04-10 21:13:29,758 Thread-2 > [ProfileManager] Refreshing profiles from: C:\Users\asash\AppData\Roaming\.minecraft\TlauncherProfiles.json
2020-04-10 21:13:29,764 Thread-2 > [AdvertisingStatusObserver]  started to get ad information
2020-04-10 21:13:29,764 Thread-2 > [AdvertisingStatusObserver]  finished to get add information
2020-04-10 21:13:29,765 Thread-2 > [GsonUtil]  request to http://repo.tlauncher.org/update/downloads/libraries/org/tlauncher/authlib/libraries-1.6.json
2020-04-10 21:13:29,769 Thread-2 > [Loading] LOADING_WINDOW
2020-04-10 21:13:29,791 Thread-2 > [Loading] PREPARING_MAINPANE
2020-04-10 21:13:29,807 Thread-2 > [Browser] Initializing...
2020-04-10 21:13:29,952 Thread-2 > [REPO][SERVER_LIST_REPO] Success: Reached the repo in 184 ms.
2020-04-10 21:13:30,400 Thread-2 > [Downloader2] Loaded configuration: good
2020-04-10 21:13:30,859 Thread-2 > [JFXStartPageLoader]  succeeded load page: http://page.tlauncher.org/update/downloads/configs/client/index.html during 1
2020-04-10 21:13:30,859 Thread-2 > [Browser@470264024] Loaded successfully: "http://page.tlauncher.org/update/downloads/configs/client/index.html"
2020-04-10 21:13:30,917 Thread-2 > [Browser] add listens into server_choose
2020-04-10 21:13:30,918 Thread-2 > [Browser] finished listens into server_choose
2020-04-10 21:13:31,312 Thread-2 > [Loading] POSTINIT_GUI
2020-04-10 21:13:31,313 Thread-2 > [Frame] Packing main frame...
2020-04-10 21:13:31,362 Thread-2 > [Frame] Resizing main pane...
2020-04-10 21:13:31,363 Thread-2 > Updater is already closed. Showing up...
2020-04-10 21:13:31,363 Thread-2 > Visibility set.
2020-04-10 21:13:31,364 Thread-2 > [Loading] REFRESHING_INFO
2020-04-10 21:13:31,366 Thread-2 > [VersionManager] Refreshing versions remotely...
2020-04-10 21:13:31,366 Thread-2 > [REPO][EXTRA_VERSION_REPO] Attempt #1; timeout: 45000 ms; url: http://repo.tlauncher.org/update/downloads/versions/new3/
2020-04-10 21:13:31,367 Thread-2 > Started! (2555 ms.)
2020-04-10 21:13:31,367 Thread-2 > [Loading] SUCCESS
2020-04-10 21:13:31,367 Thread-2 [Bootstrapper] I can be terminated now: 0
2020-04-12 06:21:23,553 main 
2020-04-12 06:21:23,554 main -------------------------------------------------------------------
2020-04-12 06:21:23,862 main run double running protectin
2020-04-12 06:21:23,865 main [Downloader2] Loaded configuration: normal
2020-04-12 06:21:24,116 main [Bootstrapper] createLauncher
2020-04-12 06:21:24,116 main path C:\Program Files\Java\jre1.8.0_45
2020-04-12 06:21:24,116 main [Bootstrapper] choose jvm:C:\Program Files\Java\jre1.8.0_45\bin\javaw.exe
2020-04-12 06:21:24,116 main [Bootstrapper] validate files
2020-04-12 06:21:24,117 main [Bootstrapper] end validated files
2020-04-12 06:21:24,117 main [Bootstrapper] Starting launcher...
2020-04-12 06:21:24,214 Thread-2 > [TLAUNCHER][STATIC] initialize inner config
2020-04-12 06:21:24,239 Thread-2 > [Loading] INITIALIZING
2020-04-12 06:21:25,252 Thread-2 > Starting TLauncher 2.69 RELEASE
2020-04-12 06:21:25,252 Thread-2 > For more information, visit https://tlauncher.org/
2020-04-12 06:21:25,253 Thread-2 > Startup time: 12.04.2020 6:21:25
2020-04-12 06:21:25,253 Thread-2 > ---
2020-04-12 06:21:25,255 Thread-2 > run double running protectin
2020-04-12 06:21:25,844 Thread-2 > [Loading] LOADING_CONFIGURATION
2020-04-12 06:21:25,845 Thread-2 > Loading configuration from file: C:\Users\asash\AppData\Roaming\.tlauncher\tlauncher-2.0.properties
2020-04-12 06:21:25,850 Thread-2 > [Configuration] Constant values: {}
2020-04-12 06:21:25,892 Thread-2 > Machine info: -------------------------------------------------------
2020-04-12 06:21:25,892 Thread-2 > Windows 8.1 6.3, Java 1.8.0_45, jvm bit x64, 16276 MB RAM
2020-04-12 06:21:25,892 Thread-2 > java path=C:\Program Files\Java\jre1.8.0_45\bin\javaw.exe
2020-04-12 06:21:25,892 Thread-2 > Intel(R) Core(TM) i9-9880H CPU @ 2.30GHz
2020-04-12 06:21:25,892 Thread-2 >  AMD Radeon Pro 5500M, AMD FirePro (0x7340), 12194 MB
2020-04-12 06:21:25,892 Thread-2 > -------------------------------------------------------
2020-04-12 06:21:25,892 Thread-2 > Selected locale: ru_RU
2020-04-12 06:21:25,933 Thread-2 > [Loading] LOADING_CONSOLE
2020-04-12 06:21:26,028 Thread-2 > [Swing] Favicons loaded: 256px, 128px, 96px, 64px, 48px, 32px, 24px, 16px
2020-04-12 06:21:26,238 Thread-2 > 
2020-04-12 06:21:26,327 Thread-2 > [Downloader2] Loaded configuration: good
2020-04-12 06:21:26,448 Thread-2 > [Updater] Requesting an update...
2020-04-12 06:21:26,450 Thread-2 > [Updater] Requesting from: http://repo.tlauncher.org/update/lch/update_2.0.json
2020-04-12 06:21:26,451 Thread-2 > [Updater] Making request: http://repo.tlauncher.org/update/lch/update_2.0.json?version=2.69&client=440be4d8-8fc3-48cd-8ffe-e7eb2df08ff3
2020-04-12 06:21:26,578 Thread-2 > [Browser] Loading resources...
2020-04-12 06:21:26,654 Thread-2 > [Updater] Request time: 204 ms
2020-04-12 06:21:26,654 Thread-2 > [Updater] Successfully requested from: http://repo.tlauncher.org/update/lch/update_2.0.json
2020-04-12 06:21:26,675 Thread-2 > [Browser] Loading background...
2020-04-12 06:21:26,683 Thread-2 > [JFXStartPageLoader]  start load page: http://page.tlauncher.org/update/downloads/configs/client/index.html
2020-04-12 06:21:26,731 Thread-2 > [Browser] Cleaning up after loading:
2020-04-12 06:21:26,731 Thread-2 > Starting garbage collector: 71 / 194 MB
2020-04-12 06:21:26,773 Thread-2 > Garbage collector completed: 14 / 194 MB
2020-04-12 06:21:26,774 Thread-2 > [Browser] Running in JavaFX Thread
2020-04-12 06:21:26,774 Thread-2 > [Browser] Preparing JavaFX...
2020-04-12 06:21:26,774 Thread-2 > [Loading] LOADING_MANAGERS
2020-04-12 06:21:26,780 Thread-2 > [LocalVersionList] Base directory: C:\Users\asash\AppData\Roaming\.minecraft
2020-04-12 06:21:26,789 Thread-2 > [ProfileManager] Refreshing profiles from: C:\Users\asash\AppData\Roaming\.minecraft\TlauncherProfiles.json
2020-04-12 06:21:26,792 Thread-2 > [AdvertisingStatusObserver]  started to get ad information
2020-04-12 06:21:26,792 Thread-2 > [AdvertisingStatusObserver]  finished to get add information
2020-04-12 06:21:26,793 Thread-2 > [GsonUtil]  request to http://repo.tlauncher.org/update/downloads/libraries/org/tlauncher/authlib/libraries-1.6.json
2020-04-12 06:21:26,797 Thread-2 > [Loading] LOADING_WINDOW
2020-04-12 06:21:26,819 Thread-2 > [Loading] PREPARING_MAINPANE
2020-04-12 06:21:26,840 Thread-2 > [Browser] Initializing...
2020-04-12 06:21:26,969 Thread-2 > [REPO][SERVER_LIST_REPO] Success: Reached the repo in 172 ms.
2020-04-12 06:21:27,381 Thread-2 > [Downloader2] Loaded configuration: good
2020-04-12 06:21:27,715 Thread-2 > [JFXStartPageLoader]  succeeded load page: http://page.tlauncher.org/update/downloads/configs/client/index.html during 1
2020-04-12 06:21:27,716 Thread-2 > [Browser@1556824568] Loaded successfully: "http://page.tlauncher.org/update/downloads/configs/client/index.html"
2020-04-12 06:21:27,799 Thread-2 > [Browser] add listens into server_choose
2020-04-12 06:21:27,801 Thread-2 > [Browser] finished listens into server_choose
2020-04-12 06:21:28,317 Thread-2 > [Loading] POSTINIT_GUI
2020-04-12 06:21:28,317 Thread-2 > [Frame] Packing main frame...
2020-04-12 06:21:28,379 Thread-2 > [Frame] Resizing main pane...
2020-04-12 06:21:28,380 Thread-2 > Updater is already closed. Showing up...
2020-04-12 06:21:28,380 Thread-2 > Visibility set.
2020-04-12 06:21:28,380 Thread-2 > [Loading] REFRESHING_INFO
2020-04-12 06:21:28,383 Thread-2 > [VersionManager] Refreshing versions remotely...
2020-04-12 06:21:28,383 Thread-2 > [REPO][EXTRA_VERSION_REPO] Attempt #1; timeout: 45000 ms; url: http://repo.tlauncher.org/update/downloads/versions/new3/
2020-04-12 06:21:28,383 Thread-2 > Started! (2539 ms.)
2020-04-12 06:21:28,384 Thread-2 > [Loading] SUCCESS
2020-04-12 06:21:28,384 Thread-2 [Bootstrapper] I can be terminated now: 0
2020-04-14 15:03:17,981 main 
2020-04-14 15:03:17,982 main -------------------------------------------------------------------
2020-04-14 15:03:18,359 main run double running protectin
2020-04-14 15:03:18,362 main [Downloader2] Loaded configuration: normal
2020-04-14 15:03:18,605 main [Bootstrapper] createLauncher
2020-04-14 15:03:18,606 main path C:\Program Files\Java\jre1.8.0_45
2020-04-14 15:03:18,606 main [Bootstrapper] choose jvm:C:\Program Files\Java\jre1.8.0_45\bin\javaw.exe
2020-04-14 15:03:18,606 main [Bootstrapper] validate files
2020-04-14 15:03:18,606 main [Bootstrapper] end validated files
2020-04-14 15:03:18,606 main [Bootstrapper] Starting launcher...
2020-04-14 15:03:18,714 Thread-2 > [TLAUNCHER][STATIC] initialize inner config
2020-04-14 15:03:18,745 Thread-2 > [Loading] INITIALIZING
2020-04-14 15:03:19,866 Thread-2 > Starting TLauncher 2.69 RELEASE
2020-04-14 15:03:19,867 Thread-2 > For more information, visit https://tlauncher.org/
2020-04-14 15:03:19,867 Thread-2 > Startup time: 14.04.2020 15:03:19
2020-04-14 15:03:19,867 Thread-2 > ---
2020-04-14 15:03:19,869 Thread-2 > run double running protectin
2020-04-14 15:03:19,982 Thread-2 > [Loading] LOADING_CONFIGURATION
2020-04-14 15:03:19,983 Thread-2 > Loading configuration from file: C:\Users\asash\AppData\Roaming\.tlauncher\tlauncher-2.0.properties
2020-04-14 15:03:19,990 Thread-2 > [Configuration] Constant values: {}
2020-04-14 15:03:20,037 Thread-2 > Machine info: -------------------------------------------------------
2020-04-14 15:03:20,037 Thread-2 > Windows 8.1 6.3, Java 1.8.0_45, jvm bit x64, 16276 MB RAM
2020-04-14 15:03:20,037 Thread-2 > java path=C:\Program Files\Java\jre1.8.0_45\bin\javaw.exe
2020-04-14 15:03:20,037 Thread-2 > Intel(R) Core(TM) i9-9880H CPU @ 2.30GHz
2020-04-14 15:03:20,037 Thread-2 >  AMD Radeon Pro 5500M, AMD FirePro (0x7340), 12194 MB
2020-04-14 15:03:20,037 Thread-2 > -------------------------------------------------------
2020-04-14 15:03:20,038 Thread-2 > Selected locale: ru_RU
2020-04-14 15:03:20,081 Thread-2 > [Loading] LOADING_CONSOLE
2020-04-14 15:03:20,183 Thread-2 > [Swing] Favicons loaded: 256px, 128px, 96px, 64px, 48px, 32px, 24px, 16px
2020-04-14 15:03:20,394 Thread-2 > 
2020-04-14 15:03:20,486 Thread-2 > [Downloader2] Loaded configuration: good
2020-04-14 15:03:20,610 Thread-2 > [Updater] Requesting an update...
2020-04-14 15:03:20,611 Thread-2 > [Updater] Requesting from: http://repo.tlauncher.org/update/lch/update_2.0.json
2020-04-14 15:03:20,611 Thread-2 > [Updater] Making request: http://repo.tlauncher.org/update/lch/update_2.0.json?version=2.69&client=440be4d8-8fc3-48cd-8ffe-e7eb2df08ff3
2020-04-14 15:03:20,677 Thread-2 > [Updater] Request time: 66 ms
2020-04-14 15:03:20,678 Thread-2 > [Updater] Successfully requested from: http://repo.tlauncher.org/update/lch/update_2.0.json
2020-04-14 15:03:20,737 Thread-2 > [Browser] Loading resources...
2020-04-14 15:03:20,838 Thread-2 > [Browser] Loading background...
2020-04-14 15:03:20,845 Thread-2 > [JFXStartPageLoader]  start load page: http://page.tlauncher.org/update/downloads/configs/client/index.html
2020-04-14 15:03:20,902 Thread-2 > [Browser] Cleaning up after loading:
2020-04-14 15:03:20,902 Thread-2 > Starting garbage collector: 19 / 197 MB
2020-04-14 15:03:20,945 Thread-2 > Garbage collector completed: 15 / 226 MB
2020-04-14 15:03:20,946 Thread-2 > [Browser] Running in JavaFX Thread
2020-04-14 15:03:20,946 Thread-2 > [Browser] Preparing JavaFX...
2020-04-14 15:03:20,946 Thread-2 > [Loading] LOADING_MANAGERS
2020-04-14 15:03:20,952 Thread-2 > [LocalVersionList] Base directory: C:\Users\asash\AppData\Roaming\.minecraft
2020-04-14 15:03:20,960 Thread-2 > [ProfileManager] Refreshing profiles from: C:\Users\asash\AppData\Roaming\.minecraft\TlauncherProfiles.json
2020-04-14 15:03:20,963 Thread-2 > [AdvertisingStatusObserver]  started to get ad information
2020-04-14 15:03:20,963 Thread-2 > [AdvertisingStatusObserver]  finished to get add information
2020-04-14 15:03:20,964 Thread-2 > [GsonUtil]  request to http://repo.tlauncher.org/update/downloads/libraries/org/tlauncher/authlib/libraries-1.6.json
2020-04-14 15:03:20,970 Thread-2 > [Loading] LOADING_WINDOW
2020-04-14 15:03:20,996 Thread-2 > [Loading] PREPARING_MAINPANE
2020-04-14 15:03:21,016 Thread-2 > [Browser] Initializing...
2020-04-14 15:03:21,033 Thread-2 > [REPO][SERVER_LIST_REPO] Success: Reached the repo in 63 ms.
2020-04-14 15:03:21,466 Thread-2 > [Downloader2] Loaded configuration: good
2020-04-14 15:03:21,678 Thread-2 > [JFXStartPageLoader]  succeeded load page: http://page.tlauncher.org/update/downloads/configs/client/index.html during 0
2020-04-14 15:03:21,679 Thread-2 > [Browser@712708403] Loaded successfully: "http://page.tlauncher.org/update/downloads/configs/client/index.html"
2020-04-14 15:03:21,757 Thread-2 > [Browser] add listens into server_choose
2020-04-14 15:03:21,758 Thread-2 > [Browser] finished listens into server_choose
2020-04-14 15:03:22,424 Thread-2 > [Loading] POSTINIT_GUI
2020-04-14 15:03:22,424 Thread-2 > [Frame] Packing main frame...
2020-04-14 15:03:22,482 Thread-2 > [Frame] Resizing main pane...
2020-04-14 15:03:22,483 Thread-2 > Updater is already closed. Showing up...
2020-04-14 15:03:22,484 Thread-2 > Visibility set.
2020-04-14 15:03:22,485 Thread-2 > [Loading] REFRESHING_INFO
2020-04-14 15:03:22,487 Thread-2 > [VersionManager] Refreshing versions remotely...
2020-04-14 15:03:22,487 Thread-2 > [REPO][EXTRA_VERSION_REPO] Attempt #1; timeout: 45000 ms; url: http://repo.tlauncher.org/update/downloads/versions/new3/
2020-04-14 15:03:22,488 Thread-2 > Started! (2505 ms.)
2020-04-14 15:03:22,488 Thread-2 > [Loading] SUCCESS
2020-04-14 15:03:22,488 Thread-2 [Bootstrapper] I can be terminated now: 0
2020-04-14 18:23:15,782 main 
2020-04-14 18:23:15,783 main -------------------------------------------------------------------
2020-04-14 18:23:16,145 main run double running protectin
2020-04-14 18:23:16,148 main [Downloader2] Loaded configuration: normal
2020-04-14 18:23:16,394 main [Bootstrapper] createLauncher
2020-04-14 18:23:16,394 main path C:\Program Files\Java\jre1.8.0_45
2020-04-14 18:23:16,394 main [Bootstrapper] choose jvm:C:\Program Files\Java\jre1.8.0_45\bin\javaw.exe
2020-04-14 18:23:16,395 main [Bootstrapper] validate files
2020-04-14 18:23:16,395 main [Bootstrapper] end validated files
2020-04-14 18:23:16,395 main [Bootstrapper] Starting launcher...
2020-04-14 18:23:16,490 Thread-2 > [TLAUNCHER][STATIC] initialize inner config
2020-04-14 18:23:16,513 Thread-2 > [Loading] INITIALIZING
2020-04-14 18:23:17,492 Thread-2 > Starting TLauncher 2.69 RELEASE
2020-04-14 18:23:17,493 Thread-2 > For more information, visit https://tlauncher.org/
2020-04-14 18:23:17,493 Thread-2 > Startup time: 14.04.2020 18:23:17
2020-04-14 18:23:17,493 Thread-2 > ---
2020-04-14 18:23:17,495 Thread-2 > run double running protectin
2020-04-14 18:23:17,582 Thread-2 > [Loading] LOADING_CONFIGURATION
2020-04-14 18:23:17,583 Thread-2 > Loading configuration from file: C:\Users\asash\AppData\Roaming\.tlauncher\tlauncher-2.0.properties
2020-04-14 18:23:17,590 Thread-2 > [Configuration] Constant values: {}
2020-04-14 18:23:17,635 Thread-2 > Machine info: -------------------------------------------------------
2020-04-14 18:23:17,635 Thread-2 > Windows 8.1 6.3, Java 1.8.0_45, jvm bit x64, 16276 MB RAM
2020-04-14 18:23:17,635 Thread-2 > java path=C:\Program Files\Java\jre1.8.0_45\bin\javaw.exe
2020-04-14 18:23:17,635 Thread-2 > Intel(R) Core(TM) i9-9880H CPU @ 2.30GHz
2020-04-14 18:23:17,635 Thread-2 >  AMD Radeon Pro 5500M, AMD FirePro (0x7340), 12194 MB
2020-04-14 18:23:17,635 Thread-2 > -------------------------------------------------------
2020-04-14 18:23:17,635 Thread-2 > Selected locale: ru_RU
2020-04-14 18:23:17,674 Thread-2 > [Loading] LOADING_CONSOLE
2020-04-14 18:23:17,768 Thread-2 > [Swing] Favicons loaded: 256px, 128px, 96px, 64px, 48px, 32px, 24px, 16px
2020-04-14 18:23:17,976 Thread-2 > 
2020-04-14 18:23:18,056 Thread-2 > [Downloader2] Loaded configuration: good
2020-04-14 18:23:18,175 Thread-2 > [Updater] Requesting an update...
2020-04-14 18:23:18,178 Thread-2 > [Updater] Requesting from: http://repo.tlauncher.org/update/lch/update_2.0.json
2020-04-14 18:23:18,178 Thread-2 > [Updater] Making request: http://repo.tlauncher.org/update/lch/update_2.0.json?version=2.69&client=440be4d8-8fc3-48cd-8ffe-e7eb2df08ff3
2020-04-14 18:23:18,215 Thread-2 > [Updater] Request time: 37 ms
2020-04-14 18:23:18,215 Thread-2 > [Updater] Successfully requested from: http://repo.tlauncher.org/update/lch/update_2.0.json
2020-04-14 18:23:18,290 Thread-2 > [Browser] Loading resources...
2020-04-14 18:23:18,382 Thread-2 > [Browser] Loading background...
2020-04-14 18:23:18,388 Thread-2 > [JFXStartPageLoader]  start load page: http://page.tlauncher.org/update/downloads/configs/client/index.html
2020-04-14 18:23:18,444 Thread-2 > [Browser] Cleaning up after loading:
2020-04-14 18:23:18,444 Thread-2 > Starting garbage collector: 81 / 196 MB
2020-04-14 18:23:18,488 Thread-2 > Garbage collector completed: 14 / 196 MB
2020-04-14 18:23:18,489 Thread-2 > [Browser] Running in JavaFX Thread
2020-04-14 18:23:18,489 Thread-2 > [Browser] Preparing JavaFX...
2020-04-14 18:23:18,490 Thread-2 > [Loading] LOADING_MANAGERS
2020-04-14 18:23:18,495 Thread-2 > [LocalVersionList] Base directory: C:\Users\asash\AppData\Roaming\.minecraft
2020-04-14 18:23:18,506 Thread-2 > [ProfileManager] Refreshing profiles from: C:\Users\asash\AppData\Roaming\.minecraft\TlauncherProfiles.json
2020-04-14 18:23:18,509 Thread-2 > [AdvertisingStatusObserver]  started to get ad information
2020-04-14 18:23:18,509 Thread-2 > [AdvertisingStatusObserver]  finished to get add information
2020-04-14 18:23:18,510 Thread-2 > [GsonUtil]  request to http://repo.tlauncher.org/update/downloads/libraries/org/tlauncher/authlib/libraries-1.6.json
2020-04-14 18:23:18,514 Thread-2 > [Loading] LOADING_WINDOW
2020-04-14 18:23:18,543 Thread-2 > [Loading] PREPARING_MAINPANE
2020-04-14 18:23:18,562 Thread-2 > [Browser] Initializing...
2020-04-14 18:23:18,584 Thread-2 > [REPO][SERVER_LIST_REPO] Success: Reached the repo in 70 ms.
2020-04-14 18:23:19,006 Thread-2 > [Downloader2] Loaded configuration: good
2020-04-14 18:23:19,253 Thread-2 > [JFXStartPageLoader]  succeeded load page: http://page.tlauncher.org/update/downloads/configs/client/index.html during 0
2020-04-14 18:23:19,254 Thread-2 > [Browser@127542580] Loaded successfully: "http://page.tlauncher.org/update/downloads/configs/client/index.html"
2020-04-14 18:23:19,339 Thread-2 > [Browser] add listens into server_choose
2020-04-14 18:23:19,340 Thread-2 > [Browser] finished listens into server_choose
2020-04-14 18:23:19,909 Thread-2 > [Loading] POSTINIT_GUI
2020-04-14 18:23:19,909 Thread-2 > [Frame] Packing main frame...
2020-04-14 18:23:19,958 Thread-2 > [Frame] Resizing main pane...
2020-04-14 18:23:19,959 Thread-2 > Updater is already closed. Showing up...
2020-04-14 18:23:19,959 Thread-2 > Visibility set.
2020-04-14 18:23:19,960 Thread-2 > [Loading] REFRESHING_INFO
2020-04-14 18:23:19,962 Thread-2 > [VersionManager] Refreshing versions remotely...
2020-04-14 18:23:19,962 Thread-2 > [REPO][EXTRA_VERSION_REPO] Attempt #1; timeout: 45000 ms; url: http://repo.tlauncher.org/update/downloads/versions/new3/
2020-04-14 18:23:19,963 Thread-2 > Started! (2380 ms.)
2020-04-14 18:23:19,963 Thread-2 > [Loading] SUCCESS
2020-04-14 18:23:19,963 Thread-2 [Bootstrapper] I can be terminated now: 0
