2020-04-08 20:06:27,132 main 
2020-04-08 20:06:27,133 main -------------------------------------------------------------------
2020-04-08 20:06:27,501 main run double running protectin
2020-04-08 20:06:27,504 main [Downloader2] Loaded configuration: normal
2020-04-08 20:06:27,741 main [Bootstrapper] createLauncher
2020-04-08 20:06:27,741 main path C:\Program Files\Java\jre1.8.0_45
2020-04-08 20:06:27,742 main [Bootstrapper] choose jvm:C:\Program Files\Java\jre1.8.0_45\bin\javaw.exe
2020-04-08 20:06:27,742 main [Bootstrapper] validate files
2020-04-08 20:06:27,742 main [Bootstrapper] end validated files
2020-04-08 20:06:27,742 main [Bootstrapper] Starting launcher...
2020-04-08 20:06:27,844 Thread-2 > [TLAUNCHER][STATIC] initialize inner config
2020-04-08 20:06:27,869 Thread-2 > [Loading] INITIALIZING
2020-04-08 20:06:28,852 Thread-2 > Starting TLauncher 2.69 RELEASE
2020-04-08 20:06:28,853 Thread-2 > For more information, visit https://tlauncher.org/
2020-04-08 20:06:28,853 Thread-2 > Startup time: 08.04.2020 20:06:28
2020-04-08 20:06:28,853 Thread-2 > ---
2020-04-08 20:06:28,855 Thread-2 > run double running protectin
2020-04-08 20:06:29,011 Thread-2 > [Loading] LOADING_CONFIGURATION
2020-04-08 20:06:29,011 Thread-2 > Loading configuration from file: C:\Users\asash\AppData\Roaming\.tlauncher\tlauncher-2.0.properties
2020-04-08 20:06:29,018 Thread-2 > [Configuration] Constant values: {}
2020-04-08 20:06:29,067 Thread-2 > Machine info: -------------------------------------------------------
2020-04-08 20:06:29,067 Thread-2 > Windows 8.1 6.3, Java 1.8.0_45, jvm bit x64, 16276 MB RAM
2020-04-08 20:06:29,067 Thread-2 > java path=C:\Program Files\Java\jre1.8.0_45\bin\javaw.exe
2020-04-08 20:06:29,067 Thread-2 > Intel(R) Core(TM) i9-9880H CPU @ 2.30GHz
2020-04-08 20:06:29,067 Thread-2 >  AMD Radeon Pro 5500M, AMD FirePro (0x7340), 12194 MB
2020-04-08 20:06:29,067 Thread-2 > -------------------------------------------------------
2020-04-08 20:06:29,067 Thread-2 > Selected locale: ru_RU
2020-04-08 20:06:29,105 Thread-2 > [Loading] LOADING_CONSOLE
2020-04-08 20:06:29,194 Thread-2 > [Swing] Favicons loaded: 256px, 128px, 96px, 64px, 48px, 32px, 24px, 16px
2020-04-08 20:06:29,401 Thread-2 > 
2020-04-08 20:06:29,488 Thread-2 > [Downloader2] Loaded configuration: good
2020-04-08 20:06:29,610 Thread-2 > [Updater] Requesting an update...
2020-04-08 20:06:29,612 Thread-2 > [Updater] Requesting from: http://repo.tlauncher.org/update/lch/update_2.0.json
2020-04-08 20:06:29,613 Thread-2 > [Updater] Making request: http://repo.tlauncher.org/update/lch/update_2.0.json?version=2.69&client=440be4d8-8fc3-48cd-8ffe-e7eb2df08ff3
2020-04-08 20:06:29,651 Thread-2 > [Updater] Request time: 39 ms
2020-04-08 20:06:29,652 Thread-2 > [Updater] Successfully requested from: http://repo.tlauncher.org/update/lch/update_2.0.json
2020-04-08 20:06:29,724 Thread-2 > [Browser] Loading resources...
2020-04-08 20:06:29,822 Thread-2 > [Browser] Loading background...
2020-04-08 20:06:29,825 Thread-2 > [JFXStartPageLoader]  start load page: http://page.tlauncher.org/update/downloads/configs/client/index.html
2020-04-08 20:06:29,875 Thread-2 > [Browser] Cleaning up after loading:
2020-04-08 20:06:29,875 Thread-2 > Starting garbage collector: 71 / 191 MB
2020-04-08 20:06:29,921 Thread-2 > Garbage collector completed: 14 / 191 MB
2020-04-08 20:06:29,922 Thread-2 > [Browser] Running in JavaFX Thread
2020-04-08 20:06:29,922 Thread-2 > [Browser] Preparing JavaFX...
2020-04-08 20:06:29,923 Thread-2 > [Loading] LOADING_MANAGERS
2020-04-08 20:06:29,929 Thread-2 > [LocalVersionList] Base directory: C:\Users\asash\AppData\Roaming\.minecraft
2020-04-08 20:06:29,939 Thread-2 > [ProfileManager] Refreshing profiles from: C:\Users\asash\AppData\Roaming\.minecraft\TlauncherProfiles.json
2020-04-08 20:06:29,945 Thread-2 > [AdvertisingStatusObserver]  started to get ad information
2020-04-08 20:06:29,946 Thread-2 > [AdvertisingStatusObserver]  finished to get add information
2020-04-08 20:06:29,946 Thread-2 > [GsonUtil]  request to http://repo.tlauncher.org/update/downloads/libraries/org/tlauncher/authlib/libraries-1.6.json
2020-04-08 20:06:29,949 Thread-2 > [Loading] LOADING_WINDOW
2020-04-08 20:06:29,977 Thread-2 > [Loading] PREPARING_MAINPANE
2020-04-08 20:06:29,999 Thread-2 > [Browser] Initializing...
2020-04-08 20:06:30,198 Thread-2 > [REPO][SERVER_LIST_REPO] Success: Reached the repo in 248 ms.
2020-04-08 20:06:30,398 Thread-2 > [Downloader2] Loaded configuration: good
2020-04-08 20:06:30,468 Thread-2 > [JFXStartPageLoader]  succeeded load page: http://page.tlauncher.org/update/downloads/configs/client/index.html during 0
2020-04-08 20:06:30,469 Thread-2 > [Browser@850293184] Loaded successfully: "http://page.tlauncher.org/update/downloads/configs/client/index.html"
2020-04-08 20:06:30,528 Thread-2 > [Browser] add listens into server_choose
2020-04-08 20:06:30,534 Thread-2 > [Browser] finished listens into server_choose
2020-04-08 20:06:31,295 Thread-2 > [Loading] POSTINIT_GUI
2020-04-08 20:06:31,295 Thread-2 > [Frame] Packing main frame...
2020-04-08 20:06:31,345 Thread-2 > [Frame] Resizing main pane...
2020-04-08 20:06:31,345 Thread-2 > Updater is already closed. Showing up...
2020-04-08 20:06:31,345 Thread-2 > Visibility set.
2020-04-08 20:06:31,347 Thread-2 > [Loading] REFRESHING_INFO
2020-04-08 20:06:31,349 Thread-2 > [VersionManager] Refreshing versions remotely...
2020-04-08 20:06:31,349 Thread-2 > [REPO][EXTRA_VERSION_REPO] Attempt #1; timeout: 45000 ms; url: http://repo.tlauncher.org/update/downloads/versions/new3/
2020-04-08 20:06:31,349 Thread-2 > Started! (2339 ms.)
2020-04-08 20:06:31,350 Thread-2 > [Loading] SUCCESS
2020-04-08 20:06:31,350 Thread-2 [Bootstrapper] I can be terminated now: 0
2020-04-12 05:17:22,352 main 
2020-04-12 05:17:22,353 main -------------------------------------------------------------------
2020-04-12 05:17:22,731 main run double running protectin
2020-04-12 05:17:22,734 main [Downloader2] Loaded configuration: normal
2020-04-12 05:17:23,117 main [Bootstrapper] createLauncher
2020-04-12 05:17:23,117 main path C:\Program Files\Java\jre1.8.0_45
2020-04-12 05:17:23,117 main [Bootstrapper] choose jvm:C:\Program Files\Java\jre1.8.0_45\bin\javaw.exe
2020-04-12 05:17:23,118 main [Bootstrapper] validate files
2020-04-12 05:17:23,118 main [Bootstrapper] end validated files
2020-04-12 05:17:23,118 main [Bootstrapper] Starting launcher...
2020-04-12 05:17:23,219 Thread-2 > [TLAUNCHER][STATIC] initialize inner config
2020-04-12 05:17:23,247 Thread-2 > [Loading] INITIALIZING
2020-04-12 05:17:24,227 Thread-2 > Starting TLauncher 2.69 RELEASE
2020-04-12 05:17:24,227 Thread-2 > For more information, visit https://tlauncher.org/
2020-04-12 05:17:24,228 Thread-2 > Startup time: 12.04.2020 5:17:24
2020-04-12 05:17:24,228 Thread-2 > ---
2020-04-12 05:17:24,230 Thread-2 > run double running protectin
2020-04-12 05:17:24,516 Thread-2 > [Loading] LOADING_CONFIGURATION
2020-04-12 05:17:24,517 Thread-2 > Loading configuration from file: C:\Users\asash\AppData\Roaming\.tlauncher\tlauncher-2.0.properties
2020-04-12 05:17:24,524 Thread-2 > [Configuration] Constant values: {}
2020-04-12 05:17:24,568 Thread-2 > Machine info: -------------------------------------------------------
2020-04-12 05:17:24,568 Thread-2 > Windows 8.1 6.3, Java 1.8.0_45, jvm bit x64, 16276 MB RAM
2020-04-12 05:17:24,569 Thread-2 > java path=C:\Program Files\Java\jre1.8.0_45\bin\javaw.exe
2020-04-12 05:17:24,569 Thread-2 > Intel(R) Core(TM) i9-9880H CPU @ 2.30GHz
2020-04-12 05:17:24,569 Thread-2 >  AMD Radeon Pro 5500M, AMD FirePro (0x7340), 12194 MB
2020-04-12 05:17:24,569 Thread-2 > -------------------------------------------------------
2020-04-12 05:17:24,569 Thread-2 > Selected locale: ru_RU
2020-04-12 05:17:24,616 Thread-2 > [Loading] LOADING_CONSOLE
2020-04-12 05:17:24,721 Thread-2 > [Swing] Favicons loaded: 256px, 128px, 96px, 64px, 48px, 32px, 24px, 16px
2020-04-12 05:17:24,930 Thread-2 > 
2020-04-12 05:17:25,010 Thread-2 > [Downloader2] Loaded configuration: good
2020-04-12 05:17:25,136 Thread-2 > [Updater] Requesting an update...
2020-04-12 05:17:25,138 Thread-2 > [Updater] Requesting from: http://repo.tlauncher.org/update/lch/update_2.0.json
2020-04-12 05:17:25,138 Thread-2 > [Updater] Making request: http://repo.tlauncher.org/update/lch/update_2.0.json?version=2.69&client=440be4d8-8fc3-48cd-8ffe-e7eb2df08ff3
2020-04-12 05:17:25,247 Thread-2 > [Browser] Loading resources...
2020-04-12 05:17:25,336 Thread-2 > [Browser] Loading background...
2020-04-12 05:17:25,343 Thread-2 > [JFXStartPageLoader]  start load page: http://page.tlauncher.org/update/downloads/configs/client/index.html
2020-04-12 05:17:25,390 Thread-2 > [Browser] Cleaning up after loading:
2020-04-12 05:17:25,390 Thread-2 > Starting garbage collector: 72 / 196 MB
2020-04-12 05:17:25,434 Thread-2 > Garbage collector completed: 14 / 196 MB
2020-04-12 05:17:25,435 Thread-2 > [Browser] Running in JavaFX Thread
2020-04-12 05:17:25,435 Thread-2 > [Browser] Preparing JavaFX...
2020-04-12 05:17:25,435 Thread-2 > [Loading] LOADING_MANAGERS
2020-04-12 05:17:25,440 Thread-2 > [LocalVersionList] Base directory: C:\Users\asash\AppData\Roaming\.minecraft
2020-04-12 05:17:25,449 Thread-2 > [ProfileManager] Refreshing profiles from: C:\Users\asash\AppData\Roaming\.minecraft\TlauncherProfiles.json
2020-04-12 05:17:25,457 Thread-2 > [AdvertisingStatusObserver]  started to get ad information
2020-04-12 05:17:25,458 Thread-2 > [AdvertisingStatusObserver]  finished to get add information
2020-04-12 05:17:25,459 Thread-2 > [GsonUtil]  request to http://repo.tlauncher.org/update/downloads/libraries/org/tlauncher/authlib/libraries-1.6.json
2020-04-12 05:17:25,463 Thread-2 > [Loading] LOADING_WINDOW
2020-04-12 05:17:25,484 Thread-2 > [Loading] PREPARING_MAINPANE
2020-04-12 05:17:25,498 Thread-2 > [Browser] Initializing...
2020-04-12 05:17:25,547 Thread-2 > [Updater] Request time: 408 ms
2020-04-12 05:17:25,547 Thread-2 > [Updater] Successfully requested from: http://repo.tlauncher.org/update/lch/update_2.0.json
2020-04-12 05:17:25,635 Thread-2 > [REPO][SERVER_LIST_REPO] Success: Reached the repo in 172 ms.
2020-04-12 05:17:26,601 Thread-2 > [Downloader2] Loaded configuration: good
2020-04-12 05:17:26,673 Thread-2 > [JFXStartPageLoader]  succeeded load page: http://page.tlauncher.org/update/downloads/configs/client/index.html during 1
2020-04-12 05:17:26,674 Thread-2 > [Browser@123925854] Loaded successfully: "http://page.tlauncher.org/update/downloads/configs/client/index.html"
2020-04-12 05:17:26,736 Thread-2 > [Browser] add listens into server_choose
2020-04-12 05:17:26,736 Thread-2 > [Browser] finished listens into server_choose
2020-04-12 05:17:27,506 Thread-2 > [Loading] POSTINIT_GUI
2020-04-12 05:17:27,507 Thread-2 > [Frame] Packing main frame...
2020-04-12 05:17:27,563 Thread-2 > [Frame] Resizing main pane...
2020-04-12 05:17:27,564 Thread-2 > Updater is already closed. Showing up...
2020-04-12 05:17:27,564 Thread-2 > Visibility set.
2020-04-12 05:17:27,565 Thread-2 > [Loading] REFRESHING_INFO
2020-04-12 05:17:27,567 Thread-2 > [VersionManager] Refreshing versions remotely...
2020-04-12 05:17:27,567 Thread-2 > [REPO][EXTRA_VERSION_REPO] Attempt #1; timeout: 45000 ms; url: http://repo.tlauncher.org/update/downloads/versions/new3/
2020-04-12 05:17:27,568 Thread-2 > Started! (3052 ms.)
2020-04-12 05:17:27,569 Thread-2 > [Loading] SUCCESS
2020-04-12 05:17:27,569 Thread-2 [Bootstrapper] I can be terminated now: 0
2020-04-14 11:56:15,739 main 
2020-04-14 11:56:15,739 main -------------------------------------------------------------------
2020-04-14 11:56:16,076 main run double running protectin
2020-04-14 11:56:16,079 main [Downloader2] Loaded configuration: normal
2020-04-14 11:56:16,308 main [Bootstrapper] createLauncher
2020-04-14 11:56:16,308 main path C:\Program Files\Java\jre1.8.0_45
2020-04-14 11:56:16,308 main [Bootstrapper] choose jvm:C:\Program Files\Java\jre1.8.0_45\bin\javaw.exe
2020-04-14 11:56:16,309 main [Bootstrapper] validate files
2020-04-14 11:56:16,309 main [Bootstrapper] end validated files
2020-04-14 11:56:16,309 main [Bootstrapper] Starting launcher...
2020-04-14 11:56:16,409 Thread-2 > [TLAUNCHER][STATIC] initialize inner config
2020-04-14 11:56:16,437 Thread-2 > [Loading] INITIALIZING
2020-04-14 11:56:17,439 Thread-2 > Starting TLauncher 2.69 RELEASE
2020-04-14 11:56:17,439 Thread-2 > For more information, visit https://tlauncher.org/
2020-04-14 11:56:17,439 Thread-2 > Startup time: 14.04.2020 11:56:17
2020-04-14 11:56:17,440 Thread-2 > ---
2020-04-14 11:56:17,441 Thread-2 > run double running protectin
2020-04-14 11:56:17,535 Thread-2 > [Loading] LOADING_CONFIGURATION
2020-04-14 11:56:17,535 Thread-2 > Loading configuration from file: C:\Users\asash\AppData\Roaming\.tlauncher\tlauncher-2.0.properties
2020-04-14 11:56:17,542 Thread-2 > [Configuration] Constant values: {}
2020-04-14 11:56:17,587 Thread-2 > Machine info: -------------------------------------------------------
2020-04-14 11:56:17,587 Thread-2 > Windows 8.1 6.3, Java 1.8.0_45, jvm bit x64, 16276 MB RAM
2020-04-14 11:56:17,587 Thread-2 > java path=C:\Program Files\Java\jre1.8.0_45\bin\javaw.exe
2020-04-14 11:56:17,587 Thread-2 > Intel(R) Core(TM) i9-9880H CPU @ 2.30GHz
2020-04-14 11:56:17,587 Thread-2 >  AMD Radeon Pro 5500M, AMD FirePro (0x7340), 12194 MB
2020-04-14 11:56:17,587 Thread-2 > -------------------------------------------------------
2020-04-14 11:56:17,588 Thread-2 > Selected locale: ru_RU
2020-04-14 11:56:17,627 Thread-2 > [Loading] LOADING_CONSOLE
2020-04-14 11:56:17,717 Thread-2 > [Swing] Favicons loaded: 256px, 128px, 96px, 64px, 48px, 32px, 24px, 16px
2020-04-14 11:56:17,925 Thread-2 > 
2020-04-14 11:56:18,007 Thread-2 > [Downloader2] Loaded configuration: good
2020-04-14 11:56:18,126 Thread-2 > [Updater] Requesting an update...
2020-04-14 11:56:18,128 Thread-2 > [Updater] Requesting from: http://repo.tlauncher.org/update/lch/update_2.0.json
2020-04-14 11:56:18,129 Thread-2 > [Updater] Making request: http://repo.tlauncher.org/update/lch/update_2.0.json?version=2.69&client=440be4d8-8fc3-48cd-8ffe-e7eb2df08ff3
2020-04-14 11:56:18,172 Thread-2 > [Updater] Request time: 44 ms
2020-04-14 11:56:18,172 Thread-2 > [Updater] Successfully requested from: http://repo.tlauncher.org/update/lch/update_2.0.json
2020-04-14 11:56:18,243 Thread-2 > [Browser] Loading resources...
2020-04-14 11:56:18,332 Thread-2 > [Browser] Loading background...
2020-04-14 11:56:18,341 Thread-2 > [JFXStartPageLoader]  start load page: http://page.tlauncher.org/update/downloads/configs/client/index.html
2020-04-14 11:56:18,387 Thread-2 > [Browser] Cleaning up after loading:
2020-04-14 11:56:18,387 Thread-2 > Starting garbage collector: 73 / 196 MB
2020-04-14 11:56:18,429 Thread-2 > Garbage collector completed: 14 / 196 MB
2020-04-14 11:56:18,430 Thread-2 > [Browser] Running in JavaFX Thread
2020-04-14 11:56:18,430 Thread-2 > [Browser] Preparing JavaFX...
2020-04-14 11:56:18,431 Thread-2 > [Loading] LOADING_MANAGERS
2020-04-14 11:56:18,437 Thread-2 > [LocalVersionList] Base directory: C:\Users\asash\AppData\Roaming\.minecraft
2020-04-14 11:56:18,447 Thread-2 > [ProfileManager] Refreshing profiles from: C:\Users\asash\AppData\Roaming\.minecraft\TlauncherProfiles.json
2020-04-14 11:56:18,451 Thread-2 > [AdvertisingStatusObserver]  started to get ad information
2020-04-14 11:56:18,451 Thread-2 > [AdvertisingStatusObserver]  finished to get add information
2020-04-14 11:56:18,452 Thread-2 > [GsonUtil]  request to http://repo.tlauncher.org/update/downloads/libraries/org/tlauncher/authlib/libraries-1.6.json
2020-04-14 11:56:18,456 Thread-2 > [Loading] LOADING_WINDOW
2020-04-14 11:56:18,485 Thread-2 > [Loading] PREPARING_MAINPANE
2020-04-14 11:56:18,507 Thread-2 > [Browser] Initializing...
2020-04-14 11:56:18,541 Thread-2 > [REPO][SERVER_LIST_REPO] Success: Reached the repo in 86 ms.
2020-04-14 11:56:18,920 Thread-2 > [Downloader2] Loaded configuration: good
2020-04-14 11:56:18,965 Thread-2 > [JFXStartPageLoader]  succeeded load page: http://page.tlauncher.org/update/downloads/configs/client/index.html during 0
2020-04-14 11:56:18,966 Thread-2 > [Browser@1107606244] Loaded successfully: "http://page.tlauncher.org/update/downloads/configs/client/index.html"
2020-04-14 11:56:19,030 Thread-2 > [Browser] add listens into server_choose
2020-04-14 11:56:19,031 Thread-2 > [Browser] finished listens into server_choose
2020-04-14 11:56:19,885 Thread-2 > [Loading] POSTINIT_GUI
2020-04-14 11:56:19,885 Thread-2 > [Frame] Packing main frame...
2020-04-14 11:56:19,958 Thread-2 > [Frame] Resizing main pane...
2020-04-14 11:56:19,959 Thread-2 > Updater is already closed. Showing up...
2020-04-14 11:56:19,959 Thread-2 > Visibility set.
2020-04-14 11:56:19,960 Thread-2 > [Loading] REFRESHING_INFO
2020-04-14 11:56:19,962 Thread-2 > [VersionManager] Refreshing versions remotely...
2020-04-14 11:56:19,962 Thread-2 > [REPO][EXTRA_VERSION_REPO] Attempt #1; timeout: 45000 ms; url: http://repo.tlauncher.org/update/downloads/versions/new3/
2020-04-14 11:56:19,963 Thread-2 > Started! (2428 ms.)
2020-04-14 11:56:19,963 Thread-2 > [Loading] SUCCESS
2020-04-14 11:56:19,963 Thread-2 [Bootstrapper] I can be terminated now: 0
2020-04-14 18:07:22,651 main 
2020-04-14 18:07:22,651 main -------------------------------------------------------------------
2020-04-14 18:07:23,033 main run double running protectin
2020-04-14 18:07:23,036 main [Downloader2] Loaded configuration: normal
2020-04-14 18:07:23,289 main [Bootstrapper] createLauncher
2020-04-14 18:07:23,290 main path C:\Program Files\Java\jre1.8.0_45
2020-04-14 18:07:23,290 main [Bootstrapper] choose jvm:C:\Program Files\Java\jre1.8.0_45\bin\javaw.exe
2020-04-14 18:07:23,290 main [Bootstrapper] validate files
2020-04-14 18:07:23,290 main [Bootstrapper] end validated files
2020-04-14 18:07:23,290 main [Bootstrapper] Starting launcher...
2020-04-14 18:07:23,392 Thread-2 > [TLAUNCHER][STATIC] initialize inner config
2020-04-14 18:07:23,417 Thread-2 > [Loading] INITIALIZING
2020-04-14 18:07:24,386 Thread-2 > Starting TLauncher 2.69 RELEASE
2020-04-14 18:07:24,386 Thread-2 > For more information, visit https://tlauncher.org/
2020-04-14 18:07:24,387 Thread-2 > Startup time: 14.04.2020 18:07:24
2020-04-14 18:07:24,387 Thread-2 > ---
2020-04-14 18:07:24,389 Thread-2 > run double running protectin
2020-04-14 18:07:24,511 Thread-2 > [Loading] LOADING_CONFIGURATION
2020-04-14 18:07:24,512 Thread-2 > Loading configuration from file: C:\Users\asash\AppData\Roaming\.tlauncher\tlauncher-2.0.properties
2020-04-14 18:07:24,519 Thread-2 > [Configuration] Constant values: {}
2020-04-14 18:07:24,563 Thread-2 > Machine info: -------------------------------------------------------
2020-04-14 18:07:24,564 Thread-2 > Windows 8.1 6.3, Java 1.8.0_45, jvm bit x64, 16276 MB RAM
2020-04-14 18:07:24,564 Thread-2 > java path=C:\Program Files\Java\jre1.8.0_45\bin\javaw.exe
2020-04-14 18:07:24,564 Thread-2 > Intel(R) Core(TM) i9-9880H CPU @ 2.30GHz
2020-04-14 18:07:24,564 Thread-2 >  AMD Radeon Pro 5500M, AMD FirePro (0x7340), 12194 MB
2020-04-14 18:07:24,564 Thread-2 > -------------------------------------------------------
2020-04-14 18:07:24,564 Thread-2 > Selected locale: ru_RU
2020-04-14 18:07:24,610 Thread-2 > [Loading] LOADING_CONSOLE
2020-04-14 18:07:24,739 Thread-2 > [Swing] Favicons loaded: 256px, 128px, 96px, 64px, 48px, 32px, 24px, 16px
2020-04-14 18:07:24,949 Thread-2 > 
2020-04-14 18:07:25,044 Thread-2 > [Downloader2] Loaded configuration: good
2020-04-14 18:07:25,162 Thread-2 > [Updater] Requesting an update...
2020-04-14 18:07:25,164 Thread-2 > [Updater] Requesting from: http://repo.tlauncher.org/update/lch/update_2.0.json
2020-04-14 18:07:25,164 Thread-2 > [Updater] Making request: http://repo.tlauncher.org/update/lch/update_2.0.json?version=2.69&client=440be4d8-8fc3-48cd-8ffe-e7eb2df08ff3
2020-04-14 18:07:25,302 Thread-2 > [Browser] Loading resources...
2020-04-14 18:07:25,309 Thread-2 > [Updater] Request time: 145 ms
2020-04-14 18:07:25,310 Thread-2 > [Updater] Successfully requested from: http://repo.tlauncher.org/update/lch/update_2.0.json
2020-04-14 18:07:25,403 Thread-2 > [JFXStartPageLoader]  start load page: http://page.tlauncher.org/update/downloads/configs/client/index.html
2020-04-14 18:07:25,405 Thread-2 > [Browser] Loading background...
2020-04-14 18:07:25,470 Thread-2 > [Browser] Cleaning up after loading:
2020-04-14 18:07:25,470 Thread-2 > Starting garbage collector: 71 / 195 MB
2020-04-14 18:07:25,515 Thread-2 > Garbage collector completed: 15 / 226 MB
2020-04-14 18:07:25,517 Thread-2 > [Browser] Running in JavaFX Thread
2020-04-14 18:07:25,517 Thread-2 > [Browser] Preparing JavaFX...
2020-04-14 18:07:25,517 Thread-2 > [Loading] LOADING_MANAGERS
2020-04-14 18:07:25,524 Thread-2 > [LocalVersionList] Base directory: C:\Users\asash\AppData\Roaming\.minecraft
2020-04-14 18:07:25,534 Thread-2 > [ProfileManager] Refreshing profiles from: C:\Users\asash\AppData\Roaming\.minecraft\TlauncherProfiles.json
2020-04-14 18:07:25,536 Thread-2 > [AdvertisingStatusObserver]  started to get ad information
2020-04-14 18:07:25,537 Thread-2 > [AdvertisingStatusObserver]  finished to get add information
2020-04-14 18:07:25,537 Thread-2 > [GsonUtil]  request to http://repo.tlauncher.org/update/downloads/libraries/org/tlauncher/authlib/libraries-1.6.json
2020-04-14 18:07:25,541 Thread-2 > [Loading] LOADING_WINDOW
2020-04-14 18:07:25,573 Thread-2 > [Loading] PREPARING_MAINPANE
2020-04-14 18:07:25,594 Thread-2 > [Browser] Initializing...
2020-04-14 18:07:25,606 Thread-2 > [REPO][SERVER_LIST_REPO] Success: Reached the repo in 65 ms.
2020-04-14 18:07:26,056 Thread-2 > [JFXStartPageLoader]  succeeded load page: http://page.tlauncher.org/update/downloads/configs/client/index.html during 0
2020-04-14 18:07:26,056 Thread-2 > [Browser@927824010] Loaded successfully: "http://page.tlauncher.org/update/downloads/configs/client/index.html"
2020-04-14 18:07:26,062 Thread-2 > [Downloader2] Loaded configuration: good
2020-04-14 18:07:26,117 Thread-2 > [Browser] add listens into server_choose
2020-04-14 18:07:26,118 Thread-2 > [Browser] finished listens into server_choose
2020-04-14 18:07:27,067 Thread-2 > [Loading] POSTINIT_GUI
2020-04-14 18:07:27,067 Thread-2 > [Frame] Packing main frame...
2020-04-14 18:07:27,120 Thread-2 > [Frame] Resizing main pane...
2020-04-14 18:07:27,120 Thread-2 > Updater is already closed. Showing up...
2020-04-14 18:07:27,120 Thread-2 > Visibility set.
2020-04-14 18:07:27,121 Thread-2 > [Loading] REFRESHING_INFO
2020-04-14 18:07:27,123 Thread-2 > [VersionManager] Refreshing versions remotely...
2020-04-14 18:07:27,123 Thread-2 > [REPO][EXTRA_VERSION_REPO] Attempt #1; timeout: 45000 ms; url: http://repo.tlauncher.org/update/downloads/versions/new3/
2020-04-14 18:07:27,124 Thread-2 > Started! (2613 ms.)
2020-04-14 18:07:27,124 Thread-2 > [Loading] SUCCESS
2020-04-14 18:07:27,124 Thread-2 [Bootstrapper] I can be terminated now: 0
2020-04-14 21:34:05,406 main 
2020-04-14 21:34:05,406 main -------------------------------------------------------------------
2020-04-14 21:34:05,706 main run double running protectin
2020-04-14 21:34:05,708 main [Downloader2] Loaded configuration: normal
2020-04-14 21:34:05,937 main [Bootstrapper] createLauncher
2020-04-14 21:34:05,937 main path C:\Program Files\Java\jre1.8.0_45
2020-04-14 21:34:05,937 main [Bootstrapper] choose jvm:C:\Program Files\Java\jre1.8.0_45\bin\javaw.exe
2020-04-14 21:34:05,937 main [Bootstrapper] validate files
2020-04-14 21:34:05,938 main [Bootstrapper] end validated files
2020-04-14 21:34:05,938 main [Bootstrapper] Starting launcher...
2020-04-14 21:34:06,039 Thread-2 > [TLAUNCHER][STATIC] initialize inner config
2020-04-14 21:34:06,065 Thread-2 > [Loading] INITIALIZING
2020-04-14 21:34:07,015 Thread-2 > Starting TLauncher 2.69 RELEASE
2020-04-14 21:34:07,015 Thread-2 > For more information, visit https://tlauncher.org/
2020-04-14 21:34:07,015 Thread-2 > Startup time: 14.04.2020 21:34:07
2020-04-14 21:34:07,016 Thread-2 > ---
2020-04-14 21:34:07,017 Thread-2 > run double running protectin
2020-04-14 21:34:07,123 Thread-2 > [Loading] LOADING_CONFIGURATION
2020-04-14 21:34:07,124 Thread-2 > Loading configuration from file: C:\Users\asash\AppData\Roaming\.tlauncher\tlauncher-2.0.properties
2020-04-14 21:34:07,129 Thread-2 > [Configuration] Constant values: {}
2020-04-14 21:34:07,168 Thread-2 > Machine info: -------------------------------------------------------
2020-04-14 21:34:07,168 Thread-2 > Windows 8.1 6.3, Java 1.8.0_45, jvm bit x64, 16276 MB RAM
2020-04-14 21:34:07,168 Thread-2 > java path=C:\Program Files\Java\jre1.8.0_45\bin\javaw.exe
2020-04-14 21:34:07,169 Thread-2 > Intel(R) Core(TM) i9-9880H CPU @ 2.30GHz
2020-04-14 21:34:07,169 Thread-2 >  AMD Radeon Pro 5500M, AMD FirePro (0x7340), 12194 MB
2020-04-14 21:34:07,169 Thread-2 > -------------------------------------------------------
2020-04-14 21:34:07,169 Thread-2 > Selected locale: ru_RU
2020-04-14 21:34:07,205 Thread-2 > [Loading] LOADING_CONSOLE
2020-04-14 21:34:07,299 Thread-2 > [Swing] Favicons loaded: 256px, 128px, 96px, 64px, 48px, 32px, 24px, 16px
2020-04-14 21:34:07,507 Thread-2 > 
2020-04-14 21:34:07,600 Thread-2 > [Downloader2] Loaded configuration: good
2020-04-14 21:34:07,733 Thread-2 > [Updater] Requesting an update...
2020-04-14 21:34:07,734 Thread-2 > [Updater] Requesting from: http://repo.tlauncher.org/update/lch/update_2.0.json
2020-04-14 21:34:07,735 Thread-2 > [Updater] Making request: http://repo.tlauncher.org/update/lch/update_2.0.json?version=2.69&client=440be4d8-8fc3-48cd-8ffe-e7eb2df08ff3
2020-04-14 21:34:07,787 Thread-2 > [Updater] Request time: 52 ms
2020-04-14 21:34:07,787 Thread-2 > [Updater] Successfully requested from: http://repo.tlauncher.org/update/lch/update_2.0.json
2020-04-14 21:34:07,846 Thread-2 > [Browser] Loading resources...
2020-04-14 21:34:07,940 Thread-2 > [Browser] Loading background...
2020-04-14 21:34:07,948 Thread-2 > [JFXStartPageLoader]  start load page: http://page.tlauncher.org/update/downloads/configs/client/index.html
2020-04-14 21:34:07,999 Thread-2 > [Browser] Cleaning up after loading:
2020-04-14 21:34:08,000 Thread-2 > Starting garbage collector: 72 / 194 MB
2020-04-14 21:34:08,043 Thread-2 > Garbage collector completed: 14 / 194 MB
2020-04-14 21:34:08,044 Thread-2 > [Browser] Running in JavaFX Thread
2020-04-14 21:34:08,044 Thread-2 > [Browser] Preparing JavaFX...
2020-04-14 21:34:08,045 Thread-2 > [Loading] LOADING_MANAGERS
2020-04-14 21:34:08,050 Thread-2 > [LocalVersionList] Base directory: C:\Users\asash\AppData\Roaming\.minecraft
2020-04-14 21:34:08,059 Thread-2 > [ProfileManager] Refreshing profiles from: C:\Users\asash\AppData\Roaming\.minecraft\TlauncherProfiles.json
2020-04-14 21:34:08,063 Thread-2 > [AdvertisingStatusObserver]  started to get ad information
2020-04-14 21:34:08,063 Thread-2 > [AdvertisingStatusObserver]  finished to get add information
2020-04-14 21:34:08,064 Thread-2 > [GsonUtil]  request to http://repo.tlauncher.org/update/downloads/libraries/org/tlauncher/authlib/libraries-1.6.json
2020-04-14 21:34:08,068 Thread-2 > [Loading] LOADING_WINDOW
2020-04-14 21:34:08,100 Thread-2 > [Loading] PREPARING_MAINPANE
2020-04-14 21:34:08,123 Thread-2 > [Browser] Initializing...
2020-04-14 21:34:08,154 Thread-2 > [REPO][SERVER_LIST_REPO] Success: Reached the repo in 86 ms.
2020-04-14 21:34:08,549 Thread-2 > [Downloader2] Loaded configuration: good
2020-04-14 21:34:08,589 Thread-2 > [JFXStartPageLoader]  succeeded load page: http://page.tlauncher.org/update/downloads/configs/client/index.html during 0
2020-04-14 21:34:08,589 Thread-2 > [Browser@1363220267] Loaded successfully: "http://page.tlauncher.org/update/downloads/configs/client/index.html"
2020-04-14 21:34:08,648 Thread-2 > [Browser] add listens into server_choose
2020-04-14 21:34:08,649 Thread-2 > [Browser] finished listens into server_choose
2020-04-14 21:34:09,469 Thread-2 > [Loading] POSTINIT_GUI
2020-04-14 21:34:09,469 Thread-2 > [Frame] Packing main frame...
2020-04-14 21:34:09,517 Thread-2 > [Frame] Resizing main pane...
2020-04-14 21:34:09,518 Thread-2 > Updater is already closed. Showing up...
2020-04-14 21:34:09,518 Thread-2 > Visibility set.
2020-04-14 21:34:09,520 Thread-2 > [Loading] REFRESHING_INFO
2020-04-14 21:34:09,521 Thread-2 > [VersionManager] Refreshing versions remotely...
2020-04-14 21:34:09,522 Thread-2 > [REPO][EXTRA_VERSION_REPO] Attempt #1; timeout: 45000 ms; url: http://repo.tlauncher.org/update/downloads/versions/new3/
2020-04-14 21:34:09,522 Thread-2 > Started! (2399 ms.)
2020-04-14 21:34:09,523 Thread-2 > [Loading] SUCCESS
2020-04-14 21:34:09,523 Thread-2 [Bootstrapper] I can be terminated now: 0
2020-04-14 21:36:13,454 main 
2020-04-14 21:36:13,454 main -------------------------------------------------------------------
2020-04-14 21:36:13,852 main run double running protectin
2020-04-14 21:36:13,854 main [Downloader2] Loaded configuration: normal
2020-04-14 21:36:14,129 main [Bootstrapper] createLauncher
2020-04-14 21:36:14,129 main path C:\Program Files\Java\jre1.8.0_45
2020-04-14 21:36:14,129 main [Bootstrapper] choose jvm:C:\Program Files\Java\jre1.8.0_45\bin\javaw.exe
2020-04-14 21:36:14,130 main [Bootstrapper] validate files
2020-04-14 21:36:14,130 main [Bootstrapper] end validated files
2020-04-14 21:36:14,130 main [Bootstrapper] Starting launcher...
2020-04-14 21:36:14,239 Thread-2 > [TLAUNCHER][STATIC] initialize inner config
2020-04-14 21:36:14,272 Thread-2 > [Loading] INITIALIZING
2020-04-14 21:36:15,342 Thread-2 > Starting TLauncher 2.69 RELEASE
2020-04-14 21:36:15,342 Thread-2 > For more information, visit https://tlauncher.org/
2020-04-14 21:36:15,342 Thread-2 > Startup time: 14.04.2020 21:36:15
2020-04-14 21:36:15,342 Thread-2 > ---
2020-04-14 21:36:15,344 Thread-2 > run double running protectin
2020-04-14 21:36:15,443 Thread-2 > [Loading] LOADING_CONFIGURATION
2020-04-14 21:36:15,444 Thread-2 > Loading configuration from file: C:\Users\asash\AppData\Roaming\.tlauncher\tlauncher-2.0.properties
2020-04-14 21:36:15,451 Thread-2 > [Configuration] Constant values: {}
2020-04-14 21:36:15,492 Thread-2 > Machine info: -------------------------------------------------------
2020-04-14 21:36:15,493 Thread-2 > Windows 8.1 6.3, Java 1.8.0_45, jvm bit x64, 16276 MB RAM
2020-04-14 21:36:15,493 Thread-2 > java path=C:\Program Files\Java\jre1.8.0_45\bin\javaw.exe
2020-04-14 21:36:15,493 Thread-2 > Intel(R) Core(TM) i9-9880H CPU @ 2.30GHz
2020-04-14 21:36:15,493 Thread-2 >  AMD Radeon Pro 5500M, AMD FirePro (0x7340), 12194 MB
2020-04-14 21:36:15,493 Thread-2 > -------------------------------------------------------
2020-04-14 21:36:15,493 Thread-2 > Selected locale: ru_RU
2020-04-14 21:36:15,531 Thread-2 > [Loading] LOADING_CONSOLE
2020-04-14 21:36:15,636 Thread-2 > [Swing] Favicons loaded: 256px, 128px, 96px, 64px, 48px, 32px, 24px, 16px
2020-04-14 21:36:15,845 Thread-2 > 
2020-04-14 21:36:15,947 Thread-2 > [Downloader2] Loaded configuration: good
2020-04-14 21:36:16,065 Thread-2 > [Updater] Requesting an update...
2020-04-14 21:36:16,066 Thread-2 > [Updater] Requesting from: http://repo.tlauncher.org/update/lch/update_2.0.json
2020-04-14 21:36:16,066 Thread-2 > [Updater] Making request: http://repo.tlauncher.org/update/lch/update_2.0.json?version=2.69&client=440be4d8-8fc3-48cd-8ffe-e7eb2df08ff3
2020-04-14 21:36:16,109 Thread-2 > [Updater] Request time: 43 ms
2020-04-14 21:36:16,110 Thread-2 > [Updater] Successfully requested from: http://repo.tlauncher.org/update/lch/update_2.0.json
2020-04-14 21:36:16,173 Thread-2 > [Browser] Loading resources...
2020-04-14 21:36:16,274 Thread-2 > [Browser] Loading background...
2020-04-14 21:36:16,283 Thread-2 > [JFXStartPageLoader]  start load page: http://page.tlauncher.org/update/downloads/configs/client/index.html
2020-04-14 21:36:16,338 Thread-2 > [Browser] Cleaning up after loading:
2020-04-14 21:36:16,339 Thread-2 > Starting garbage collector: 77 / 196 MB
2020-04-14 21:36:16,387 Thread-2 > Garbage collector completed: 14 / 196 MB
2020-04-14 21:36:16,388 Thread-2 > [Browser] Running in JavaFX Thread
2020-04-14 21:36:16,388 Thread-2 > [Browser] Preparing JavaFX...
2020-04-14 21:36:16,389 Thread-2 > [Loading] LOADING_MANAGERS
2020-04-14 21:36:16,396 Thread-2 > [LocalVersionList] Base directory: C:\Users\asash\AppData\Roaming\.minecraft
2020-04-14 21:36:16,410 Thread-2 > [ProfileManager] Refreshing profiles from: C:\Users\asash\AppData\Roaming\.minecraft\TlauncherProfiles.json
2020-04-14 21:36:16,414 Thread-2 > [AdvertisingStatusObserver]  started to get ad information
2020-04-14 21:36:16,414 Thread-2 > [AdvertisingStatusObserver]  finished to get add information
2020-04-14 21:36:16,415 Thread-2 > [GsonUtil]  request to http://repo.tlauncher.org/update/downloads/libraries/org/tlauncher/authlib/libraries-1.6.json
2020-04-14 21:36:16,419 Thread-2 > [Loading] LOADING_WINDOW
2020-04-14 21:36:16,448 Thread-2 > [Loading] PREPARING_MAINPANE
2020-04-14 21:36:16,464 Thread-2 > [Browser] Initializing...
2020-04-14 21:36:16,488 Thread-2 > [REPO][SERVER_LIST_REPO] Success: Reached the repo in 69 ms.
2020-04-14 21:36:16,858 Thread-2 > [Downloader2] Loaded configuration: good
2020-04-14 21:36:16,925 Thread-2 > [JFXStartPageLoader]  succeeded load page: http://page.tlauncher.org/update/downloads/configs/client/index.html during 0
2020-04-14 21:36:16,926 Thread-2 > [Browser@56711135] Loaded successfully: "http://page.tlauncher.org/update/downloads/configs/client/index.html"
2020-04-14 21:36:17,005 Thread-2 > [Browser] add listens into server_choose
2020-04-14 21:36:17,006 Thread-2 > [Browser] finished listens into server_choose
2020-04-14 21:36:17,760 Thread-2 > [Loading] POSTINIT_GUI
2020-04-14 21:36:17,760 Thread-2 > [Frame] Packing main frame...
2020-04-14 21:36:17,808 Thread-2 > [Frame] Resizing main pane...
2020-04-14 21:36:17,808 Thread-2 > Updater is already closed. Showing up...
2020-04-14 21:36:17,808 Thread-2 > Visibility set.
2020-04-14 21:36:17,809 Thread-2 > [Loading] REFRESHING_INFO
2020-04-14 21:36:17,810 Thread-2 > [VersionManager] Refreshing versions remotely...
2020-04-14 21:36:17,810 Thread-2 > [REPO][EXTRA_VERSION_REPO] Attempt #1; timeout: 45000 ms; url: http://repo.tlauncher.org/update/downloads/versions/new3/
2020-04-14 21:36:17,811 Thread-2 > Started! (2367 ms.)
2020-04-14 21:36:17,811 Thread-2 > [Loading] SUCCESS
2020-04-14 21:36:17,811 Thread-2 [Bootstrapper] I can be terminated now: 0
2020-04-16 19:21:08,648 main 
2020-04-16 19:21:08,648 main -------------------------------------------------------------------
2020-04-16 19:21:08,990 main run double running protectin
2020-04-16 19:21:08,992 main [Downloader2] Loaded configuration: normal
2020-04-16 19:21:09,235 main [Bootstrapper] createLauncher
2020-04-16 19:21:09,235 main path C:\Program Files\Java\jre1.8.0_45
2020-04-16 19:21:09,235 main [Bootstrapper] choose jvm:C:\Program Files\Java\jre1.8.0_45\bin\javaw.exe
2020-04-16 19:21:09,235 main [Bootstrapper] validate files
2020-04-16 19:21:09,236 main [Bootstrapper] end validated files
2020-04-16 19:21:09,236 main [Bootstrapper] Starting launcher...
2020-04-16 19:21:09,327 Thread-2 > [TLAUNCHER][STATIC] initialize inner config
2020-04-16 19:21:09,352 Thread-2 > [Loading] INITIALIZING
2020-04-16 19:21:10,329 Thread-2 > Starting TLauncher 2.69 RELEASE
2020-04-16 19:21:10,329 Thread-2 > For more information, visit https://tlauncher.org/
2020-04-16 19:21:10,330 Thread-2 > Startup time: 16.04.2020 19:21:10
2020-04-16 19:21:10,330 Thread-2 > ---
2020-04-16 19:21:10,332 Thread-2 > run double running protectin
2020-04-16 19:21:10,434 Thread-2 > [Loading] LOADING_CONFIGURATION
2020-04-16 19:21:10,435 Thread-2 > Loading configuration from file: C:\Users\asash\AppData\Roaming\.tlauncher\tlauncher-2.0.properties
2020-04-16 19:21:10,441 Thread-2 > [Configuration] Constant values: {}
2020-04-16 19:21:10,483 Thread-2 > Machine info: -------------------------------------------------------
2020-04-16 19:21:10,483 Thread-2 > Windows 8.1 6.3, Java 1.8.0_45, jvm bit x64, 16276 MB RAM
2020-04-16 19:21:10,483 Thread-2 > java path=C:\Program Files\Java\jre1.8.0_45\bin\javaw.exe
2020-04-16 19:21:10,483 Thread-2 > Intel(R) Core(TM) i9-9880H CPU @ 2.30GHz
2020-04-16 19:21:10,484 Thread-2 >  AMD Radeon Pro 5500M, AMD FirePro (0x7340), 12194 MB
2020-04-16 19:21:10,484 Thread-2 > -------------------------------------------------------
2020-04-16 19:21:10,484 Thread-2 > Selected locale: ru_RU
2020-04-16 19:21:10,520 Thread-2 > [Loading] LOADING_CONSOLE
2020-04-16 19:21:10,611 Thread-2 > [Swing] Favicons loaded: 256px, 128px, 96px, 64px, 48px, 32px, 24px, 16px
2020-04-16 19:21:10,819 Thread-2 > 
2020-04-16 19:21:10,836 Thread-2 > [Downloader2] Loaded configuration: good
2020-04-16 19:21:10,955 Thread-2 > [Updater] Requesting an update...
2020-04-16 19:21:10,957 Thread-2 > [Updater] Requesting from: http://repo.tlauncher.org/update/lch/update_2.0.json
2020-04-16 19:21:10,957 Thread-2 > [Updater] Making request: http://repo.tlauncher.org/update/lch/update_2.0.json?version=2.69&client=440be4d8-8fc3-48cd-8ffe-e7eb2df08ff3
2020-04-16 19:21:11,009 Thread-2 > [Updater] Request time: 52 ms
2020-04-16 19:21:11,010 Thread-2 > [Updater] Successfully requested from: http://repo.tlauncher.org/update/lch/update_2.0.json
2020-04-16 19:21:11,062 Thread-2 > [Browser] Loading resources...
2020-04-16 19:21:11,155 Thread-2 > [Browser] Loading background...
2020-04-16 19:21:11,157 Thread-2 > [JFXStartPageLoader]  start load page: http://page.tlauncher.org/update/downloads/configs/client/index.html
2020-04-16 19:21:11,217 Thread-2 > [Browser] Cleaning up after loading:
2020-04-16 19:21:11,217 Thread-2 > Starting garbage collector: 76 / 196 MB
2020-04-16 19:21:11,260 Thread-2 > Garbage collector completed: 14 / 196 MB
2020-04-16 19:21:11,261 Thread-2 > [Browser] Running in JavaFX Thread
2020-04-16 19:21:11,261 Thread-2 > [Browser] Preparing JavaFX...
2020-04-16 19:21:11,261 Thread-2 > [Loading] LOADING_MANAGERS
2020-04-16 19:21:11,266 Thread-2 > [LocalVersionList] Base directory: C:\Users\asash\AppData\Roaming\.minecraft
2020-04-16 19:21:11,275 Thread-2 > [ProfileManager] Refreshing profiles from: C:\Users\asash\AppData\Roaming\.minecraft\TlauncherProfiles.json
2020-04-16 19:21:11,280 Thread-2 > [AdvertisingStatusObserver]  started to get ad information
2020-04-16 19:21:11,281 Thread-2 > [AdvertisingStatusObserver]  finished to get add information
2020-04-16 19:21:11,281 Thread-2 > [GsonUtil]  request to http://repo.tlauncher.org/update/downloads/libraries/org/tlauncher/authlib/libraries-1.6.json
2020-04-16 19:21:11,286 Thread-2 > [Loading] LOADING_WINDOW
2020-04-16 19:21:11,316 Thread-2 > [Loading] PREPARING_MAINPANE
2020-04-16 19:21:11,334 Thread-2 > [Browser] Initializing...
2020-04-16 19:21:11,351 Thread-2 > [REPO][SERVER_LIST_REPO] Success: Reached the repo in 65 ms.
2020-04-16 19:21:11,757 Thread-2 > [Downloader2] Loaded configuration: good
2020-04-16 19:21:12,008 Thread-2 > [JFXStartPageLoader]  succeeded load page: http://page.tlauncher.org/update/downloads/configs/client/index.html during 0
2020-04-16 19:21:12,009 Thread-2 > [Browser@686479056] Loaded successfully: "http://page.tlauncher.org/update/downloads/configs/client/index.html"
2020-04-16 19:21:12,083 Thread-2 > [Browser] add listens into server_choose
2020-04-16 19:21:12,084 Thread-2 > [Browser] finished listens into server_choose
2020-04-16 19:21:12,657 Thread-2 > [Loading] POSTINIT_GUI
2020-04-16 19:21:12,657 Thread-2 > [Frame] Packing main frame...
2020-04-16 19:21:12,702 Thread-2 > [Frame] Resizing main pane...
2020-04-16 19:21:12,703 Thread-2 > Updater is already closed. Showing up...
2020-04-16 19:21:12,703 Thread-2 > Visibility set.
2020-04-16 19:21:12,704 Thread-2 > [Loading] REFRESHING_INFO
2020-04-16 19:21:12,706 Thread-2 > [VersionManager] Refreshing versions remotely...
2020-04-16 19:21:12,706 Thread-2 > [REPO][EXTRA_VERSION_REPO] Attempt #1; timeout: 45000 ms; url: http://repo.tlauncher.org/update/downloads/versions/new3/
2020-04-16 19:21:12,706 Thread-2 > Started! (2272 ms.)
2020-04-16 19:21:12,706 Thread-2 > [Loading] SUCCESS
2020-04-16 19:21:12,706 Thread-2 [Bootstrapper] I can be terminated now: 0
2020-04-27 20:41:14,535 main 
2020-04-27 20:41:14,536 main -------------------------------------------------------------------
2020-04-27 20:41:14,949 main run double running protectin
2020-04-27 20:41:14,952 main [Downloader2] Loaded configuration: normal
2020-04-27 20:41:15,419 main [Bootstrapper] createLauncher
2020-04-27 20:41:15,419 main path C:\Program Files\Java\jre1.8.0_45
2020-04-27 20:41:15,419 main [Bootstrapper] choose jvm:C:\Program Files\Java\jre1.8.0_45\bin\javaw.exe
2020-04-27 20:41:15,420 main [Bootstrapper] validate files
2020-04-27 20:41:15,420 main [Bootstrapper] end validated files
2020-04-27 20:41:15,420 main [Bootstrapper] Starting launcher...
2020-04-27 20:41:15,522 Thread-2 > [TLAUNCHER][STATIC] initialize inner config
2020-04-27 20:41:15,548 Thread-2 > [Loading] INITIALIZING
2020-04-27 20:41:16,724 Thread-2 > Starting TLauncher 2.69 RELEASE
2020-04-27 20:41:16,724 Thread-2 > For more information, visit https://tlauncher.org/
2020-04-27 20:41:16,725 Thread-2 > Startup time: 27.04.2020 20:41:16
2020-04-27 20:41:16,725 Thread-2 > ---
2020-04-27 20:41:16,727 Thread-2 > run double running protectin
2020-04-27 20:41:16,838 Thread-2 > [Loading] LOADING_CONFIGURATION
2020-04-27 20:41:16,839 Thread-2 > Loading configuration from file: C:\Users\asash\AppData\Roaming\.tlauncher\tlauncher-2.0.properties
2020-04-27 20:41:16,846 Thread-2 > [Configuration] Constant values: {}
2020-04-27 20:41:16,892 Thread-2 > Machine info: -------------------------------------------------------
2020-04-27 20:41:16,892 Thread-2 > Windows 8.1 6.3, Java 1.8.0_45, jvm bit x64, 16276 MB RAM
2020-04-27 20:41:16,892 Thread-2 > java path=C:\Program Files\Java\jre1.8.0_45\bin\javaw.exe
2020-04-27 20:41:16,893 Thread-2 > Intel(R) Core(TM) i9-9880H CPU @ 2.30GHz
2020-04-27 20:41:16,893 Thread-2 >  AMD Radeon Pro 5500M, AMD FirePro (0x7340), 12194 MB
2020-04-27 20:41:16,893 Thread-2 > -------------------------------------------------------
2020-04-27 20:41:16,893 Thread-2 > Selected locale: ru_RU
2020-04-27 20:41:16,945 Thread-2 > [Loading] LOADING_CONSOLE
2020-04-27 20:41:17,084 Thread-2 > [Swing] Favicons loaded: 256px, 128px, 96px, 64px, 48px, 32px, 24px, 16px
2020-04-27 20:41:17,291 Thread-2 > 
2020-04-27 20:41:17,398 Thread-2 > [Downloader2] Loaded configuration: good
2020-04-27 20:41:17,528 Thread-2 > [Updater] Requesting an update...
2020-04-27 20:41:17,530 Thread-2 > [Updater] Requesting from: http://repo.tlauncher.org/update/lch/update_2.0.json
2020-04-27 20:41:17,530 Thread-2 > [Updater] Making request: http://repo.tlauncher.org/update/lch/update_2.0.json?version=2.69&client=440be4d8-8fc3-48cd-8ffe-e7eb2df08ff3
2020-04-27 20:41:17,677 Thread-2 > [Updater] Request time: 147 ms
2020-04-27 20:41:17,678 Thread-2 > [Updater] Successfully requested from: http://repo.tlauncher.org/update/lch/update_2.0.json
2020-04-27 20:41:17,742 Thread-2 > [Browser] Loading resources...
2020-04-27 20:41:17,846 Thread-2 > [Browser] Loading background...
2020-04-27 20:41:17,901 Thread-2 > [Browser] Cleaning up after loading:
2020-04-27 20:41:17,901 Thread-2 > Starting garbage collector: 67 / 195 MB
2020-04-27 20:41:17,947 Thread-2 > Garbage collector completed: 13 / 195 MB
2020-04-27 20:41:17,948 Thread-2 > [Loading] LOADING_MANAGERS
2020-04-27 20:41:17,955 Thread-2 > [LocalVersionList] Base directory: C:\Users\asash\AppData\Roaming\.minecraft
2020-04-27 20:41:17,963 Thread-2 > [ProfileManager] Refreshing profiles from: C:\Users\asash\AppData\Roaming\.minecraft\TlauncherProfiles.json
2020-04-27 20:41:17,974 Thread-2 > [AdvertisingStatusObserver]  started to get ad information
2020-04-27 20:41:17,974 Thread-2 > [AdvertisingStatusObserver]  finished to get add information
2020-04-27 20:41:17,974 Thread-2 > [GsonUtil]  request to http://repo.tlauncher.org/update/downloads/libraries/org/tlauncher/authlib/libraries-1.6.json
2020-04-27 20:41:17,979 Thread-2 > [Loading] LOADING_WINDOW
2020-04-27 20:41:18,006 Thread-2 > [Loading] PREPARING_MAINPANE
2020-04-27 20:41:18,023 Thread-2 > [JFXStartPageLoader]  start load page: http://page.tlauncher.org/update/downloads/configs/client/index.html
2020-04-27 20:41:18,027 Thread-2 > [Browser] Running in JavaFX Thread
2020-04-27 20:41:18,027 Thread-2 > [Browser] Preparing JavaFX...
2020-04-27 20:41:18,099 Thread-2 > [Browser] Initializing...
2020-04-27 20:41:18,110 Thread-2 > [REPO][SERVER_LIST_REPO] Success: Reached the repo in 132 ms.
2020-04-27 20:41:18,740 Thread-2 > [JFXStartPageLoader]  succeeded load page: http://page.tlauncher.org/update/downloads/configs/client/index.html during 0
2020-04-27 20:41:18,741 Thread-2 > [Browser@624488834] Loaded successfully: "http://page.tlauncher.org/update/downloads/configs/client/index.html"
2020-04-27 20:41:18,821 Thread-2 > [Browser] add listens into server_choose
2020-04-27 20:41:18,822 Thread-2 > [Browser] finished listens into server_choose
2020-04-27 20:41:19,444 Thread-2 > [Downloader2] Loaded configuration: good
2020-04-27 20:41:20,377 Thread-2 > [Loading] POSTINIT_GUI
2020-04-27 20:41:20,377 Thread-2 > [Frame] Packing main frame...
2020-04-27 20:41:20,746 Thread-2 [Bootstrapper] I can be terminated now: 0
