2020-04-10 21:17:43,580 main 
2020-04-10 21:17:43,580 main -------------------------------------------------------------------
2020-04-10 21:17:43,939 main run double running protectin
2020-04-10 21:17:43,939 main [Downloader2] Loaded configuration: normal
2020-04-10 21:17:44,189 main [Bootstrapper] createLauncher
2020-04-10 21:17:44,189 main path C:\Program Files\Java\jre1.8.0_45
2020-04-10 21:17:44,189 main [Bootstrapper] choose jvm:C:\Program Files\Java\jre1.8.0_45\bin\javaw.exe
2020-04-10 21:17:44,189 main [Bootstrapper] validate files
2020-04-10 21:17:44,189 main [Bootstrapper] end validated files
2020-04-10 21:17:44,189 main [Bootstrapper] Starting launcher...
2020-04-10 21:17:44,289 Thread-2 > [TLAUNCHER][STATIC] initialize inner config
2020-04-10 21:17:44,305 Thread-2 > [Loading] INITIALIZING
2020-04-10 21:17:45,258 Thread-2 > Starting TLauncher 2.69 RELEASE
2020-04-10 21:17:45,258 Thread-2 > For more information, visit https://tlauncher.org/
2020-04-10 21:17:45,258 Thread-2 > Startup time: 10.04.2020 21:17:45
2020-04-10 21:17:45,258 Thread-2 > ---
2020-04-10 21:17:45,258 Thread-2 > run double running protectin
2020-04-10 21:17:45,508 Thread-2 > [Loading] LOADING_CONFIGURATION
2020-04-10 21:17:45,508 Thread-2 > Loading configuration from file: C:\Users\asash\AppData\Roaming\.tlauncher\tlauncher-2.0.properties
2020-04-10 21:17:45,508 Thread-2 > [Configuration] Constant values: {}
2020-04-10 21:17:45,555 Thread-2 > Machine info: -------------------------------------------------------
2020-04-10 21:17:45,555 Thread-2 > Windows 8.1 6.3, Java 1.8.0_45, jvm bit x64, 16276 MB RAM
2020-04-10 21:17:45,555 Thread-2 > java path=C:\Program Files\Java\jre1.8.0_45\bin\javaw.exe
2020-04-10 21:17:45,555 Thread-2 > Intel(R) Core(TM) i9-9880H CPU @ 2.30GHz
2020-04-10 21:17:45,555 Thread-2 >  AMD Radeon Pro 5500M, AMD FirePro (0x7340), 12194 MB
2020-04-10 21:17:45,555 Thread-2 > -------------------------------------------------------
2020-04-10 21:17:45,555 Thread-2 > Selected locale: ru_RU
2020-04-10 21:17:45,586 Thread-2 > [Loading] LOADING_CONSOLE
2020-04-10 21:17:45,680 Thread-2 > [Swing] Favicons loaded: 256px, 128px, 96px, 64px, 48px, 32px, 24px, 16px
2020-04-10 21:17:45,898 Thread-2 > 
2020-04-10 21:17:45,976 Thread-2 > [Downloader2] Loaded configuration: good
2020-04-10 21:17:46,101 Thread-2 > [Updater] Requesting an update...
2020-04-10 21:17:46,101 Thread-2 > [Updater] Requesting from: http://repo.tlauncher.org/update/lch/update_2.0.json
2020-04-10 21:17:46,101 Thread-2 > [Updater] Making request: http://repo.tlauncher.org/update/lch/update_2.0.json?version=2.69&client=440be4d8-8fc3-48cd-8ffe-e7eb2df08ff3
2020-04-10 21:17:46,219 Thread-2 > [Browser] Loading resources...
2020-04-10 21:17:46,305 Thread-2 > [Browser] Loading background...
2020-04-10 21:17:46,314 Thread-2 > [JFXStartPageLoader]  start load page: http://page.tlauncher.org/update/downloads/configs/client/index.html
2020-04-10 21:17:46,341 Thread-2 > [Updater] Request time: 239 ms
2020-04-10 21:17:46,341 Thread-2 > [Updater] Successfully requested from: http://repo.tlauncher.org/update/lch/update_2.0.json
2020-04-10 21:17:46,366 Thread-2 > [Browser] Cleaning up after loading:
2020-04-10 21:17:46,366 Thread-2 > Starting garbage collector: 72 / 196 MB
2020-04-10 21:17:46,407 Thread-2 > Garbage collector completed: 14 / 196 MB
2020-04-10 21:17:46,408 Thread-2 > [Browser] Running in JavaFX Thread
2020-04-10 21:17:46,409 Thread-2 > [Browser] Preparing JavaFX...
2020-04-10 21:17:46,409 Thread-2 > [Loading] LOADING_MANAGERS
2020-04-10 21:17:46,414 Thread-2 > [LocalVersionList] Base directory: C:\Users\asash\AppData\Roaming\.minecraft
2020-04-10 21:17:46,424 Thread-2 > [ProfileManager] Refreshing profiles from: C:\Users\asash\AppData\Roaming\.minecraft\TlauncherProfiles.json
2020-04-10 21:17:46,426 Thread-2 > [AdvertisingStatusObserver]  started to get ad information
2020-04-10 21:17:46,426 Thread-2 > [AdvertisingStatusObserver]  finished to get add information
2020-04-10 21:17:46,427 Thread-2 > [GsonUtil]  request to http://repo.tlauncher.org/update/downloads/libraries/org/tlauncher/authlib/libraries-1.6.json
2020-04-10 21:17:46,432 Thread-2 > [Loading] LOADING_WINDOW
2020-04-10 21:17:46,454 Thread-2 > [Loading] PREPARING_MAINPANE
2020-04-10 21:17:46,473 Thread-2 > [Browser] Initializing...
2020-04-10 21:17:46,615 Thread-2 > [REPO][SERVER_LIST_REPO] Success: Reached the repo in 184 ms.
2020-04-10 21:17:47,063 Thread-2 > [Downloader2] Loaded configuration: good
2020-04-10 21:17:47,562 Thread-2 > [JFXStartPageLoader]  succeeded load page: http://page.tlauncher.org/update/downloads/configs/client/index.html during 1
2020-04-10 21:17:47,562 Thread-2 > [Browser@2086528045] Loaded successfully: "http://page.tlauncher.org/update/downloads/configs/client/index.html"
2020-04-10 21:17:47,625 Thread-2 > [Browser] add listens into server_choose
2020-04-10 21:17:47,625 Thread-2 > [Browser] finished listens into server_choose
2020-04-10 21:17:47,965 Thread-2 > [Loading] POSTINIT_GUI
2020-04-10 21:17:47,965 Thread-2 > [Frame] Packing main frame...
2020-04-10 21:17:48,017 Thread-2 > [Frame] Resizing main pane...
2020-04-10 21:17:48,018 Thread-2 > Updater is already closed. Showing up...
2020-04-10 21:17:48,018 Thread-2 > Visibility set.
2020-04-10 21:17:48,019 Thread-2 > [Loading] REFRESHING_INFO
2020-04-10 21:17:48,021 Thread-2 > [VersionManager] Refreshing versions remotely...
2020-04-10 21:17:48,021 Thread-2 > [REPO][EXTRA_VERSION_REPO] Attempt #1; timeout: 45000 ms; url: http://repo.tlauncher.org/update/downloads/versions/new3/
2020-04-10 21:17:48,022 Thread-2 > Started! (2514 ms.)
2020-04-10 21:17:48,023 Thread-2 > [Loading] SUCCESS
2020-04-10 21:17:48,023 Thread-2 [Bootstrapper] I can be terminated now: 0
2020-04-12 18:34:25,553 main 
2020-04-12 18:34:25,553 main -------------------------------------------------------------------
2020-04-12 18:34:25,932 main run double running protectin
2020-04-12 18:34:25,935 main [Downloader2] Loaded configuration: normal
2020-04-12 18:34:26,327 main [Bootstrapper] createLauncher
2020-04-12 18:34:26,327 main path C:\Program Files\Java\jre1.8.0_45
2020-04-12 18:34:26,327 main [Bootstrapper] choose jvm:C:\Program Files\Java\jre1.8.0_45\bin\javaw.exe
2020-04-12 18:34:26,328 main [Bootstrapper] validate files
2020-04-12 18:34:26,328 main [Bootstrapper] end validated files
2020-04-12 18:34:26,328 main [Bootstrapper] Starting launcher...
2020-04-12 18:34:26,427 Thread-2 > [TLAUNCHER][STATIC] initialize inner config
2020-04-12 18:34:26,451 Thread-2 > [Loading] INITIALIZING
2020-04-12 18:34:27,522 Thread-2 > Starting TLauncher 2.69 RELEASE
2020-04-12 18:34:27,522 Thread-2 > For more information, visit https://tlauncher.org/
2020-04-12 18:34:27,522 Thread-2 > Startup time: 12.04.2020 18:34:27
2020-04-12 18:34:27,523 Thread-2 > ---
2020-04-12 18:34:27,525 Thread-2 > run double running protectin
2020-04-12 18:34:29,780 Thread-2 > [Loading] LOADING_CONFIGURATION
2020-04-12 18:34:29,780 Thread-2 > Loading configuration from file: C:\Users\asash\AppData\Roaming\.tlauncher\tlauncher-2.0.properties
2020-04-12 18:34:29,807 Thread-2 > [Configuration] Constant values: {}
2020-04-12 18:34:29,823 Thread-2 > Machine info: -------------------------------------------------------
2020-04-12 18:34:29,823 Thread-2 > Windows 8.1 6.3, Java 1.8.0_45, jvm bit x64, 16276 MB RAM
2020-04-12 18:34:29,823 Thread-2 > java path=C:\Program Files\Java\jre1.8.0_45\bin\javaw.exe
2020-04-12 18:34:29,823 Thread-2 > Intel(R) Core(TM) i9-9880H CPU @ 2.30GHz
2020-04-12 18:34:29,823 Thread-2 >  AMD Radeon Pro 5500M, AMD FirePro (0x7340), 12194 MB
2020-04-12 18:34:29,823 Thread-2 > -------------------------------------------------------
2020-04-12 18:34:29,823 Thread-2 > Selected locale: ru_RU
2020-04-12 18:34:29,859 Thread-2 > [Loading] LOADING_CONSOLE
2020-04-12 18:34:29,945 Thread-2 > [Swing] Favicons loaded: 256px, 128px, 96px, 64px, 48px, 32px, 24px, 16px
2020-04-12 18:34:30,154 Thread-2 > 
2020-04-12 18:34:30,235 Thread-2 > [Downloader2] Loaded configuration: good
2020-04-12 18:34:30,354 Thread-2 > [Updater] Requesting an update...
2020-04-12 18:34:30,356 Thread-2 > [Updater] Requesting from: http://repo.tlauncher.org/update/lch/update_2.0.json
2020-04-12 18:34:30,356 Thread-2 > [Updater] Making request: http://repo.tlauncher.org/update/lch/update_2.0.json?version=2.69&client=440be4d8-8fc3-48cd-8ffe-e7eb2df08ff3
2020-04-12 18:34:30,461 Thread-2 > [Browser] Loading resources...
2020-04-12 18:34:30,518 Thread-2 > [Browser] Loading background...
2020-04-12 18:34:30,550 Thread-2 > [Browser] Cleaning up after loading:
2020-04-12 18:34:30,550 Thread-2 > Starting garbage collector: 70 / 146 MB
2020-04-12 18:34:30,596 Thread-2 > Garbage collector completed: 13 / 146 MB
2020-04-12 18:34:30,598 Thread-2 > [Loading] LOADING_MANAGERS
2020-04-12 18:34:30,603 Thread-2 > [LocalVersionList] Base directory: C:\Users\asash\AppData\Roaming\.minecraft
2020-04-12 18:34:30,611 Thread-2 > [JFXStartPageLoader]  start load page: http://page.tlauncher.org/update/downloads/configs/client/index.html
2020-04-12 18:34:30,612 Thread-2 > [ProfileManager] Refreshing profiles from: C:\Users\asash\AppData\Roaming\.minecraft\TlauncherProfiles.json
2020-04-12 18:34:30,620 Thread-2 > [Browser] Running in JavaFX Thread
2020-04-12 18:34:30,620 Thread-2 > [Browser] Preparing JavaFX...
2020-04-12 18:34:30,628 Thread-2 > [AdvertisingStatusObserver]  started to get ad information
2020-04-12 18:34:30,628 Thread-2 > [AdvertisingStatusObserver]  finished to get add information
2020-04-12 18:34:30,628 Thread-2 > [GsonUtil]  request to http://repo.tlauncher.org/update/downloads/libraries/org/tlauncher/authlib/libraries-1.6.json
2020-04-12 18:34:30,633 Thread-2 > [Loading] LOADING_WINDOW
2020-04-12 18:34:30,660 Thread-2 > [Loading] PREPARING_MAINPANE
2020-04-12 18:34:30,691 Thread-2 > [Browser] Initializing...
2020-04-12 18:34:30,949 Thread-2 > [Updater] Request time: 593 ms
2020-04-12 18:34:30,949 Thread-2 > [Updater] Successfully requested from: http://repo.tlauncher.org/update/lch/update_2.0.json
2020-04-12 18:34:31,137 Thread-2 > [REPO][SERVER_LIST_REPO] Success: Reached the repo in 503 ms.
2020-04-12 18:34:31,699 Thread-2 > [Downloader2] Loaded configuration: good
2020-04-12 18:34:32,630 Thread-2 > [Loading] POSTINIT_GUI
2020-04-12 18:34:32,630 Thread-2 > [Frame] Packing main frame...
2020-04-12 18:34:32,689 Thread-2 > [Frame] Resizing main pane...
2020-04-12 18:34:32,689 Thread-2 > Updater is already closed. Showing up...
2020-04-12 18:34:32,690 Thread-2 > Visibility set.
2020-04-12 18:34:32,690 Thread-2 > [Loading] REFRESHING_INFO
2020-04-12 18:34:32,692 Thread-2 > [VersionManager] Refreshing versions remotely...
2020-04-12 18:34:32,693 Thread-2 > [REPO][EXTRA_VERSION_REPO] Attempt #1; timeout: 45000 ms; url: http://repo.tlauncher.org/update/downloads/versions/new3/
2020-04-12 18:34:32,694 Thread-2 > Started! (2915 ms.)
2020-04-12 18:34:32,695 Thread-2 > [Loading] SUCCESS
2020-04-12 18:34:32,695 Thread-2 [Bootstrapper] I can be terminated now: 0
2020-04-14 16:05:40,055 main 
2020-04-14 16:05:40,056 main -------------------------------------------------------------------
2020-04-14 16:05:40,408 main run double running protectin
2020-04-14 16:05:40,411 main [Downloader2] Loaded configuration: normal
2020-04-14 16:05:40,644 main [Bootstrapper] createLauncher
2020-04-14 16:05:40,645 main path C:\Program Files\Java\jre1.8.0_45
2020-04-14 16:05:40,645 main [Bootstrapper] choose jvm:C:\Program Files\Java\jre1.8.0_45\bin\javaw.exe
2020-04-14 16:05:40,645 main [Bootstrapper] validate files
2020-04-14 16:05:40,645 main [Bootstrapper] end validated files
2020-04-14 16:05:40,645 main [Bootstrapper] Starting launcher...
2020-04-14 16:05:40,741 Thread-2 > [TLAUNCHER][STATIC] initialize inner config
2020-04-14 16:05:40,765 Thread-2 > [Loading] INITIALIZING
2020-04-14 16:05:41,732 Thread-2 > Starting TLauncher 2.69 RELEASE
2020-04-14 16:05:41,732 Thread-2 > For more information, visit https://tlauncher.org/
2020-04-14 16:05:41,733 Thread-2 > Startup time: 14.04.2020 16:05:41
2020-04-14 16:05:41,733 Thread-2 > ---
2020-04-14 16:05:41,734 Thread-2 > run double running protectin
2020-04-14 16:05:41,839 Thread-2 > [Loading] LOADING_CONFIGURATION
2020-04-14 16:05:41,839 Thread-2 > Loading configuration from file: C:\Users\asash\AppData\Roaming\.tlauncher\tlauncher-2.0.properties
2020-04-14 16:05:41,845 Thread-2 > [Configuration] Constant values: {}
2020-04-14 16:05:41,888 Thread-2 > Machine info: -------------------------------------------------------
2020-04-14 16:05:41,888 Thread-2 > Windows 8.1 6.3, Java 1.8.0_45, jvm bit x64, 16276 MB RAM
2020-04-14 16:05:41,888 Thread-2 > java path=C:\Program Files\Java\jre1.8.0_45\bin\javaw.exe
2020-04-14 16:05:41,888 Thread-2 > Intel(R) Core(TM) i9-9880H CPU @ 2.30GHz
2020-04-14 16:05:41,888 Thread-2 >  AMD Radeon Pro 5500M, AMD FirePro (0x7340), 12194 MB
2020-04-14 16:05:41,888 Thread-2 > -------------------------------------------------------
2020-04-14 16:05:41,888 Thread-2 > Selected locale: ru_RU
2020-04-14 16:05:41,926 Thread-2 > [Loading] LOADING_CONSOLE
2020-04-14 16:05:42,039 Thread-2 > [Swing] Favicons loaded: 256px, 128px, 96px, 64px, 48px, 32px, 24px, 16px
2020-04-14 16:05:42,248 Thread-2 > 
2020-04-14 16:05:42,325 Thread-2 > [Downloader2] Loaded configuration: good
2020-04-14 16:05:42,448 Thread-2 > [Updater] Requesting an update...
2020-04-14 16:05:42,450 Thread-2 > [Updater] Requesting from: http://repo.tlauncher.org/update/lch/update_2.0.json
2020-04-14 16:05:42,450 Thread-2 > [Updater] Making request: http://repo.tlauncher.org/update/lch/update_2.0.json?version=2.69&client=440be4d8-8fc3-48cd-8ffe-e7eb2df08ff3
2020-04-14 16:05:42,493 Thread-2 > [Updater] Request time: 44 ms
2020-04-14 16:05:42,493 Thread-2 > [Updater] Successfully requested from: http://repo.tlauncher.org/update/lch/update_2.0.json
2020-04-14 16:05:42,559 Thread-2 > [Browser] Loading resources...
2020-04-14 16:05:42,653 Thread-2 > [Browser] Loading background...
2020-04-14 16:05:42,660 Thread-2 > [JFXStartPageLoader]  start load page: http://page.tlauncher.org/update/downloads/configs/client/index.html
2020-04-14 16:05:42,707 Thread-2 > [Browser] Cleaning up after loading:
2020-04-14 16:05:42,708 Thread-2 > Starting garbage collector: 71 / 195 MB
2020-04-14 16:05:42,751 Thread-2 > Garbage collector completed: 14 / 195 MB
2020-04-14 16:05:42,752 Thread-2 > [Browser] Running in JavaFX Thread
2020-04-14 16:05:42,752 Thread-2 > [Browser] Preparing JavaFX...
2020-04-14 16:05:42,753 Thread-2 > [Loading] LOADING_MANAGERS
2020-04-14 16:05:42,758 Thread-2 > [LocalVersionList] Base directory: C:\Users\asash\AppData\Roaming\.minecraft
2020-04-14 16:05:42,767 Thread-2 > [ProfileManager] Refreshing profiles from: C:\Users\asash\AppData\Roaming\.minecraft\TlauncherProfiles.json
2020-04-14 16:05:42,771 Thread-2 > [AdvertisingStatusObserver]  started to get ad information
2020-04-14 16:05:42,771 Thread-2 > [AdvertisingStatusObserver]  finished to get add information
2020-04-14 16:05:42,771 Thread-2 > [GsonUtil]  request to http://repo.tlauncher.org/update/downloads/libraries/org/tlauncher/authlib/libraries-1.6.json
2020-04-14 16:05:42,775 Thread-2 > [Loading] LOADING_WINDOW
2020-04-14 16:05:42,800 Thread-2 > [Loading] PREPARING_MAINPANE
2020-04-14 16:05:42,822 Thread-2 > [Browser] Initializing...
2020-04-14 16:05:43,259 Thread-2 > [Downloader2] Loaded configuration: good
2020-04-14 16:05:43,287 Thread-2 > [JFXStartPageLoader]  succeeded load page: http://page.tlauncher.org/update/downloads/configs/client/index.html during 0
2020-04-14 16:05:43,287 Thread-2 > [Browser@979465782] Loaded successfully: "http://page.tlauncher.org/update/downloads/configs/client/index.html"
2020-04-14 16:05:43,352 Thread-2 > [Browser] add listens into server_choose
2020-04-14 16:05:43,353 Thread-2 > [Browser] finished listens into server_choose
2020-04-14 16:05:43,790 Thread-2 > [REPO][SERVER_LIST_REPO] Success: Reached the repo in 1014 ms.
2020-04-14 16:05:44,159 Thread-2 > [Loading] POSTINIT_GUI
2020-04-14 16:05:44,159 Thread-2 > [Frame] Packing main frame...
2020-04-14 16:05:44,210 Thread-2 > [Frame] Resizing main pane...
2020-04-14 16:05:44,210 Thread-2 > Updater is already closed. Showing up...
2020-04-14 16:05:44,210 Thread-2 > Visibility set.
2020-04-14 16:05:44,212 Thread-2 > [Loading] REFRESHING_INFO
2020-04-14 16:05:44,214 Thread-2 > [VersionManager] Refreshing versions remotely...
2020-04-14 16:05:44,214 Thread-2 > [REPO][EXTRA_VERSION_REPO] Attempt #1; timeout: 45000 ms; url: http://repo.tlauncher.org/update/downloads/versions/new3/
2020-04-14 16:05:44,215 Thread-2 > Started! (2376 ms.)
2020-04-14 16:05:44,215 Thread-2 > [Loading] SUCCESS
2020-04-14 16:05:44,215 Thread-2 [Bootstrapper] I can be terminated now: 0
2020-04-14 19:05:44,715 main 
2020-04-14 19:05:44,716 main -------------------------------------------------------------------
2020-04-14 19:05:45,127 main run double running protectin
2020-04-14 19:05:45,130 main [Downloader2] Loaded configuration: normal
2020-04-14 19:05:45,388 main [Bootstrapper] createLauncher
2020-04-14 19:05:45,388 main path C:\Program Files\Java\jre1.8.0_45
2020-04-14 19:05:45,388 main [Bootstrapper] choose jvm:C:\Program Files\Java\jre1.8.0_45\bin\javaw.exe
2020-04-14 19:05:45,389 main [Bootstrapper] validate files
2020-04-14 19:05:45,389 main [Bootstrapper] end validated files
2020-04-14 19:05:45,389 main [Bootstrapper] Starting launcher...
2020-04-14 19:05:45,498 Thread-2 > [TLAUNCHER][STATIC] initialize inner config
2020-04-14 19:05:45,525 Thread-2 > [Loading] INITIALIZING
2020-04-14 19:05:46,558 Thread-2 > Starting TLauncher 2.69 RELEASE
2020-04-14 19:05:46,559 Thread-2 > For more information, visit https://tlauncher.org/
2020-04-14 19:05:46,559 Thread-2 > Startup time: 14.04.2020 19:05:46
2020-04-14 19:05:46,559 Thread-2 > ---
2020-04-14 19:05:46,561 Thread-2 > run double running protectin
2020-04-14 19:05:47,272 Thread-2 > [Loading] LOADING_CONFIGURATION
2020-04-14 19:05:47,273 Thread-2 > Loading configuration from file: C:\Users\asash\AppData\Roaming\.tlauncher\tlauncher-2.0.properties
2020-04-14 19:05:47,280 Thread-2 > [Configuration] Constant values: {}
2020-04-14 19:05:47,325 Thread-2 > Machine info: -------------------------------------------------------
2020-04-14 19:05:47,325 Thread-2 > Windows 8.1 6.3, Java 1.8.0_45, jvm bit x64, 16276 MB RAM
2020-04-14 19:05:47,325 Thread-2 > java path=C:\Program Files\Java\jre1.8.0_45\bin\javaw.exe
2020-04-14 19:05:47,325 Thread-2 > Intel(R) Core(TM) i9-9880H CPU @ 2.30GHz
2020-04-14 19:05:47,325 Thread-2 >  AMD Radeon Pro 5500M, AMD FirePro (0x7340), 12194 MB
2020-04-14 19:05:47,326 Thread-2 > -------------------------------------------------------
2020-04-14 19:05:47,326 Thread-2 > Selected locale: ru_RU
2020-04-14 19:05:47,365 Thread-2 > [Loading] LOADING_CONSOLE
2020-04-14 19:05:47,474 Thread-2 > [Swing] Favicons loaded: 256px, 128px, 96px, 64px, 48px, 32px, 24px, 16px
2020-04-14 19:05:47,685 Thread-2 > 
2020-04-14 19:05:47,800 Thread-2 > [Downloader2] Loaded configuration: good
2020-04-14 19:05:47,924 Thread-2 > [Updater] Requesting an update...
2020-04-14 19:05:47,926 Thread-2 > [Updater] Requesting from: http://repo.tlauncher.org/update/lch/update_2.0.json
2020-04-14 19:05:47,926 Thread-2 > [Updater] Making request: http://repo.tlauncher.org/update/lch/update_2.0.json?version=2.69&client=440be4d8-8fc3-48cd-8ffe-e7eb2df08ff3
2020-04-14 19:05:47,980 Thread-2 > [Updater] Request time: 55 ms
2020-04-14 19:05:47,981 Thread-2 > [Updater] Successfully requested from: http://repo.tlauncher.org/update/lch/update_2.0.json
2020-04-14 19:05:48,113 Thread-2 > [Browser] Loading resources...
2020-04-14 19:05:48,256 Thread-2 > [Browser] Loading background...
2020-04-14 19:05:48,272 Thread-2 > [JFXStartPageLoader]  start load page: http://page.tlauncher.org/update/downloads/configs/client/index.html
2020-04-14 19:05:48,345 Thread-2 > [Browser] Cleaning up after loading:
2020-04-14 19:05:48,346 Thread-2 > Starting garbage collector: 77 / 195 MB
2020-04-14 19:05:48,424 Thread-2 > Garbage collector completed: 15 / 195 MB
2020-04-14 19:05:48,425 Thread-2 > [Browser] Running in JavaFX Thread
2020-04-14 19:05:48,425 Thread-2 > [Browser] Preparing JavaFX...
2020-04-14 19:05:48,426 Thread-2 > [Loading] LOADING_MANAGERS
2020-04-14 19:05:48,433 Thread-2 > [LocalVersionList] Base directory: C:\Users\asash\AppData\Roaming\.minecraft
2020-04-14 19:05:48,446 Thread-2 > [ProfileManager] Refreshing profiles from: C:\Users\asash\AppData\Roaming\.minecraft\TlauncherProfiles.json
2020-04-14 19:05:48,453 Thread-2 > [AdvertisingStatusObserver]  started to get ad information
2020-04-14 19:05:48,454 Thread-2 > [AdvertisingStatusObserver]  finished to get add information
2020-04-14 19:05:48,455 Thread-2 > [GsonUtil]  request to http://repo.tlauncher.org/update/downloads/libraries/org/tlauncher/authlib/libraries-1.6.json
2020-04-14 19:05:48,463 Thread-2 > [Loading] LOADING_WINDOW
2020-04-14 19:05:48,505 Thread-2 > [Loading] PREPARING_MAINPANE
2020-04-14 19:05:48,544 Thread-2 > [Browser] Initializing...
2020-04-14 19:05:49,098 Thread-2 > [Downloader2] Loaded configuration: good
2020-04-14 19:05:49,204 Thread-2 > [JFXStartPageLoader]  succeeded load page: http://page.tlauncher.org/update/downloads/configs/client/index.html during 0
2020-04-14 19:05:49,205 Thread-2 > [Browser@2094046149] Loaded successfully: "http://page.tlauncher.org/update/downloads/configs/client/index.html"
2020-04-14 19:05:49,312 Thread-2 > [Browser] add listens into server_choose
2020-04-14 19:05:49,313 Thread-2 > [Browser] finished listens into server_choose
2020-04-14 19:05:49,506 Thread-2 > [REPO][SERVER_LIST_REPO] Success: Reached the repo in 1042 ms.
2020-04-14 19:05:50,262 Thread-2 > [Loading] POSTINIT_GUI
2020-04-14 19:05:50,262 Thread-2 > [Frame] Packing main frame...
2020-04-14 19:05:50,331 Thread-2 > [Frame] Resizing main pane...
2020-04-14 19:05:50,332 Thread-2 > Updater is already closed. Showing up...
2020-04-14 19:05:50,332 Thread-2 > Visibility set.
2020-04-14 19:05:50,333 Thread-2 > [Loading] REFRESHING_INFO
2020-04-14 19:05:50,335 Thread-2 > [VersionManager] Refreshing versions remotely...
2020-04-14 19:05:50,335 Thread-2 > [REPO][EXTRA_VERSION_REPO] Attempt #1; timeout: 45000 ms; url: http://repo.tlauncher.org/update/downloads/versions/new3/
2020-04-14 19:05:50,335 Thread-2 > Started! (3063 ms.)
2020-04-14 19:05:50,336 Thread-2 > [Loading] SUCCESS
2020-04-14 19:05:50,336 Thread-2 [Bootstrapper] I can be terminated now: 0
