2020-04-08 19:53:20,971 main 
2020-04-08 19:53:20,972 main -------------------------------------------------------------------
2020-04-08 19:53:21,284 main run double running protectin
2020-04-08 19:53:21,286 main [Downloader2] Loaded configuration: normal
2020-04-08 19:53:21,526 main [Bootstrapper] createLauncher
2020-04-08 19:53:21,527 main path C:\Program Files\Java\jre1.8.0_45
2020-04-08 19:53:21,527 main [Bootstrapper] choose jvm:C:\Program Files\Java\jre1.8.0_45\bin\javaw.exe
2020-04-08 19:53:21,527 main [Bootstrapper] validate files
2020-04-08 19:53:21,527 main [Bootstrapper] end validated files
2020-04-08 19:53:21,528 main [Bootstrapper] Starting launcher...
2020-04-08 19:53:21,623 Thread-2 > [TLAUNCHER][STATIC] initialize inner config
2020-04-08 19:53:21,649 Thread-2 > [Loading] INITIALIZING
2020-04-08 19:53:22,617 Thread-2 > Starting TLauncher 2.69 RELEASE
2020-04-08 19:53:22,618 Thread-2 > For more information, visit https://tlauncher.org/
2020-04-08 19:53:22,618 Thread-2 > Startup time: 08.04.2020 19:53:22
2020-04-08 19:53:22,618 Thread-2 > ---
2020-04-08 19:53:22,620 Thread-2 > run double running protectin
2020-04-08 19:53:22,742 Thread-2 > [Loading] LOADING_CONFIGURATION
2020-04-08 19:53:22,742 Thread-2 > Loading configuration from file: C:\Users\asash\AppData\Roaming\.tlauncher\tlauncher-2.0.properties
2020-04-08 19:53:22,747 Thread-2 > [Configuration] Constant values: {}
2020-04-08 19:53:22,787 Thread-2 > Machine info: -------------------------------------------------------
2020-04-08 19:53:22,787 Thread-2 > Windows 8.1 6.3, Java 1.8.0_45, jvm bit x64, 16276 MB RAM
2020-04-08 19:53:22,787 Thread-2 > java path=C:\Program Files\Java\jre1.8.0_45\bin\javaw.exe
2020-04-08 19:53:22,788 Thread-2 > Intel(R) Core(TM) i9-9880H CPU @ 2.30GHz
2020-04-08 19:53:22,788 Thread-2 >  AMD Radeon Pro 5500M, AMD FirePro (0x7340), 12194 MB
2020-04-08 19:53:22,788 Thread-2 > -------------------------------------------------------
2020-04-08 19:53:22,788 Thread-2 > Selected locale: ru_RU
2020-04-08 19:53:22,824 Thread-2 > [Loading] LOADING_CONSOLE
2020-04-08 19:53:22,907 Thread-2 > [Swing] Favicons loaded: 256px, 128px, 96px, 64px, 48px, 32px, 24px, 16px
2020-04-08 19:53:23,115 Thread-2 > 
2020-04-08 19:53:23,196 Thread-2 > [Downloader2] Loaded configuration: good
2020-04-08 19:53:23,316 Thread-2 > [Updater] Requesting an update...
2020-04-08 19:53:23,317 Thread-2 > [Updater] Requesting from: http://repo.tlauncher.org/update/lch/update_2.0.json
2020-04-08 19:53:23,318 Thread-2 > [Updater] Making request: http://repo.tlauncher.org/update/lch/update_2.0.json?version=2.69&client=440be4d8-8fc3-48cd-8ffe-e7eb2df08ff3
2020-04-08 19:53:23,354 Thread-2 > [Updater] Request time: 37 ms
2020-04-08 19:53:23,355 Thread-2 > [Updater] Successfully requested from: http://repo.tlauncher.org/update/lch/update_2.0.json
2020-04-08 19:53:23,433 Thread-2 > [Browser] Loading resources...
2020-04-08 19:53:23,525 Thread-2 > [Browser] Loading background...
2020-04-08 19:53:23,531 Thread-2 > [JFXStartPageLoader]  start load page: http://page.tlauncher.org/update/downloads/configs/client/index.html
2020-04-08 19:53:23,579 Thread-2 > [Browser] Cleaning up after loading:
2020-04-08 19:53:23,579 Thread-2 > Starting garbage collector: 71 / 195 MB
2020-04-08 19:53:23,624 Thread-2 > Garbage collector completed: 14 / 195 MB
2020-04-08 19:53:23,625 Thread-2 > [Browser] Running in JavaFX Thread
2020-04-08 19:53:23,625 Thread-2 > [Browser] Preparing JavaFX...
2020-04-08 19:53:23,626 Thread-2 > [Loading] LOADING_MANAGERS
2020-04-08 19:53:23,631 Thread-2 > [LocalVersionList] Base directory: C:\Users\asash\AppData\Roaming\.minecraft
2020-04-08 19:53:23,640 Thread-2 > [ProfileManager] Refreshing profiles from: C:\Users\asash\AppData\Roaming\.minecraft\TlauncherProfiles.json
2020-04-08 19:53:23,642 Thread-2 > [AdvertisingStatusObserver]  started to get ad information
2020-04-08 19:53:23,642 Thread-2 > [AdvertisingStatusObserver]  finished to get add information
2020-04-08 19:53:23,644 Thread-2 > [GsonUtil]  request to http://repo.tlauncher.org/update/downloads/libraries/org/tlauncher/authlib/libraries-1.6.json
2020-04-08 19:53:23,647 Thread-2 > [Loading] LOADING_WINDOW
2020-04-08 19:53:23,672 Thread-2 > [Loading] PREPARING_MAINPANE
2020-04-08 19:53:23,697 Thread-2 > [Browser] Initializing...
2020-04-08 19:53:23,748 Thread-2 > [REPO][SERVER_LIST_REPO] Success: Reached the repo in 101 ms.
2020-04-08 19:53:24,121 Thread-2 > [Downloader2] Loaded configuration: good
2020-04-08 19:53:24,159 Thread-2 > [JFXStartPageLoader]  succeeded load page: http://page.tlauncher.org/update/downloads/configs/client/index.html during 0
2020-04-08 19:53:24,159 Thread-2 > [Browser@997087722] Loaded successfully: "http://page.tlauncher.org/update/downloads/configs/client/index.html"
2020-04-08 19:53:24,222 Thread-2 > [Browser] add listens into server_choose
2020-04-08 19:53:24,223 Thread-2 > [Browser] finished listens into server_choose
2020-04-08 19:53:25,020 Thread-2 > [Loading] POSTINIT_GUI
2020-04-08 19:53:25,020 Thread-2 > [Frame] Packing main frame...
2020-04-08 19:53:25,071 Thread-2 > [Frame] Resizing main pane...
2020-04-08 19:53:25,071 Thread-2 > Updater is already closed. Showing up...
2020-04-08 19:53:25,071 Thread-2 > Visibility set.
2020-04-08 19:53:25,072 Thread-2 > [Loading] REFRESHING_INFO
2020-04-08 19:53:25,074 Thread-2 > [VersionManager] Refreshing versions remotely...
2020-04-08 19:53:25,074 Thread-2 > [REPO][EXTRA_VERSION_REPO] Attempt #1; timeout: 45000 ms; url: http://repo.tlauncher.org/update/downloads/versions/new3/
2020-04-08 19:53:25,075 Thread-2 > Started! (2334 ms.)
2020-04-08 19:53:25,075 Thread-2 > [Loading] SUCCESS
2020-04-08 19:53:25,075 Thread-2 [Bootstrapper] I can be terminated now: 0
2020-04-11 22:38:05,165 main 
2020-04-11 22:38:05,166 main -------------------------------------------------------------------
2020-04-11 22:38:05,488 main run double running protectin
2020-04-11 22:38:05,490 main [Downloader2] Loaded configuration: normal
2020-04-11 22:38:05,746 main [Bootstrapper] createLauncher
2020-04-11 22:38:05,746 main path C:\Program Files\Java\jre1.8.0_45
2020-04-11 22:38:05,747 main [Bootstrapper] choose jvm:C:\Program Files\Java\jre1.8.0_45\bin\javaw.exe
2020-04-11 22:38:05,747 main [Bootstrapper] validate files
2020-04-11 22:38:05,747 main [Bootstrapper] end validated files
2020-04-11 22:38:05,747 main [Bootstrapper] Starting launcher...
2020-04-11 22:38:05,853 Thread-2 > [TLAUNCHER][STATIC] initialize inner config
2020-04-11 22:38:05,880 Thread-2 > [Loading] INITIALIZING
2020-04-11 22:38:06,954 Thread-2 > Starting TLauncher 2.69 RELEASE
2020-04-11 22:38:06,954 Thread-2 > For more information, visit https://tlauncher.org/
2020-04-11 22:38:06,955 Thread-2 > Startup time: 11.04.2020 22:38:06
2020-04-11 22:38:06,955 Thread-2 > ---
2020-04-11 22:38:06,956 Thread-2 > run double running protectin
2020-04-11 22:38:07,138 Thread-2 > [Loading] LOADING_CONFIGURATION
2020-04-11 22:38:07,139 Thread-2 > Loading configuration from file: C:\Users\asash\AppData\Roaming\.tlauncher\tlauncher-2.0.properties
2020-04-11 22:38:07,145 Thread-2 > [Configuration] Constant values: {}
2020-04-11 22:38:07,186 Thread-2 > Machine info: -------------------------------------------------------
2020-04-11 22:38:07,186 Thread-2 > Windows 8.1 6.3, Java 1.8.0_45, jvm bit x64, 16276 MB RAM
2020-04-11 22:38:07,186 Thread-2 > java path=C:\Program Files\Java\jre1.8.0_45\bin\javaw.exe
2020-04-11 22:38:07,186 Thread-2 > Intel(R) Core(TM) i9-9880H CPU @ 2.30GHz
2020-04-11 22:38:07,186 Thread-2 >  AMD Radeon Pro 5500M, AMD FirePro (0x7340), 12194 MB
2020-04-11 22:38:07,186 Thread-2 > -------------------------------------------------------
2020-04-11 22:38:07,186 Thread-2 > Selected locale: ru_RU
2020-04-11 22:38:07,222 Thread-2 > [Loading] LOADING_CONSOLE
2020-04-11 22:38:07,314 Thread-2 > [Swing] Favicons loaded: 256px, 128px, 96px, 64px, 48px, 32px, 24px, 16px
2020-04-11 22:38:07,522 Thread-2 > 
2020-04-11 22:38:07,609 Thread-2 > [Downloader2] Loaded configuration: good
2020-04-11 22:38:07,729 Thread-2 > [Updater] Requesting an update...
2020-04-11 22:38:07,730 Thread-2 > [Updater] Requesting from: http://repo.tlauncher.org/update/lch/update_2.0.json
2020-04-11 22:38:07,731 Thread-2 > [Updater] Making request: http://repo.tlauncher.org/update/lch/update_2.0.json?version=2.69&client=440be4d8-8fc3-48cd-8ffe-e7eb2df08ff3
2020-04-11 22:38:07,867 Thread-2 > [Browser] Loading resources...
2020-04-11 22:38:07,888 Thread-2 > [Updater] Request time: 157 ms
2020-04-11 22:38:07,888 Thread-2 > [Updater] Successfully requested from: http://repo.tlauncher.org/update/lch/update_2.0.json
2020-04-11 22:38:07,962 Thread-2 > [Browser] Loading background...
2020-04-11 22:38:07,973 Thread-2 > [JFXStartPageLoader]  start load page: http://page.tlauncher.org/update/downloads/configs/client/index.html
2020-04-11 22:38:08,020 Thread-2 > [Browser] Cleaning up after loading:
2020-04-11 22:38:08,020 Thread-2 > Starting garbage collector: 71 / 194 MB
2020-04-11 22:38:08,066 Thread-2 > Garbage collector completed: 14 / 194 MB
2020-04-11 22:38:08,067 Thread-2 > [Browser] Running in JavaFX Thread
2020-04-11 22:38:08,067 Thread-2 > [Browser] Preparing JavaFX...
2020-04-11 22:38:08,068 Thread-2 > [Loading] LOADING_MANAGERS
2020-04-11 22:38:08,073 Thread-2 > [LocalVersionList] Base directory: C:\Users\asash\AppData\Roaming\.minecraft
2020-04-11 22:38:08,081 Thread-2 > [ProfileManager] Refreshing profiles from: C:\Users\asash\AppData\Roaming\.minecraft\TlauncherProfiles.json
2020-04-11 22:38:08,084 Thread-2 > [AdvertisingStatusObserver]  started to get ad information
2020-04-11 22:38:08,084 Thread-2 > [AdvertisingStatusObserver]  finished to get add information
2020-04-11 22:38:08,085 Thread-2 > [GsonUtil]  request to http://repo.tlauncher.org/update/downloads/libraries/org/tlauncher/authlib/libraries-1.6.json
2020-04-11 22:38:08,088 Thread-2 > [Loading] LOADING_WINDOW
2020-04-11 22:38:08,111 Thread-2 > [Loading] PREPARING_MAINPANE
2020-04-11 22:38:08,131 Thread-2 > [Browser] Initializing...
2020-04-11 22:38:08,278 Thread-2 > [REPO][SERVER_LIST_REPO] Success: Reached the repo in 189 ms.
2020-04-11 22:38:08,605 Thread-2 > [Downloader2] Loaded configuration: good
2020-04-11 22:38:09,204 Thread-2 > [JFXStartPageLoader]  succeeded load page: http://page.tlauncher.org/update/downloads/configs/client/index.html during 1
2020-04-11 22:38:09,205 Thread-2 > [Browser@1550343193] Loaded successfully: "http://page.tlauncher.org/update/downloads/configs/client/index.html"
2020-04-11 22:38:09,282 Thread-2 > [Browser] add listens into server_choose
2020-04-11 22:38:09,283 Thread-2 > [Browser] finished listens into server_choose
2020-04-11 22:38:09,540 Thread-2 > [Loading] POSTINIT_GUI
2020-04-11 22:38:09,540 Thread-2 > [Frame] Packing main frame...
2020-04-11 22:38:09,595 Thread-2 > [Frame] Resizing main pane...
2020-04-11 22:38:09,596 Thread-2 > Updater is already closed. Showing up...
2020-04-11 22:38:09,596 Thread-2 > Visibility set.
2020-04-11 22:38:09,597 Thread-2 > [Loading] REFRESHING_INFO
2020-04-11 22:38:09,599 Thread-2 > [VersionManager] Refreshing versions remotely...
2020-04-11 22:38:09,599 Thread-2 > [REPO][EXTRA_VERSION_REPO] Attempt #1; timeout: 45000 ms; url: http://repo.tlauncher.org/update/downloads/versions/new3/
2020-04-11 22:38:09,600 Thread-2 > Started! (2461 ms.)
2020-04-11 22:38:09,600 Thread-2 > [Loading] SUCCESS
2020-04-11 22:38:09,600 Thread-2 [Bootstrapper] I can be terminated now: 0
2020-04-14 11:39:08,964 main 
2020-04-14 11:39:08,964 main -------------------------------------------------------------------
2020-04-14 11:39:09,331 main run double running protectin
2020-04-14 11:39:09,334 main [Downloader2] Loaded configuration: normal
2020-04-14 11:39:09,732 main [Bootstrapper] createLauncher
2020-04-14 11:39:09,732 main path C:\Program Files\Java\jre1.8.0_45
2020-04-14 11:39:09,733 main [Bootstrapper] choose jvm:C:\Program Files\Java\jre1.8.0_45\bin\javaw.exe
2020-04-14 11:39:09,733 main [Bootstrapper] validate files
2020-04-14 11:39:09,733 main [Bootstrapper] end validated files
2020-04-14 11:39:09,733 main [Bootstrapper] Starting launcher...
2020-04-14 11:39:09,840 Thread-2 > [TLAUNCHER][STATIC] initialize inner config
2020-04-14 11:39:09,867 Thread-2 > [Loading] INITIALIZING
2020-04-14 11:39:11,078 Thread-2 > Starting TLauncher 2.69 RELEASE
2020-04-14 11:39:11,078 Thread-2 > For more information, visit https://tlauncher.org/
2020-04-14 11:39:11,078 Thread-2 > Startup time: 14.04.2020 11:39:11
2020-04-14 11:39:11,079 Thread-2 > ---
2020-04-14 11:39:11,081 Thread-2 > run double running protectin
2020-04-14 11:39:11,195 Thread-2 > [Loading] LOADING_CONFIGURATION
2020-04-14 11:39:11,195 Thread-2 > Loading configuration from file: C:\Users\asash\AppData\Roaming\.tlauncher\tlauncher-2.0.properties
2020-04-14 11:39:11,201 Thread-2 > [Configuration] Constant values: {}
2020-04-14 11:39:11,243 Thread-2 > Machine info: -------------------------------------------------------
2020-04-14 11:39:11,243 Thread-2 > Windows 8.1 6.3, Java 1.8.0_45, jvm bit x64, 16276 MB RAM
2020-04-14 11:39:11,243 Thread-2 > java path=C:\Program Files\Java\jre1.8.0_45\bin\javaw.exe
2020-04-14 11:39:11,243 Thread-2 > Intel(R) Core(TM) i9-9880H CPU @ 2.30GHz
2020-04-14 11:39:11,243 Thread-2 >  AMD Radeon Pro 5500M, AMD FirePro (0x7340), 12194 MB
2020-04-14 11:39:11,243 Thread-2 > -------------------------------------------------------
2020-04-14 11:39:11,243 Thread-2 > Selected locale: ru_RU
2020-04-14 11:39:11,281 Thread-2 > [Loading] LOADING_CONSOLE
2020-04-14 11:39:11,377 Thread-2 > [Swing] Favicons loaded: 256px, 128px, 96px, 64px, 48px, 32px, 24px, 16px
2020-04-14 11:39:11,584 Thread-2 > 
2020-04-14 11:39:11,670 Thread-2 > [Downloader2] Loaded configuration: good
2020-04-14 11:39:11,790 Thread-2 > [Updater] Requesting an update...
2020-04-14 11:39:11,792 Thread-2 > [Updater] Requesting from: http://repo.tlauncher.org/update/lch/update_2.0.json
2020-04-14 11:39:11,792 Thread-2 > [Updater] Making request: http://repo.tlauncher.org/update/lch/update_2.0.json?version=2.69&client=440be4d8-8fc3-48cd-8ffe-e7eb2df08ff3
2020-04-14 11:39:11,834 Thread-2 > [Updater] Request time: 43 ms
2020-04-14 11:39:11,835 Thread-2 > [Updater] Successfully requested from: http://repo.tlauncher.org/update/lch/update_2.0.json
2020-04-14 11:39:11,909 Thread-2 > [Browser] Loading resources...
2020-04-14 11:39:12,010 Thread-2 > [Browser] Loading background...
2020-04-14 11:39:12,015 Thread-2 > [JFXStartPageLoader]  start load page: http://page.tlauncher.org/update/downloads/configs/client/index.html
2020-04-14 11:39:12,069 Thread-2 > [Browser] Cleaning up after loading:
2020-04-14 11:39:12,069 Thread-2 > Starting garbage collector: 72 / 194 MB
2020-04-14 11:39:12,113 Thread-2 > Garbage collector completed: 14 / 194 MB
2020-04-14 11:39:12,114 Thread-2 > [Browser] Running in JavaFX Thread
2020-04-14 11:39:12,114 Thread-2 > [Browser] Preparing JavaFX...
2020-04-14 11:39:12,115 Thread-2 > [Loading] LOADING_MANAGERS
2020-04-14 11:39:12,120 Thread-2 > [LocalVersionList] Base directory: C:\Users\asash\AppData\Roaming\.minecraft
2020-04-14 11:39:12,130 Thread-2 > [ProfileManager] Refreshing profiles from: C:\Users\asash\AppData\Roaming\.minecraft\TlauncherProfiles.json
2020-04-14 11:39:12,141 Thread-2 > [AdvertisingStatusObserver]  started to get ad information
2020-04-14 11:39:12,141 Thread-2 > [AdvertisingStatusObserver]  finished to get add information
2020-04-14 11:39:12,142 Thread-2 > [GsonUtil]  request to http://repo.tlauncher.org/update/downloads/libraries/org/tlauncher/authlib/libraries-1.6.json
2020-04-14 11:39:12,146 Thread-2 > [Loading] LOADING_WINDOW
2020-04-14 11:39:12,183 Thread-2 > [Loading] PREPARING_MAINPANE
2020-04-14 11:39:12,198 Thread-2 > [Browser] Initializing...
2020-04-14 11:39:12,240 Thread-2 > [REPO][SERVER_LIST_REPO] Success: Reached the repo in 93 ms.
2020-04-14 11:39:12,872 Thread-2 > [JFXStartPageLoader]  succeeded load page: http://page.tlauncher.org/update/downloads/configs/client/index.html during 0
2020-04-14 11:39:12,873 Thread-2 > [Browser@1428123668] Loaded successfully: "http://page.tlauncher.org/update/downloads/configs/client/index.html"
2020-04-14 11:39:12,936 Thread-2 > [Browser] add listens into server_choose
2020-04-14 11:39:12,937 Thread-2 > [Browser] finished listens into server_choose
2020-04-14 11:39:13,505 Thread-2 > [Downloader2] Loaded configuration: good
2020-04-14 11:39:14,433 Thread-2 > [Loading] POSTINIT_GUI
2020-04-14 11:39:14,434 Thread-2 > [Frame] Packing main frame...
2020-04-14 11:39:14,490 Thread-2 > [Frame] Resizing main pane...
2020-04-14 11:39:14,491 Thread-2 > Updater is already closed. Showing up...
2020-04-14 11:39:14,492 Thread-2 > Visibility set.
2020-04-14 11:39:14,492 Thread-2 > [Loading] REFRESHING_INFO
2020-04-14 11:39:14,494 Thread-2 > [VersionManager] Refreshing versions remotely...
2020-04-14 11:39:14,495 Thread-2 > [REPO][EXTRA_VERSION_REPO] Attempt #1; timeout: 45000 ms; url: http://repo.tlauncher.org/update/downloads/versions/new3/
2020-04-14 11:39:14,495 Thread-2 > Started! (3300 ms.)
2020-04-14 11:39:14,495 Thread-2 > [Loading] SUCCESS
2020-04-14 11:39:14,495 Thread-2 [Bootstrapper] I can be terminated now: 0
2020-04-14 17:34:05,658 main 
2020-04-14 17:34:05,659 main -------------------------------------------------------------------
2020-04-14 17:34:06,018 main run double running protectin
2020-04-14 17:34:06,021 main [Downloader2] Loaded configuration: normal
2020-04-14 17:34:06,265 main [Bootstrapper] createLauncher
2020-04-14 17:34:06,265 main path C:\Program Files\Java\jre1.8.0_45
2020-04-14 17:34:06,265 main [Bootstrapper] choose jvm:C:\Program Files\Java\jre1.8.0_45\bin\javaw.exe
2020-04-14 17:34:06,266 main [Bootstrapper] validate files
2020-04-14 17:34:06,266 main [Bootstrapper] end validated files
2020-04-14 17:34:06,266 main [Bootstrapper] Starting launcher...
2020-04-14 17:34:06,364 Thread-2 > [TLAUNCHER][STATIC] initialize inner config
2020-04-14 17:34:06,389 Thread-2 > [Loading] INITIALIZING
2020-04-14 17:34:07,356 Thread-2 > Starting TLauncher 2.69 RELEASE
2020-04-14 17:34:07,356 Thread-2 > For more information, visit https://tlauncher.org/
2020-04-14 17:34:07,356 Thread-2 > Startup time: 14.04.2020 17:34:07
2020-04-14 17:34:07,357 Thread-2 > ---
2020-04-14 17:34:07,359 Thread-2 > run double running protectin
2020-04-14 17:34:07,470 Thread-2 > [Loading] LOADING_CONFIGURATION
2020-04-14 17:34:07,471 Thread-2 > Loading configuration from file: C:\Users\asash\AppData\Roaming\.tlauncher\tlauncher-2.0.properties
2020-04-14 17:34:07,477 Thread-2 > [Configuration] Constant values: {}
2020-04-14 17:34:07,524 Thread-2 > Machine info: -------------------------------------------------------
2020-04-14 17:34:07,524 Thread-2 > Windows 8.1 6.3, Java 1.8.0_45, jvm bit x64, 16276 MB RAM
2020-04-14 17:34:07,524 Thread-2 > java path=C:\Program Files\Java\jre1.8.0_45\bin\javaw.exe
2020-04-14 17:34:07,524 Thread-2 > Intel(R) Core(TM) i9-9880H CPU @ 2.30GHz
2020-04-14 17:34:07,524 Thread-2 >  AMD Radeon Pro 5500M, AMD FirePro (0x7340), 12194 MB
2020-04-14 17:34:07,525 Thread-2 > -------------------------------------------------------
2020-04-14 17:34:07,525 Thread-2 > Selected locale: ru_RU
2020-04-14 17:34:07,560 Thread-2 > [Loading] LOADING_CONSOLE
2020-04-14 17:34:07,654 Thread-2 > [Swing] Favicons loaded: 256px, 128px, 96px, 64px, 48px, 32px, 24px, 16px
2020-04-14 17:34:07,860 Thread-2 > 
2020-04-14 17:34:07,946 Thread-2 > [Downloader2] Loaded configuration: good
2020-04-14 17:34:08,070 Thread-2 > [Updater] Requesting an update...
2020-04-14 17:34:08,072 Thread-2 > [Updater] Requesting from: http://repo.tlauncher.org/update/lch/update_2.0.json
2020-04-14 17:34:08,072 Thread-2 > [Updater] Making request: http://repo.tlauncher.org/update/lch/update_2.0.json?version=2.69&client=440be4d8-8fc3-48cd-8ffe-e7eb2df08ff3
2020-04-14 17:34:08,115 Thread-2 > [Updater] Request time: 42 ms
2020-04-14 17:34:08,115 Thread-2 > [Updater] Successfully requested from: http://repo.tlauncher.org/update/lch/update_2.0.json
2020-04-14 17:34:08,182 Thread-2 > [Browser] Loading resources...
2020-04-14 17:34:08,278 Thread-2 > [Browser] Loading background...
2020-04-14 17:34:08,282 Thread-2 > [JFXStartPageLoader]  start load page: http://page.tlauncher.org/update/downloads/configs/client/index.html
2020-04-14 17:34:08,344 Thread-2 > [Browser] Cleaning up after loading:
2020-04-14 17:34:08,344 Thread-2 > Starting garbage collector: 32 / 195 MB
2020-04-14 17:34:08,390 Thread-2 > Garbage collector completed: 15 / 227 MB
2020-04-14 17:34:08,391 Thread-2 > [Browser] Running in JavaFX Thread
2020-04-14 17:34:08,391 Thread-2 > [Browser] Preparing JavaFX...
2020-04-14 17:34:08,392 Thread-2 > [Loading] LOADING_MANAGERS
2020-04-14 17:34:08,397 Thread-2 > [LocalVersionList] Base directory: C:\Users\asash\AppData\Roaming\.minecraft
2020-04-14 17:34:08,406 Thread-2 > [ProfileManager] Refreshing profiles from: C:\Users\asash\AppData\Roaming\.minecraft\TlauncherProfiles.json
2020-04-14 17:34:08,414 Thread-2 > [AdvertisingStatusObserver]  started to get ad information
2020-04-14 17:34:08,415 Thread-2 > [AdvertisingStatusObserver]  finished to get add information
2020-04-14 17:34:08,415 Thread-2 > [GsonUtil]  request to http://repo.tlauncher.org/update/downloads/libraries/org/tlauncher/authlib/libraries-1.6.json
2020-04-14 17:34:08,420 Thread-2 > [Loading] LOADING_WINDOW
2020-04-14 17:34:08,449 Thread-2 > [Loading] PREPARING_MAINPANE
2020-04-14 17:34:08,465 Thread-2 > [Browser] Initializing...
2020-04-14 17:34:08,480 Thread-2 > [REPO][SERVER_LIST_REPO] Success: Reached the repo in 60 ms.
2020-04-14 17:34:08,876 Thread-2 > [Downloader2] Loaded configuration: good
2020-04-14 17:34:08,930 Thread-2 > [JFXStartPageLoader]  succeeded load page: http://page.tlauncher.org/update/downloads/configs/client/index.html during 0
2020-04-14 17:34:08,930 Thread-2 > [Browser@1680297375] Loaded successfully: "http://page.tlauncher.org/update/downloads/configs/client/index.html"
2020-04-14 17:34:09,001 Thread-2 > [Browser] add listens into server_choose
2020-04-14 17:34:09,002 Thread-2 > [Browser] finished listens into server_choose
2020-04-14 17:34:09,788 Thread-2 > [Loading] POSTINIT_GUI
2020-04-14 17:34:09,788 Thread-2 > [Frame] Packing main frame...
2020-04-14 17:34:09,840 Thread-2 > [Frame] Resizing main pane...
2020-04-14 17:34:09,841 Thread-2 > Updater is already closed. Showing up...
2020-04-14 17:34:09,841 Thread-2 > Visibility set.
2020-04-14 17:34:09,843 Thread-2 > [Loading] REFRESHING_INFO
2020-04-14 17:34:09,845 Thread-2 > [VersionManager] Refreshing versions remotely...
2020-04-14 17:34:09,845 Thread-2 > [REPO][EXTRA_VERSION_REPO] Attempt #1; timeout: 45000 ms; url: http://repo.tlauncher.org/update/downloads/versions/new3/
2020-04-14 17:34:09,845 Thread-2 > Started! (2375 ms.)
2020-04-14 17:34:09,846 Thread-2 > [Loading] SUCCESS
2020-04-14 17:34:09,846 Thread-2 [Bootstrapper] I can be terminated now: 0
2020-04-14 21:33:03,810 main 
2020-04-14 21:33:03,811 main -------------------------------------------------------------------
2020-04-14 21:33:04,145 main run double running protectin
2020-04-14 21:33:04,148 main [Downloader2] Loaded configuration: normal
2020-04-14 21:33:04,382 main [Bootstrapper] createLauncher
2020-04-14 21:33:04,382 main path C:\Program Files\Java\jre1.8.0_45
2020-04-14 21:33:04,382 main [Bootstrapper] choose jvm:C:\Program Files\Java\jre1.8.0_45\bin\javaw.exe
2020-04-14 21:33:04,382 main [Bootstrapper] validate files
2020-04-14 21:33:04,382 main [Bootstrapper] end validated files
2020-04-14 21:33:04,383 main [Bootstrapper] Starting launcher...
2020-04-14 21:33:04,480 Thread-2 > [TLAUNCHER][STATIC] initialize inner config
2020-04-14 21:33:04,505 Thread-2 > [Loading] INITIALIZING
2020-04-14 21:33:05,459 Thread-2 > Starting TLauncher 2.69 RELEASE
2020-04-14 21:33:05,460 Thread-2 > For more information, visit https://tlauncher.org/
2020-04-14 21:33:05,460 Thread-2 > Startup time: 14.04.2020 21:33:05
2020-04-14 21:33:05,460 Thread-2 > ---
2020-04-14 21:33:05,462 Thread-2 > run double running protectin
2020-04-14 21:33:05,566 Thread-2 > [Loading] LOADING_CONFIGURATION
2020-04-14 21:33:05,567 Thread-2 > Loading configuration from file: C:\Users\asash\AppData\Roaming\.tlauncher\tlauncher-2.0.properties
2020-04-14 21:33:05,572 Thread-2 > [Configuration] Constant values: {}
2020-04-14 21:33:05,617 Thread-2 > Machine info: -------------------------------------------------------
2020-04-14 21:33:05,617 Thread-2 > Windows 8.1 6.3, Java 1.8.0_45, jvm bit x64, 16276 MB RAM
2020-04-14 21:33:05,617 Thread-2 > java path=C:\Program Files\Java\jre1.8.0_45\bin\javaw.exe
2020-04-14 21:33:05,617 Thread-2 > Intel(R) Core(TM) i9-9880H CPU @ 2.30GHz
2020-04-14 21:33:05,618 Thread-2 >  AMD Radeon Pro 5500M, AMD FirePro (0x7340), 12194 MB
2020-04-14 21:33:05,618 Thread-2 > -------------------------------------------------------
2020-04-14 21:33:05,618 Thread-2 > Selected locale: ru_RU
2020-04-14 21:33:05,654 Thread-2 > [Loading] LOADING_CONSOLE
2020-04-14 21:33:05,747 Thread-2 > [Swing] Favicons loaded: 256px, 128px, 96px, 64px, 48px, 32px, 24px, 16px
2020-04-14 21:33:05,955 Thread-2 > 
2020-04-14 21:33:06,038 Thread-2 > [Downloader2] Loaded configuration: good
2020-04-14 21:33:06,158 Thread-2 > [Updater] Requesting an update...
2020-04-14 21:33:06,160 Thread-2 > [Updater] Requesting from: http://repo.tlauncher.org/update/lch/update_2.0.json
2020-04-14 21:33:06,160 Thread-2 > [Updater] Making request: http://repo.tlauncher.org/update/lch/update_2.0.json?version=2.69&client=440be4d8-8fc3-48cd-8ffe-e7eb2df08ff3
2020-04-14 21:33:06,234 Thread-2 > [Updater] Request time: 75 ms
2020-04-14 21:33:06,235 Thread-2 > [Updater] Successfully requested from: http://repo.tlauncher.org/update/lch/update_2.0.json
2020-04-14 21:33:06,276 Thread-2 > [Browser] Loading resources...
2020-04-14 21:33:06,373 Thread-2 > [Browser] Loading background...
2020-04-14 21:33:06,375 Thread-2 > [JFXStartPageLoader]  start load page: http://page.tlauncher.org/update/downloads/configs/client/index.html
2020-04-14 21:33:06,429 Thread-2 > [Browser] Cleaning up after loading:
2020-04-14 21:33:06,430 Thread-2 > Starting garbage collector: 74 / 194 MB
2020-04-14 21:33:06,475 Thread-2 > Garbage collector completed: 14 / 194 MB
2020-04-14 21:33:06,475 Thread-2 > [Browser] Running in JavaFX Thread
2020-04-14 21:33:06,476 Thread-2 > [Browser] Preparing JavaFX...
2020-04-14 21:33:06,476 Thread-2 > [Loading] LOADING_MANAGERS
2020-04-14 21:33:06,481 Thread-2 > [LocalVersionList] Base directory: C:\Users\asash\AppData\Roaming\.minecraft
2020-04-14 21:33:06,489 Thread-2 > [ProfileManager] Refreshing profiles from: C:\Users\asash\AppData\Roaming\.minecraft\TlauncherProfiles.json
2020-04-14 21:33:06,492 Thread-2 > [AdvertisingStatusObserver]  started to get ad information
2020-04-14 21:33:06,492 Thread-2 > [AdvertisingStatusObserver]  finished to get add information
2020-04-14 21:33:06,493 Thread-2 > [GsonUtil]  request to http://repo.tlauncher.org/update/downloads/libraries/org/tlauncher/authlib/libraries-1.6.json
2020-04-14 21:33:06,497 Thread-2 > [Loading] LOADING_WINDOW
2020-04-14 21:33:06,525 Thread-2 > [Loading] PREPARING_MAINPANE
2020-04-14 21:33:06,549 Thread-2 > [Browser] Initializing...
2020-04-14 21:33:06,581 Thread-2 > [REPO][SERVER_LIST_REPO] Success: Reached the repo in 83 ms.
2020-04-14 21:33:06,979 Thread-2 > [Downloader2] Loaded configuration: good
2020-04-14 21:33:06,998 Thread-2 > [JFXStartPageLoader]  succeeded load page: http://page.tlauncher.org/update/downloads/configs/client/index.html during 0
2020-04-14 21:33:06,998 Thread-2 > [Browser@797554167] Loaded successfully: "http://page.tlauncher.org/update/downloads/configs/client/index.html"
2020-04-14 21:33:07,056 Thread-2 > [Browser] add listens into server_choose
2020-04-14 21:33:07,057 Thread-2 > [Browser] finished listens into server_choose
2020-04-14 21:33:07,892 Thread-2 > [Loading] POSTINIT_GUI
2020-04-14 21:33:07,892 Thread-2 > [Frame] Packing main frame...
2020-04-14 21:33:07,943 Thread-2 > [Frame] Resizing main pane...
2020-04-14 21:33:07,943 Thread-2 > Updater is already closed. Showing up...
2020-04-14 21:33:07,944 Thread-2 > Visibility set.
2020-04-14 21:33:07,944 Thread-2 > [Loading] REFRESHING_INFO
2020-04-14 21:33:07,946 Thread-2 > [VersionManager] Refreshing versions remotely...
2020-04-14 21:33:07,946 Thread-2 > [REPO][EXTRA_VERSION_REPO] Attempt #1; timeout: 45000 ms; url: http://repo.tlauncher.org/update/downloads/versions/new3/
2020-04-14 21:33:07,947 Thread-2 > Started! (2381 ms.)
2020-04-14 21:33:07,947 Thread-2 > [Loading] SUCCESS
2020-04-14 21:33:07,947 Thread-2 [Bootstrapper] I can be terminated now: 0
2020-04-16 18:39:20,270 main 
2020-04-16 18:39:20,270 main -------------------------------------------------------------------
2020-04-16 18:39:20,651 main run double running protectin
2020-04-16 18:39:20,654 main [Downloader2] Loaded configuration: normal
2020-04-16 18:39:20,894 main [Bootstrapper] createLauncher
2020-04-16 18:39:20,894 main path C:\Program Files\Java\jre1.8.0_45
2020-04-16 18:39:20,894 main [Bootstrapper] choose jvm:C:\Program Files\Java\jre1.8.0_45\bin\javaw.exe
2020-04-16 18:39:20,895 main [Bootstrapper] validate files
2020-04-16 18:39:20,895 main [Bootstrapper] end validated files
2020-04-16 18:39:20,895 main [Bootstrapper] Starting launcher...
2020-04-16 18:39:20,994 Thread-2 > [TLAUNCHER][STATIC] initialize inner config
2020-04-16 18:39:21,017 Thread-2 > [Loading] INITIALIZING
2020-04-16 18:39:22,097 Thread-2 > Starting TLauncher 2.69 RELEASE
2020-04-16 18:39:22,098 Thread-2 > For more information, visit https://tlauncher.org/
2020-04-16 18:39:22,098 Thread-2 > Startup time: 16.04.2020 18:39:22
2020-04-16 18:39:22,098 Thread-2 > ---
2020-04-16 18:39:22,100 Thread-2 > run double running protectin
2020-04-16 18:39:22,207 Thread-2 > [Loading] LOADING_CONFIGURATION
2020-04-16 18:39:22,208 Thread-2 > Loading configuration from file: C:\Users\asash\AppData\Roaming\.tlauncher\tlauncher-2.0.properties
2020-04-16 18:39:22,216 Thread-2 > [Configuration] Constant values: {}
2020-04-16 18:39:22,269 Thread-2 > Machine info: -------------------------------------------------------
2020-04-16 18:39:22,269 Thread-2 > Windows 8.1 6.3, Java 1.8.0_45, jvm bit x64, 16276 MB RAM
2020-04-16 18:39:22,269 Thread-2 > java path=C:\Program Files\Java\jre1.8.0_45\bin\javaw.exe
2020-04-16 18:39:22,269 Thread-2 > Intel(R) Core(TM) i9-9880H CPU @ 2.30GHz
2020-04-16 18:39:22,269 Thread-2 >  AMD Radeon Pro 5500M, AMD FirePro (0x7340), 12194 MB
2020-04-16 18:39:22,269 Thread-2 > -------------------------------------------------------
2020-04-16 18:39:22,270 Thread-2 > Selected locale: ru_RU
2020-04-16 18:39:22,321 Thread-2 > [Loading] LOADING_CONSOLE
2020-04-16 18:39:22,453 Thread-2 > [Swing] Favicons loaded: 256px, 128px, 96px, 64px, 48px, 32px, 24px, 16px
2020-04-16 18:39:22,663 Thread-2 > 
2020-04-16 18:39:22,683 Thread-2 > [Downloader2] Loaded configuration: good
2020-04-16 18:39:22,803 Thread-2 > [Updater] Requesting an update...
2020-04-16 18:39:22,805 Thread-2 > [Updater] Requesting from: http://repo.tlauncher.org/update/lch/update_2.0.json
2020-04-16 18:39:22,806 Thread-2 > [Updater] Making request: http://repo.tlauncher.org/update/lch/update_2.0.json?version=2.69&client=440be4d8-8fc3-48cd-8ffe-e7eb2df08ff3
2020-04-16 18:39:22,942 Thread-2 > [Updater] Request time: 137 ms
2020-04-16 18:39:22,942 Thread-2 > [Updater] Successfully requested from: http://repo.tlauncher.org/update/lch/update_2.0.json
2020-04-16 18:39:22,955 Thread-2 > [Browser] Loading resources...
2020-04-16 18:39:23,041 Thread-2 > [Browser] Loading background...
2020-04-16 18:39:23,101 Thread-2 > [Browser] Cleaning up after loading:
2020-04-16 18:39:23,101 Thread-2 > Starting garbage collector: 65 / 192 MB
2020-04-16 18:39:23,146 Thread-2 > Garbage collector completed: 13 / 192 MB
2020-04-16 18:39:23,147 Thread-2 > [Loading] LOADING_MANAGERS
2020-04-16 18:39:23,154 Thread-2 > [LocalVersionList] Base directory: C:\Users\asash\AppData\Roaming\.minecraft
2020-04-16 18:39:23,162 Thread-2 > [ProfileManager] Refreshing profiles from: C:\Users\asash\AppData\Roaming\.minecraft\TlauncherProfiles.json
2020-04-16 18:39:23,165 Thread-2 > [AdvertisingStatusObserver]  started to get ad information
2020-04-16 18:39:23,165 Thread-2 > [AdvertisingStatusObserver]  finished to get add information
2020-04-16 18:39:23,165 Thread-2 > [GsonUtil]  request to http://repo.tlauncher.org/update/downloads/libraries/org/tlauncher/authlib/libraries-1.6.json
2020-04-16 18:39:23,169 Thread-2 > [Loading] LOADING_WINDOW
2020-04-16 18:39:23,196 Thread-2 > [Loading] PREPARING_MAINPANE
2020-04-16 18:39:23,218 Thread-2 > [JFXStartPageLoader]  start load page: http://page.tlauncher.org/update/downloads/configs/client/index.html
2020-04-16 18:39:23,223 Thread-2 > [Browser] Running in JavaFX Thread
2020-04-16 18:39:23,223 Thread-2 > [Browser] Preparing JavaFX...
2020-04-16 18:39:23,297 Thread-2 > [Browser] Initializing...
2020-04-16 18:39:23,311 Thread-2 > [REPO][SERVER_LIST_REPO] Success: Reached the repo in 142 ms.
2020-04-16 18:39:23,823 Thread-2 > [Downloader2] Loaded configuration: good
2020-04-16 18:39:24,102 Thread-2 > [JFXStartPageLoader]  succeeded load page: http://page.tlauncher.org/update/downloads/configs/client/index.html during 0
2020-04-16 18:39:24,103 Thread-2 > [Browser@995027521] Loaded successfully: "http://page.tlauncher.org/update/downloads/configs/client/index.html"
2020-04-16 18:39:24,192 Thread-2 > [Browser] add listens into server_choose
2020-04-16 18:39:24,193 Thread-2 > [Browser] finished listens into server_choose
2020-04-16 18:39:24,759 Thread-2 > [Loading] POSTINIT_GUI
2020-04-16 18:39:24,759 Thread-2 > [Frame] Packing main frame...
2020-04-16 18:39:24,809 Thread-2 > [Frame] Resizing main pane...
2020-04-16 18:39:24,810 Thread-2 > Updater is already closed. Showing up...
2020-04-16 18:39:24,811 Thread-2 > Visibility set.
2020-04-16 18:39:24,811 Thread-2 > [Loading] REFRESHING_INFO
2020-04-16 18:39:24,813 Thread-2 > [VersionManager] Refreshing versions remotely...
2020-04-16 18:39:24,813 Thread-2 > [REPO][EXTRA_VERSION_REPO] Attempt #1; timeout: 45000 ms; url: http://repo.tlauncher.org/update/downloads/versions/new3/
2020-04-16 18:39:24,814 Thread-2 > Started! (2607 ms.)
2020-04-16 18:39:24,814 Thread-2 > [Loading] SUCCESS
2020-04-16 18:39:24,814 Thread-2 [Bootstrapper] I can be terminated now: 0
