2020-04-08 17:44:53,054 main 
2020-04-08 17:44:53,054 main -------------------------------------------------------------------
2020-04-08 17:44:53,219 main [SimpleConfiguration] Cannot store values!
java.io.FileNotFoundException: C:\Users\asash\AppData\Roaming\.tlauncher\tlauncher-2.0.properties (Системе не удается найти указанный путь)
at java.io.FileOutputStream.open0(Native Method)
at java.io.FileOutputStream.open(Unknown Source)
at java.io.FileOutputStream.<init>(Unknown Source)
at java.io.FileOutputStream.<init>(Unknown Source)
at org.tlauncher.tlauncher.configuration.SimpleConfiguration.save(SimpleConfiguration.java:231)
at org.tlauncher.tlauncher.configuration.SimpleConfiguration.store(SimpleConfiguration.java:236)
at org.tlauncher.tlauncher.configuration.SimpleConfiguration.set(SimpleConfiguration.java:80)
at org.tlauncher.tlauncher.rmo.Bootstrapper.valitdateKB4515384(Bootstrapper.java:150)
at org.tlauncher.tlauncher.rmo.Bootstrapper.main(Bootstrapper.java:105)

2020-04-08 17:44:53,224 main run double running protectin
2020-04-08 17:44:53,226 main [Downloader2] Loaded configuration: normal
2020-04-08 17:44:53,468 main [Bootstrapper] createLauncher
2020-04-08 17:44:53,469 main path C:\Program Files\Java\jre1.8.0_45
2020-04-08 17:44:53,469 main [Bootstrapper] choose jvm:C:\Program Files\Java\jre1.8.0_45\bin\javaw.exe
2020-04-08 17:44:53,469 main [Bootstrapper] validate files
2020-04-08 17:44:53,470 main [Bootstrapper] end validated files
2020-04-08 17:44:53,470 main [Bootstrapper] Starting launcher...
2020-04-08 17:44:53,576 Thread-2 > [TLAUNCHER][STATIC] initialize inner config
2020-04-08 17:44:53,604 Thread-2 > [Loading] INITIALIZING
2020-04-08 17:44:54,862 Thread-2 > Starting TLauncher 2.69 RELEASE
2020-04-08 17:44:54,862 Thread-2 > For more information, visit https://tlauncher.org/
2020-04-08 17:44:54,863 Thread-2 > Startup time: 08.04.2020 17:44:54
2020-04-08 17:44:54,863 Thread-2 > ---
2020-04-08 17:44:54,864 Thread-2 > run double running protectin
2020-04-08 17:44:54,972 Thread-2 > [Loading] LOADING_CONFIGURATION
2020-04-08 17:44:54,973 Thread-2 > Creating configuration file...
2020-04-08 17:44:54,974 Thread-2 > Loading configuration from file: C:\Users\asash\AppData\Roaming\.tlauncher\tlauncher-2.0.properties
2020-04-08 17:44:54,984 Thread-2 > [Configuration] Constant values: {}
2020-04-08 17:44:54,985 Thread-2 > [Configuration] Key "minecraft.versions.release" is invalid!
2020-04-08 17:44:54,985 Thread-2 > [Configuration] Key "minecraft.versions.sub.old_release" is invalid!
2020-04-08 17:44:54,985 Thread-2 > [Configuration] Key "minecraft.onlaunch" is invalid!
2020-04-08 17:44:54,985 Thread-2 > [Configuration] Key "gui.notice.ad_server" is invalid!
2020-04-08 17:44:54,985 Thread-2 > [Configuration] Key "gui.notice.ad_other" is invalid!
2020-04-08 17:44:54,985 Thread-2 > [Configuration] Key "gui.settings.servers.recommendation" is invalid!
2020-04-08 17:44:54,985 Thread-2 > [Configuration] Key "minecraft.gamedir" is invalid!
2020-04-08 17:44:54,985 Thread-2 > [Configuration] Key "gui.statistics.checkbox" is invalid!
2020-04-08 17:44:54,986 Thread-2 > [Configuration] Key "minecraft.versions.sub.remote" is invalid!
2020-04-08 17:44:54,986 Thread-2 > [Configuration] Key "gui.console.width" is invalid!
2020-04-08 17:44:54,986 Thread-2 > [Configuration] Key "gui.console.height" is invalid!
2020-04-08 17:44:54,986 Thread-2 > [Configuration] Key "minecraft.versions.modified" is invalid!
2020-04-08 17:44:54,986 Thread-2 > [Configuration] Key "gui.console.x" is invalid!
2020-04-08 17:44:54,986 Thread-2 > [Configuration] Key "gui.settings.guard.checkbox" is invalid!
2020-04-08 17:44:54,986 Thread-2 > [Configuration] Key "minecraft.memory.ram2" is invalid!
2020-04-08 17:44:54,986 Thread-2 > [Configuration] Key "gui.console.y" is invalid!
2020-04-08 17:44:54,986 Thread-2 > [Configuration] Key "gui.console" is invalid!
2020-04-08 17:44:54,986 Thread-2 > [Configuration] Key "minecraft.size" is invalid!
2020-04-08 17:44:54,987 Thread-2 > [Configuration] Key "client" is invalid!
2020-04-08 17:44:54,987 Thread-2 > [Configuration] Key "connection" is invalid!
2020-04-08 17:44:54,987 Thread-2 > [Configuration] Key "minecraft.fullscreen" is invalid!
2020-04-08 17:44:54,987 Thread-2 > [Configuration] Key "gui.notice.ad_youtube" is invalid!
2020-04-08 17:44:54,997 Thread-2 > [Configuration] Selected locale is not supported, rolling back to default one
2020-04-08 17:44:55,002 Thread-2 > Machine info: -------------------------------------------------------
2020-04-08 17:44:55,002 Thread-2 > Windows 8.1 6.3, Java 1.8.0_45, jvm bit x64, 16276 MB RAM
2020-04-08 17:44:55,002 Thread-2 > java path=C:\Program Files\Java\jre1.8.0_45\bin\javaw.exe
2020-04-08 17:44:55,002 Thread-2 > -------------------------------------------------------
2020-04-08 17:44:55,003 Thread-2 > Selected locale: ru_RU
2020-04-08 17:44:55,083 Thread-2 > [Loading] LOADING_CONSOLE
2020-04-08 17:44:55,176 Thread-2 > [Swing] Favicons loaded: 256px, 128px, 96px, 64px, 48px, 32px, 24px, 16px
2020-04-08 17:44:55,387 Thread-2 > 
2020-04-08 17:44:55,479 Thread-2 > [Downloader2] Loaded configuration: good
2020-04-08 17:44:55,601 Thread-2 > [Updater] Requesting an update...
2020-04-08 17:44:55,603 Thread-2 > [Updater] Requesting from: http://repo.tlauncher.org/update/lch/update_2.0.json
2020-04-08 17:44:55,603 Thread-2 > [Updater] Making request: http://repo.tlauncher.org/update/lch/update_2.0.json?version=2.69&client=440be4d8-8fc3-48cd-8ffe-e7eb2df08ff3
2020-04-08 17:44:55,719 Thread-2 > [Browser] Loading resources...
2020-04-08 17:44:55,744 Thread-2 > [Updater] Request time: 141 ms
2020-04-08 17:44:55,744 Thread-2 > [Updater] Successfully requested from: http://repo.tlauncher.org/update/lch/update_2.0.json
2020-04-08 17:44:55,819 Thread-2 > [Browser] Loading background...
2020-04-08 17:44:55,837 Thread-2 > [JFXStartPageLoader]  start load page: http://page.tlauncher.org/update/downloads/configs/client/index.html
2020-04-08 17:44:55,883 Thread-2 > [Browser] Cleaning up after loading:
2020-04-08 17:44:55,883 Thread-2 > Starting garbage collector: 71 / 195 MB
2020-04-08 17:44:55,930 Thread-2 > Garbage collector completed: 14 / 195 MB
2020-04-08 17:44:55,931 Thread-2 > [Browser] Running in JavaFX Thread
2020-04-08 17:44:55,931 Thread-2 > [Browser] Preparing JavaFX...
2020-04-08 17:44:55,932 Thread-2 > [Loading] LOADING_MANAGERS
2020-04-08 17:44:55,937 Thread-2 > [LocalVersionList] Base directory: C:\Users\asash\AppData\Roaming\.minecraft
2020-04-08 17:44:55,947 Thread-2 > [ProfileManager] Refreshing profiles from: C:\Users\asash\AppData\Roaming\.minecraft\TlauncherProfiles.json
2020-04-08 17:44:55,958 Thread-2 > [AdvertisingStatusObserver]  started to get ad information
2020-04-08 17:44:55,959 Thread-2 > [AdvertisingStatusObserver]  finished to get add information
2020-04-08 17:44:55,959 Thread-2 > [GsonUtil]  request to http://repo.tlauncher.org/update/downloads/libraries/org/tlauncher/authlib/libraries-1.6.json
2020-04-08 17:44:55,963 Thread-2 > [Loading] LOADING_WINDOW
2020-04-08 17:44:55,995 Thread-2 > [Loading] PREPARING_MAINPANE
2020-04-08 17:44:56,010 Thread-2 > [Browser] Initializing...
2020-04-08 17:44:56,037 Thread-2 > [REPO][SERVER_LIST_REPO] Success: Reached the repo in 75 ms.
2020-04-08 17:44:56,751 Thread-2 > [JFXStartPageLoader]  succeeded load page: http://page.tlauncher.org/update/downloads/configs/client/index.html during 0
2020-04-08 17:44:56,752 Thread-2 > [Browser@194874940] Loaded successfully: "http://page.tlauncher.org/update/downloads/configs/client/index.html"
2020-04-08 17:44:56,821 Thread-2 > [Browser] add listens into server_choose
2020-04-08 17:44:56,822 Thread-2 > [Browser] finished listens into server_choose
2020-04-08 17:44:57,450 Thread-2 > [Downloader2] Loaded configuration: good
2020-04-08 17:44:58,377 Thread-2 > [Loading] POSTINIT_GUI
2020-04-08 17:44:58,378 Thread-2 > [Frame] Packing main frame...
2020-04-08 17:44:58,436 Thread-2 > [Frame] Resizing main pane...
2020-04-08 17:44:58,438 Thread-2 > Updater is already closed. Showing up...
2020-04-08 17:44:58,438 Thread-2 > Visibility set.
2020-04-08 17:44:58,438 Thread-2 > [Loading] REFRESHING_INFO
2020-04-08 17:44:58,441 Thread-2 > [VersionManager] Refreshing versions remotely...
2020-04-08 17:44:58,441 Thread-2 > [REPO][EXTRA_VERSION_REPO] Attempt #1; timeout: 45000 ms; url: http://repo.tlauncher.org/update/downloads/versions/new3/
2020-04-08 17:44:58,442 Thread-2 > Started! (3470 ms.)
2020-04-08 17:44:58,443 Thread-2 > [Loading] SUCCESS
2020-04-08 17:44:58,443 Thread-2 [Bootstrapper] I can be terminated now: 0
2020-04-11 19:00:24,136 main 
2020-04-11 19:00:24,137 main -------------------------------------------------------------------
2020-04-11 19:00:24,531 main run double running protectin
2020-04-11 19:00:24,534 main [Downloader2] Loaded configuration: normal
2020-04-11 19:00:24,786 main [Bootstrapper] createLauncher
2020-04-11 19:00:24,786 main path C:\Program Files\Java\jre1.8.0_45
2020-04-11 19:00:24,786 main [Bootstrapper] choose jvm:C:\Program Files\Java\jre1.8.0_45\bin\javaw.exe
2020-04-11 19:00:24,787 main [Bootstrapper] validate files
2020-04-11 19:00:24,787 main [Bootstrapper] end validated files
2020-04-11 19:00:24,787 main [Bootstrapper] Starting launcher...
2020-04-11 19:00:24,890 Thread-2 > [TLAUNCHER][STATIC] initialize inner config
2020-04-11 19:00:24,916 Thread-2 > [Loading] INITIALIZING
2020-04-11 19:00:26,066 Thread-2 > Starting TLauncher 2.69 RELEASE
2020-04-11 19:00:26,067 Thread-2 > For more information, visit https://tlauncher.org/
2020-04-11 19:00:26,067 Thread-2 > Startup time: 11.04.2020 19:00:26
2020-04-11 19:00:26,067 Thread-2 > ---
2020-04-11 19:00:26,069 Thread-2 > run double running protectin
2020-04-11 19:00:26,348 Thread-2 > [Loading] LOADING_CONFIGURATION
2020-04-11 19:00:26,348 Thread-2 > Loading configuration from file: C:\Users\asash\AppData\Roaming\.tlauncher\tlauncher-2.0.properties
2020-04-11 19:00:26,356 Thread-2 > [Configuration] Constant values: {}
2020-04-11 19:00:26,413 Thread-2 > Machine info: -------------------------------------------------------
2020-04-11 19:00:26,414 Thread-2 > Windows 8.1 6.3, Java 1.8.0_45, jvm bit x64, 16276 MB RAM
2020-04-11 19:00:26,414 Thread-2 > java path=C:\Program Files\Java\jre1.8.0_45\bin\javaw.exe
2020-04-11 19:00:26,414 Thread-2 > Intel(R) Core(TM) i9-9880H CPU @ 2.30GHz
2020-04-11 19:00:26,414 Thread-2 >  AMD Radeon Pro 5500M, AMD FirePro (0x7340), 12194 MB
2020-04-11 19:00:26,414 Thread-2 > -------------------------------------------------------
2020-04-11 19:00:26,414 Thread-2 > Selected locale: ru_RU
2020-04-11 19:00:26,465 Thread-2 > [Loading] LOADING_CONSOLE
2020-04-11 19:00:26,591 Thread-2 > [Swing] Favicons loaded: 256px, 128px, 96px, 64px, 48px, 32px, 24px, 16px
2020-04-11 19:00:26,802 Thread-2 > 
2020-04-11 19:00:26,939 Thread-2 > [Downloader2] Loaded configuration: good
2020-04-11 19:00:27,086 Thread-2 > [Updater] Requesting an update...
2020-04-11 19:00:27,088 Thread-2 > [Updater] Requesting from: http://repo.tlauncher.org/update/lch/update_2.0.json
2020-04-11 19:00:27,090 Thread-2 > [Updater] Making request: http://repo.tlauncher.org/update/lch/update_2.0.json?version=2.69&client=440be4d8-8fc3-48cd-8ffe-e7eb2df08ff3
2020-04-11 19:00:27,257 Thread-2 > [Browser] Loading resources...
2020-04-11 19:00:27,290 Thread-2 > [Updater] Request time: 202 ms
2020-04-11 19:00:27,290 Thread-2 > [Updater] Successfully requested from: http://repo.tlauncher.org/update/lch/update_2.0.json
2020-04-11 19:00:27,391 Thread-2 > [Browser] Loading background...
2020-04-11 19:00:27,400 Thread-2 > [JFXStartPageLoader]  start load page: http://page.tlauncher.org/update/downloads/configs/client/index.html
2020-04-11 19:00:27,479 Thread-2 > [Browser] Cleaning up after loading:
2020-04-11 19:00:27,479 Thread-2 > Starting garbage collector: 71 / 196 MB
2020-04-11 19:00:27,550 Thread-2 > Garbage collector completed: 14 / 196 MB
2020-04-11 19:00:27,551 Thread-2 > [Browser] Running in JavaFX Thread
2020-04-11 19:00:27,551 Thread-2 > [Browser] Preparing JavaFX...
2020-04-11 19:00:27,552 Thread-2 > [Loading] LOADING_MANAGERS
2020-04-11 19:00:27,559 Thread-2 > [LocalVersionList] Base directory: C:\Users\asash\AppData\Roaming\.minecraft
2020-04-11 19:00:27,572 Thread-2 > [ProfileManager] Refreshing profiles from: C:\Users\asash\AppData\Roaming\.minecraft\TlauncherProfiles.json
2020-04-11 19:00:27,576 Thread-2 > [AdvertisingStatusObserver]  started to get ad information
2020-04-11 19:00:27,577 Thread-2 > [AdvertisingStatusObserver]  finished to get add information
2020-04-11 19:00:27,578 Thread-2 > [GsonUtil]  request to http://repo.tlauncher.org/update/downloads/libraries/org/tlauncher/authlib/libraries-1.6.json
2020-04-11 19:00:27,584 Thread-2 > [Loading] LOADING_WINDOW
2020-04-11 19:00:27,623 Thread-2 > [Loading] PREPARING_MAINPANE
2020-04-11 19:00:27,658 Thread-2 > [Browser] Initializing...
2020-04-11 19:00:27,723 Thread-2 > [REPO][SERVER_LIST_REPO] Success: Reached the repo in 138 ms.
2020-04-11 19:00:28,191 Thread-2 > [Downloader2] Loaded configuration: good
2020-04-11 19:00:28,560 Thread-2 > [JFXStartPageLoader]  succeeded load page: http://page.tlauncher.org/update/downloads/configs/client/index.html during 1
2020-04-11 19:00:28,560 Thread-2 > [Browser@36569941] Loaded successfully: "http://page.tlauncher.org/update/downloads/configs/client/index.html"
2020-04-11 19:00:28,658 Thread-2 > [Browser] add listens into server_choose
2020-04-11 19:00:28,658 Thread-2 > [Browser] finished listens into server_choose
2020-04-11 19:00:29,250 Thread-2 > [Loading] POSTINIT_GUI
2020-04-11 19:00:29,250 Thread-2 > [Frame] Packing main frame...
2020-04-11 19:00:29,313 Thread-2 > [Frame] Resizing main pane...
2020-04-11 19:00:29,314 Thread-2 > Updater is already closed. Showing up...
2020-04-11 19:00:29,314 Thread-2 > Visibility set.
2020-04-11 19:00:29,315 Thread-2 > [Loading] REFRESHING_INFO
2020-04-11 19:00:29,317 Thread-2 > [VersionManager] Refreshing versions remotely...
2020-04-11 19:00:29,317 Thread-2 > [REPO][EXTRA_VERSION_REPO] Attempt #1; timeout: 45000 ms; url: http://repo.tlauncher.org/update/downloads/versions/new3/
2020-04-11 19:00:29,318 Thread-2 > Started! (2971 ms.)
2020-04-11 19:00:29,318 Thread-2 > [Loading] SUCCESS
2020-04-11 19:00:29,318 Thread-2 [Bootstrapper] I can be terminated now: 0
2020-04-13 23:12:50,807 main 
2020-04-13 23:12:50,807 main -------------------------------------------------------------------
2020-04-13 23:12:51,297 main run double running protectin
2020-04-13 23:12:51,302 main [Downloader2] Loaded configuration: normal
2020-04-13 23:12:51,854 main [Bootstrapper] createLauncher
2020-04-13 23:12:51,854 main path C:\Program Files\Java\jre1.8.0_45
2020-04-13 23:12:51,854 main [Bootstrapper] choose jvm:C:\Program Files\Java\jre1.8.0_45\bin\javaw.exe
2020-04-13 23:12:51,855 main [Bootstrapper] validate files
2020-04-13 23:12:51,855 main [Bootstrapper] end validated files
2020-04-13 23:12:51,855 main [Bootstrapper] Starting launcher...
2020-04-13 23:12:51,959 Thread-2 > [TLAUNCHER][STATIC] initialize inner config
2020-04-13 23:12:51,984 Thread-2 > [Loading] INITIALIZING
2020-04-13 23:12:53,156 Thread-2 > Starting TLauncher 2.69 RELEASE
2020-04-13 23:12:53,156 Thread-2 > For more information, visit https://tlauncher.org/
2020-04-13 23:12:53,156 Thread-2 > Startup time: 13.04.2020 23:12:53
2020-04-13 23:12:53,157 Thread-2 > ---
2020-04-13 23:12:53,158 Thread-2 > run double running protectin
2020-04-13 23:12:53,335 Thread-2 > [Loading] LOADING_CONFIGURATION
2020-04-13 23:12:53,336 Thread-2 > Loading configuration from file: C:\Users\asash\AppData\Roaming\.tlauncher\tlauncher-2.0.properties
2020-04-13 23:12:53,341 Thread-2 > [Configuration] Constant values: {}
2020-04-13 23:12:53,384 Thread-2 > Machine info: -------------------------------------------------------
2020-04-13 23:12:53,384 Thread-2 > Windows 8.1 6.3, Java 1.8.0_45, jvm bit x64, 16276 MB RAM
2020-04-13 23:12:53,384 Thread-2 > java path=C:\Program Files\Java\jre1.8.0_45\bin\javaw.exe
2020-04-13 23:12:53,384 Thread-2 > Intel(R) Core(TM) i9-9880H CPU @ 2.30GHz
2020-04-13 23:12:53,384 Thread-2 >  AMD Radeon Pro 5500M, AMD FirePro (0x7340), 12194 MB
2020-04-13 23:12:53,384 Thread-2 > -------------------------------------------------------
2020-04-13 23:12:53,385 Thread-2 > Selected locale: ru_RU
2020-04-13 23:12:53,423 Thread-2 > [Loading] LOADING_CONSOLE
2020-04-13 23:12:53,526 Thread-2 > [Swing] Favicons loaded: 256px, 128px, 96px, 64px, 48px, 32px, 24px, 16px
2020-04-13 23:12:53,739 Thread-2 > 
2020-04-13 23:12:53,862 Thread-2 > [Downloader2] Loaded configuration: good
2020-04-13 23:12:53,981 Thread-2 > [Updater] Requesting an update...
2020-04-13 23:12:53,984 Thread-2 > [Updater] Requesting from: http://repo.tlauncher.org/update/lch/update_2.0.json
2020-04-13 23:12:53,984 Thread-2 > [Updater] Making request: http://repo.tlauncher.org/update/lch/update_2.0.json?version=2.69&client=440be4d8-8fc3-48cd-8ffe-e7eb2df08ff3
2020-04-13 23:12:54,021 Thread-2 > [Updater] Request time: 37 ms
2020-04-13 23:12:54,021 Thread-2 > [Updater] Successfully requested from: http://repo.tlauncher.org/update/lch/update_2.0.json
2020-04-13 23:12:54,142 Thread-2 > [Browser] Loading resources...
2020-04-13 23:12:54,229 Thread-2 > [Browser] Loading background...
2020-04-13 23:12:54,280 Thread-2 > [Browser] Cleaning up after loading:
2020-04-13 23:12:54,280 Thread-2 > Starting garbage collector: 66 / 195 MB
2020-04-13 23:12:54,322 Thread-2 > Garbage collector completed: 13 / 195 MB
2020-04-13 23:12:54,323 Thread-2 > [Loading] LOADING_MANAGERS
2020-04-13 23:12:54,329 Thread-2 > [LocalVersionList] Base directory: C:\Users\asash\AppData\Roaming\.minecraft
2020-04-13 23:12:54,340 Thread-2 > [ProfileManager] Refreshing profiles from: C:\Users\asash\AppData\Roaming\.minecraft\TlauncherProfiles.json
2020-04-13 23:12:54,351 Thread-2 > [AdvertisingStatusObserver]  started to get ad information
2020-04-13 23:12:54,351 Thread-2 > [AdvertisingStatusObserver]  finished to get add information
2020-04-13 23:12:54,351 Thread-2 > [GsonUtil]  request to http://repo.tlauncher.org/update/downloads/libraries/org/tlauncher/authlib/libraries-1.6.json
2020-04-13 23:12:54,355 Thread-2 > [Loading] LOADING_WINDOW
2020-04-13 23:12:54,385 Thread-2 > [Loading] PREPARING_MAINPANE
2020-04-13 23:12:54,398 Thread-2 > [JFXStartPageLoader]  start load page: http://page.tlauncher.org/update/downloads/configs/client/index.html
2020-04-13 23:12:54,401 Thread-2 > [Browser] Running in JavaFX Thread
2020-04-13 23:12:54,401 Thread-2 > [Browser] Preparing JavaFX...
2020-04-13 23:12:54,488 Thread-2 > [Browser] Initializing...
2020-04-13 23:12:54,510 Thread-2 > [REPO][SERVER_LIST_REPO] Success: Reached the repo in 155 ms.
2020-04-13 23:12:55,144 Thread-2 > [JFXStartPageLoader]  succeeded load page: http://page.tlauncher.org/update/downloads/configs/client/index.html during 0
2020-04-13 23:12:55,145 Thread-2 > [Browser@1001104060] Loaded successfully: "http://page.tlauncher.org/update/downloads/configs/client/index.html"
2020-04-13 23:12:55,222 Thread-2 > [Browser] add listens into server_choose
2020-04-13 23:12:55,223 Thread-2 > [Browser] finished listens into server_choose
2020-04-13 23:12:55,828 Thread-2 > [Downloader2] Loaded configuration: good
2020-04-13 23:12:56,788 Thread-2 > [Loading] POSTINIT_GUI
2020-04-13 23:12:56,789 Thread-2 > [Frame] Packing main frame...
2020-04-13 23:12:56,849 Thread-2 > [Frame] Resizing main pane...
2020-04-13 23:12:56,849 Thread-2 > Updater is already closed. Showing up...
2020-04-13 23:12:56,850 Thread-2 > Visibility set.
2020-04-13 23:12:56,851 Thread-2 > [Loading] REFRESHING_INFO
2020-04-13 23:12:56,853 Thread-2 > [VersionManager] Refreshing versions remotely...
2020-04-13 23:12:56,854 Thread-2 > [REPO][EXTRA_VERSION_REPO] Attempt #1; timeout: 45000 ms; url: http://repo.tlauncher.org/update/downloads/versions/new3/
2020-04-13 23:12:56,855 Thread-2 > Started! (3520 ms.)
2020-04-13 23:12:56,856 Thread-2 > [Loading] SUCCESS
2020-04-13 23:12:56,856 Thread-2 [Bootstrapper] I can be terminated now: 0
2020-04-14 16:33:13,741 main 
2020-04-14 16:33:13,742 main -------------------------------------------------------------------
2020-04-14 16:33:14,106 main run double running protectin
2020-04-14 16:33:14,109 main [Downloader2] Loaded configuration: normal
2020-04-14 16:33:14,347 main [Bootstrapper] createLauncher
2020-04-14 16:33:14,347 main path C:\Program Files\Java\jre1.8.0_45
2020-04-14 16:33:14,347 main [Bootstrapper] choose jvm:C:\Program Files\Java\jre1.8.0_45\bin\javaw.exe
2020-04-14 16:33:14,347 main [Bootstrapper] validate files
2020-04-14 16:33:14,348 main [Bootstrapper] end validated files
2020-04-14 16:33:14,348 main [Bootstrapper] Starting launcher...
2020-04-14 16:33:14,445 Thread-2 > [TLAUNCHER][STATIC] initialize inner config
2020-04-14 16:33:14,469 Thread-2 > [Loading] INITIALIZING
2020-04-14 16:33:15,460 Thread-2 > Starting TLauncher 2.69 RELEASE
2020-04-14 16:33:15,460 Thread-2 > For more information, visit https://tlauncher.org/
2020-04-14 16:33:15,461 Thread-2 > Startup time: 14.04.2020 16:33:15
2020-04-14 16:33:15,461 Thread-2 > ---
2020-04-14 16:33:15,463 Thread-2 > run double running protectin
2020-04-14 16:33:15,558 Thread-2 > [Loading] LOADING_CONFIGURATION
2020-04-14 16:33:15,559 Thread-2 > Loading configuration from file: C:\Users\asash\AppData\Roaming\.tlauncher\tlauncher-2.0.properties
2020-04-14 16:33:15,566 Thread-2 > [Configuration] Constant values: {}
2020-04-14 16:33:15,613 Thread-2 > Machine info: -------------------------------------------------------
2020-04-14 16:33:15,613 Thread-2 > Windows 8.1 6.3, Java 1.8.0_45, jvm bit x64, 16276 MB RAM
2020-04-14 16:33:15,613 Thread-2 > java path=C:\Program Files\Java\jre1.8.0_45\bin\javaw.exe
2020-04-14 16:33:15,613 Thread-2 > Intel(R) Core(TM) i9-9880H CPU @ 2.30GHz
2020-04-14 16:33:15,613 Thread-2 >  AMD Radeon Pro 5500M, AMD FirePro (0x7340), 12194 MB
2020-04-14 16:33:15,613 Thread-2 > -------------------------------------------------------
2020-04-14 16:33:15,613 Thread-2 > Selected locale: ru_RU
2020-04-14 16:33:15,652 Thread-2 > [Loading] LOADING_CONSOLE
2020-04-14 16:33:15,744 Thread-2 > [Swing] Favicons loaded: 256px, 128px, 96px, 64px, 48px, 32px, 24px, 16px
2020-04-14 16:33:15,952 Thread-2 > 
2020-04-14 16:33:16,036 Thread-2 > [Downloader2] Loaded configuration: good
2020-04-14 16:33:16,157 Thread-2 > [Updater] Requesting an update...
2020-04-14 16:33:16,158 Thread-2 > [Updater] Requesting from: http://repo.tlauncher.org/update/lch/update_2.0.json
2020-04-14 16:33:16,159 Thread-2 > [Updater] Making request: http://repo.tlauncher.org/update/lch/update_2.0.json?version=2.69&client=440be4d8-8fc3-48cd-8ffe-e7eb2df08ff3
2020-04-14 16:33:16,220 Thread-2 > [Updater] Request time: 61 ms
2020-04-14 16:33:16,220 Thread-2 > [Updater] Successfully requested from: http://repo.tlauncher.org/update/lch/update_2.0.json
2020-04-14 16:33:16,270 Thread-2 > [Browser] Loading resources...
2020-04-14 16:33:16,365 Thread-2 > [Browser] Loading background...
2020-04-14 16:33:16,373 Thread-2 > [JFXStartPageLoader]  start load page: http://page.tlauncher.org/update/downloads/configs/client/index.html
2020-04-14 16:33:16,426 Thread-2 > [Browser] Cleaning up after loading:
2020-04-14 16:33:16,427 Thread-2 > Starting garbage collector: 79 / 196 MB
2020-04-14 16:33:16,472 Thread-2 > Garbage collector completed: 14 / 196 MB
2020-04-14 16:33:16,473 Thread-2 > [Browser] Running in JavaFX Thread
2020-04-14 16:33:16,473 Thread-2 > [Browser] Preparing JavaFX...
2020-04-14 16:33:16,474 Thread-2 > [Loading] LOADING_MANAGERS
2020-04-14 16:33:16,479 Thread-2 > [LocalVersionList] Base directory: C:\Users\asash\AppData\Roaming\.minecraft
2020-04-14 16:33:16,488 Thread-2 > [ProfileManager] Refreshing profiles from: C:\Users\asash\AppData\Roaming\.minecraft\TlauncherProfiles.json
2020-04-14 16:33:16,492 Thread-2 > [AdvertisingStatusObserver]  started to get ad information
2020-04-14 16:33:16,493 Thread-2 > [AdvertisingStatusObserver]  finished to get add information
2020-04-14 16:33:16,494 Thread-2 > [GsonUtil]  request to http://repo.tlauncher.org/update/downloads/libraries/org/tlauncher/authlib/libraries-1.6.json
2020-04-14 16:33:16,498 Thread-2 > [Loading] LOADING_WINDOW
2020-04-14 16:33:16,530 Thread-2 > [Loading] PREPARING_MAINPANE
2020-04-14 16:33:16,553 Thread-2 > [Browser] Initializing...
2020-04-14 16:33:16,570 Thread-2 > [REPO][SERVER_LIST_REPO] Success: Reached the repo in 72 ms.
2020-04-14 16:33:16,984 Thread-2 > [Downloader2] Loaded configuration: good
2020-04-14 16:33:17,007 Thread-2 > [JFXStartPageLoader]  succeeded load page: http://page.tlauncher.org/update/downloads/configs/client/index.html during 0
2020-04-14 16:33:17,008 Thread-2 > [Browser@1146631898] Loaded successfully: "http://page.tlauncher.org/update/downloads/configs/client/index.html"
2020-04-14 16:33:17,067 Thread-2 > [Browser] add listens into server_choose
2020-04-14 16:33:17,073 Thread-2 > [Browser] finished listens into server_choose
2020-04-14 16:33:17,894 Thread-2 > [Loading] POSTINIT_GUI
2020-04-14 16:33:17,894 Thread-2 > [Frame] Packing main frame...
2020-04-14 16:33:17,945 Thread-2 > [Frame] Resizing main pane...
2020-04-14 16:33:17,945 Thread-2 > Updater is already closed. Showing up...
2020-04-14 16:33:17,946 Thread-2 > Visibility set.
2020-04-14 16:33:17,950 Thread-2 > [Loading] REFRESHING_INFO
2020-04-14 16:33:17,952 Thread-2 > [VersionManager] Refreshing versions remotely...
2020-04-14 16:33:17,952 Thread-2 > [REPO][EXTRA_VERSION_REPO] Attempt #1; timeout: 45000 ms; url: http://repo.tlauncher.org/update/downloads/versions/new3/
2020-04-14 16:33:17,953 Thread-2 > Started! (2394 ms.)
2020-04-14 16:33:17,953 Thread-2 > [Loading] SUCCESS
2020-04-14 16:33:17,953 Thread-2 [Bootstrapper] I can be terminated now: 0
2020-04-14 21:17:10,393 main 
2020-04-14 21:17:10,394 main -------------------------------------------------------------------
2020-04-14 21:17:10,764 main run double running protectin
2020-04-14 21:17:10,767 main [Downloader2] Loaded configuration: normal
2020-04-14 21:17:10,997 main [Bootstrapper] createLauncher
2020-04-14 21:17:10,997 main path C:\Program Files\Java\jre1.8.0_45
2020-04-14 21:17:10,997 main [Bootstrapper] choose jvm:C:\Program Files\Java\jre1.8.0_45\bin\javaw.exe
2020-04-14 21:17:10,998 main [Bootstrapper] validate files
2020-04-14 21:17:10,998 main [Bootstrapper] end validated files
2020-04-14 21:17:10,998 main [Bootstrapper] Starting launcher...
2020-04-14 21:17:11,099 Thread-2 > [TLAUNCHER][STATIC] initialize inner config
2020-04-14 21:17:11,124 Thread-2 > [Loading] INITIALIZING
2020-04-14 21:17:12,093 Thread-2 > Starting TLauncher 2.69 RELEASE
2020-04-14 21:17:12,093 Thread-2 > For more information, visit https://tlauncher.org/
2020-04-14 21:17:12,093 Thread-2 > Startup time: 14.04.2020 21:17:12
2020-04-14 21:17:12,093 Thread-2 > ---
2020-04-14 21:17:12,095 Thread-2 > run double running protectin
2020-04-14 21:17:12,256 Thread-2 > [Loading] LOADING_CONFIGURATION
2020-04-14 21:17:12,257 Thread-2 > Loading configuration from file: C:\Users\asash\AppData\Roaming\.tlauncher\tlauncher-2.0.properties
2020-04-14 21:17:12,264 Thread-2 > [Configuration] Constant values: {}
2020-04-14 21:17:12,311 Thread-2 > Machine info: -------------------------------------------------------
2020-04-14 21:17:12,312 Thread-2 > Windows 8.1 6.3, Java 1.8.0_45, jvm bit x64, 16276 MB RAM
2020-04-14 21:17:12,312 Thread-2 > java path=C:\Program Files\Java\jre1.8.0_45\bin\javaw.exe
2020-04-14 21:17:12,312 Thread-2 > Intel(R) Core(TM) i9-9880H CPU @ 2.30GHz
2020-04-14 21:17:12,312 Thread-2 >  AMD Radeon Pro 5500M, AMD FirePro (0x7340), 12194 MB
2020-04-14 21:17:12,312 Thread-2 > -------------------------------------------------------
2020-04-14 21:17:12,312 Thread-2 > Selected locale: ru_RU
2020-04-14 21:17:12,361 Thread-2 > [Loading] LOADING_CONSOLE
2020-04-14 21:17:12,465 Thread-2 > [Swing] Favicons loaded: 256px, 128px, 96px, 64px, 48px, 32px, 24px, 16px
2020-04-14 21:17:12,672 Thread-2 > 
2020-04-14 21:17:12,755 Thread-2 > [Downloader2] Loaded configuration: good
2020-04-14 21:17:12,872 Thread-2 > [Updater] Requesting an update...
2020-04-14 21:17:12,873 Thread-2 > [Updater] Requesting from: http://repo.tlauncher.org/update/lch/update_2.0.json
2020-04-14 21:17:12,874 Thread-2 > [Updater] Making request: http://repo.tlauncher.org/update/lch/update_2.0.json?version=2.69&client=440be4d8-8fc3-48cd-8ffe-e7eb2df08ff3
2020-04-14 21:17:12,977 Thread-2 > [Browser] Loading resources...
2020-04-14 21:17:13,018 Thread-2 > [Updater] Request time: 144 ms
2020-04-14 21:17:13,018 Thread-2 > [Updater] Successfully requested from: http://repo.tlauncher.org/update/lch/update_2.0.json
2020-04-14 21:17:13,071 Thread-2 > [Browser] Loading background...
2020-04-14 21:17:13,081 Thread-2 > [JFXStartPageLoader]  start load page: http://page.tlauncher.org/update/downloads/configs/client/index.html
2020-04-14 21:17:13,135 Thread-2 > [Browser] Cleaning up after loading:
2020-04-14 21:17:13,135 Thread-2 > Starting garbage collector: 75 / 198 MB
2020-04-14 21:17:13,180 Thread-2 > Garbage collector completed: 14 / 198 MB
2020-04-14 21:17:13,182 Thread-2 > [Browser] Running in JavaFX Thread
2020-04-14 21:17:13,183 Thread-2 > [Browser] Preparing JavaFX...
2020-04-14 21:17:13,183 Thread-2 > [Loading] LOADING_MANAGERS
2020-04-14 21:17:13,188 Thread-2 > [LocalVersionList] Base directory: C:\Users\asash\AppData\Roaming\.minecraft
2020-04-14 21:17:13,197 Thread-2 > [ProfileManager] Refreshing profiles from: C:\Users\asash\AppData\Roaming\.minecraft\TlauncherProfiles.json
2020-04-14 21:17:13,203 Thread-2 > [AdvertisingStatusObserver]  started to get ad information
2020-04-14 21:17:13,204 Thread-2 > [AdvertisingStatusObserver]  finished to get add information
2020-04-14 21:17:13,205 Thread-2 > [GsonUtil]  request to http://repo.tlauncher.org/update/downloads/libraries/org/tlauncher/authlib/libraries-1.6.json
2020-04-14 21:17:13,208 Thread-2 > [Loading] LOADING_WINDOW
2020-04-14 21:17:13,237 Thread-2 > [Loading] PREPARING_MAINPANE
2020-04-14 21:17:13,258 Thread-2 > [Browser] Initializing...
2020-04-14 21:17:13,285 Thread-2 > [REPO][SERVER_LIST_REPO] Success: Reached the repo in 77 ms.
2020-04-14 21:17:13,725 Thread-2 > [JFXStartPageLoader]  succeeded load page: http://page.tlauncher.org/update/downloads/configs/client/index.html during 0
2020-04-14 21:17:13,726 Thread-2 > [Browser@1657332134] Loaded successfully: "http://page.tlauncher.org/update/downloads/configs/client/index.html"
2020-04-14 21:17:13,773 Thread-2 > [Downloader2] Loaded configuration: good
2020-04-14 21:17:13,801 Thread-2 > [Browser] add listens into server_choose
2020-04-14 21:17:13,802 Thread-2 > [Browser] finished listens into server_choose
2020-04-14 21:17:14,668 Thread-2 > [Loading] POSTINIT_GUI
2020-04-14 21:17:14,668 Thread-2 > [Frame] Packing main frame...
2020-04-14 21:17:14,715 Thread-2 > [Frame] Resizing main pane...
2020-04-14 21:17:14,716 Thread-2 > Updater is already closed. Showing up...
2020-04-14 21:17:14,716 Thread-2 > Visibility set.
2020-04-14 21:17:14,717 Thread-2 > [Loading] REFRESHING_INFO
2020-04-14 21:17:14,719 Thread-2 > [VersionManager] Refreshing versions remotely...
2020-04-14 21:17:14,719 Thread-2 > [REPO][EXTRA_VERSION_REPO] Attempt #1; timeout: 45000 ms; url: http://repo.tlauncher.org/update/downloads/versions/new3/
2020-04-14 21:17:14,719 Thread-2 > Started! (2464 ms.)
2020-04-14 21:17:14,720 Thread-2 > [Loading] SUCCESS
2020-04-14 21:17:14,720 Thread-2 [Bootstrapper] I can be terminated now: 0
