[22:38:28] [Client thread/INFO]: Setting user: sashka
[22:38:29] [Client thread/INFO]: LWJGL Version: 2.9.4
[22:38:29] [Client thread/INFO]: Reloading ResourceManager: Default
[22:38:29] [Sound Library Loader/INFO]: Starting up SoundSystem...
[22:38:30] [Thread-3/INFO]: Initializing LWJGL OpenAL
[22:38:30] [Thread-3/INFO]: (The LWJGL binding of OpenAL.  For more information, see http://www.lwjgl.org)
[22:38:30] [Thread-3/INFO]: OpenAL initialized.
[22:38:30] [Sound Library Loader/INFO]: Sound engine started
[22:38:32] [Client thread/INFO]: Created: 1024x512 textures-atlas
[22:38:33] [Client thread/INFO]: Narrator library for x64 successfully loaded
[22:38:34] [Realms Notification Availability checker #1/INFO]: Could not authorize you against Realms server: Invalid session id
[22:42:10] [Client thread/INFO]: Connecting to mc.dexland.su., 25565
[22:42:12] [Client thread/INFO]: [CHAT] 
[22:42:12] [Client thread/INFO]: [CHAT] \n\n\n\nІcІl? Іf«арегистрируйтесь І7ІlЫ ІcІl/reg Іc[ІlпарольІc]\n\nІcІl? Іfƒелайте сложный пароль Іc(!)\nІcІl? ІFќб€зательно запишите этот пароль Іc(!)\n\n
[22:42:22] [Client thread/INFO]: [CHAT] \n\n\n\nІcІl? Іf«арегистрируйтесь І7ІlЫ ІcІl/reg Іc[ІlпарольІc]\n\nІcІl? Іfƒелайте сложный пароль Іc(!)\nІcІl? ІFќб€зательно запишите этот пароль Іc(!)\n\n
[22:42:22] [Client thread/INFO]: [CHAT] ІaІlЫ Іf¬ы успешно зарегистрировались
[22:42:25] [Client thread/INFO]: [CHAT] \n ? ѕомогите нам улучшить сервер\n ? ќтветьте на несколько вопросов www.DexLand.ru/feedback \n
[22:42:38] [Client thread/INFO]: [CHAT] Ы ¬ы присоединились к игре!
[22:42:38] [Client thread/FATAL]: Error executing task
java.util.concurrent.ExecutionException: java.lang.NullPointerException
	at java.util.concurrent.FutureTask.report(Unknown Source) ~[?:1.8.0_45]
	at java.util.concurrent.FutureTask.get(Unknown Source) ~[?:1.8.0_45]
	at h.a(SourceFile:47) [1.12.2.jar:?]
	at bib.az(SourceFile:991) [1.12.2.jar:?]
	at bib.a(SourceFile:419) [1.12.2.jar:?]
	at net.minecraft.client.main.Main.main(SourceFile:123) [1.12.2.jar:?]
Caused by: java.lang.NullPointerException
	at brz.a(SourceFile:1666) ~[1.12.2.jar:?]
	at kl.a(SourceFile:117) ~[1.12.2.jar:?]
	at kl.a(SourceFile:13) ~[1.12.2.jar:?]
	at hv$1.run(SourceFile:13) ~[1.12.2.jar:?]
	at java.util.concurrent.Executors$RunnableAdapter.call(Unknown Source) ~[?:1.8.0_45]
	at java.util.concurrent.FutureTask.run(Unknown Source) ~[?:1.8.0_45]
	at h.a(SourceFile:46) ~[1.12.2.jar:?]
	... 3 more
[22:42:38] [Client thread/FATAL]: Error executing task
java.util.concurrent.ExecutionException: java.lang.NullPointerException
	at java.util.concurrent.FutureTask.report(Unknown Source) ~[?:1.8.0_45]
	at java.util.concurrent.FutureTask.get(Unknown Source) ~[?:1.8.0_45]
	at h.a(SourceFile:47) [1.12.2.jar:?]
	at bib.az(SourceFile:991) [1.12.2.jar:?]
	at bib.a(SourceFile:419) [1.12.2.jar:?]
	at net.minecraft.client.main.Main.main(SourceFile:123) [1.12.2.jar:?]
Caused by: java.lang.NullPointerException
	at brz.a(SourceFile:1666) ~[1.12.2.jar:?]
	at kl.a(SourceFile:117) ~[1.12.2.jar:?]
	at kl.a(SourceFile:13) ~[1.12.2.jar:?]
	at hv$1.run(SourceFile:13) ~[1.12.2.jar:?]
	at java.util.concurrent.Executors$RunnableAdapter.call(Unknown Source) ~[?:1.8.0_45]
	at java.util.concurrent.FutureTask.run(Unknown Source) ~[?:1.8.0_45]
	at h.a(SourceFile:46) ~[1.12.2.jar:?]
	... 3 more
[22:42:38] [Client thread/FATAL]: Error executing task
java.util.concurrent.ExecutionException: java.lang.NullPointerException
	at java.util.concurrent.FutureTask.report(Unknown So[23:08:12] [Client thread/INFO]: Connecting to 13.53.122.73, 25565
[23:08:18] [Client thread/INFO]: Connecting to 13.53.122.73, 25565
[23:08:23] [Client thread/INFO]: [CHAT] 1
[23:08:23] [Client thread/INFO]: [CHAT]  BattleRoyale >> sashka joined.
[23:08:23] [Client thread/INFO]: [CHAT] sashka joined the game
[23:08:23] [Client thread/INFO]: Loaded 55 advancements
[23:08:37] [Client thread/INFO]: [CHAT] ¬ыдано [Chest] * 1 игроку sashka
[23:08:49] [Client thread/INFO]: [CHAT] ѕредмета с идентификатором minecraft:poison не существует
[23:09:36] [Client thread/INFO]: [CHAT] ¬ыдано [Water Bottle] * 1 игроку sashka
[23:09:42] [Client thread/INFO]: Loaded 62 advancements
[23:10:05] [Client thread/INFO]: [CHAT] ѕредмета с идентификатором minecraft:power не существует
[23:10:13] [Client thread/INFO]: [CHAT] ѕредмета с идентификатором minecraft:powerpotion не существует
[23:11:49] [Client thread/INFO]: [CHAT] ѕредмета с идентификатором minecraft:power_potion не существует
[23:12:05] [Client thread/INFO]: [CHAT] ѕредмета с идентификатором minecraft:locked_chest не существует
[23:12:32] [Client thread/INFO]: [CHAT] ѕредмета с идентификатором minecraft:95 не существует
[23:13:01] [Client thread/INFO]: [CHAT] ¬ыдано [Potion of Regeneration] * 1 игроку sashka
[23:13:07] [Client thread/INFO]: [CHAT] ¬ыдано [Potion of Swiftness] * 1 игроку sashka
[23:13:20] [Client thread/INFO]: [CHAT] ¬ыдано [Potion of Fire Resistance] * 1 игроку sashka
[23:13:24] [Client thread/INFO]: [CHAT] ¬ыдано [Potion of Poison] * 1 игроку sashka
[23:16:05] [Client thread/INFO]: [CHAT] ѕредмета с идентификатором minecraft:exploding_potions не существует
[23:16:10] [Client thread/INFO]: [CHAT] ѕредмета с идентификатором minecraft:exploding_potion не существует
[23:16:39] [Client thread/INFO]: [CHAT] ѕредмета с идентификатором minecraft:splash не существует
[23:16:52] [Client thread/INFO]: [CHAT] ¬ыдано [Splash Water Bottle] * 1 игроку sashka
[23:16:58] [Client thread/INFO]: [CHAT] ¬ыдано [Splash Water Bottle] * 1 игроку sashka
[23:17:22] [Client thread/INFO]: [CHAT] ¬ведЄнное число (2) слишком большое, оно должно быть не больше 1
[23:17:30] [Client thread/INFO]: [CHAT] ¬ыдано [Splash Water Bottle] * 1 игроку sashka
[23:17:34] [Client thread/INFO]: [CHAT] ¬ыдано [Splash Water Bottle] * 1 игроку sashka
[23:17:36] [Client thread/INFO]: [CHAT] ¬ыдано [Splash Water Bottle] * 1 игроку sashka
[23:18:16] [Client thread/INFO]: [CHAT] [Agalex: ¬ыдано [Splash Water Bottle] * 1 игроку Agalex]
[23:18:26] [Client thread/INFO]: [CHAT] [Agalex: ¬ыдано [Splash Water Bottle] * 1 игроку Agalex]
[23:18:27] [Client thread/ERROR]: ThrownPotion entity 2500 has no item?!
[23:18:37] [Client thread/INFO]: [CHAT] [Agalex: ¬ыдано [Splash Water Bottle] * 1 игроку Agalex]
[23:18:42] [Client thread/INFO]: [CHAT] [Agalex: ¬ыдано [Splash Water Bottle] * 1 игроку Agalex]
[23:18:46] [Client thread/INFO]: [CHAT] [Agalex: ¬ыдано [Splash Water Bottle] * 1 игроку Agalex]
[23:18:48] [Client thread/INFO]: [CHAT] [Agalex: ¬ыдано [Splash Water Bottle] * 1 игроку Agalex]
[23:18:50] [Client thread/INFO]: [CHAT] [Agalex: ¬ыдано [Splash Water Bottle] * 1 игроку Agalex]
[23:18:51] [Client thread/ERROR]: ThrownPotion entity 2511 has no item?!
[23:18:58] [Client thread/INFO]: [CHAT] [Agalex: ¬ыдано [Splash Water Bottle] * 1 игроку Agalex]
[23:19:01] [Client thread/INFO]: [CHAT] [Agalex: ¬ыдано [Splash Water Bottle] * 1 игроку Agalex]
[23:19:05] [Client thread/INFO]: [CHAT] [Agalex: ¬ыдано [Splash Water Bottle] * 1 игроку Agalex]
[23:19:10] [Client thread/INFO]: [CHAT] [Agalex: ¬ведЄнное число (0) слишком мало, оно должно быть не менее 1]
[23:19:15] [Client thread/INFO]: [CHAT] [Agalex: ¬ыдано [Splash Water Bottle] * 1 игроку Agalex]
[23:19:18] [Client thread/ERROR]: ThrownPotion entity 2525 has no item?!
[23:19:18] [Client thread/ERROR]: ThrownPotion entity 2525 has no item?!
[23:19:18] [Client thread/ERROR]: ThrownPotion entity 2525 has no item?!
[23:19:18] [Client thread/ERROR]: ThrownPotion entity 2525 has no item?!
[23:19:18] [Client thread/ERROR]: ThrownPotion entity 2525 has no item?!
[23:19:18] [Client thread/ERROR]: ThrownPotion entity 2525 has no item?!
[23:19:18] [Client thread/ERROR]: ThrownPotion entity 2525 has no item?!
[23:19:18] [Client thread/ERROR]: ThrownPotion entity 2525 has no item?!
[23:19:18] [Client thread/ERROR]: ThrownPotion entity 2525 has no item?!
[23:19:18] [Client thread/ERROR]: ThrownPotion entity 2525 has no item?!
[23:19:18] [Client thread/ERROR]: ThrownPotion entity 2525 has no item?!
[23:19:20] [Client thread/ERROR]: ThrownPotion entity 2527 has no item?!
[23:19:20] [Client thread/ERROR]: ThrownPotion entity 2527 has no item?!
[23:19:20] [Client thread/ERROR]: ThrownPotion entity 2527 has no item?!
[23:19:20] [Client thread/ERROR]: ThrownPotion entity 2527 has no item?!
[23:19:20] [Client thread/ERROR]: ThrownPotion entity 2527 has no item?!
[23:19:20] [Client thread/ERROR]: ThrownPotion entity 2527 has no item?!
[23:19:20] [Client thread/ERROR]: ThrownPotion entity 2527 has no item?!
[23:19:20] [Client thread/ERROR]: ThrownPotion entity 2527 has no item?!
[23:19:20] [Client thread/ERROR]: ThrownPotion entity 2527 has no item?!
[23:19:20] [Client thread/ERROR]: ThrownPotion entity 2527 has no item?!
[23:19:20] [Client thread/ERROR]: ThrownPotion entity 2527 has no item?!
[23:19:20] [Client thread/ERROR]: ThrownPotion entity 2527 has no item?!
[23:19:20] [Client thread/ERROR]: ThrownPotion entity 2527 has no item?!
[23:19:32] [Client thread/INFO]: [CHAT] [Agalex: ¬ыдано [Water Bottle] * 1 игроку Agalex]
[23:19:39] [Client thread/INFO]: [CHAT] [Agalex: ¬ыдано [Potion of Regeneration] * 1 игроку Agalex]
[23:19:46] [Client thread/INFO]: [CHAT] [Agalex: ¬ыдано [Potion of Poison] * 1 игроку Agalex]
[23:23:15] [Client thread/INFO]: [CHAT] [Agalex: ¬ведЄнное число (441) слишком большое, оно должно быть не больше 1]
[23:23:20] [Client thread/INFO]: [CHAT] [Agalex: ¬ведЄнное число (441) слишком большое, оно должно быть не больше 1]
[23:23:37] [Client thread/INFO]: [CHAT] [Agalex: ѕредмета с идентификатором minecraft:441 не существует]
[23:23:44] [Client thread/INFO]: [CHAT] [Agalex: ѕредмета с идентификатором minecraft:id_441 не существует]
[23:43:24] [Client thread/INFO]: [CHAT]  BattleRoyale >> Arena MAin does not exist
[23:43:28] [Client thread/INFO]: [CHAT]  BattleRoyale >> You forced the game to start Main
[23:43:28] [Client thread/INFO]: [CHAT]  BattleRoyale >> 15 seconds before the game start.
[23:43:33] [Client thread/INFO]: [CHAT]  BattleRoyale >> 10 seconds before the game start.
[23:43:38] [Client thread/INFO]: [CHAT]  BattleRoyale >> 5 seconds before the game start.
[23:43:39] [Client thread/INFO]: [CHAT]  BattleRoyale >> 4 seconds before the game start.
[23:43:40] [Client thread/INFO]: [CHAT]  BattleRoyale >> 3 seconds before the game start, be ready !
[23:43:41] [Client thread/INFO]: [CHAT]  BattleRoyale >> 2 seconds before the game start, be ready !
[23:43:42] [Client thread/INFO]: [CHAT]  BattleRoyale >> 1 seconds before the game start, be ready !
[23:43:43] [Client thread/INFO]: [CHAT]  BattleRoyale >> the game started ! Good luck !
[23:43:43] [Client thread/INFO]: [CHAT]  BattleRoyale >> The last one standing win.
[23:44:32] [Client thread/INFO]: [CHAT]  BattleRoyale >> Agalex is dead.
[23:44:32] [Client thread/INFO]: [CHAT] 
[23:44:32] [Client thread/INFO]: [CHAT] =================>> Battle Royale <<=================
[23:44:32] [Client thread/INFO]: [CHAT] 
[23:44:32] [Client thread/INFO]: [CHAT]                sashka won ! In arena Main
[23:44:32] [Client thread/INFO]: [CHAT] 
[23:44:32] [Client thread/INFO]: [CHAT] =================>> Battle Royale <<=================
[23:44:32] [Client thread/INFO]: [CHAT]  BattleRoyale >> Agalex left.
[23:44:33] [Client thread/INFO]: [CHAT] Agalex left the game
[23:44:33] [Client thread/INFO]: [CHAT]  BattleRoyale >> sashka joined.
[23:44:42] [Client thread/INFO]: [CHAT] =================>> You win game and get 10 money <<=================
t thread/INFO]: [CHAT] Ы »грок InFrytik был убит игроком 13245768g!
[22:42:57] [Client thread/INFO]: [CHAT] Ы ” 13245768g сери€ из 3 убийств!
[22:42:57] [Client thread/INFO]: [CHAT] Ы ¬ы открыли разблокировщик наборов!
[22:42:57] [Client thread/INFO]: [CHAT] Ы »грок strikerfire03 умер от рук игроком Sweeper!
[22:42:58] [Client thread/INFO]: [CHAT] Ы »грок TexHo_CamyPaU был разорван на кусочки игроком _Anton2018_BRO_!
[22:42:58] [Client thread/INFO]: [CHAT] Ы ” _Anton2018_BRO_ сери€ из 5 убийств!
[22:42:59] [Client thread/WARN]: Received passengers for unknown entity
[22:42:59] [Client thread/INFO]: [CHAT] Ы »грок SayonaraBoy был убит игроком Bomba9000!
[22:43:00] [Client thread/WARN]: Received passengers for unknown entity
[22:43:01] [Client thread/INFO]: [CHAT] Ы »грок sholopaie умер от рук игроком roms_pidor1!
[22:43:03] [Client thread/INFO]: [CHAT] Ы ¬ы выиграли комплект Fisherman, ѕоздравл€ем!
[22:43:03] [Client thread/INFO]: [CHAT] Ы »грок tanchik67 умер от рук игроком Loki0143!
[22:43:03] [Client thread/INFO]: [CHAT] [ƒелюкс] SoldatYT  ? z dpzk
[22:43:03] [Client thread/WARN]: Received passengers for unknown entity
[22:43:04] [Client thread/INFO]: [CHAT] Ы »грок ArtemK6K был разорван на кусочки игроком RainbowUndead!
[22:43:05] [Client thread/INFO]: [CHAT] Ы »грок TheBallerYo был разорван на кусочки игроком KOT_2008!
[22:43:05] [Client thread/INFO]: [CHAT] \n ? ’очешь купить донат, но сомневаешьс€?\n ? Ќе бойс€, мы не обманываем. ѕокупай!\n ? ѕокупка доната на сайте: www.dexland.ru \n
[22:43:06] [Client thread/INFO]: [CHAT] Ы »грок KOT_2008 был разорван на кусочки игроком Romto4kaYT!
[22:43:06] [Client thread/INFO]: [CHAT] Ы Romto4kaYT повысил ранг до PrO
[22:43:06] [Client thread/INFO]: [CHAT] [√л.јдмин] destik36  ? без читов зассал Slubrokk_FANTOM
[22:43:06] [Client thread/WARN]: Received passengers for unknown entity
[22:43:07] [Client thread/INFO]: [CHAT] Ы »грок vysna был разорван на кусочки игроком serga221221!
[22:43:07] [Client thread/INFO]: [CHAT] Ы »грок lex_serganten был убит игроком Ћол_ ек_„ибурек!
[22:43:07] [Client thread/INFO]: [CHAT] Ы ” Ћол_ ек_„ибурек сери€ из 3 убийств!
[22:43:07] [Client thread/INFO]: [CHAT] Ы »грок jitfr был разорван на кусочки игроком AsarX!
[22:43:07] [Client thread/INFO]: [CHAT] [ƒелюкс] SoldatYT  ? € вз€л майнера
[22:43:08] [Client thread/INFO]: [CHAT] Ы »грок Kovrik777 был разорван на кусочки игроком serga221221!
[22:43:08] [Client thread/INFO]: [CHAT] Ы »грок Loki0143 умер от рук игроком Bomba9000!
[22:43:08] [Client thread/INFO]: [CHAT] Ы »грок Bomba9000 был убит игроком MoRnI!
[22:43:08] [Client thread/INFO]: [CHAT] Ы »грок Cool_Boy был убит игроком _Anton2018_BRO_!
[22:43:08] [Client thread/INFO]: [CHAT] Ы _Anton2018_BRO_ повысил ранг до Gladiator
[22:43:09] [Client thread/WARN]: Received passengers for unknown entity
[22:43:09] [Client thread/INFO]: [CHAT] [ƒелюкс] SoldatYT  ? мне похуй
[22:43:10] [Client thread/INFO]: [CHAT] Ы ¬ы открыли разблокировщик наборов!
[22:43:12] [Client thread/INFO]: [CHAT] Ы »грок Romto4kaYT умер от рук игроком Joker12!
[22:43:13] [Client thread/INFO]: [CHAT] Ы »грок Evi1 умер от рук игроком Sweeper!
[22:43:14] [Client thread/INFO]: [CHAT] Ы ¬ы выиграли комплект Viper, ѕоздравл€ем!
[22:43:15] [Client thread/INFO]: [CHAT] Ы »грок samirush был разорван на кусочки игроком Accidenty!
[22:43:16] [Client thread/INFO]: [CHAT] Ы »грок chesterly2112 умер от рук игроком destik36!
[22:43:19] [Client thread/INFO]: [CHAT] [ƒелюкс] SoldatYT  ? € теб€ бл€ть ни разу не убил
[22:43:19] [Client thread/INFO]: [CHAT] Ы »грок foltik был разорван на кусочки игроком AsarX!
[22:43:19] [Client thread/INFO]: [CHAT] Ы »грок Boat555123 умер от рук игроком roms_pidor1!
[22:43:19] [Client thread/INFO]: [CHAT] Ы roms_pidor1 повысил ранг до PrO
[22:43:19] [Client thread/INFO]: [CHAT] Ы »грок CheeseGames умер от рук игроком jvjmbi!
[22:43:20] [Client thread/INFO]: [CHAT] Ы »грок LeLe0 умер от рук игроком Loki0143!
[22:43:20] [Client thread/INFO]: [CHAT] Ы »грок strikerfire03 умер от рук игроком Proper_Twelve!
[22:43:21] [Client thread/INFO]: [CHAT] Ы »грок jvjmbi был разорван на кусочки игроком 111IKLEYD11!
[22:43:21] [Client thread/INFO]: [CHAT] Ы ” 111IKLEYD11 сери€ из 5 убийств!
[22:43:21] [Client thread/INFO]: [CHAT] Ы »грок сва был убит игроком kondrallesa!
[22:43:21] [Client thread/INFO]: [CHAT] Ы ” kondrallesa сери€ из 10 убийств!
[22:43:22] [Client thread/INFO]: [CHAT] Ы »грок lligzlg был убит игроком Holy_Jesus!
[22:43:22] [Client thread/INFO]: [CHAT] Ы ” Holy_Jesus сери€ из 3 убийств!
[22:43:23] [Client thread/INFO]: [CHAT] [ћодер] fewx  ? cerf
[22:43:23] [Client thread/INFO]: [CHAT] Ы »грок AsarX был разорван на кусочки игроком Evi1!
[22:43:23] [Client thread/INFO]: [CHAT] Ы »грок smorodinka был убит игроком roms_pidor1!
[22:43:23] [Client thread/INFO]: [CHAT] Ы ” roms_pidor1 сери€ из 3 убийств!
[22:43:24] [Client thread/INFO]: [CHAT] Ы »грок rocketa был убит игроком _Anton2018_BRO_!
[22:43:24] [Client thread/INFO]: [CHAT] јнти„ит ? »грок Proper_Twelve кикнут по подозрению в использовании читов.
[22:43:25] [Client thread/INFO]: [CHAT] [ћодер] fewx  ? сука
[22:43:25] [Client thread/INFO]: [CHAT] Ы »грок cosmolord был разорван на кусочки игроком Gr1P_MyhOmoR!
[22:43:25] [Client thread/INFO]: [CHAT] \n ? Ќе знаешь какие возможности есть у доната?\n ? “ак напиши команду /donate и развлекайс€\n ? ѕокупка доната на сайте: www.dexland.ru \n
[22:43:26] [Client thread/INFO]: [CHAT] Ы »грок serga221221 умер от рук игроком Holy_Jesus!
[22:43:27] [Client thread/INFO]: [CHAT] Ы »грок 13245768g умер от рук игроком Loki0143!
[22:43:27] [Client thread/INFO]: [CHAT] Ы ¬ыбран набор: Viper
[22:43:28] [Client thread/INFO]: [CHAT] јнти„ит ? »грок NeNiFr кикнут по подозрению в использовании читов.
[22:43:28] [Client thread/INFO]: [CHAT] Ы »грок Evi1 умер от рук игроком samirush!
[22:43:29] [Client thread/INFO]: [CHAT] Ы »грок __Liryz_ был убит игроком Aviro_F!
[22:43:29] [Client thread/INFO]: [CHAT] Ы »грок Loki0143 был убит игроком xSanCasVer_!
[22:43:29] [Client thread/INFO]: [CHAT] [√л.јдмин] destik36  ? без читов зассал Slubrokk_FANTOM?
[22:43:31] [Client thread/INFO]: [CHAT] Ы »грок omone был убит игроком Gr1P_MyhOmoR!
[22:43:31] [Client thread/INFO]: [CHAT] Ы »грок xSanCasVer_ был разорван на кусочки игроком Gellion!
[22:43:32] [Client thread/INFO]: [CHAT] Ы »грок ArtemK6K был разорван на кусочки игроком Gr1P_MyhOmoR!
[22:43:32] [Client thread/INFO]: [CHAT] Ы ” Gr1P_MyhOmoR сери€ из 3 убийств!
[22:43:32] [Client thread/INFO]: [CHAT] Ы »грок jitfr умер от рук игроком Ruduga7!
[22:43:32] [Client thread/INFO]: [CHAT] Ы ” Ruduga7 сери€ из 3 убийств!
[22:43:34] [Client thread/INFO]: [CHAT] Ы »грок foltik был убит игроком vysna!
[22:43:34] [Client thread/INFO]: [CHAT] Ы »грок Bomba9000 был убит игроком vysna!
[22:43:34] [Client thread/INFO]: [CHAT] Ы »грок chesterly2112 был убит игроком destik36!
[22:43:34] [Client thread/INFO]: [CHAT] Ы ” destik36 сери€ из 3 убийств!
[22:43:35] [Client thread/INFO]: [CHAT] Ы »грок Lyam был разорван на кусочки игроком Countine!
[22:43:36] [Client thread/INFO]: [CHAT] Ы »грок strikerfire03 был убит игроком Romto4kaYT!
[22:43:36] [Client thread/INFO]: [CHAT] Ы »грок Paneola00 был разорван на кусочки игроком tamagochi!
[22:43:36] [Client thread/INFO]: [CHAT] Ы ” tamagochi сери€ из 5 убийств!
[22:43:36] [Client thread/INFO]: [CHAT] Ы fewx не флайхакер! Ёто часть его комплекта!
[22:43:40] [Client thread/INFO]: [CHAT] Ы »грок lex_serganten был разорван на кусочки игроком Ћол_ ек_„ибурек!
[22:43:40] [Client thread/INFO]: [CHAT] [ƒелюкс] SoldatYT  ? € даже попасть по тебе не могу
[22:43:41] [Client thread/INFO]: [CHAT] Ы »грок Kovrik777 умер от рук игроком TexHo_CamyPaU!
[22:43:42] [Client thread/INFO]: [CHAT] Ы »грок samirush умер от рук игроком AsarX!
[22:43:42] [Client thread/INFO]: [CHAT] Ы AsarX повысил ранг до PrO
[22:43:44] [Client thread/INFO]: [CHAT] Ы »грок AsarX был разорван на кусочки игроком Proper_Twelve!
[22:43:45] [Client thread/INFO]: [CHAT] \n ? ¬се донат-привилегии и кейсы\n ? ѕокупаютс€ на все сервера,\n ? а также выдаютс€ навсегда\n\n ? —айт дл€ совершени€ покупок: www.dexland.ru \n
[22:43:46] [Client thread/INFO]: [CHAT] Ы Gellion не флайхакер! Ёто часть его комплекта!
[22:43:46] [Client thread/INFO]: [CHAT] јнти„ит ? »грок Proper_Twelve кикнут по подозрению в использовании читов.
[22:43:46] [Client thread/INFO]: [CHAT] Ы »грок CheeseGames был убит игроком roms_pidor1!
[22:43:46] [Client thread/INFO]: [CHAT] Ы »грок Gr1P_MyhOmoR был разорван на кусочки игроком cosmolord!
[22:43:47] [Client thread/INFO]: [CHAT] Ы »грок omone был разорван на кусочки игроком Gellion!
[22:43:47] [Client thread/INFO]: [CHAT] Ы ” Gellion сери€ из 3 убийств!
[22:43:48] [Client thread/INFO]: [CHAT] Ы »грок MoRnI был убит игроком Sweeper!
[22:43:48] [Client thread/INFO]: [CHAT] Ы ” Sweeper сери€ из 3 убийств!
[22:43:48] [Client thread/INFO]: [CHAT] Ы »грок SayonaraBoy был разорван на кусочки игроком yura3000!
[22:43:49] [Client thread/INFO]: [CHAT] Ы »грок terariin был убит игроком clatser!
[22:43:49] [Client thread/INFO]: [CHAT] [»грок] Slubrokk_FANTOM  ? sotp
[22:43:49] [Client thread/INFO]: [CHAT] Ы »грок CuP4Ik умер от рук игроком TexHo_CamyPaU!
[22:43:49] [Client thread/INFO]: [CHAT] Ы »грок smorodinka умер от рук игроком serga221221!
[22:43:50] [Client thread/INFO]: [CHAT] Ы »грок Lukario3 был разорван на кусочки игроком _Anton2018_BRO_!
[22:43:50] [Client thread/INFO]: [CHAT] јнти„ит ? »грок _’≈Ќ_ѕќ÷јЌ_ кикнут по подозрению в использовании читов.
[22:43:51] [Client thread/INFO]: [CHAT] Ы »грок zdfhg был убит игроком serga221221!
[22:43:51] [Client thread/INFO]: [CHAT] [»грок] Slubrokk_FANTOM  ? stop
[22:43:52] [Client thread/INFO]: [CHAT] Ы »грок 13245768g умер от рук игроком Holy_Jesus!
[22:43:52] [Client thread/INFO]: [CHAT] Ы ” Holy_Jesus сери€ из 5 убийств!
[22:43:52] [Client thread/INFO]: [CHAT] Ы »грок serga221221 был разорван на кусочки игроком jvjmbi!
[22:43:53] [Client thread/INFO]: [CHAT] Ы »грок Evi1 был убит игроком ыфыл!
[22:43:54] [Client thread/INFO]: [CHAT] [√л.јдмин] destik36  ? без читов зассал Slubrokk_FANTOM?
[22:43:54] [Client thread/INFO]: [CHAT] Ы »грок Paneola00 был убит игроком Joker12!
[22:43:54] [Client thread/INFO]: [CHAT] Ы »грок NeNiFr был разорван на кусочки игроком SiDoKySs!
[22:43:55] [Client thread/INFO]: [CHAT] Ы »грок Lyam был убит игроком Aviro_F!
[22:43:55] [Client thread/INFO]: [CHAT] јнти„ит ? »грок _Sheymus_ кикнут по подозрению в использовании читов.
[22:43:56] [Client thread/INFO]: [CHAT] Ы »грок jitfr был разорван на кусочки игроком sasha1658e3!
[22:43:56] [Client thread/INFO]: [CHAT] Ы »грок Slubrokk_FANTOM был разорван на кусочки игроком amazonka_1991!
[22:43:57] [Client thread/INFO]: [CHAT] Ы »грок vysna был разорван на кусочки игроком Holy_Jesus!
[22:43:59] [Client thread/INFO]: [CHAT] Ы »грок samirush был разорван на кусочки игроком xSanCasVer_!
[22:43:59] [Client thread/INFO]: [CHAT] Ы »грок foltik был разорван на кусочки игроком kondrallesa!
[22:44:00] [Client thread/INFO]: [CHAT] Ы »грок ArtemK6K умер от рук игроком ыфыл!
[22:44:02] [Client thread/INFO]: [CHAT] Ы clatser не флайхакер! Ёто часть его комплекта!
[22:44:03] [Client thread/INFO]: [CHAT] Ы »грок Clover11134 был разорван на кусочки игроком xSanCasVer_!
[22:44:04] [Client thread/INFO]: [CHAT] Ы »грок zdfhg был разорван на кусочки игроком serga221221!
[22:44:05] [Client thread/INFO]: [CHAT] Ы »грок serga221221 умер от рук игроком rocketa!
[22:44:05] [Client thread/INFO]: [CHAT] Ы »грок sholopaie был разорван на кусочки игроком kondrallesa!
[22:44:05] [Client thread/INFO]: [CHAT] \n ? Ќужен креатив с бессмертием и бесконечными ресурсами?\n ? Ќо ты не готов тратить много денег?\n ? “огда купи донат [ реатив] всего за 15 руб!\n\n ? ѕокупай на сайте: www.dexland.ru \n
[22:44:06] [Client thread/INFO]: [CHAT] Ы »грок rocketa был убит игроком 111IKLEYD11!
[22:44:08] [Client thread/INFO]: [CHAT] Ы »грок __Liryz_ умер от рук игроком clatser!
[22:44:08] [Client thread/INFO]: [CHAT] Ы »грок Hoki02 был разорван на кусочки игроком Ruduga7!
[22:44:09] [Client thread/INFO]: [CHAT] Ы »грок 13245768g был убит игроком LeLe0!
[22:44:10] [Client thread/INFO]: [CHAT] Ы »грок tanchik67 умер от рук игроком xSanCasVer_!
[22:44:10] [Client thread/INFO]: [CHAT] Ы ” xSanCasVer_ сери€ из 3 убийств!
[22:44:11] [Client thread/INFO]: [CHAT] Ы »грок SayonaraBoy умер от рук игроком Accidenty!
[22:44:11] [Client thread/INFO]: [CHAT] [»грок] Lyam  ? как вернутс€ в меню?
[22:44:12] [Client thread/INFO]: [CHAT] Ы »грок OverShowTY11 умер от рук игроком Nexonn!
[22:44:13] [Client thread/INFO]: [CHAT] Ы »грок Paneola00 был убит игроком Aviro_F!
[22:44:14] [Client thread/INFO]: [CHAT] Ы »грок MoRnI умер от рук игроком sasha1658e3!
[22:44:14] [Client thread/INFO]: [CHAT] Ы Aviro_F не флайхакер! Ёто часть его комплекта!
[22:44:14] [Client thread/INFO]: [CHAT] Ы »грок Gr1P_MyhOmoR умер от рук игроком Gellion!
[22:44:15] [Client thread/INFO]: [CHAT] Ы »грок terariin был разорван на кусочки игроком serga221221!
[22:44:15] [Client thread/INFO]: [CHAT] Ы »грок fewx умер от рук игроком SoldatYT!
[22:44:16] [Client thread/INFO]: [CHAT] Ы »грок chesterly2112 был разорван на кусочки игроком jvjmbi!
[22:44:17] [Client thread/WARN]: Received passengers for unknown entity
[22:44:18] [Client thread/WARN]: Received passengers for unknown entity
[22:44:18] [Client thread/INFO]: [CHAT] [ƒелюкс] SoldatYT  ? спаилс€
[22:44:18] [Client thread/INFO]: [CHAT] Ы »грок zdfhg был разорван на кусочки игроком Accidenty!
[22:44:18] [Client thread/INFO]: [CHAT] Ы ” Accidenty сери€ из 3 убийств!
[22:44:18] [Client thread/INFO]: [CHAT] Ы »грок AsarX был убит игроком NeNiFr!
[22:44:19] [Client thread/INFO]: [CHAT] Ы »грок samirush умер от рук игроком xSanCasVer_!
[22:44:21] [Client thread/INFO]: [CHAT] [ƒелюкс] SoldatYT  ? с ричаим
[22:44:21] [Client thread/WARN]: Received passengers for unknown entity
[22:44:22] [Client thread/INFO]: [CHAT] [ћодер] fewx  ? пизда те
[22:44:22] [Client thread/WARN]: Received passengers for unknown entity
[22:44:22] [Client thread/INFO]: [CHAT] Ы »грок 13245768g умер от рук игроком destik36!
[22:44:23] [Client thread/INFO]: [CHAT] Ы »грок yura3000 был разорван на кусочки игроком _Anton2018_BRO_!
[22:44:24] [Client thread/INFO]: [CHAT] Ы 111IKLEYD11 не флайхакер! Ёто часть его комплекта!
[22:44:24] [Client thread/INFO]: [CHAT] јнти„ит ? »грок Proper_Twelve кикнут по подозрению в использовании читов.
[22:44:24] [Client thread/INFO]: [CHAT] јнти„ит ? »грок Proper_Twelve кикнут по подозрению в использовании читов.
[22:44:25] [Client thread/INFO]: [CHAT] Ы »грок omone умер от рук игроком ыфыл!
[22:44:25] [Client thread/INFO]: [CHAT] Ы ” ыфыл сери€ из 3 убийств!
[22:44:25] [Client thread/INFO]: [CHAT] \n ? ’отел бы снимать антигрифер шоу?\n ? ” донат привилегии [ќпка] есть все дл€ этого!\n ?  упи всего за 279 руб на сайте: www.dexland.ru \n
[22:44:26] [Client thread/INFO]: [CHAT] Ы »грок Paneola00 умер от рук игроком xSanCasVer_!
[22:44:26] [Client thread/INFO]: [CHAT] Ы ” xSanCasVer_ сери€ из 5 убийств!
[22:44:26] [Client thread/INFO]: [CHAT] Ы »грок SayonaraBoy был разорван на кусочки игроком Accidenty!
[22:44:26] [Client thread/INFO]: [CHAT] Ы »грок Lukario3 умер от рук игроком sasha1658e3!
[22:44:26] [Client thread/INFO]: [CHAT] Ы ” sasha1658e3 сери€ из 3 убийств!
[22:44:27] [Client thread/INFO]: [CHAT] Ы »грок Loki0143 умер от рук игроком tamagochi!
[22:44:28] [Client thread/INFO]: [CHAT] Ы »грок roms_pidor1 был разорван на кусочки игроком cosmolord!
[22:44:28] [Client thread/INFO]: [CHAT] Ы »грок RainbowUndead был разорван на кусочки игроком jvjmbi!
[22:44:28] [Client thread/INFO]: [CHAT] Ы ” jvjmbi сери€ из 3 убийств!
[22:44:28] [Client thread/INFO]: [CHAT] Ы »грок ArtemK6K был убит игроком CuP4Ik!
[22:44:29] [Client thread/INFO]: [CHAT] Ы »грок chesterly2112 был разорван на кусочки игроком  рис¬ерп!
[22:44:30] [Client thread/INFO]: [CHAT] Ы »грок CuP4Ik был убит игроком _Anton2018_BRO_!
[22:44:30] [Client thread/INFO]: [CHAT] Ы ” _Anton2018_BRO_ сери€ из 10 убийств!
[22:44:30] [Client thread/INFO]: [CHAT] Ы »грок samirush умер от рук игроком AsarX!
[22:44:32] [Client thread/INFO]: [CHAT] Ы »грок NeNiFr умер от рук игроком 111IKLEYD11!
[22:44:33] [Client thread/INFO]: [CHAT] Ы »грок Hoki02 был убит игроком Ruduga7!
[22:44:33] [Client thread/INFO]: [CHAT] Ы ” Ruduga7 сери€ из 5 убийств!
[22:44:34] [Client thread/INFO]: [CHAT] Ы »грок LeLe0 был разорван на кусочки игроком SoldatYT!
[22:44:35] [Client thread/INFO]: [CHAT] Ы »грок KOT_2008 был убит игроком clatser!
[22:44:35] [Client thread/INFO]: [CHAT] Ы ” clatser сери€ из 20 убийств!
[22:44:35] [Client thread/INFO]: [CHAT] Ы »грок AsarX был разорван на кусочки игроком xSanCasVer_!
[22:44:35] [Client thread/INFO]: [CHAT] Ы »грок atmasfera был разорван на кусочки игроком Holy_Jesus!
[22:44:35] [Client thread/INFO]: [CHAT] Ы »грок Kovrik777 был разорван на кусочки игроком Accidenty!
[22:44:35] [Client thread/INFO]: [CHAT] Ы ” Accidenty сери€ из 5 убийств!
[22:44:36] [Client thread/INFO]: [CHAT] Ы »грок jitfr умер от рук игроком cosmolord!
[22:44:36] [Client thread/INFO]: [CHAT] Ы ” cosmolord сери€ из 3 убийств!
[22:44:36] [Client thread/INFO]: [CHAT] Ы cosmolord повысил ранг до Hero
[22:44:36] [Client thread/INFO]: [CHAT] Ы »грок P_I_K_A_S_H_U был убит игроком Aviro_F!
[22:44:37] [Client thread/INFO]: [CHAT] јнти„ит ? »грок Countine кикнут по подозрению в использовании читов.
[22:44:37] [Client thread/INFO]: [CHAT] јнти„ит ? »грок Countine кикнут по подозрению в использовании читов.
[22:44:38] [Client thread/INFO]: [CHAT] Ы »грок jeksnejzmwz был разорван на кусочки игроком Bomba9000!
[22:44:38] [Client thread/INFO]: [CHAT] Ы »грок serga221221 был убит игроком xSanCasVer_!
[22:44:38] [Client thread/INFO]: [CHAT] Ы »грок TexHo_CamyPaU был разорван на кусочки игроком Gellion!
[22:44:38] [Client thread/INFO]: [CHAT] Ы ” Gellion сери€ из 5 убийств!
[22:44:39] [Client thread/INFO]: [CHAT] Ы »грок Slubrokk_FANTOM умер от рук игроком InFrytik!
[22:44:39] [Client thread/INFO]: [CHAT] Ы »грок Cool_Boy умер от рук игроком kondrallesa!
[22:44:40] [Client thread/INFO]: [CHAT] Ы roms_pidor1 не флайхакер! Ёто часть его комплекта!
[22:44:41] [Client thread/INFO]: [CHAT] Ы »грок sholopaie был разорван на кусочки игроком terariin!
[22:44:43] [Client thread/INFO]: [CHAT] Ы »грок krekeer был убит игроком Bomba9000!
[22:44:43] [Client thread/INFO]: [CHAT] Ы »грок terariin был убит игроком 111IKLEYD11!
[22:44:43] [Client thread/INFO]: [CHAT] Ы »грок Artem5677 умер от рук игроком Holy_Jesus!
[22:44:43] [Client thread/INFO]: [CHAT] Ы »грок Bomba9000 был убит игроком Paneola00!
[22:44:45] [Client thread/INFO]: [CHAT] Ы »грок OverShowTY11 был убит игроком Sweeper!
[22:44:45] [Client thread/INFO]: [CHAT] \n ? ’очешь купить донат, но не довер€ешь?\n ? Ќе бойс€! Ќаш сервер проверен многими ютуберами\n\n ? ѕокупай донат, будь крутым - www.dexland.ru \n
[22:44:46] [Client thread/INFO]: [CHAT] Ы »грок Paneola00 был убит игроком samirush!
[22:44:49] [Client thread/INFO]: [CHAT] Ы »грок 13245768g был убит игроком Sweeper!
[22:44:49] [Client thread/INFO]: [CHAT] Ы ” Sweeper сери€ из 5 убийств!
[22:44:49] [Client thread/INFO]: [CHAT] Ы »грок Agalex был разорван на кусочки игроком xSanCasVer_!
[22:44:49] [Client thread/INFO]: [CHAT] Ы ¬ы были убиты xSanCasVer_!
[22:44:52] [Client thread/INFO]: [CHAT] Ы »грок chesterly2112 был убит игроком amazonka_1991!
[22:44:52] [Client thread/INFO]: [CHAT] Ы »грок jeksnejzmwz умер от рук игроком Lesha2290!
[22:44:53] [Client thread/INFO]: [CHAT] Ы »грок cosmolord был разорван на кусочки игроком _Anton2018_BRO_!
[22:44:53] [Client thread/INFO]: [CHAT] Ы »грок Lesha2290 был убит игроком AsarX!
[22:44:53] [Client thread/INFO]: [CHAT] Ы »грок Lyam был разорван на кусочки игроком jitfr!
[22:44:53] [Client thread/INFO]: [CHAT] Ы jitfr повысил ранг до PrO
[22:44:53] [Client thread/INFO]: [CHAT] Ы »грок omone умер от рук игроком jitfr!
[22:44:55] [Client thread/INFO]: [CHAT] [ƒелюкс] SoldatYT  ? fewx
[22:44:55] [Client thread/INFO]: [CHAT] Ы »грок Evi1 был убит игроком 111IKLEYD11!
[22:44:56] [Client thread/INFO]: [CHAT] Ы »грок LeLe0 был убит игроком ыфыл!
[22:44:56] [Client thread/INFO]: [CHAT] Ы »грок STREET_B0Y был разорван на кусочки игроком Holy_Jesus!
[22:44:56] [Client thread/INFO]: [CHAT] Ы »грок TexHo_CamyPaU умер от рук игроком 111IKLEYD11!
[22:44:56] [Client thread/INFO]: [CHAT] Ы ” 111IKLEYD11 сери€ из 10 убийств!
[22:44:58] [Client thread/INFO]: [CHAT] Ы »грок AsarX умер от рук игроком roms_pidor1!
[22:44:58] [Client thread/INFO]: [CHAT] Ы »грок KOT_2008 умер от рук игроком jitfr!
[22:44:58] [Client thread/INFO]: [CHAT] Ы ” jitfr сери€ из 3 убийств!
[22:44:58] [Client thread/INFO]: [CHAT] [ƒелюкс] SoldatYT  ? ты с ричами
[22:44:58] [Client thread/INFO]: [CHAT] Ы »грок samirush умер от рук игроком Sweeper!
[22:44:58] [Client thread/INFO]: [CHAT] Ы »грок MoRnI умер от рук игроком kondrallesa!
[22:45:00] [Client thread/INFO]: [CHAT] Ы »грок Agalex умер от рук игроком Cool_Boy!
[22:45:00] [Client thread/INFO]: [CHAT] Ы ¬ы были убиты Cool_Boy!
[22:45:00] [Client thread/INFO]: [CHAT] Ы »грок jeksnejzmwz был разорван на кусочки игроком Holy_Jesus!
[22:45:00] [Client thread/INFO]: [CHAT] Ы ” Holy_Jesus сери€ из 10 убийств!
[22:45:01] [Client thread/INFO]: [CHAT] Ы »грок NitroFuNyx был убит игроком Gr1P_MyhOmoR!
[22:45:02] [Client thread/INFO]: [CHAT] Ы ¬ыбран набор: Viper
[22:45:02] [Client thread/INFO]: [CHAT] Ы »грок Hoki02 был убит игроком sasha1658e3!
[22:45:02] [Client thread/INFO]: [CHAT] \n?????????????????????????? \n\n? “олько на этой неделе скидка 25% на ¬—≈ товары!\n? »спользуй промокод: sale25\n \n? —айт дл€ совершени€ покупок: www.dexland.ru \n\n??????????????????????????\n
[22:45:02] [Client thread/INFO]: [CHAT] јнти„ит ? »грок Alicelove кикнут по подозрению в использовании читов.
[22:45:03] [Client thread/INFO]: [CHAT] Ы »грок jitfr умер от рук игроком serga221221!
[22:45:04] [Client thread/INFO]: [CHAT] Ы »грок serga221221 был убит игроком destik36!
[22:45:04] [Client thread/INFO]: [CHAT] Ы ” destik36 сери€ из 5 убийств!
[22:45:05] [Client thread/INFO]: [CHAT] Ы »грок Kovrik777 был убит игроком krekeer!
[22:45:05] [Client thread/INFO]: [CHAT] \n ? ƒрузь€ хвастаютс€ донатом? ј ты никто?\n ? —пециально дл€ теб€ мы сделали 80% скидки!\n ? ƒонат [¬ладелец] всего за 479 руб\n\n ? ѕокупка на сайте - www.dexland.ru \n
[22:45:05] [Client thread/INFO]: [CHAT] Ы »грок Paneola00 умер от рук игроком Accidenty!
[22:45:06] [Client thread/INFO]: [CHAT] Ы »грок krekeer был убит игроком roms_pidor1!
[22:45:06] [Client thread/INFO]: [CHAT] Ы »грок NeNiFr был убит игроком 13245768g!
[22:45:08] [Client thread/INFO]: [CHAT] [»грок] nazar7009  ? f
[22:45:08] [Client thread/INFO]: [CHAT] Ы »грок Joker12 умер от рук игроком xSanCasVer_!
[22:45:09] [Client thread/INFO]: [CHAT] Ы »грок rocketa умер от рук игроком OverShowTY11!
[22:45:09] [Client thread/INFO]: [CHAT] Ы »грок Loki0143 был разорван на кусочки игроком Holy_Jesus!
[22:45:09] [Client thread/INFO]: [CHAT] Ы kondrallesa не флайхакер! Ёто часть его комплекта!
[22:45:11] [Client thread/WARN]: Received passengers for unknown entity
[22:45:12] [Client thread/INFO]: [CHAT] Ы »грок Clover11134 умер от рук игроком Accidenty!
[22:45:12] [Client thread/INFO]: [CHAT] Ы »грок CuP4Ik был убит игроком Holy_Jesus!
[22:45:13] [Client thread/WARN]: Received passengers for unknown entity
[22:45:13] [Client thread/INFO]: [CHAT] Ы »грок AsarX был разорван на кусочки игроком 111IKLEYD11!
[22:45:13] [Client thread/INFO]: [CHAT] [¬ладелец] vmo „—¬ ? сука
[22:45:13] [Client thread/INFO]: [CHAT] Ы »грок xa4u_TTypu умер от рук игроком ыфыл!
[22:45:13] [Client thread/INFO]: [CHAT] Ы ” ыфыл сери€ из 5 убийств!
[22:45:13] [Client thread/INFO]: [CHAT] Ы »грок Artem5677 умер от рук игроком Agalex!
[22:45:14] [Client thread/INFO]: [CHAT] Ы ¬ы убили Artem5677 и получили 10 монет и 5 опыта!
[22:45:14] [Client thread/INFO]: [CHAT] Ы »грок zdfhg был убит игроком jvjmbi!
[22:45:14] [Client thread/INFO]: [CHAT] Ы »грок Agalex был разорван на кусочки игроком cosmolord!
[22:45:14] [Client thread/INFO]: [CHAT] Ы ¬ы были убиты cosmolord!
[22:45:15] [Client thread/INFO]: [CHAT] [¬ладелец] vmo „—¬ ? сдохни
[22:45:15] [Client thread/INFO]: [CHAT] Ы »грок Evi1 умер от рук игроком 111IKLEYD11!
[22:45:15] [Client thread/WARN]: Received passengers for unknown entity
[22:45:16] [Client thread/INFO]: [CHAT] [»грок] Lesha2290  ? ytyhj
[22:45:16] [Client thread/INFO]: [CHAT] Ы »грок miklamika был разорван на кусочки игроком serga221221!
[22:45:17] [Client thread/INFO]: [CHAT] Ы ¬ыбран набор: Fisherman
[22:45:17] [Client thread/INFO]: [CHAT] Ы »грок 13245768g был убит игроком Holy_Jesus!
[22:45:17] [Client thread/INFO]: [CHAT] Ы »грок KOT_2008 был убит игроком destik36!
[22:45:17] [Client thread/INFO]: [CHAT] Ы »грок sholopaie был убит игроком 111IKLEYD11!
[22:45:20] [Client thread/INFO]: [CHAT] Ы »грок samirush был разорван на кусочки игроком jvjmbi!
[22:45:20] [Client thread/INFO]: [CHAT] Ы ” jvjmbi сери€ из 5 убийств!
[22:45:21] [Client thread/INFO]: [CHAT] [»грок] Lesha2290  ? р
[22:45:21] [Client thread/INFO]: [CHAT] Ы »грок RainbowUndead был убит игроком clatser!
[22:45:22] [Client thread/INFO]: [CHAT] Ы »грок ShuckNotFake был разорван на кусочки игроком lex_serganten!
[22:45:22] [Client thread/INFO]: [CHAT] Ы lex_serganten повысил ранг до Hero
[22:45:22] [Client thread/INFO]: [CHAT] Ы »грок jvjmbi был убит игроком roms_pidor1!
[22:45:22] [Client thread/INFO]: [CHAT] Ы ” roms_pidor1 сери€ из 3 убийств!
[22:45:23] [Client thread/INFO]: [CHAT] Ы »грок terariin был убит игроком Accidenty!
[22:45:23] [Client thread/INFO]: [CHAT] Ы »грок Lukario3 был убит игроком Ruduga7!
[22:45:23] [Client thread/INFO]: [CHAT] Ы »грок Paneola00 умер от рук игроком Evi1!
[22:45:25] [Client thread/INFO]: [CHAT] Ы »грок Gr1P_MyhOmoR был убит игроком Bomba9000!
[22:45:25] [Client thread/INFO]: [CHAT] \n ? —айт дл€ покупки доната: www.dexland.ru \n
[22:45:27] [Client thread/INFO]: [CHAT] Ы »грок NitroFuNyx был разорван на кусочки игроком cosmolord!
[22:45:28] [Client thread/INFO]: [CHAT] [»грок] 13245768g  ? !а члабо без вх?
[22:45:28] [Client thread/INFO]: [CHAT] Ы »грок Slubrokk_FANTOM был разорван на кусочки игроком _Sheymus_!
[22:45:29] [Client thread/INFO]: [CHAT] Ы »грок _Anton2018_BRO_ умер от рук игроком Holy_Jesus!
[22:45:30] [Client thread/INFO]: [CHAT] Ы »грок jeksnejzmwz был убит игроком xa4u_TTypu!
[22:45:30] [Client thread/INFO]: [CHAT] Ы »грок serga221221 был убит игроком ыфыл!
[22:45:30] [Client thread/WARN]: Received passengers for unknown entity
[22:45:31] [Client thread/INFO]: [CHAT] Ы 111IKLEYD11 не флайхакер! Ёто часть его комплекта!
[22:45:31] [Client thread/INFO]: [CHAT] [ћодер] fewx  ? прыгай
[22:45:31] [Client thread/WARN]: Received passengers for unknown entity
[22:45:32] [Client thread/INFO]: [CHAT] Ы »грок NeNiFr был разорван на кусочки игроком clatser!
[22:45:32] [Client thread/INFO]: [CHAT] Ы »грок SayonaraBoy умер от рук игроком Accidenty!
[22:45:32] [Client thread/INFO]: [CHAT] Ы »грок Agalex умер от рук игроком xa4u_TTypu!
[22:45:32] [Client thread/INFO]: [CHAT] Ы ¬ы были убиты xa4u_TTypu!
[22:45:32] [Client thread/INFO]: [CHAT] Ы »грок yura3000 был разорван на кусочки игроком Cool_Boy!
[22:45:34] [Client thread/WARN]: Received passengers for unknown entity
[22:45:35] [Client thread/INFO]: [CHAT] Ы »грок CuP4Ik был разорван на кусочки игроком cottage!
[22:45:35] [Client thread/WARN]: Received passengers for unknown entity
[22:45:35] [Client thread/INFO]: [CHAT] Ы »грок samirush был убит игроком xa4u_TTypu!
[22:45:35] [Client thread/INFO]: [CHAT] Ы ” xa4u_TTypu сери€ из 3 убийств!
[22:45:35] [Client thread/INFO]: [CHAT] Ы »грок KOT_2008 был убит игроком LeLe0!
[22:45:37] [Client thread/INFO]: [CHAT] Ы »грок Bomba9000 был убит игроком xSanCasVer_!
[22:45:37] [Client thread/INFO]: [CHAT] Ы ” xSanCasVer_ сери€ из 10 убийств!
[22:45:37] [Client thread/INFO]: [CHAT] јнти„ит ? »грок OverShowTY11 кикнут по подозрению в использовании читов.
[22:46:08] [Client thread/ERROR]: Can't ping mc.mineblaze.ru:25565: ѕревышено врем€ ожидани€
[22:46:34] [Client thread/INFO]: Connecting to MBars.ru, 25565
[22:46:35] [Client thread/INFO]: [CHAT] [MineBars] ќжидайте завершени€ проверки...
[22:46:36] [Client thread/INFO]: [CHAT] [MineBars] ќжидайте завершени€ проверки...
[22:46:37] [Client thread/INFO]: [CHAT] [MineBars] ќжидайте завершени€ проверки...
[22:46:38] [Client thread/INFO]: [CHAT] [MineBars] ќжидайте завершени€ проверки...
[22:46:39] [Client thread/INFO]: [CHAT] [MineBars] ќжидайте завершени€ проверки...
[22:46:40] [Client thread/INFO]: [CHAT] [MineBars] ѕроверка пройдена, при€тной игры
[22:46:40] [Client thread/INFO]: [CHAT] І8[ІbMineІcBarsІ8] Іf«арегистрируйтесь - Іe/register Іf[ІeпарольІf] [ІeпарольІf]
[22:46:40] [Client thread/FATAL]: Error executing task
java.util.concurrent.ExecutionException: java.lang.NullPointerException
	at java.util.concurrent.FutureTask.report(Unknown Source) ~[?:1.8.0_45]
	at java.util.concurrent.FutureTask.get(Unknown Source) ~[?:1.8.0_45]
	at h.a(SourceFile:47) [1.12.2.jar:?]
	at bib.az(SourceFile:991) [1.12.2.jar:?]
	at bib.a(SourceFile:419) [1.12.2.jar:?]
	at net.minecraft.client.main.Main.main(SourceFile:123) [1.12.2.jar:?]
Caused by: java.lang.NullPointerException
	at brz.a(SourceFile:482) ~[1.12.2.jar:?]
	at ic.a(SourceFile:67) ~[1.12.2.jar:?]
	at ic.a(SourceFile:14) ~[1.12.2.jar:?]
	at hv$1.run(SourceFile:13) ~[1.12.2.jar:?]
	at java.util.concurrent.Executors$RunnableAdapter.call(Unknown Source) ~[?:1.8.0_45]
	at java.util.concurrent.FutureTask.run(Unknown Source) ~[?:1.8.0_45]
	at h.a(SourceFile:46) ~[1.12.2.jar:?]
	... 3 more
[22:46:40] [Client thread/FATAL]: Error executing task
java.util.concurrent.ExecutionException: java.lang.NullPointerException
	at java.util.concurrent.FutureTask.report(Unknown Source) ~[?:1.8.0_45]
	at java.util.concurrent.FutureTask.get(Unknown Source) ~[?:1.8.0_45]
	at h.a(SourceFile:47) [1.12.2.jar:?]
	at bib.az(SourceFile:991) [1.12.2.jar:?]
	at bib.a(SourceFile:419) [1.12.2.jar:?]
	at net.minecraft.client.main.Main.main(SourceFile:123) [1.12.2.jar:?]
Caused by: java.lang.NullPointerException
	at brz.a(SourceFile:482) ~[1.12.2.jar:?]
	at ic.a(SourceFile:67) ~[1.12.2.jar:?]
	at ic.a(SourceFile:14) ~[1.12.2.jar:?]
	at hv$1.run(SourceFile:13) ~[1.12.2.jar:?]
	at java.util.concurrent.Executors$RunnableAdapter.call(Unknown Source) ~[?:1.8.0_45]
	at java.util.concurrent.FutureTask.run(Unknown Source) ~[?:1.8.0_45]
	at h.a(SourceFile:46) ~[1.12.2.jar:?]
	... 3 more
[22:46:42] [Client thread/FATAL]: Error executing task
java.util.concurrent.ExecutionException: java.lang.NullPointerException
	at java.util.concurrent.FutureTask.report(Unknown Source) ~[?:1.8.0_45]
	at java.util.concurrent.FutureTask.get(Unknown Source) ~[?:1.8.0_45]
	at h.a(SourceFile:47) [1.12.2.jar:?]
	at bib.az(SourceFile:991) [1.12.2.jar:?]
	at bib.a(SourceFile:419) [1.12.2.jar:?]
	at net.minecraft.client.main.Main.main(SourceFile:123) [1.12.2.jar:?]
Caused by: java.lang.NullPointerException
	at brz.a(SourceFile:482) ~[1.12.2.jar:?]
	at ic.a(SourceFile:67) ~[1.12.2.jar:?]
	at ic.a(SourceFile:14) ~[1.12.2.jar:?]
	at hv$1.run(SourceFile:13) ~[1.12.2.jar:?]
	at java.util.concurrent.Executors$RunnableAdapter.call(Unknown Source) ~[?:1.8.0_45]
	at java.util.concurrent.FutureTask.run(Unknown Source) ~[?:1.8.0_45]
	at h.a(SourceFile:46) ~[1.12.2.jar:?]
	... 3 more
[22:46:42] [Client thread/FATAL]: Error executing task
java.util.concurrent.ExecutionException: java.lang.NullPointerException
	at java.util.concurrent.FutureTask.report(Unknown Source) ~[?:1.8.0_45]
	at java.util.concurrent.FutureTask.get(Unknown Source) ~[?:1.8.0_45]
	at h.a(SourceFile:47) [1.12.2.jar:?]
	at bib.az(SourceFile:991) [1.12.2.jar:?]
	at bib.a(SourceFile:419) [1.12.2.jar:?]
	at net.minecraft.client.main.Main.main(SourceFile:123) [1.12.2.jar:?]
Caused by: java.lang.NullPointerException
	at brz.a(SourceFile:482) ~[1.12.2.jar:?]
	at ic.a(SourceFile:67) ~[1.12.2.jar:?]
	at ic.a(SourceFile:14) ~[1.12.2.jar:?]
	at hv$1.run(SourceFile:13) ~[1.12.2.jar:?]
	at java.util.concurrent.Executors$RunnableAdapter.call(Unknown Source) ~[?:1.8.0_45]
	at java.util.concurrent.FutureTask.run(Unknown Source) ~[?:1.8.0_45]
	at h.a(SourceFile:46) ~[1.12.2.jar:?]
	... 3 more
[22:46:43] [Client thread/FATAL]: Error executing task
java.util.concurrent.ExecutionException: java.lang.NullPointerException
	at java.util.concurrent.FutureTask.report(Unknown Source) ~[?:1.8.0_45]
	at java.util.concurrent.FutureTask.get(Unknown Source) ~[?:1.8.0_45]
	at h.a(SourceFile:47) [1.12.2.jar:?]
	at bib.az(SourceFile:991) [1.12.2.jar:?]
	at bib.a(SourceFile:419) [1.12.2.jar:?]
	at net.minecraft.client.main.Main.main(SourceFile:123) [1.12.2.jar:?]
Caused by: java.lang.NullPointerException
	at brz.a(SourceFile:482) ~[1.12.2.jar:?]
	at ic.a(SourceFile:67) ~[1.12.2.jar:?]
	at ic.a(SourceFile:14) ~[1.12.2.jar:?]
	at hv$1.run(SourceFile:13) ~[1.12.2.jar:?]
	at java.util.concurrent.Executors$RunnableAdapter.call(Unknown Source) ~[?:1.8.0_45]
	at java.util.concurrent.FutureTask.run(Unknown Source) ~[?:1.8.0_45]
	at h.a(SourceFile:46) ~[1.12.2.jar:?]
	... 3 more
[22:46:46] [Client thread/FATAL]: Error executing task
java.util.concurrent.ExecutionException: java.lang.NullPointerException
	at java.util.concurrent.FutureTask.report(Unknown Source) ~[?:1.8.0_45]
	at java.util.concurrent.FutureTask.get(Unknown Source) ~[?:1.8.0_45]
	at h.a(SourceFile:47) [1.12.2.jar:?]
	at bib.az(SourceFile:991) [1.12.2.jar:?]
	at bib.a(SourceFile:419) [1.12.2.jar:?]
	at net.minecraft.client.main.Main.main(SourceFile:123) [1.12.2.jar:?]
Caused by: java.lang.NullPointerException
	at brz.a(SourceFile:482) ~[1.12.2.jar:?]
	at ic.a(SourceFile:67) ~[1.12.2.jar:?]
	at ic.a(SourceFile:14) ~[1.12.2.jar:?]
	at hv$1.run(SourceFile:13) ~[1.12.2.jar:?]
	at java.util.concurrent.Executors$RunnableAdapter.call(Unknown Source) ~[?:1.8.0_45]
	at java.util.concurrent.FutureTask.run(Unknown Source) ~[?:1.8.0_45]
	at h.a(SourceFile:46) ~[1.12.2.jar:?]
	... 3 more
[22:46:48] [Client thread/FATAL]: Error executing task
java.util.concurrent.ExecutionException: java.lang.NullPointerException
	at java.util.concurrent.FutureTask.report(Unknown Source) ~[?:1.8.0_45]
	at java.util.concurrent.FutureTask.get(Unknown Source) ~[?:1.8.0_45]
	at h.a(SourceFile:47) [1.12.2.jar:?]
	at bib.az(SourceFile:991) [1.12.2.jar:?]
	at bib.a(SourceFile:419) [1.12.2.jar:?]
	at net.minecraft.client.main.Main.main(SourceFile:123) [1.12.2.jar:?]
Caused by: java.lang.NullPointerException
	at brz.a(SourceFile:482) ~[1.12.2.jar:?]
	at ic.a(SourceFile:67) ~[1.12.2.jar:?]
	at ic.a(SourceFile:14) ~[1.12.2.jar:?]
	at hv$1.run(SourceFile:13) ~[1.12.2.jar:?]
	at java.util.concurrent.Executors$RunnableAdapter.call(Unknown Source) ~[?:1.8.0_45]
	at java.util.concurrent.FutureTask.run(Unknown Source) ~[?:1.8.0_45]
	at h.a(SourceFile:46) ~[1.12.2.jar:?]
	... 3 more
[22:46:50] [Client thread/INFO]: [CHAT] І8[ІbMineІcBarsІ8] Іf«арегистрируйтесь - Іe/register Іf[ІeпарольІf] [ІeпарольІf]
[22:46:51] [Client thread/FATAL]: Error executing task
java.util.concurrent.ExecutionException: java.lang.NullPointerException
	at java.util.concurrent.FutureTask.report(Unknown Source) ~[?:1.8.0_45]
	at java.util.concurrent.FutureTask.get(Unknown Source) ~[?:1.8.0_45]
	at h.a(SourceFile:47) [1.12.2.jar:?]
	at bib.az(SourceFile:991) [1.12.2.jar:?]
	at bib.a(SourceFile:419) [1.12.2.jar:?]
	at net.minecraft.client.main.Main.main(SourceFile:123) [1.12.2.jar:?]
Caused by: java.lang.NullPointerException
	at brz.a(SourceFile:482) ~[1.12.2.jar:?]
	at ic.a(SourceFile:67) ~[1.12.2.jar:?]
	at ic.a(SourceFile:14) ~[1.12.2.jar:?]
	at hv$1.run(SourceFile:13) ~[1.12.2.jar:?]
	at java.util.concurrent.Executors$RunnableAdapter.call(Unknown Source) ~[?:1.8.0_45]
	at java.util.concurrent.FutureTask.run(Unknown Source) ~[?:1.8.0_45]
	at h.a(SourceFile:46) ~[1.12.2.jar:?]
	... 3 more
[22:46:51] [Client thread/FATAL]: Error executing task
java.util.concurrent.ExecutionException: java.lang.NullPointerException
	at java.util.concurrent.FutureTask.report(Unknown Source) ~[?:1.8.0_45]
	at java.util.concurrent.FutureTask.get(Unknown Source) ~[?:1.8.0_45]
	at h.a(SourceFile:47) [1.12.2.jar:?]
	at bib.az(SourceFile:991) [1.12.2.jar:?]
	at bib.a(SourceFile:419) [1.12.2.jar:?]
	at net.minecraft.client.main.Main.main(SourceFile:123) [1.12.2.jar:?]
Caused by: java.lang.NullPointerException
	at brz.a(SourceFile:482) ~[1.12.2.jar:?]
	at ic.a(SourceFile:67) ~[1.12.2.jar:?]
	at ic.a(SourceFile:14) ~[1.12.2.jar:?]
	at hv$1.run(SourceFile:13) ~[1.12.2.jar:?]
	at java.util.concurrent.Executors$RunnableAdapter.call(Unknown Source) ~[?:1.8.0_45]
	at java.util.concurrent.FutureTask.run(Unknown Source) ~[?:1.8.0_45]
	at h.a(SourceFile:46) ~[1.12.2.jar:?]
	... 3 more
[22:46:51] [Client thread/FATAL]: Error executing task
java.util.concurrent.ExecutionException: java.lang.NullPointerException
	at java.util.concurrent.FutureTask.report(Unknown Source) ~[?:1.8.0_45]
	at java.util.concurrent.FutureTask.get(Unknown Source) ~[?:1.8.0_45]
	at h.a(SourceFile:47) [1.12.2.jar:?]
	at bib.az(SourceFile:991) [1.12.2.jar:?]
	at bib.a(SourceFile:419) [1.12.2.jar:?]
	at net.minecraft.client.main.Main.main(SourceFile:123) [1.12.2.jar:?]
Caused by: java.lang.NullPointerException
	at brz.a(SourceFile:482) ~[1.12.2.jar:?]
	at ic.a(SourceFile:67) ~[1.12.2.jar:?]
	at ic.a(SourceFile:14) ~[1.12.2.jar:?]
	at hv$1.run(SourceFile:13) ~[1.12.2.jar:?]
	at java.util.concurrent.Executors$RunnableAdapter.call(Unknown Source) ~[?:1.8.0_45]
	at java.util.concurrent.FutureTask.run(Unknown Source) ~[?:1.8.0_45]
	at h.a(SourceFile:46) ~[1.12.2.jar:?]
	... 3 more
[22:46:51] [Client thread/FATAL]: Error executing task
java.util.concurrent.ExecutionException: java.lang.NullPointerException
	at java.util.concurrent.FutureTask.report(Unknown Source) ~[?:1.8.0_45]
	at java.util.concurrent.FutureTask.get(Unknown Source) ~[?:1.8.0_45]
	at h.a(SourceFile:47) [1.12.2.jar:?]
	at bib.az(SourceFile:991) [1.12.2.jar:?]
	at bib.a(SourceFile:419) [1.12.2.jar:?]
	at net.minecraft.client.main.Main.main(SourceFile:123) [1.12.2.jar:?]
Caused by: java.lang.NullPointerException
	at brz.a(SourceFile:482) ~[1.12.2.jar:?]
	at ic.a(SourceFile:67) ~[1.12.2.jar:?]
	at ic.a(SourceFile:14) ~[1.12.2.jar:?]
	at hv$1.run(SourceFile:13) ~[1.12.2.jar:?]
	at java.util.concurrent.Executors$RunnableAdapter.call(Unknown Source) ~[?:1.8.0_45]
	at java.util.concurrent.FutureTask.run(Unknown Source) ~[?:1.8.0_45]
	at h.a(SourceFile:46) ~[1.12.2.jar:?]
	... 3 more
[22:46:54] [Client thread/FATAL]: Error executing task
java.util.concurrent.ExecutionException: java.lang.NullPointerException
	at java.util.concurrent.FutureTask.report(Unknown Source) ~[?:1.8.0_45]
	at java.util.concurrent.FutureTask.get(Unknown Source) ~[?:1.8.0_45]
	at h.a(SourceFile:47) [1.12.2.jar:?]
	at bib.az(SourceFile:991) [1.12.2.jar:?]
	at bib.a(SourceFile:419) [1.12.2.jar:?]
	at net.minecraft.client.main.Main.main(SourceFile:123) [1.12.2.jar:?]
Caused by: java.lang.NullPointerException
	at brz.a(SourceFile:482) ~[1.12.2.jar:?]
	at ic.a(SourceFile:67) ~[1.12.2.jar:?]
	at ic.a(SourceFile:14) ~[1.12.2.jar:?]
	at hv$1.run(SourceFile:13) ~[1.12.2.jar:?]
	at java.util.concurrent.Executors$RunnableAdapter.call(Unknown Source) ~[?:1.8.0_45]
	at java.util.concurrent.FutureTask.run(Unknown Source) ~[?:1.8.0_45]
	at h.a(SourceFile:46) ~[1.12.2.jar:?]
	... 3 more
[22:46:56] [Client thread/FATAL]: Error executing task
java.util.concurrent.ExecutionException: java.lang.NullPointerException
	at java.util.concurrent.FutureTask.report(Unknown Source) ~[?:1.8.0_45]
	at java.util.concurrent.FutureTask.get(Unknown Source) ~[?:1.8.0_45]
	at h.a(SourceFile:47) [1.12.2.jar:?]
	at bib.az(SourceFile:991) [1.12.2.jar:?]
	at bib.a(SourceFile:419) [1.12.2.jar:?]
	at net.minecraft.client.main.Main.main(SourceFile:123) [1.12.2.jar:?]
Caused by: java.lang.NullPointerException
	at brz.a(SourceFile:482) ~[1.12.2.jar:?]
	at ic.a(SourceFile:67) ~[1.12.2.jar:?]
	at ic.a(SourceFile:14) ~[1.12.2.jar:?]
	at hv$1.run(SourceFile:13) ~[1.12.2.jar:?]
	at java.util.concurrent.Executors$RunnableAdapter.call(Unknown Source) ~[?:1.8.0_45]
	at java.util.concurrent.FutureTask.run(Unknown Source) ~[?:1.8.0_45]
	at h.a(SourceFile:46) ~[1.12.2.jar:?]
	... 3 more
[22:46:56] [Client thread/INFO]: [CHAT] І8[ІbMineІcBarsІ8] Іf”спешна€ регистраци€, не забудь свой пароль!
[22:46:57] [Client thread/INFO]: [CHAT] 
[22:46:59] [Client thread/INFO]: [CHAT] [?] ¬ы находитесь в лобби. ¬ыбирайте режим и зайдите в портал
[22:47:04] [Client thread/INFO]: [CHAT] [?] ¬ы находитесь в лобби. ¬ыбирайте режим и зайдите в портал
[22:47:09] [Client thread/INFO]: [CHAT] [?] ¬ы находитесь в лобби. ¬ыбирайте режим и зайдите в портал
[22:47:12] [Client thread/INFO]: [CHAT] <--------- Agalex —татистика --------->
[22:47:12] [Client thread/INFO]: [CHAT] - ”бийств:: 0
[22:47:12] [Client thread/INFO]: [CHAT] - —мертей:: 0
[22:47:12] [Client thread/INFO]: [CHAT] - ћонет:: 100
[22:47:12] [Client thread/INFO]: [CHAT] - ѕобед:: 0
[22:47:12] [Client thread/INFO]: [CHAT] - KDR:: 0.0
[22:47:12] [Client thread/INFO]: [CHAT] <-------------------------------> 
[22:47:24] [Client thread/INFO]: [CHAT]  
[22:47:24] [Client thread/INFO]: [CHAT]  ? ’отите сменить пароль от вашего аккаунта?
[22:47:24] [Client thread/INFO]: [CHAT]  ? »спользуйте /changepassword (старый пароль) (Ќовый)
[22:47:24] [Client thread/INFO]: [CHAT]  
[22:47:31] [Client thread/FATAL]: Error executing task
java.util.concurrent.ExecutionException: java.lang.NullPointerException
	at java.util.concurrent.FutureTask.report(Unknown Source) ~[?:1.8.0_45]
	at java.util.concurrent.FutureTask.get(Unknown Source) ~[?:1.8.0_45]
	at h.a(SourceFile:47) [1.12.2.jar:?]
	at bib.az(SourceFile:991) [1.12.2.jar:?]
	at bib.a(SourceFile:419) [1.12.2.jar:?]
	at net.minecraft.client.main.Main.main(SourceFile:123) [1.12.2.jar:?]
Caused by: java.lang.NullPointerException
	at brz.a(SourceFile:482) ~[1.12.2.jar:?]
	at ic.a(SourceFile:67) ~[1.12.2.jar:?]
	at ic.a(SourceFile:14) ~[1.12.2.jar:?]
	at hv$1.run(SourceFile:13) ~[1.12.2.jar:?]
	at java.util.concurrent.Executors$RunnableAdapter.call(Unknown Source) ~[?:1.8.0_45]
	at java.util.concurrent.FutureTask.run(Unknown Source) ~[?:1.8.0_45]
	at h.a(SourceFile:46) ~[1.12.2.jar:?]
	... 3 more
[22:47:59] [Client thread/INFO]: [CHAT] [SurvivalGames]: Agalex ѕрисоединилс€ к игре (1/24)!
[22:47:59] [Client thread/INFO]: [CHAT] [SurvivalGames]: 4 »гроков осталось до начала игры!
[22:48:10] [Client thread/INFO]: [CHAT] [SurvivalGames]: ѕобедитель бойни на арене chernobyl - Theta4ka
[22:48:13] [Client thread/INFO]: [CHAT] [»грок]  elfnet ? Ћожис
[22:48:14] [Client thread/INFO]: [CHAT] [SurvivalGames]: Ѕойн€ на арене pandora начнетс€ через 30 секунд!
[22:48:15] [Client thread/INFO]: [CHAT] [SurvivalGames]: Brodyaga99 ѕрисоединилс€ к игре (2/24)!
[22:48:15] [Client thread/INFO]: [CHAT] [SurvivalGames]: 3 »гроков осталось до начала игры!
[22:48:16] [Client thread/INFO]: [CHAT] [SurvivalGames]: H4ZER ѕрисоединилс€ к игре (3/24)!
[22:48:16] [Client thread/INFO]: [CHAT] [SurvivalGames]: 2 »гроков осталось до начала игры!
[22:48:19] [Client thread/INFO]: [CHAT] [SurvivalGames]: _MisisYana_ ѕрисоединилс€ к игре (4/24)!
[22:48:19] [Client thread/INFO]: [CHAT] [SurvivalGames]: 1 »гроков осталось до начала игры!
[22:48:21] [Client thread/INFO]: [CHAT] [»грок]  elfnet ? Ћожись
[22:48:22] [Client thread/INFO]: [CHAT] [SurvivalGames]: auTizm ѕрисоединилс€ к игре (5/24)!
[22:48:22] [Client thread/INFO]: [CHAT] [SurvivalGames]: Ѕойн€ на арене foland начнетс€ через 30 секунд!
[22:48:22] [Client thread/INFO]: [CHAT] [SurvivalGames]: »гра начнЄтс€ через 30 секунд!
[22:48:24] [Client thread/INFO]: [CHAT]  
[22:48:24] [Client thread/INFO]: [CHAT]  ? ’отите управл€ть сервером? ѕолный доступ?
[22:48:24] [Client thread/INFO]: [CHAT]  ? “огда вам нужна привилеги€ ƒиректор
[22:48:24] [Client thread/INFO]: [CHAT]  ? »м выдаетс€ RCON и вы сможете все, как создатели!
[22:48:24] [Client thread/INFO]: [CHAT]  ? ѕокупка на сайте MineBars.ru
[22:48:24] [Client thread/INFO]: [CHAT]  
[22:48:27] [Client thread/INFO]: [CHAT] [»грок]  _LuNa_GiRl_ ? ?
[22:48:30] [Client thread/INFO]: [CHAT] [SurvivalGames]: kittenVn ѕрисоединилс€ к игре (6/24)!
[22:48:32] [Client thread/INFO]: [CHAT] [SurvivalGames]: “ы приобрел STONE_SWORD x1 за 50 монет!
[22:48:32] [Client thread/INFO]: [CHAT] [»грок]  elfnet ? гранаааата
[22:48:38] [Client thread/INFO]: [CHAT] [SurvivalGames]: PiPaT_BAC ѕрисоединилс€ к игре (7/24)!
[22:48:38] [Client thread/INFO]: [CHAT] [SurvivalGames]: »гра начнЄтс€ через 15 секунд!
[22:48:41] [Client thread/INFO]: [CHAT] [»грок]  elfnet ? Ћожись
[22:48:43] [Client thread/INFO]: [CHAT] [SurvivalGames]: »гра начнЄтс€ через 10 секунд!
[22:48:45] [Client thread/INFO]: [CHAT] [SurvivalGames]: MRLauncher_61368 ѕрисоединилс€ к игре (8/24)!
[22:48:46] [Client thread/INFO]: [CHAT] [»грок]  Gerbech ? поцоны вы где
[22:48:48] [Client thread/INFO]: [CHAT] [SurvivalGames]: »гра начнЄтс€ через 5 секунд!
[22:48:49] [Client thread/INFO]: [CHAT] [SurvivalGames]: »гра начнЄтс€ через 4 секунд!
[22:48:50] [Client thread/INFO]: [CHAT] [SurvivalGames]: »гра начнЄтс€ через 3 секунд!
[22:48:51] [Client thread/INFO]: [CHAT] [SurvivalGames]: »гра начнЄтс€ через 2 секунд!
[22:48:51] [Client thread/INFO]: [CHAT] [SurvivalGames]: KOKAH ѕрисоединилс€ к игре (9/24)!
[22:48:52] [Client thread/INFO]: [CHAT] [SurvivalGames]: »гра начнЄтс€ через 1 секунд!
[22:48:53] [Client thread/INFO]: [CHAT] [SurvivalGames]: Ѕойн€ началась!
[22:48:53] [Client thread/WARN]: Unable to play unknown soundEvent: minecraft:fireworks.largeblast
[22:48:53] [Client thread/INFO]: [CHAT] [SurvivalGames]: –ежим бога закончитс€ через: 30 секунд!
[22:48:58] [Client thread/INFO]: [CHAT] [»грок]  elfnet ? ќна не зашла
[22:49:03] [Client thread/INFO]: [CHAT] [SurvivalGames]: ѕобедитель бойни на арене island - UFYCDSACFJUOID
[22:49:04] [Client thread/INFO]: [CHAT] [»грок]  elfnet ? ќна наибала
[22:49:13] [Client thread/INFO]: [CHAT] [SurvivalGames]: Ѕойн€ на арене chernobyl начнетс€ через 30 секунд!
[22:49:18] [Client thread/INFO]: [CHAT] [SurvivalGames]: –ежим бога закончитс€ через: 5 секунд!
[22:49:19] [Client thread/INFO]: [CHAT] [SurvivalGames]: –ежим бога закончитс€ через: 4 секунд!
[22:49:20] [Client thread/INFO]: [CHAT] [SurvivalGames]: –ежим бога закончитс€ через: 3 секунд!
[22:49:21] [Client thread/INFO]: [CHAT] [SurvivalGames]: –ежим бога закончитс€ через: 2 секунд!
[22:49:22] [Client thread/INFO]: [CHAT] [SurvivalGames]: Ѕойн€ на арене chernobyl начнетс€ через 30 секунд!
[22:49:22] [Client thread/INFO]: [CHAT] [SurvivalGames]: –ежим бога закончитс€ через: 1 секунд!
[22:49:23] [Client thread/INFO]: [CHAT] [SurvivalGames]: –ежим бога закончилс€. “еперь теб€ смогут убить!
[22:49:24] [Client thread/INFO]: [CHAT]  
[22:49:24] [Client thread/INFO]: [CHAT]  ? ¬ы можете установить себе скин по нику
[22:49:24] [Client thread/INFO]: [CHAT]  ? Ќапиши команду /skin <ник>
[22:49:24] [Client thread/INFO]: [CHAT]  
[22:49:36] [Client thread/INFO]: [CHAT] [STAR]  TempPro ? хочешь -фпс?
[22:49:39] [Client thread/INFO]: [CHAT] [SurvivalGames]: ѕобедитель бойни на арене tazader - 1910e
[22:49:54] [Client thread/INFO]: [CHAT] [SurvivalGames]: Ѕойн€ завершитьс€ через 19 минут!
[22:50:04] [Client thread/INFO]: [CHAT] [SurvivalGames]: Ѕойн€ на арене resort начнетс€ через 30 секунд!
[22:50:22] [Client thread/INFO]: [CHAT] [»грок]  Xx_KyctuK_xX ? скучно
[22:50:24] [Client thread/INFO]: [CHAT]   упив √лавар€ за 657 рублей вы сможете выдавать креатив и флай друзь€м! ѕокупка на сайте MineBars.ru
[22:50:28] [Client thread/INFO]: [CHAT] [STAR]  TempPro ? весело
[22:50:29] [Client thread/INFO]: [CHAT] [SurvivalGames]: KOKAH подал руку помощи и убил Agalex!
[22:50:29] [Client thread/INFO]: [CHAT] [SurvivalGames]: 8 игроков осталось
[22:50:29] [Client thread/INFO]: [CHAT] [SurvivalGames]: “ы теперь зритель на арене.
[22:50:32] [Client thread/INFO]: [CHAT] [SurvivalGames]: ¬ы вышли с игры.
[22:50:33] [Client thread/INFO]: [CHAT] 
[22:50:34] [Client thread/INFO]: [CHAT] [?] ¬ы находитесь в лобби. ¬ыбирайте режим и зайдите в портал
[22:50:37] [Client thread/INFO]: [CHAT] [»грок]  Xx_KyctuK_xX ? тебе да -.-
[22:50:43] [Client thread/INFO]: [CHAT] [»грок]  Xx_KyctuK_xX ? а мне нет
[22:50:45] [Client thread/INFO]: [CHAT] [STAR]  TempPro ? € еффекты провер€ю
[22:50:59] [Client thread/INFO]: [CHAT] [SurvivalGames]: ѕобедитель бойни на арене condas - Garran
[22:51:01] [Client thread/INFO]: [CHAT] [»грок]  Xx_KyctuK_xX ? тупые эффекты -.-
[22:51:12] [Client thread/FATAL]: Error executing task
java.util.concurrent.ExecutionException: java.lang.NullPointerException
	at java.util.concurrent.FutureTask.report(Unknown Source) ~[?:1.8.0_45]
	at java.util.concurrent.FutureTask.get(Unknown Source) ~[?:1.8.0_45]
	at h.a(SourceFile:47) [1.12.2.jar:?]
	at bib.az(SourceFile:991) [1.12.2.jar:?]
	at bib.a(SourceFile:419) [1.12.2.jar:?]
	at net.minecraft.client.main.Main.main(SourceFile:123) [1.12.2.jar:?]
Caused by: java.lang.NullPointerException
	at brz.a(SourceFile:482) ~[1.12.2.jar:?]
	at ic.a(SourceFile:67) ~[1.12.2.jar:?]
	at ic.a(SourceFile:14) ~[1.12.2.jar:?]
	at hv$1.run(SourceFile:13) ~[1.12.2.jar:?]
	at java.util.concurrent.Executors$RunnableAdapter.call(Unknown Source) ~[?:1.8.0_45]
	at java.util.concurrent.FutureTask.run(Unknown Source) ~[?:1.8.0_45]
	at h.a(SourceFile:46) ~[1.12.2.jar:?]
	... 3 more
[22:51:13] [Client thread/FATAL]: Error executing task
java.util.concurrent.ExecutionException: java.lang.NullPointerException
	at java.util.concurrent.FutureTask.report(Unknown Source) ~[?:1.8.0_45]
	at java.util.concurrent.FutureTask.get(Unknown Source) ~[?:1.8.0_45]
	at h.a(SourceFile:47) [1.12.2.jar:?]
	at bib.az(SourceFile:991) [1.12.2.jar:?]
	at bib.a(SourceFile:419) [1.12.2.jar:?]
	at net.minecraft.client.main.Main.main(SourceFile:123) [1.12.2.jar:?]
Caused by: java.lang.NullPointerException
	at brz.a(SourceFile:482) ~[1.12.2.jar:?]
	at ic.a(SourceFile:67) ~[1.12.2.jar:?]
	at ic.a(SourceFile:14) ~[1.12.2.jar:?]
	at hv$1.run(SourceFile:13) ~[1.12.2.jar:?]
	at java.util.concurrent.Executors$RunnableAdapter.call(Unknown Source) ~[?:1.8.0_45]
	at java.util.concurrent.FutureTask.run(Unknown Source) ~[?:1.8.0_45]
	at h.a(SourceFile:46) ~[1.12.2.jar:?]
	... 3 more
[22:51:19] [Client thread/INFO]: [CHAT] <--------- Agalex —татистика --------->
[22:51:19] [Client thread/INFO]: [CHAT] - ”бийств:: 0
[22:51:19] [Client thread/INFO]: [CHAT] - —мертей:: 1
[22:51:19] [Client thread/INFO]: [CHAT] - ћонет:: 50
[22:51:19] [Client thread/INFO]: [CHAT] - ѕобед:: 0
[22:51:19] [Client thread/INFO]: [CHAT] - KDR:: 0.0
[22:51:19] [Client thread/INFO]: [CHAT] <-------------------------------> 
[22:51:24] [Client thread/FATAL]: Error executing task
java.util.concurrent.ExecutionException: java.lang.NullPointerException
	at java.util.concurrent.FutureTask.report(Unknown Source) ~[?:1.8.0_45]
	at java.util.concurrent.FutureTask.get(Unknown Source) ~[?:1.8.0_45]
	at h.a(SourceFile:47) [1.12.2.jar:?]
	at bib.az(SourceFile:991) [1.12.2.jar:?]
	at bib.a(SourceFile:419) [1.12.2.jar:?]
	at net.minecraft.client.main.Main.main(SourceFile:123) [1.12.2.jar:?]
Caused by: java.lang.NullPointerException
	at brz.a(SourceFile:482) ~[1.12.2.jar:?]
	at ic.a(SourceFile:67) ~[1.12.2.jar:?]
	at ic.a(SourceFile:14) ~[1.12.2.jar:?]
	at hv$1.run(SourceFile:13) ~[1.12.2.jar:?]
	at java.util.concurrent.Executors$RunnableAdapter.call(Unknown Source) ~[?:1.8.0_45]
	at java.util.concurrent.FutureTask.run(Unknown Source) ~[?:1.8.0_45]
	at h.a(SourceFile:46) ~[1.12.2.jar:?]
	... 3 more
[22:51:24] [Client thread/INFO]: [CHAT]  
[22:51:24] [Client thread/INFO]: [CHAT]   ”спейте купить ƒиректор за 3274 рублей
[22:51:24] [Client thread/INFO]: [CHAT]   —тань самым крутым на сервере!
[22:51:24] [Client thread/INFO]: [CHAT]   ѕокупка на сайте MineBars.ru
[22:51:24] [Client thread/INFO]: [CHAT]  
[22:51:26] [Client thread/INFO]: [CHAT] [SurvivalGames]: Agalex ѕрисоединилс€ к игре (1/24)!
[22:51:26] [Client thread/INFO]: [CHAT] [SurvivalGames]: 4 »гроков осталось до начала игры!
[22:51:39] [Client thread/INFO]: [CHAT] [SurvivalGames]: Ѕойн€ на арене sg6 начнетс€ через 30 секунд!
[22:51:45] [Client thread/INFO]: [CHAT] [SurvivalGames]: spacejack127 ѕрисоединилс€ к игре (2/24)!
[22:51:45] [Client thread/INFO]: [CHAT] [SurvivalGames]: 3 »гроков осталось до начала игры!
[22:51:45] [Client thread/INFO]: [CHAT] [SurvivalGames]: lovelycreeper44 ѕрисоединилс€ к игре (3/24)!
[22:51:45] [Client thread/INFO]: [CHAT] [SurvivalGames]: 2 »гроков осталось до начала игры!
[22:51:46] [Client thread/INFO]: [CHAT] [SurvivalGames]: radionka227 ѕрисоединилс€ к игре (4/24)!
[22:51:46] [Client thread/INFO]: [CHAT] [SurvivalGames]: 1 »гроков осталось до начала игры!
[22:51:48] [Client thread/INFO]: [CHAT] [SurvivalGames]: UFYCDSACFJUOID ѕрисоединилс€ к игре (5/24)!
[22:51:48] [Client thread/INFO]: [CHAT] [SurvivalGames]: Ѕойн€ на арене condas начнетс€ через 30 секунд!
[22:51:48] [Client thread/INFO]: [CHAT] [SurvivalGames]: »гра начнЄтс€ через 30 секунд!
[22:51:54] [Client thread/INFO]: [CHAT] [SurvivalGames]: Garran ѕрисоединилс€ к игре (6/24)!
[22:51:54] [Client thread/INFO]: [CHAT] [SurvivalGames]: USSSR445 ѕрисоединилс€ к игре (7/24)!
[22:51:56] [Client thread/INFO]: [CHAT] [ќчистка] ¬нимание! ¬се вещи на земле будут удалены через 10 секунд!
[22:52:02] [Client thread/INFO]: [CHAT] [ќчистка] ¬нимание! ¬се вещи на земле будут удалены через 5 секунд!
[22:52:03] [Client thread/INFO]: [CHAT] [SurvivalGames]: Arina152 ѕрисоединилс€ к игре (8/24)!
[22:52:04] [Client thread/INFO]: [CHAT] [SurvivalGames]: »гра начнЄтс€ через 15 секунд!
[22:52:06] [Client thread/INFO]: [CHAT] [SurvivalGames]: maximusssetoyaHI ѕрисоединилс€ к игре (9/24)!
[22:52:07] [Client thread/INFO]: [CHAT] [SurvivalGames]: maxMTRZ ѕрисоединилс€ к игре (10/24)!
[22:52:07] [Client thread/INFO]: [CHAT] [ќчистка] ”даленно 128 предметов!
[22:52:09] [Client thread/INFO]: [CHAT] ¬ы были отключены от сервера. ѕричина: —лишком много пакетов (сильно лагает?)
[22:52:09] [Client thread/INFO]: [CHAT] 
[22:52:14] [Client thread/INFO]: [CHAT] [?] ¬ы находитесь в лобби. ¬ыбирайте режим и зайдите в портал
[22:52:24] [Client thread/INFO]: [CHAT]  
[22:52:24] [Client thread/INFO]: [CHAT]  ? ’отите быть самым крутым на сервере и быть частью проекта?
[22:52:24] [Client thread/INFO]: [CHAT]  ? “огда привилеги€ [BESTER] именно дл€ теб€!
[22:52:24] [Client thread/INFO]: [CHAT]  ? ѕокупка на нашем сайте MineBars.ru
[22:52:24] [Client thread/INFO]: [CHAT]  
[22:52:27] [Client thread/INFO]: [CHAT] [SurvivalGames]: ѕобедитель бойни на арене gta - toruchka1
[22:52:28] [Client thread/INFO]: [CHAT] [SurvivalGames]: ѕобедитель бойни на арене teweran - vasilko88
[22:52:29] [Client thread/INFO]: [CHAT] [»грок]  89897274032 ? а когда бойн€
[22:52:32] [Client thread/INFO]: [CHAT] [SurvivalGames]: Agalex ѕрисоединилс€ к игре (1/24)!
[22:52:32] [Client thread/INFO]: [CHAT] [SurvivalGames]: 4 »гроков осталось до начала игры!
[22:52:36] [Client thread/INFO]: [CHAT] [SurvivalGames]: Ѕойн€ на арене sg6 начнетс€ через 30 секунд!
[22:52:54] [Client thread/INFO]: [CHAT] [SurvivalGames]: MAKARZET3 ѕрисоединилс€ к игре (2/24)!
[22:52:54] [Client thread/INFO]: [CHAT] [SurvivalGames]: 3 »гроков осталось до начала игры!
[22:53:04] [Client thread/INFO]: [CHAT] [SurvivalGames]: Ѕойн€ на арене sg6 начнетс€ через 30 секунд!
[22:53:15] [Client thread/INFO]: [CHAT] [SurvivalGames]: codeine ѕрисоединилс€ к игре (3/24)!
[22:53:15] [Client thread/INFO]: [CHAT] [SurvivalGames]: 2 »гроков осталось до начала игры!
[22:53:22] [Client thread/INFO]: [CHAT] [SurvivalGames]: codeine покинул игру! (2/24)!
[22:53:24] [Client thread/INFO]: [CHAT]  
[22:53:24] [Client thread/INFO]: [CHAT]  ? ќгромные скидки до конца недели!
[22:53:24] [Client thread/INFO]: [CHAT]  ? Ќе упусти возможность.
[22:53:24] [Client thread/INFO]: [CHAT]  ? ѕокупка на сайте MineBars.ru
[22:53:24] [Client thread/INFO]: [CHAT]  
[22:53:31] [Client thread/INFO]: [CHAT] [SurvivalGames]: Marsel_play ѕрисоединилс€ к игре (3/24)!
[22:53:31] [Client thread/INFO]: [CHAT] [SurvivalGames]: 2 »гроков осталось до начала игры!
[22:53:44] [Client thread/INFO]: [CHAT] ¬ы были отключены от сервера. ѕричина: ќбнаружены читы
[22:53:45] [Client thread/INFO]: [CHAT] 
[22:53:49] [Client thread/INFO]: [CHAT] [?] ¬ы находитесь в лобби. ¬ыбирайте режим и зайдите в портал
[22:54:08] [Client thread/INFO]: [CHAT] [SurvivalGames]: Agalex ѕрисоединилс€ к игре (5/24)!
[22:54:08] [Client thread/INFO]: [CHAT] [SurvivalGames]: Ѕойн€ на арене gta начнетс€ через 30 секунд!
[22:54:08] [Client thread/INFO]: [CHAT] [SurvivalGames]: »гра начнЄтс€ через 30 секунд!
[22:54:22] [Client thread/INFO]: [CHAT] [SurvivalGames]: »гра начнЄтс€ через 15 секунд!
[22:54:24] [Client thread/INFO]: [CHAT]  
[22:54:24] [Client thread/INFO]: [CHAT]  ? Ќа нашем сервере у донатеров много бонусов
[22:54:24] [Client thread/INFO]: [CHAT]  ? ƒоступ к которым имею только донатеры
[22:54:24] [Client thread/INFO]: [CHAT]  ? —айт покупки - MineBars.ru
[22:54:24] [Client thread/INFO]: [CHAT]  
[22:54:24] [Client thread/INFO]: [CHAT] [SurvivalGames]: ѕобедитель бойни на арене chernobyl - __Flick__
[22:54:27] [Client thread/INFO]: [CHAT] [SurvivalGames]: »гра начнЄтс€ через 10 секунд!
[22:54:31] [Client thread/INFO]: [CHAT] [SurvivalGames]: maxMTRZ ѕрисоединилс€ к игре (6/24)!
[22:54:32] [Client thread/INFO]: [CHAT] [SurvivalGames]: »гра начнЄтс€ через 5 секунд!
[22:54:32] [Client thread/INFO]: [CHAT] [SurvivalGames]: maximusssetoyaHI ѕрисоединилс€ к игре (7/24)!
[22:54:33] [Client thread/INFO]: [CHAT] [SurvivalGames]: »гра начнЄтс€ через 4 секунд!
[22:54:34] [Client thread/INFO]: [CHAT] [SurvivalGames]: »гра начнЄтс€ через 3 секунд!
[22:54:35] [Client thread/INFO]: [CHAT] [SurvivalGames]: »гра начнЄтс€ через 2 секунд!
[22:54:35] [Client thread/INFO]: [CHAT] [SurvivalGames]: Denis3322 ѕрисоединилс€ к игре (8/24)!
[22:54:36] [Client thread/INFO]: [CHAT] [SurvivalGames]: »гра начнЄтс€ через 1 секунд!
[22:54:37] [Client thread/INFO]: [CHAT] [SurvivalGames]: Ѕойн€ началась!
[22:54:37] [Client thread/INFO]: [CHAT] [SurvivalGames]: –ежим бога закончитс€ через: 30 секунд!
[22:55:02] [Client thread/INFO]: [CHAT] [SurvivalGames]: –ежим бога закончитс€ через: 5 секунд!
[22:55:03] [Client thread/INFO]: [CHAT] [SurvivalGames]: –ежим бога закончитс€ через: 4 секунд!
[22:55:04] [Client thread/INFO]: [CHAT] [SurvivalGames]: –ежим бога закончитс€ через: 3 секунд!
[22:55:05] [Client thread/INFO]: [CHAT] [SurvivalGames]: –ежим бога закончитс€ через: 2 секунд!
[22:55:06] [Client thread/INFO]: [CHAT] [SurvivalGames]: –ежим бога закончитс€ через: 1 секунд!
[22:55:07] [Client thread/INFO]: [CHAT] [SurvivalGames]: –ежим бога закончилс€. “еперь теб€ смогут убить!
[22:55:11] [Client thread/INFO]: [CHAT] [SurvivalGames]: Ѕойн€ на арене tazader начнетс€ через 30 секунд!
[22:55:24] [Client thread/INFO]: [CHAT]  
[22:55:24] [Client thread/INFO]: [CHAT]  ? “ебе нужен доступ к приватам игроков?
[22:55:24] [Client thread/INFO]: [CHAT]  ? ѕокупай донат [”правл€ющий] за 888 руб.
[22:55:24] [Client thread/INFO]: [CHAT]  ? ѕокупка на сайте MineBars.ru
[22:55:24] [Client thread/INFO]: [CHAT]  
[22:55:24] [Client thread/INFO]: [CHAT] [SurvivalGames]: ѕобедитель бойни на арене kingdom - kaiiitia
[22:55:38] [Client thread/INFO]: [CHAT] [SurvivalGames]: Ѕойн€ завершитьс€ через 19 минут!
[22:55:53] [Client thread/INFO]: [CHAT] [STAR]  TempPro ? поч тупые? -.-
[22:55:53] [Client thread/INFO]: [CHAT] [SurvivalGames]: Ѕойн€ на арене chernobyl начнетс€ через 30 секунд!
[22:55:53] [Client thread/INFO]: [CHAT] [SurvivalGames]: Agalex и его оружие не смогло усто€ть перед DvulikiyV3!
[22:55:53] [Client thread/INFO]: [CHAT] [SurvivalGames]: 7 игроков осталось
[22:55:54] [Client thread/INFO]: [CHAT] [SurvivalGames]: “ы теперь зритель на арене.
[22:55:58] [Client thread/INFO]: [CHAT] [»грок]  Devo4ka_FSB ? всем пиривет
[22:56:01] [Client thread/INFO]: [CHAT] [SurvivalGames]: ¬ы вышли с игры.
[22:56:04] [Client thread/INFO]: [CHAT] <--------- Agalex —татистика --------->
[22:56:04] [Client thread/INFO]: [CHAT] - ”бийств:: 0
[22:56:04] [Client thread/INFO]: [CHAT] - —мертей:: 2
[22:56:04] [Client thread/INFO]: [CHAT] - ћонет:: 50
[22:56:04] [Client thread/INFO]: [CHAT] - ѕобед:: 0
[22:56:04] [Client thread/INFO]: [CHAT] - KDR:: 0.0
[22:56:04] [Client thread/INFO]: [CHAT] <-------------------------------> 
[22:56:05] [Client thread/INFO]: [CHAT] [SurvivalGames]: Ѕойн€ на арене kingdom начнетс€ через 30 секунд!
[22:56:17] [Client thread/INFO]: [CHAT] [SurvivalGames]: Agalex ѕрисоединилс€ к игре (6/24)!
[22:56:20] [Client thread/INFO]: [CHAT] [SurvivalGames]: »гра начнЄтс€ через 15 секунд!
[22:56:24] [Client thread/INFO]: [CHAT]  
[22:56:24] [Client thread/INFO]: [CHAT]   “ех.поддержка доступна по адресу
[22:56:24] [Client thread/INFO]: [CHAT]   MineBars.ru/support
[22:56:24] [Client thread/INFO]: [CHAT]  
[22:56:25] [Client thread/INFO]: [CHAT] [SurvivalGames]: »гра начнЄтс€ через 10 секунд!
[22:56:30] [Client thread/INFO]: [CHAT] [SurvivalGames]: »гра начнЄтс€ через 5 секунд!
[22:56:31] [Client thread/INFO]: [CHAT] [SurvivalGames]: »гра начнЄтс€ через 4 секунд!
[22:56:32] [Client thread/INFO]: [CHAT] [SurvivalGames]: »гра начнЄтс€ через 3 секунд!
[22:56:33] [Client thread/INFO]: [CHAT] [SurvivalGames]: »гра начнЄтс€ через 2 секунд!
[22:56:34] [Client thread/INFO]: [CHAT] [SurvivalGames]: »гра начнЄтс€ через 1 секунд!
[22:56:35] [Client thread/INFO]: [CHAT] [SurvivalGames]: Ѕойн€ началась!
[22:56:35] [Client thread/INFO]: [CHAT] [SurvivalGames]: –ежим бога закончитс€ через: 30 секунд!
[22:56:53] [Client thread/INFO]: [CHAT] [SurvivalGames]: ѕобедитель бойни на арене highway - Lilaxafa
[22:57:00] [Client thread/INFO]: [CHAT] [SurvivalGames]: –ежим бога закончитс€ через: 5 секунд!
[22:57:01] [Client thread/INFO]: [CHAT] [SurvivalGames]: –ежим бога закончитс€ через: 4 секунд!
[22:57:02] [Client thread/INFO]: [CHAT] [SurvivalGames]: –ежим бога закончитс€ через: 3 секунд!
[22:57:03] [Client thread/INFO]: [CHAT] [SurvivalGames]: –ежим бога закончитс€ через: 2 секунд!
[22:57:04] [Client thread/INFO]: [CHAT] [SurvivalGames]: –ежим бога закончитс€ через: 1 секунд!
[22:57:05] [Client thread/INFO]: [CHAT] [SurvivalGames]: –ежим бога закончилс€. “еперь теб€ смогут убить!
[22:57:10] [Client thread/INFO]: [CHAT] [ќчистка] ¬нимание! ¬се вещи на земле будут удалены через 10 секунд!
[22:57:15] [Client thread/INFO]: [CHAT] [ќчистка] ¬нимание! ¬се вещи на земле будут удалены через 5 секунд!
[22:57:20] [Client thread/INFO]: [CHAT] [ќчистка] ”даленно 143 предметов!
[22:57:22] [Client thread/INFO]: [CHAT] [SurvivalGames]: Ѕойн€ на арене resort начнетс€ через 30 секунд!
[22:57:24] [Client thread/INFO]: [CHAT]  
[22:57:24] [Client thread/INFO]: [CHAT]   ”спейте купить ”правл€ющий за 888 рублей
[22:57:24] [Client thread/INFO]: [CHAT]   ѕокупка на сайте MineBars.ru
[22:57:24] [Client thread/INFO]: [CHAT]  
[22:57:35] [Client thread/INFO]: [CHAT] [SurvivalGames]: Ѕойн€ завершитьс€ через 19 минут!
[22:57:36] [Client thread/INFO]: [CHAT] [»грок]  elfnet ? “ы где Ћизок
[22:57:40] [Client thread/INFO]: [CHAT] [»грок]  Devo4ka_FSB ? мин€ нет
[22:57:55] [Client thread/INFO]: [CHAT] [SurvivalGames]: ѕобедитель бойни на арене foland - MRLauncher_61368
[22:58:01] [Client thread/INFO]: [CHAT] [»грок]  elfnet ? Ќе правда
[22:58:07] [Client thread/INFO]: [CHAT] [»грок]  Devo4ka_FSB ? правда
[22:58:08] [Client thread/INFO]: [CHAT] [SurvivalGames]: lovelycreeper44 убит!
[22:58:08] [Client thread/INFO]: [CHAT] [SurvivalGames]: 5 игроков осталось
[22:58:12] [Client thread/INFO]: [CHAT] [SurvivalGames]: ѕобедитель бойни на арене condas - hatepaixan
[22:58:15] [Client thread/INFO]: [CHAT] [»грок]  elfnet ? Ќе грусти
[22:58:24] [Client thread/INFO]: [CHAT]  
[22:58:24] [Client thread/INFO]: [CHAT]  ? ¬ступайте в нашу группу ¬контакте
[22:58:24] [Client thread/INFO]: [CHAT]  ? „тобы быть в курсе всех новостей сервера
[22:58:24] [Client thread/INFO]: [CHAT]  ? —сылка на группу - vk.com/minebars
[22:58:24] [Client thread/INFO]: [CHAT]  
[22:58:27] [Client thread/INFO]: [CHAT] [SurvivalGames]: BISTBOY_2Z был разрезан spacejack127!
[22:58:27] [Client thread/INFO]: [CHAT] [SurvivalGames]: 4 игроков осталось
[22:58:27] [Client thread/INFO]: [CHAT] [»грок]  Devo4ka_FSB ? иди к дашку
[22:58:29] [Client thread/INFO]: [CHAT] [SurvivalGames]: Agalex был убит spacejack127!
[22:58:29] [Client thread/INFO]: [CHAT] [SurvivalGames]: 3 игроков осталось
[22:58:29] [Client thread/INFO]: [CHAT] [SurvivalGames]: ƒезматч начнЄтс€ через: 30 секунд!
[22:58:29] [Client thread/INFO]: [CHAT] [SurvivalGames]: “ы теперь зритель на арене.
[22:58:32] [Client thread/INFO]: [CHAT] [»грок]  elfnet ? «ачем
[22:58:34] [Client thread/INFO]: [CHAT] [SurvivalGames]: Ѕойн€ на арене highway начнетс€ через 30 секунд!
[22:58:36] [Client thread/INFO]: [CHAT] [»грок]  Devo4ka_FSB ? просто
[22:58:37] [Client thread/INFO]: [CHAT] [SurvivalGames]: ¬ы вышли с игры.
[22:58:38] [Client thread/INFO]: [CHAT] 
[22:58:39] [Client thread/INFO]: [CHAT] [?] ¬ы находитесь в лобби. ¬ыбирайте режим и зайдите в портал
[22:59:29] [Client thread/INFO]: Connecting to mc.mineblaze.su., 25565
[22:59:29] [Client thread/INFO]: [CHAT] 
[22:59:29] [Client thread/INFO]: [CHAT] ІcІl| Іfјвторизируйтесь ї Іe/login [пароль]
[22:59:39] [Client thread/INFO]: [CHAT] ІcІl| Іfјвторизируйтесь ї Іe/login [пароль]
[22:59:45] [Client thread/INFO]: [CHAT] ІcІl| Іfѕароль указан неверно
[22:59:46] [Client thread/INFO]: [CHAT] \n ? Ќе знаете какие возможности есть у доната?\n ? “ак напишите команду /donate и развлекайтесь\n ? ѕокупка доната на сайте: www.mineblaze.ru \n
[22:59:49] [Client thread/INFO]: [CHAT] ІcІl| Іfјвторизируйтесь ї Іe/login [пароль]
[22:59:51] [Client thread/INFO]: [CHAT] | ¬ы успешно авторизовались
[23:00:01] [Client thread/INFO]: [CHAT] [»грок] Sliva_  ? слезай уже бл€ть
[23:00:02] [Client thread/INFO]: [CHAT] [»грок] FoxTV3_0  ? ххххх....атьфу
[23:00:06] [Client thread/INFO]: [CHAT] \n ? ’отите купить донат, но сомневаетесь?\n ? Ќе бойтесь, мы не обманываем. ѕокупайте!\n ? ѕокупка доната на сайте: www.mineblaze.ru \n
[23:00:07] [Client thread/INFO]: [CHAT] “айна убийства ? ƒанна€ игра уже запущена!
[23:00:07] [Client thread/INFO]: [CHAT] І7JlyHHa9I_TT4eJla  был убит І7Oдuнokuй_OгoнЄk_ 
[23:00:09] [Client thread/INFO]: [CHAT] “айна убийства ? ƒанна€ игра уже запущена!
[23:00:09] [Client thread/INFO]: [CHAT] “айна убийства ? ƒанна€ игра уже запущена!
[23:00:09] [Client thread/INFO]: [CHAT] “айна убийства ? ƒанна€ игра уже запущена!
[23:00:09] [Client thread/INFO]: [CHAT] “айна убийства ? ƒанна€ игра уже запущена!
[23:00:10] [Client thread/INFO]: [CHAT] “айна убийства ? ƒанна€ игра уже запущена!
[23:00:10] [Client thread/INFO]: [CHAT] “айна убийства ? ƒанна€ игра уже запущена!
[23:00:10] [Client thread/INFO]: [CHAT] “айна убийства ? ƒанна€ игра уже запущена!
[23:00:10] [Client thread/INFO]: [CHAT] “айна убийства ? ƒанна€ игра уже запущена!
[23:00:12] [Client thread/INFO]: [CHAT] [»грок] FoxTV3_0  ? зачем ? что б они муен€ насиловали ?
[23:00:16] [Client thread/INFO]: [CHAT] І7nqeerf  был убит І7_Diamоnd_08 
[23:00:17] [Client thread/INFO]: [CHAT] [»грок] Sliva_  ? нет
[23:00:18] [Client thread/INFO]: [CHAT] “айна убийства ? Agalex зашел в игру [5/16]
[23:00:19] [Client thread/INFO]: [CHAT] “айна убийства ? Oresus228 зашел в игру [6/16]
[23:00:23] [Client thread/INFO]: [CHAT] “айна убийства ? Princess3force зашел в игру [7/16]
[23:00:24] [Client thread/INFO]: [CHAT] \n?????????????????????????? \n\n? “олько на этой неделе скидка 25% на ¬—≈ товары!\n? »спользуй промокод: sale25\n \n? —айт дл€ совершени€ покупок: www.mineblaze.ru \n\n??????????????????????????\n
[23:00:26] [Client thread/INFO]: [CHAT] \n ? ’отите получить все команды сервера и опку?\n ? ƒонат [Ѕлейз] за 9475 479 рублей может всЄ!\n ? ѕокупка доната на сайте: www.mineblaze.ru \n
[23:00:35] [Client thread/INFO]: [CHAT] “айна убийства ? alinastar зашел в игру [8/16]
[23:00:35] [Client thread/INFO]: [CHAT] “айна убийства ? »гра скоро начнетс€!
[23:00:37] [Client thread/INFO]: [CHAT] “айна убийства ? Dragonik зашел в игру [9/16]
[23:00:38] [Client thread/INFO]: [CHAT] “айна убийства ? Tumoxa зашел в игру [10/16]
[23:00:39] [Client thread/INFO]: [CHAT] “айна убийства ? _BabyBoom_ зашел в игру [11/16]
[23:00:42] [Client thread/INFO]: [CHAT] “айна убийства ? nqeerf зашел в игру [12/16]
[23:00:45] [Client thread/INFO]: [CHAT] “айна убийства ? »гра начнетс€ через 5 сек.
[23:00:46] [Client thread/INFO]: [CHAT] “айна убийства ? »гра начнетс€ через 4 сек.
[23:00:46] [Client thread/INFO]: [CHAT] \n ? ¬ас забанил какой-то злой донатер?\n ?  упите разбан на сайте www.mineblaze.ru (19 рублей)\n
[23:00:47] [Client thread/INFO]: [CHAT] “айна убийства ? »гра начнетс€ через 3 сек.
[23:00:48] [Client thread/INFO]: [CHAT] “айна убийства ? »гра начнетс€ через 2 сек.
[23:00:49] [Client thread/INFO]: [CHAT] “айна убийства ? »гра начнетс€ через 1 сек.
[23:00:50] [Client thread/INFO]: [CHAT] 
[23:00:50] [Client thread/INFO]: [CHAT] 
[23:00:50] [Client thread/INFO]: [CHAT] 
[23:00:50] [Client thread/INFO]: [CHAT] 
[23:00:50] [Client thread/INFO]: [CHAT] 
[23:00:50] [Client thread/INFO]: [CHAT] 
[23:00:50] [Client thread/INFO]: [CHAT] 
[23:00:50] [Client thread/INFO]: [CHAT] 
[23:00:50] [Client thread/INFO]: [CHAT] 
[23:00:50] [Client thread/INFO]: [CHAT] 
[23:00:50] [Client thread/INFO]: [CHAT] 
[23:00:50] [Client thread/INFO]: [CHAT] 
[23:00:50] [Client thread/INFO]: [CHAT] 
[23:00:50] [Client thread/INFO]: [CHAT] 
[23:00:50] [Client thread/INFO]: [CHAT] 
[23:00:50] [Client thread/INFO]: [CHAT] 
[23:00:50] [Client thread/INFO]: [CHAT] 
[23:00:50] [Client thread/INFO]: [CHAT] 
[23:00:50] [Client thread/INFO]: [CHAT] 
[23:00:50] [Client thread/INFO]: [CHAT] 
[23:00:50] [Client thread/INFO]: [CHAT] 
[23:00:50] [Client thread/INFO]: [CHAT] 
[23:00:50] [Client thread/INFO]: [CHAT] 
[23:00:50] [Client thread/INFO]: [CHAT] 
[23:00:50] [Client thread/INFO]: [CHAT] 
[23:00:50] [Client thread/INFO]: [CHAT] 
[23:00:50] [Client thread/INFO]: [CHAT] 
[23:00:50] [Client thread/INFO]: [CHAT] 
[23:00:50] [Client thread/INFO]: [CHAT] 
[23:00:50] [Client thread/INFO]: [CHAT] 
[23:00:50] [Client thread/INFO]: [CHAT] 
[23:00:50] [Client thread/INFO]: [CHAT] 
[23:00:50] [Client thread/INFO]: [CHAT] 
[23:00:50] [Client thread/INFO]: [CHAT] 
[23:00:50] [Client thread/INFO]: [CHAT] 
[23:00:50] [Client thread/INFO]: [CHAT] 
[23:00:50] [Client thread/INFO]: [CHAT] 
[23:00:50] [Client thread/INFO]: [CHAT] 
[23:00:50] [Client thread/INFO]: [CHAT] “ј…Ќј ”Ѕ»…—“¬ј
[23:00:50] [Client thread/INFO]: [CHAT] 
[23:00:50] [Client thread/INFO]: [CHAT] »гра началась
[23:00:50] [Client thread/INFO]: [CHAT]  арта: WidowsDen
[23:00:50] [Client thread/INFO]: [CHAT] ¬рем€: 5:00
[23:00:50] [Client thread/INFO]: [CHAT] »гроков: 12
[23:00:50] [Client thread/INFO]: [CHAT] ƒата: 11/04/20
[23:00:50] [Client thread/INFO]: [CHAT]  оличетсво убийц: 1
[23:00:50] [Client thread/INFO]: [CHAT]  оличетсво детективов: 1
[23:00:50] [Client thread/INFO]: [CHAT]  оличетсво жителей: 10
[23:01:01] [Client thread/INFO]: [CHAT] “айна убийства ? ”бийца получил меч!
[23:01:06] [Client thread/INFO]: [CHAT] \n ? ’отите быть первым вкурсе всех новостей сервера?\n ? ѕодпишитесь и вступайте в наше сообщество!\n ?  ликните, чтобы перейти - vk.com/mine_blaze \n
[23:01:08] [Client thread/INFO]: [CHAT] +5 очков (ѕодобрали золото)!
[23:01:14] [Client thread/INFO]: [CHAT] [»грок] multifruktMF  ? уб девочка блонд
[23:01:21] [Client thread/INFO]: [CHAT] [»грок] alinastar  ? спасибо
[23:01:24] [Client thread/INFO]: [CHAT] +5 очков (ѕодобрали золото)!
[23:01:26] [Client thread/INFO]: [CHAT] \n ? “олько —≈√ќƒЌя на сервере идут скидки 90%\n ? Ќапример, донат [ѕомощник] за 5475 219 рублей\n ? имеет крутую возможность нано-брони /guard\n\n ? —айт дл€ совершени€ покупок: www.mineblaze.ru \n
[23:01:28] [Client thread/INFO]: [CHAT] [»грок] multifruktMF  ? с бабочкой на спине
[23:01:32] [Client thread/INFO]: [CHAT] “айна убийства ? nqeerf умер!
[23:01:36] [Client thread/INFO]: [CHAT] “айна убийства ? ƒетектив умер, подберите его лук!
[23:01:36] [Client thread/INFO]: [CHAT] “айна убийства ? Lofyr умер!
[23:01:39] [Client thread/INFO]: [CHAT] “айна убийства ?  то-то подобрал лук!
[23:01:43] [Client thread/INFO]: [CHAT] “айна убийства ? Tumoxa умер!
[23:01:46] [Client thread/INFO]: [CHAT] \n ? ’отите измен€ть территорию с помощью топорика? //set\n ? Ёто доступно [»мператор] за 3725 149 рублей и выше.\n\n ? —айт дл€ совершени€ покупок: www.mineblaze.ru \n
[23:01:49] [Client thread/INFO]: [CHAT] +5 очков (ѕодобрали золото)!
[23:01:56] [Client thread/INFO]: [CHAT] +5 очков (ѕодобрали золото)!
[23:02:06] [Client thread/INFO]: [CHAT] “айна убийства ? Oresus228 умер!
[23:02:06] [Client thread/INFO]: [CHAT] +5 очков (ѕодобрали золото)!
[23:02:06] [Client thread/INFO]: [CHAT] \n ? “олько —≈√ќƒЌя, мы увеличили? шансы +100% в кейсах.\n ? ѕокупа€ кейс, вы всегда окупитесь и будете рады.\n\n ? —айт дл€ совершени€ покупок: www.mineblaze.ru \n
[23:02:19] [Client thread/INFO]: [CHAT] “айна убийства ? ѕодождите некоторое врем€ перед использованием!
[23:02:26] [Client thread/INFO]: [CHAT] “айна убийства ? Ћук был дропнут!
[23:02:26] [Client thread/INFO]: [CHAT] [Murder]: ¬ы наблюдатель, чтобы выйти пишите /murder leave
[23:02:26] [Client thread/INFO]: [CHAT] “айна убийства ? Princess3force умер!
[23:02:26] [Client thread/INFO]: [CHAT] \n ? — 11.04.2020 скидки на 1 день\n ? ”величены до завтрашнего дн€!\n ? ”спейте купить донат по дешевым ценам\n\n ? —айт дл€ совершени€ покупок: www.mineblaze.ru \n
[23:07:26] [Client thread/INFO]: Connecting to 13.53.122.73, 25565
[23:07:27] [Client thread/INFO]: [CHAT] 1
[23:07:27] [Client thread/INFO]: [CHAT]  BattleRoyale >> Agalex joined.
[23:07:27] [Client thread/INFO]: [CHAT] Agalex joined the game
[23:07:27] [Client thread/INFO]: Loaded 55 advancements
[23:08:11] [Client thread/INFO]: Connecting to 13.53.122.73, 25565
[23:08:12] [Client thread/INFO]: [CHAT] 1
[23:08:12] [Client thread/INFO]: [CHAT]  BattleRoyale >> Agalex joined.
[23:08:12] [Client thread/INFO]: [CHAT] Agalex joined the game
[23:08:12] [Client thread/INFO]: Loaded 55 advancements
[23:08:22] [Client thread/INFO]: [CHAT]  BattleRoyale >> sashka joined.
[23:08:22] [Client thread/INFO]: [CHAT] sashka joined the game
[23:08:37] [Client thread/INFO]: [CHAT] [sashka: ¬ыдано [Chest] * 1 игроку sashka]
[23:08:49] [Client thread/INFO]: [CHAT] [sashka: ѕредмета с идентификатором minecraft:poison не существует]
[23:09:36] [Client thread/INFO]: [CHAT] [sashka: ¬ыдано [Water Bottle] * 1 игроку sashka]
[23:10:05] [Client thread/INFO]: [CHAT] [sashka: ѕредмета с идентификатором minecraft:power не существует]
[23:10:13] [Client thread/INFO]: [CHAT] [sashka: ѕредмета с идентификатором minecraft:powerpotion не существует]
[23:11:49] [Client thread/INFO]: [CHAT] [sashka: ѕредмета с идентификатором minecraft:power_potion не существует]
[23:12:05] [Client thread/INFO]: [CHAT] [sashka: ѕредмета с идентификатором minecraft:locked_chest не существует]
[23:12:32] [Client thread/INFO]: [CHAT] [sashka: ѕредмета с идентификатором minecraft:95 не существует]
[23:13:01] [Client thread/INFO]: [CHAT] [sashka: ¬ыдано [Potion of Regeneration] * 1 игроку sashka]
[23:13:07] [Client thread/INFO]: [CHAT] [sashka: ¬ыдано [Potion of Swiftness] * 1 игроку sashka]
[23:13:20] [Client thread/INFO]: [CHAT] [sashka: ¬ыдано [Potion of Fire Resistance] * 1 игроку sashka]
[23:13:24] [Client thread/INFO]: [CHAT] [sashka: ¬ыдано [Potion of Poison] * 1 игроку sashka]
[23:16:05] [Client thread/INFO]: [CHAT] [sashka: ѕредмета с идентификатором minecraft:exploding_potions не существует]
[23:16:10] [Client thread/INFO]: [CHAT] [sashka: ѕредмета с идентификатором minecraft:exploding_potion не существует]
[23:16:39] [Client thread/INFO]: [CHAT] [sashka: ѕредмета с идентификатором minecraft:splash не существует]
[23:16:52] [Client thread/INFO]: [CHAT] [sashka: ¬ыдано [Splash Water Bottle] * 1 игроку sashka]
[23:16:58] [Client thread/INFO]: [CHAT] [sashka: ¬ыдано [Splash Water Bottle] * 1 игроку sashka]
[23:17:22] [Client thread/INFO]: [CHAT] [sashka: ¬ведЄнное число (2) слишком большое, оно должно быть не больше 1]
[23:17:30] [Client thread/INFO]: [CHAT] [sashka: ¬ыдано [Splash Water Bottle] * 1 игроку sashka]
[23:17:34] [Client thread/INFO]: [CHAT] [sashka: ¬ыдано [Splash Water Bottle] * 1 игроку sashka]
[23:17:36] [Client thread/INFO]: [CHAT] [sashka: ¬ыдано [Splash Water Bottle] * 1 игроку sashka]
[23:18:16] [Client thread/INFO]: [CHAT] ¬ыдано [Splash Water Bottle] * 1 игроку Agalex
[23:18:26] [Client thread/INFO]: [CHAT] ¬ыдано [Splash Water Bottle] * 1 игроку Agalex
[23:18:37] [Client thread/INFO]: [CHAT] ¬ыдано [Splash Water Bottle] * 1 игроку Agalex
[23:18:42] [Client thread/INFO]: [CHAT] ¬ыдано [Splash Water Bottle] * 1 игроку Agalex
[23:18:44] [Client thread/ERROR]: ThrownPotion entity 2507 has no item?!
[23:18:44] [Client thread/ERROR]: ThrownPotion entity 2507 has no item?!
[23:18:44] [Client thread/ERROR]: ThrownPotion entity 2507 has no item?!
[23:18:44] [Client thread/ERROR]: ThrownPotion entity 2507 has no item?!
[23:18:44] [Client thread/ERROR]: ThrownPotion entity 2507 has no item?!
[23:18:44] [Client thread/ERROR]: ThrownPotion entity 2507 has no item?!
[23:18:44] [Client thread/ERROR]: ThrownPotion entity 2507 has no item?!
[23:18:44] [Client thread/ERROR]: ThrownPotion entity 2507 has no item?!
[23:18:44] [Client thread/ERROR]: ThrownPotion entity 2507 has no item?!
[23:18:44] [Client thread/ERROR]: ThrownPotion entity 2507 has no item?!
[23:18:44] [Client thread/ERROR]: ThrownPotion entity 2507 has no item?!
[23:18:44] [Client thread/ERROR]: ThrownPotion entity 2507 has no item?!
[23:18:44] [Client thread/ERROR]: ThrownPotion entity 2507 has no item?!
[23:18:44] [Client thread/ERROR]: ThrownPotion entity 2507 has no item?!
[23:18:44] [Client thread/ERROR]: ThrownPotion entity 2507 has no item?!
[23:18:46] [Client thread/INFO]: [CHAT] ¬ыдано [Splash Water Bottle] * 1 игроку Agalex
[23:18:48] [Client thread/INFO]: [CHAT] ¬ыдано [Splash Water Bottle] * 1 игроку Agalex
[23:18:50] [Client thread/INFO]: [CHAT] ¬ыдано [Splash Water Bottle] * 1 игроку Agalex
[23:18:58] [Client thread/INFO]: [CHAT] ¬ыдано [Splash Water Bottle] * 1 игроку Agalex
[23:19:01] [Client thread/INFO]: [CHAT] ¬ыдано [Splash Water Bottle] * 1 игроку Agalex
[23:19:05] [Client thread/INFO]: [CHAT] ¬ыдано [Splash Water Bottle] * 1 игроку Agalex
[23:19:10] [Client thread/INFO]: [CHAT] ¬ведЄнное число (0) слишком мало, оно должно быть не менее 1
[23:19:15] [Client thread/INFO]: [CHAT] ¬ыдано [Splash Water Bottle] * 1 игроку Agalex
[23:19:21] [Client thread/ERROR]: ThrownPotion entity 2528 has no item?!
[23:19:21] [Client thread/ERROR]: ThrownPotion entity 2528 has no item?!
[23:19:21] [Client thread/ERROR]: ThrownPotion entity 2528 has no item?!
[23:19:21] [Client thread/ERROR]: ThrownPotion entity 2528 has no item?!
[23:19:21] [Client thread/ERROR]: ThrownPotion entity 2528 has no item?!
[23:19:21] [Client thread/ERROR]: ThrownPotion entity 2528 has no item?!
[23:19:21] [Client thread/ERROR]: ThrownPotion entity 2528 has no item?!
[23:19:21] [Client thread/ERROR]: ThrownPotion entity 2528 has no item?!
[23:19:32] [Client thread/INFO]: [CHAT] ¬ыдано [Water Bottle] * 1 игроку Agalex
[23:19:35] [Client thread/INFO]: Loaded 62 advancements
[23:19:39] [Client thread/INFO]: [CHAT] ¬ыдано [Potion of Regeneration] * 1 игроку Agalex
[23:19:46] [Client thread/INFO]: [CHAT] ¬ыдано [Potion of Poison] * 1 игроку Agalex
[23:23:15] [Client thread/INFO]: [CHAT] ¬ведЄнное число (441) слишком большое, оно должно быть не больше 1
[23:23:20] [Client thread/INFO]: [CHAT] ¬ведЄнное число (441) слишком большое, оно должно быть не больше 1
[23:23:37] [Client thread/INFO]: [CHAT] ѕредмета с идентификатором minecraft:441 не существует
[23:23:44] [Client thread/INFO]: [CHAT] ѕредмета с идентификатором minecraft:id_441 не существует
[23:43:28] [Client thread/INFO]: [CHAT]  BattleRoyale >> 15 seconds before the game start.
[23:43:33] [Client thread/INFO]: [CHAT]  BattleRoyale >> 10 seconds before the game start.
[23:43:38] [Client thread/INFO]: [CHAT]  BattleRoyale >> 5 seconds before the game start.
[23:43:39] [Client thread/INFO]: [CHAT]  BattleRoyale >> 4 seconds before the game start.
[23:43:40] [Client thread/INFO]: [CHAT]  BattleRoyale >> 3 seconds before the game start, be ready !
[23:43:41] [Client thread/INFO]: [CHAT]  BattleRoyale >> 2 seconds before the game start, be ready !
[23:43:42] [Client thread/INFO]: [CHAT]  BattleRoyale >> 1 seconds before the game start, be ready !
[23:43:43] [Client thread/INFO]: [CHAT]  BattleRoyale >> the game started ! Good luck !
[23:43:43] [Client thread/INFO]: [CHAT]  BattleRoyale >> The last one standing win.
[23:44:32] [Client thread/INFO]: [CHAT]  BattleRoyale >> Agalex is dead.
[23:44:32] [Client thread/INFO]: [CHAT] 
[23:44:32] [Client thread/INFO]: [CHAT] =================>> Battle Royale <<=================
[23:44:32] [Client thread/INFO]: [CHAT] 
[23:44:32] [Client thread/INFO]: [CHAT]                sashka won ! In arena Main
[23:44:32] [Client thread/INFO]: [CHAT] 
[23:44:32] [Client thread/INFO]: [CHAT] =================>> Battle Royale <<=================
